{"event":"Login successfully","user":"sk@c.com","timestamp":"06-12-2022 09:27:25"},
{"event":"Patient ID is found","user":"Surajit","timestamp":"06-12-2022 09:31:21"},
{"event":"New Study Instance UID is created : 2013032202202100000.0","user":"Surajit","timestamp":"06-12-2022 09:31:21"},
{"event":"New Study Instance UID is inserted : 2013032202202100000.0","user":"Surajit","timestamp":"06-12-2022 09:31:21"},
{"event":"New Series Instance UID is created : 2013032202202100000.0.0","user":"Surajit","timestamp":"06-12-2022 09:31:21"},
{"event":"New Series Instance UID is inserted : 2013032202202100000.0.0","user":"Surajit","timestamp":"06-12-2022 09:31:21"},
{"event":"New SOP Instance UID is created : 2013032202202100000.0.0.0","user":"Surajit","timestamp":"06-12-2022 09:31:21"},
{"event":"New SOP Instance UID inserted : 2013032202202100000.0.0.0","user":"Surajit","timestamp":"06-12-2022 09:31:21"},
{"event":"Patient ID is found","user":"Surajit","timestamp":"06-12-2022 09:31:22"},
{"event":"Study Instance UID is found","user":"Surajit","timestamp":"06-12-2022 09:31:22"},
{"event":"Series Instance UID is found","user":"Surajit","timestamp":"06-12-2022 09:31:22"},
{"event":"New SOP Instance UID is created : 2013032202202100000.0.0.1","user":"Surajit","timestamp":"06-12-2022 09:31:22"},
{"event":"New SOP Instance UID inserted : 2013032202202100000.0.0.1","user":"Surajit","timestamp":"06-12-2022 09:31:22"},
{"event":"Patient ID is found","user":"Surajit","timestamp":"06-12-2022 09:31:22"},
{"event":"Study Instance UID is found","user":"Surajit","timestamp":"06-12-2022 09:31:22"},
{"event":"Series Instance UID is found","user":"Surajit","timestamp":"06-12-2022 09:31:22"},
{"event":"New SOP Instance UID is created : 2013032202202100000.0.0.2","user":"Surajit","timestamp":"06-12-2022 09:31:22"},
{"event":"New SOP Instance UID inserted : 2013032202202100000.0.0.2","user":"Surajit","timestamp":"06-12-2022 09:31:22"},
{"event":"Patient ID is found","user":"Surajit","timestamp":"06-12-2022 09:31:22"},
{"event":"Study Instance UID is found","user":"Surajit","timestamp":"06-12-2022 09:31:22"},
{"event":"Series Instance UID is found","user":"Surajit","timestamp":"06-12-2022 09:31:22"},
{"event":"New SOP Instance UID is created : 2013032202202100000.0.0.3","user":"Surajit","timestamp":"06-12-2022 09:31:22"},
{"event":"New SOP Instance UID inserted : 2013032202202100000.0.0.3","user":"Surajit","timestamp":"06-12-2022 09:31:22"},
{"event":"Patient ID is found","user":"Surajit","timestamp":"06-12-2022 09:31:23"},
{"event":"Study Instance UID is found","user":"Surajit","timestamp":"06-12-2022 09:31:23"},
{"event":"Series Instance UID is found","user":"Surajit","timestamp":"06-12-2022 09:31:23"},
{"event":"New SOP Instance UID is created : 2013032202202100000.0.0.4","user":"Surajit","timestamp":"06-12-2022 09:31:23"},
{"event":"New SOP Instance UID inserted : 2013032202202100000.0.0.4","user":"Surajit","timestamp":"06-12-2022 09:31:23"},
{"event":"Patient ID is found","user":"Surajit","timestamp":"06-12-2022 09:31:23"},
{"event":"Study Instance UID is found","user":"Surajit","timestamp":"06-12-2022 09:31:23"},
{"event":"Series Instance UID is found","user":"Surajit","timestamp":"06-12-2022 09:31:23"},
{"event":"New SOP Instance UID is created : 2013032202202100000.0.0.5","user":"Surajit","timestamp":"06-12-2022 09:31:23"},
{"event":"New SOP Instance UID inserted : 2013032202202100000.0.0.5","user":"Surajit","timestamp":"06-12-2022 09:31:23"},
{"event":"Patient ID is found","user":"Surajit","timestamp":"06-12-2022 09:31:23"},
{"event":"Study Instance UID is found","user":"Surajit","timestamp":"06-12-2022 09:31:23"},
{"event":"Series Instance UID is found","user":"Surajit","timestamp":"06-12-2022 09:31:23"},
{"event":"New SOP Instance UID is created : 2013032202202100000.0.0.6","user":"Surajit","timestamp":"06-12-2022 09:31:23"},
{"event":"New SOP Instance UID inserted : 2013032202202100000.0.0.6","user":"Surajit","timestamp":"06-12-2022 09:31:23"},
{"event":"Patient ID is found","user":"Surajit","timestamp":"06-12-2022 09:31:23"},
{"event":"Study Instance UID is found","user":"Surajit","timestamp":"06-12-2022 09:31:23"},
{"event":"Series Instance UID is found","user":"Surajit","timestamp":"06-12-2022 09:31:23"},
{"event":"New SOP Instance UID is created : 2013032202202100000.0.0.7","user":"Surajit","timestamp":"06-12-2022 09:31:23"},
{"event":"New SOP Instance UID inserted : 2013032202202100000.0.0.7","user":"Surajit","timestamp":"06-12-2022 09:31:23"},
{"event":"Patient ID is found","user":"Surajit","timestamp":"06-12-2022 09:31:24"},
{"event":"Study Instance UID is found","user":"Surajit","timestamp":"06-12-2022 09:31:24"},
{"event":"Series Instance UID is found","user":"Surajit","timestamp":"06-12-2022 09:31:24"},
{"event":"New SOP Instance UID is created : 2013032202202100000.0.0.8","user":"Surajit","timestamp":"06-12-2022 09:31:24"},
{"event":"New SOP Instance UID inserted : 2013032202202100000.0.0.8","user":"Surajit","timestamp":"06-12-2022 09:31:24"},
{"event":"Patient ID is found","user":"Surajit","timestamp":"06-12-2022 09:31:24"},
{"event":"Study Instance UID is found","user":"Surajit","timestamp":"06-12-2022 09:31:24"},
{"event":"Series Instance UID is found","user":"Surajit","timestamp":"06-12-2022 09:31:24"},
{"event":"New SOP Instance UID is created : 2013032202202100000.0.0.9","user":"Surajit","timestamp":"06-12-2022 09:31:24"},
{"event":"New SOP Instance UID inserted : 2013032202202100000.0.0.9","user":"Surajit","timestamp":"06-12-2022 09:31:24"},
{"event":"Patient ID is found","user":"Surajit","timestamp":"06-12-2022 09:31:24"},
{"event":"Study Instance UID is found","user":"Surajit","timestamp":"06-12-2022 09:31:24"},
{"event":"Series Instance UID is found","user":"Surajit","timestamp":"06-12-2022 09:31:24"},
{"event":"New SOP Instance UID is created : 2013032202202100000.0.0.10","user":"Surajit","timestamp":"06-12-2022 09:31:24"},
{"event":"New SOP Instance UID inserted : 2013032202202100000.0.0.10","user":"Surajit","timestamp":"06-12-2022 09:31:24"},
{"event":"Patient ID is found","user":"Surajit","timestamp":"06-12-2022 09:31:25"},
{"event":"Study Instance UID is found","user":"Surajit","timestamp":"06-12-2022 09:31:25"},
{"event":"Series Instance UID is found","user":"Surajit","timestamp":"06-12-2022 09:31:25"},
{"event":"New SOP Instance UID is created : 2013032202202100000.0.0.11","user":"Surajit","timestamp":"06-12-2022 09:31:25"},
{"event":"New SOP Instance UID inserted : 2013032202202100000.0.0.11","user":"Surajit","timestamp":"06-12-2022 09:31:25"},
{"event":"Patient ID is found","user":"Surajit","timestamp":"06-12-2022 09:31:25"},
{"event":"Study Instance UID is found","user":"Surajit","timestamp":"06-12-2022 09:31:25"},
{"event":"Series Instance UID is found","user":"Surajit","timestamp":"06-12-2022 09:31:25"},
{"event":"New SOP Instance UID is created : 2013032202202100000.0.0.12","user":"Surajit","timestamp":"06-12-2022 09:31:25"},
{"event":"New SOP Instance UID inserted : 2013032202202100000.0.0.12","user":"Surajit","timestamp":"06-12-2022 09:31:25"},
{"event":"Patient ID is found","user":"Surajit","timestamp":"06-12-2022 09:31:25"},
{"event":"Study Instance UID is found","user":"Surajit","timestamp":"06-12-2022 09:31:25"},
{"event":"Series Instance UID is found","user":"Surajit","timestamp":"06-12-2022 09:31:25"},
{"event":"New SOP Instance UID is created : 2013032202202100000.0.0.13","user":"Surajit","timestamp":"06-12-2022 09:31:25"},
{"event":"New SOP Instance UID inserted : 2013032202202100000.0.0.13","user":"Surajit","timestamp":"06-12-2022 09:31:25"},
{"event":"Patient ID is found","user":"Surajit","timestamp":"06-12-2022 09:31:25"},
{"event":"Study Instance UID is found","user":"Surajit","timestamp":"06-12-2022 09:31:25"},
{"event":"Series Instance UID is found","user":"Surajit","timestamp":"06-12-2022 09:31:25"},
{"event":"New SOP Instance UID is created : 2013032202202100000.0.0.14","user":"Surajit","timestamp":"06-12-2022 09:31:25"},
{"event":"New SOP Instance UID inserted : 2013032202202100000.0.0.14","user":"Surajit","timestamp":"06-12-2022 09:31:25"},
{"event":"Patient ID is found","user":"Surajit","timestamp":"06-12-2022 09:31:26"},
{"event":"Study Instance UID is found","user":"Surajit","timestamp":"06-12-2022 09:31:26"},
{"event":"Series Instance UID is found","user":"Surajit","timestamp":"06-12-2022 09:31:26"},
{"event":"New SOP Instance UID is created : 2013032202202100000.0.0.15","user":"Surajit","timestamp":"06-12-2022 09:31:26"},
{"event":"New SOP Instance UID inserted : 2013032202202100000.0.0.15","user":"Surajit","timestamp":"06-12-2022 09:31:26"},
{"event":"Patient ID is found","user":"Surajit","timestamp":"06-12-2022 09:31:26"},
{"event":"Study Instance UID is found","user":"Surajit","timestamp":"06-12-2022 09:31:26"},
{"event":"Series Instance UID is found","user":"Surajit","timestamp":"06-12-2022 09:31:26"},
{"event":"New SOP Instance UID is created : 2013032202202100000.0.0.16","user":"Surajit","timestamp":"06-12-2022 09:31:26"},
{"event":"New SOP Instance UID inserted : 2013032202202100000.0.0.16","user":"Surajit","timestamp":"06-12-2022 09:31:26"},
{"event":"Patient ID is found","user":"Surajit","timestamp":"06-12-2022 09:31:26"},
{"event":"Study Instance UID is found","user":"Surajit","timestamp":"06-12-2022 09:31:26"},
{"event":"Series Instance UID is found","user":"Surajit","timestamp":"06-12-2022 09:31:26"},
{"event":"New SOP Instance UID is created : 2013032202202100000.0.0.17","user":"Surajit","timestamp":"06-12-2022 09:31:26"},
{"event":"New SOP Instance UID inserted : 2013032202202100000.0.0.17","user":"Surajit","timestamp":"06-12-2022 09:31:26"},
{"event":"Patient ID is found","user":"Surajit","timestamp":"06-12-2022 09:31:26"},
{"event":"Study Instance UID is found","user":"Surajit","timestamp":"06-12-2022 09:31:26"},
{"event":"Series Instance UID is found","user":"Surajit","timestamp":"06-12-2022 09:31:26"},
{"event":"New SOP Instance UID is created : 2013032202202100000.0.0.18","user":"Surajit","timestamp":"06-12-2022 09:31:26"},
{"event":"New SOP Instance UID inserted : 2013032202202100000.0.0.18","user":"Surajit","timestamp":"06-12-2022 09:31:26"},
{"event":"Patient ID is found","user":"Surajit","timestamp":"06-12-2022 09:31:26"},
{"event":"Study Instance UID is found","user":"Surajit","timestamp":"06-12-2022 09:31:26"},
{"event":"Series Instance UID is found","user":"Surajit","timestamp":"06-12-2022 09:31:26"},
{"event":"New SOP Instance UID is created : 2013032202202100000.0.0.19","user":"Surajit","timestamp":"06-12-2022 09:31:26"},
{"event":"New SOP Instance UID inserted : 2013032202202100000.0.0.19","user":"Surajit","timestamp":"06-12-2022 09:31:26"},
{"event":"Patient ID is found","user":"Surajit","timestamp":"06-12-2022 09:31:26"},
{"event":"Study Instance UID is found","user":"Surajit","timestamp":"06-12-2022 09:31:26"},
{"event":"Series Instance UID is found","user":"Surajit","timestamp":"06-12-2022 09:31:26"},
{"event":"New SOP Instance UID is created : 2013032202202100000.0.0.20","user":"Surajit","timestamp":"06-12-2022 09:31:26"},
{"event":"New SOP Instance UID inserted : 2013032202202100000.0.0.20","user":"Surajit","timestamp":"06-12-2022 09:31:26"},
{"event":"Patient ID is found","user":"Surajit","timestamp":"06-12-2022 09:31:27"},
{"event":"Study Instance UID is found","user":"Surajit","timestamp":"06-12-2022 09:31:27"},
{"event":"Series Instance UID is found","user":"Surajit","timestamp":"06-12-2022 09:31:27"},
{"event":"New SOP Instance UID is created : 2013032202202100000.0.0.21","user":"Surajit","timestamp":"06-12-2022 09:31:27"},
{"event":"New SOP Instance UID inserted : 2013032202202100000.0.0.21","user":"Surajit","timestamp":"06-12-2022 09:31:27"},
{"event":"Patient ID is found","user":"Surajit","timestamp":"06-12-2022 09:31:27"},
{"event":"Study Instance UID is found","user":"Surajit","timestamp":"06-12-2022 09:31:27"},
{"event":"Series Instance UID is found","user":"Surajit","timestamp":"06-12-2022 09:31:27"},
{"event":"New SOP Instance UID is created : 2013032202202100000.0.0.22","user":"Surajit","timestamp":"06-12-2022 09:31:27"},
{"event":"New SOP Instance UID inserted : 2013032202202100000.0.0.22","user":"Surajit","timestamp":"06-12-2022 09:31:27"},
{"event":"Patient ID is found","user":"Surajit","timestamp":"06-12-2022 09:31:27"},
{"event":"Study Instance UID is found","user":"Surajit","timestamp":"06-12-2022 09:31:27"},
{"event":"Series Instance UID is found","user":"Surajit","timestamp":"06-12-2022 09:31:27"},
{"event":"New SOP Instance UID is created : 2013032202202100000.0.0.23","user":"Surajit","timestamp":"06-12-2022 09:31:27"},
{"event":"New SOP Instance UID inserted : 2013032202202100000.0.0.23","user":"Surajit","timestamp":"06-12-2022 09:31:27"},
{"event":"Patient ID is found","user":"Surajit","timestamp":"06-12-2022 09:31:27"},
{"event":"Study Instance UID is found","user":"Surajit","timestamp":"06-12-2022 09:31:27"},
{"event":"Series Instance UID is found","user":"Surajit","timestamp":"06-12-2022 09:31:27"},
{"event":"New SOP Instance UID is created : 2013032202202100000.0.0.24","user":"Surajit","timestamp":"06-12-2022 09:31:27"},
{"event":"New SOP Instance UID inserted : 2013032202202100000.0.0.24","user":"Surajit","timestamp":"06-12-2022 09:31:27"},
{"event":"Patient ID is found","user":"Surajit","timestamp":"06-12-2022 09:31:27"},
{"event":"Study Instance UID is found","user":"Surajit","timestamp":"06-12-2022 09:31:27"},
{"event":"Series Instance UID is found","user":"Surajit","timestamp":"06-12-2022 09:31:27"},
{"event":"New SOP Instance UID is created : 2013032202202100000.0.0.25","user":"Surajit","timestamp":"06-12-2022 09:31:27"},
{"event":"New SOP Instance UID inserted : 2013032202202100000.0.0.25","user":"Surajit","timestamp":"06-12-2022 09:31:27"},
{"event":"Patient ID is found","user":"Surajit","timestamp":"06-12-2022 09:31:28"},
{"event":"Study Instance UID is found","user":"Surajit","timestamp":"06-12-2022 09:31:28"},
{"event":"Series Instance UID is found","user":"Surajit","timestamp":"06-12-2022 09:31:28"},
{"event":"New SOP Instance UID is created : 2013032202202100000.0.0.26","user":"Surajit","timestamp":"06-12-2022 09:31:28"},
{"event":"New SOP Instance UID inserted : 2013032202202100000.0.0.26","user":"Surajit","timestamp":"06-12-2022 09:31:28"},
{"event":"Patient ID is found","user":"Surajit","timestamp":"06-12-2022 09:31:28"},
{"event":"Study Instance UID is found","user":"Surajit","timestamp":"06-12-2022 09:31:28"},
{"event":"Series Instance UID is found","user":"Surajit","timestamp":"06-12-2022 09:31:28"},
{"event":"New SOP Instance UID is created : 2013032202202100000.0.0.27","user":"Surajit","timestamp":"06-12-2022 09:31:28"},
{"event":"New SOP Instance UID inserted : 2013032202202100000.0.0.27","user":"Surajit","timestamp":"06-12-2022 09:31:28"},
{"event":"Patient ID is found","user":"Surajit","timestamp":"06-12-2022 09:31:28"},
{"event":"Study Instance UID is found","user":"Surajit","timestamp":"06-12-2022 09:31:28"},
{"event":"Series Instance UID is found","user":"Surajit","timestamp":"06-12-2022 09:31:28"},
{"event":"New SOP Instance UID is created : 2013032202202100000.0.0.28","user":"Surajit","timestamp":"06-12-2022 09:31:28"},
{"event":"New SOP Instance UID inserted : 2013032202202100000.0.0.28","user":"Surajit","timestamp":"06-12-2022 09:31:28"},
{"event":"Patient ID is found","user":"Surajit","timestamp":"06-12-2022 09:31:28"},
{"event":"Study Instance UID is found","user":"Surajit","timestamp":"06-12-2022 09:31:28"},
{"event":"Series Instance UID is found","user":"Surajit","timestamp":"06-12-2022 09:31:28"},
{"event":"New SOP Instance UID is created : 2013032202202100000.0.0.29","user":"Surajit","timestamp":"06-12-2022 09:31:28"},
{"event":"New SOP Instance UID inserted : 2013032202202100000.0.0.29","user":"Surajit","timestamp":"06-12-2022 09:31:28"},
{"event":"Patient ID is found","user":"Surajit","timestamp":"06-12-2022 09:31:28"},
{"event":"Study Instance UID is found","user":"Surajit","timestamp":"06-12-2022 09:31:28"},
{"event":"Series Instance UID is found","user":"Surajit","timestamp":"06-12-2022 09:31:28"},
{"event":"New SOP Instance UID is created : 2013032202202100000.0.0.30","user":"Surajit","timestamp":"06-12-2022 09:31:28"},
{"event":"New SOP Instance UID inserted : 2013032202202100000.0.0.30","user":"Surajit","timestamp":"06-12-2022 09:31:28"},
{"event":"Patient ID is found","user":"Surajit","timestamp":"06-12-2022 09:31:28"},
{"event":"Study Instance UID is found","user":"Surajit","timestamp":"06-12-2022 09:31:28"},
{"event":"Series Instance UID is found","user":"Surajit","timestamp":"06-12-2022 09:31:28"},
{"event":"New SOP Instance UID is created : 2013032202202100000.0.0.31","user":"Surajit","timestamp":"06-12-2022 09:31:28"},
{"event":"New SOP Instance UID inserted : 2013032202202100000.0.0.31","user":"Surajit","timestamp":"06-12-2022 09:31:28"},
{"event":"Patient ID is found","user":"Surajit","timestamp":"06-12-2022 09:31:29"},
{"event":"Study Instance UID is found","user":"Surajit","timestamp":"06-12-2022 09:31:29"},
{"event":"Series Instance UID is found","user":"Surajit","timestamp":"06-12-2022 09:31:29"},
{"event":"New SOP Instance UID is created : 2013032202202100000.0.0.32","user":"Surajit","timestamp":"06-12-2022 09:31:29"},
{"event":"New SOP Instance UID inserted : 2013032202202100000.0.0.32","user":"Surajit","timestamp":"06-12-2022 09:31:29"},
{"event":"Patient ID is found","user":"Surajit","timestamp":"06-12-2022 09:31:29"},
{"event":"Study Instance UID is found","user":"Surajit","timestamp":"06-12-2022 09:31:29"},
{"event":"New Series Instance UID is created : 2013032202202100000.0.1","user":"Surajit","timestamp":"06-12-2022 09:31:29"},
{"event":"New Series Instance UID is inserted : 2013032202202100000.0.1","user":"Surajit","timestamp":"06-12-2022 09:31:29"},
{"event":"New SOP Instance UID is created : 2013032202202100000.0.1.0","user":"Surajit","timestamp":"06-12-2022 09:31:29"},
{"event":"New SOP Instance UID inserted : 2013032202202100000.0.1.0","user":"Surajit","timestamp":"06-12-2022 09:31:29"},
{"event":"Patient ID is found","user":"Surajit","timestamp":"06-12-2022 09:31:29"},
{"event":"Study Instance UID is found","user":"Surajit","timestamp":"06-12-2022 09:31:29"},
{"event":"Series Instance UID is found","user":"Surajit","timestamp":"06-12-2022 09:31:29"},
{"event":"New SOP Instance UID is created : 2013032202202100000.0.0.33","user":"Surajit","timestamp":"06-12-2022 09:31:29"},
{"event":"New SOP Instance UID inserted : 2013032202202100000.0.0.33","user":"Surajit","timestamp":"06-12-2022 09:31:29"},
{"event":"Patient ID is found","user":"Surajit","timestamp":"06-12-2022 09:31:30"},
{"event":"Study Instance UID is found","user":"Surajit","timestamp":"06-12-2022 09:31:30"},
{"event":"Series Instance UID is found","user":"Surajit","timestamp":"06-12-2022 09:31:30"},
{"event":"New SOP Instance UID is created : 2013032202202100000.0.0.34","user":"Surajit","timestamp":"06-12-2022 09:31:30"},
{"event":"New SOP Instance UID inserted : 2013032202202100000.0.0.34","user":"Surajit","timestamp":"06-12-2022 09:31:30"},
{"event":"Login successfully","user":"admin","timestamp":"06-12-2022 09:35:00"},
{"event":"Login successfully","user":"admin","timestamp":"06-12-2022 10:58:36"},
{"event":"Login successfully","user":"admin","timestamp":"06-12-2022 10:59:03"},
