{"event":"Login successfully","user":"sk@c.com","timestamp":"24-12-2019 19:00:34"},
{"event":"Login successfully","user":"sk@c.com","timestamp":"24-12-2019 19:08:11"},
{"event":"Login successfully","user":"sk@c.com","timestamp":"24-12-2019 19:24:25"},
{"event":"New Patient ID is created : 20130311122412201900000","user":"Surajit","timestamp":"24-12-2019 19:25:04"},
{"event":"New Patient ID is inserted : 20130311122412201900000","user":"Surajit","timestamp":"24-12-2019 19:25:04"},
{"event":"19010101 Day difference 49","user":"Surajit","timestamp":"24-12-2019 19:25:04"},
{"event":"Random StudyDate created : 19010219 Day Difference : 49","user":"Surajit","timestamp":"24-12-2019 19:25:04"},
{"event":"New Study Instance UID is created : 20130311122412201900000.0","user":"Surajit","timestamp":"24-12-2019 19:25:04"},
{"event":"New Study Instance UID is inserted : 20130311122412201900000.0","user":"Surajit","timestamp":"24-12-2019 19:25:04"},
{"event":"New Series Instance UID is created : 20130311122412201900000.0.0","user":"Surajit","timestamp":"24-12-2019 19:25:04"},
{"event":"New Series Instance UID is inserted : 20130311122412201900000.0.0","user":"Surajit","timestamp":"24-12-2019 19:25:04"},
{"event":"New SOP Instance UID is created : 20130311122412201900000.0.0.0","user":"Surajit","timestamp":"24-12-2019 19:25:04"},
{"event":"New SOP Instance UID inserted : 20130311122412201900000.0.0.0","user":"Surajit","timestamp":"24-12-2019 19:25:04"},
{"event":"Patient ID is found","user":"Surajit","timestamp":"24-12-2019 19:25:04"},
{"event":"Study Instance UID is found","user":"Surajit","timestamp":"24-12-2019 19:25:04"},
{"event":"Series Instance UID is found","user":"Surajit","timestamp":"24-12-2019 19:25:04"},
{"event":"New SOP Instance UID is created : 20130311122412201900000.0.0.1","user":"Surajit","timestamp":"24-12-2019 19:25:04"},
{"event":"New SOP Instance UID inserted : 20130311122412201900000.0.0.1","user":"Surajit","timestamp":"24-12-2019 19:25:04"},
{"event":"Patient ID is found","user":"Surajit","timestamp":"24-12-2019 19:25:05"},
{"event":"Study Instance UID is found","user":"Surajit","timestamp":"24-12-2019 19:25:05"},
{"event":"Series Instance UID is found","user":"Surajit","timestamp":"24-12-2019 19:25:05"},
{"event":"New SOP Instance UID is created : 20130311122412201900000.0.0.2","user":"Surajit","timestamp":"24-12-2019 19:25:05"},
{"event":"New SOP Instance UID inserted : 20130311122412201900000.0.0.2","user":"Surajit","timestamp":"24-12-2019 19:25:05"},
{"event":"Patient ID is found","user":"Surajit","timestamp":"24-12-2019 19:25:05"},
{"event":"Study Instance UID is found","user":"Surajit","timestamp":"24-12-2019 19:25:05"},
{"event":"Series Instance UID is found","user":"Surajit","timestamp":"24-12-2019 19:25:05"},
{"event":"New SOP Instance UID is created : 20130311122412201900000.0.0.3","user":"Surajit","timestamp":"24-12-2019 19:25:05"},
{"event":"New SOP Instance UID inserted : 20130311122412201900000.0.0.3","user":"Surajit","timestamp":"24-12-2019 19:25:05"},
{"event":"Patient ID is found","user":"Surajit","timestamp":"24-12-2019 19:25:05"},
{"event":"Study Instance UID is found","user":"Surajit","timestamp":"24-12-2019 19:25:05"},
{"event":"Series Instance UID is found","user":"Surajit","timestamp":"24-12-2019 19:25:05"},
{"event":"New SOP Instance UID is created : 20130311122412201900000.0.0.4","user":"Surajit","timestamp":"24-12-2019 19:25:05"},
{"event":"New SOP Instance UID inserted : 20130311122412201900000.0.0.4","user":"Surajit","timestamp":"24-12-2019 19:25:05"},
{"event":"Patient ID is found","user":"Surajit","timestamp":"24-12-2019 19:25:05"},
{"event":"Study Instance UID is found","user":"Surajit","timestamp":"24-12-2019 19:25:05"},
{"event":"Series Instance UID is found","user":"Surajit","timestamp":"24-12-2019 19:25:05"},
{"event":"New SOP Instance UID is created : 20130311122412201900000.0.0.5","user":"Surajit","timestamp":"24-12-2019 19:25:05"},
{"event":"New SOP Instance UID inserted : 20130311122412201900000.0.0.5","user":"Surajit","timestamp":"24-12-2019 19:25:05"},
{"event":"Patient ID is found","user":"Surajit","timestamp":"24-12-2019 19:25:05"},
{"event":"Study Instance UID is found","user":"Surajit","timestamp":"24-12-2019 19:25:05"},
{"event":"Series Instance UID is found","user":"Surajit","timestamp":"24-12-2019 19:25:05"},
{"event":"New SOP Instance UID is created : 20130311122412201900000.0.0.6","user":"Surajit","timestamp":"24-12-2019 19:25:05"},
{"event":"New SOP Instance UID inserted : 20130311122412201900000.0.0.6","user":"Surajit","timestamp":"24-12-2019 19:25:05"},
{"event":"Patient ID is found","user":"Surajit","timestamp":"24-12-2019 19:25:05"},
{"event":"Study Instance UID is found","user":"Surajit","timestamp":"24-12-2019 19:25:05"},
{"event":"Series Instance UID is found","user":"Surajit","timestamp":"24-12-2019 19:25:05"},
{"event":"New SOP Instance UID is created : 20130311122412201900000.0.0.7","user":"Surajit","timestamp":"24-12-2019 19:25:05"},
{"event":"New SOP Instance UID inserted : 20130311122412201900000.0.0.7","user":"Surajit","timestamp":"24-12-2019 19:25:05"},
{"event":"Patient ID is found","user":"Surajit","timestamp":"24-12-2019 19:25:05"},
{"event":"Study Instance UID is found","user":"Surajit","timestamp":"24-12-2019 19:25:05"},
{"event":"Series Instance UID is found","user":"Surajit","timestamp":"24-12-2019 19:25:05"},
{"event":"New SOP Instance UID is created : 20130311122412201900000.0.0.8","user":"Surajit","timestamp":"24-12-2019 19:25:05"},
{"event":"New SOP Instance UID inserted : 20130311122412201900000.0.0.8","user":"Surajit","timestamp":"24-12-2019 19:25:05"},
{"event":"Patient ID is found","user":"Surajit","timestamp":"24-12-2019 19:25:06"},
{"event":"Study Instance UID is found","user":"Surajit","timestamp":"24-12-2019 19:25:06"},
{"event":"Series Instance UID is found","user":"Surajit","timestamp":"24-12-2019 19:25:06"},
{"event":"New SOP Instance UID is created : 20130311122412201900000.0.0.9","user":"Surajit","timestamp":"24-12-2019 19:25:06"},
{"event":"New SOP Instance UID inserted : 20130311122412201900000.0.0.9","user":"Surajit","timestamp":"24-12-2019 19:25:06"},
{"event":"Patient ID is found","user":"Surajit","timestamp":"24-12-2019 19:25:06"},
{"event":"Study Instance UID is found","user":"Surajit","timestamp":"24-12-2019 19:25:06"},
{"event":"Series Instance UID is found","user":"Surajit","timestamp":"24-12-2019 19:25:06"},
{"event":"New SOP Instance UID is created : 20130311122412201900000.0.0.10","user":"Surajit","timestamp":"24-12-2019 19:25:06"},
{"event":"New SOP Instance UID inserted : 20130311122412201900000.0.0.10","user":"Surajit","timestamp":"24-12-2019 19:25:06"},
{"event":"Patient ID is found","user":"Surajit","timestamp":"24-12-2019 19:25:06"},
{"event":"Study Instance UID is found","user":"Surajit","timestamp":"24-12-2019 19:25:06"},
{"event":"Series Instance UID is found","user":"Surajit","timestamp":"24-12-2019 19:25:06"},
{"event":"New SOP Instance UID is created : 20130311122412201900000.0.0.11","user":"Surajit","timestamp":"24-12-2019 19:25:06"},
{"event":"New SOP Instance UID inserted : 20130311122412201900000.0.0.11","user":"Surajit","timestamp":"24-12-2019 19:25:06"},
{"event":"Patient ID is found","user":"Surajit","timestamp":"24-12-2019 19:25:06"},
{"event":"Study Instance UID is found","user":"Surajit","timestamp":"24-12-2019 19:25:06"},
{"event":"Series Instance UID is found","user":"Surajit","timestamp":"24-12-2019 19:25:06"},
{"event":"New SOP Instance UID is created : 20130311122412201900000.0.0.12","user":"Surajit","timestamp":"24-12-2019 19:25:06"},
{"event":"New SOP Instance UID inserted : 20130311122412201900000.0.0.12","user":"Surajit","timestamp":"24-12-2019 19:25:06"},
{"event":"Patient ID is found","user":"Surajit","timestamp":"24-12-2019 19:25:06"},
{"event":"Study Instance UID is found","user":"Surajit","timestamp":"24-12-2019 19:25:06"},
{"event":"Series Instance UID is found","user":"Surajit","timestamp":"24-12-2019 19:25:06"},
{"event":"New SOP Instance UID is created : 20130311122412201900000.0.0.13","user":"Surajit","timestamp":"24-12-2019 19:25:06"},
{"event":"New SOP Instance UID inserted : 20130311122412201900000.0.0.13","user":"Surajit","timestamp":"24-12-2019 19:25:06"},
{"event":"Patient ID is found","user":"Surajit","timestamp":"24-12-2019 19:25:07"},
{"event":"Study Instance UID is found","user":"Surajit","timestamp":"24-12-2019 19:25:07"},
{"event":"Series Instance UID is found","user":"Surajit","timestamp":"24-12-2019 19:25:07"},
{"event":"New SOP Instance UID is created : 20130311122412201900000.0.0.14","user":"Surajit","timestamp":"24-12-2019 19:25:07"},
{"event":"New SOP Instance UID inserted : 20130311122412201900000.0.0.14","user":"Surajit","timestamp":"24-12-2019 19:25:07"},
{"event":"Patient ID is found","user":"Surajit","timestamp":"24-12-2019 19:25:07"},
{"event":"Study Instance UID is found","user":"Surajit","timestamp":"24-12-2019 19:25:07"},
{"event":"Series Instance UID is found","user":"Surajit","timestamp":"24-12-2019 19:25:07"},
{"event":"New SOP Instance UID is created : 20130311122412201900000.0.0.15","user":"Surajit","timestamp":"24-12-2019 19:25:07"},
{"event":"New SOP Instance UID inserted : 20130311122412201900000.0.0.15","user":"Surajit","timestamp":"24-12-2019 19:25:07"},
{"event":"Patient ID is found","user":"Surajit","timestamp":"24-12-2019 19:25:07"},
{"event":"Study Instance UID is found","user":"Surajit","timestamp":"24-12-2019 19:25:07"},
{"event":"Series Instance UID is found","user":"Surajit","timestamp":"24-12-2019 19:25:07"},
{"event":"New SOP Instance UID is created : 20130311122412201900000.0.0.16","user":"Surajit","timestamp":"24-12-2019 19:25:07"},
{"event":"New SOP Instance UID inserted : 20130311122412201900000.0.0.16","user":"Surajit","timestamp":"24-12-2019 19:25:07"},
{"event":"Patient ID is found","user":"Surajit","timestamp":"24-12-2019 19:25:07"},
{"event":"Study Instance UID is found","user":"Surajit","timestamp":"24-12-2019 19:25:07"},
{"event":"Series Instance UID is found","user":"Surajit","timestamp":"24-12-2019 19:25:07"},
{"event":"New SOP Instance UID is created : 20130311122412201900000.0.0.17","user":"Surajit","timestamp":"24-12-2019 19:25:07"},
{"event":"New SOP Instance UID inserted : 20130311122412201900000.0.0.17","user":"Surajit","timestamp":"24-12-2019 19:25:07"},
{"event":"Patient ID is found","user":"Surajit","timestamp":"24-12-2019 19:25:07"},
{"event":"Study Instance UID is found","user":"Surajit","timestamp":"24-12-2019 19:25:07"},
{"event":"Series Instance UID is found","user":"Surajit","timestamp":"24-12-2019 19:25:07"},
{"event":"New SOP Instance UID is created : 20130311122412201900000.0.0.18","user":"Surajit","timestamp":"24-12-2019 19:25:07"},
{"event":"New SOP Instance UID inserted : 20130311122412201900000.0.0.18","user":"Surajit","timestamp":"24-12-2019 19:25:07"},
{"event":"Patient ID is found","user":"Surajit","timestamp":"24-12-2019 19:25:07"},
{"event":"Study Instance UID is found","user":"Surajit","timestamp":"24-12-2019 19:25:07"},
{"event":"Series Instance UID is found","user":"Surajit","timestamp":"24-12-2019 19:25:07"},
{"event":"New SOP Instance UID is created : 20130311122412201900000.0.0.19","user":"Surajit","timestamp":"24-12-2019 19:25:07"},
{"event":"New SOP Instance UID inserted : 20130311122412201900000.0.0.19","user":"Surajit","timestamp":"24-12-2019 19:25:07"},
{"event":"Patient ID is found","user":"Surajit","timestamp":"24-12-2019 19:25:08"},
{"event":"Study Instance UID is found","user":"Surajit","timestamp":"24-12-2019 19:25:08"},
{"event":"Series Instance UID is found","user":"Surajit","timestamp":"24-12-2019 19:25:08"},
{"event":"New SOP Instance UID is created : 20130311122412201900000.0.0.20","user":"Surajit","timestamp":"24-12-2019 19:25:08"},
{"event":"New SOP Instance UID inserted : 20130311122412201900000.0.0.20","user":"Surajit","timestamp":"24-12-2019 19:25:08"},
{"event":"Patient ID is found","user":"Surajit","timestamp":"24-12-2019 19:25:08"},
{"event":"Study Instance UID is found","user":"Surajit","timestamp":"24-12-2019 19:25:08"},
{"event":"Series Instance UID is found","user":"Surajit","timestamp":"24-12-2019 19:25:08"},
{"event":"New SOP Instance UID is created : 20130311122412201900000.0.0.21","user":"Surajit","timestamp":"24-12-2019 19:25:08"},
{"event":"New SOP Instance UID inserted : 20130311122412201900000.0.0.21","user":"Surajit","timestamp":"24-12-2019 19:25:08"},
{"event":"Patient ID is found","user":"Surajit","timestamp":"24-12-2019 19:25:08"},
{"event":"Study Instance UID is found","user":"Surajit","timestamp":"24-12-2019 19:25:08"},
{"event":"Series Instance UID is found","user":"Surajit","timestamp":"24-12-2019 19:25:08"},
{"event":"New SOP Instance UID is created : 20130311122412201900000.0.0.22","user":"Surajit","timestamp":"24-12-2019 19:25:08"},
{"event":"New SOP Instance UID inserted : 20130311122412201900000.0.0.22","user":"Surajit","timestamp":"24-12-2019 19:25:08"},
{"event":"Patient ID is found","user":"Surajit","timestamp":"24-12-2019 19:25:08"},
{"event":"Study Instance UID is found","user":"Surajit","timestamp":"24-12-2019 19:25:08"},
{"event":"Series Instance UID is found","user":"Surajit","timestamp":"24-12-2019 19:25:08"},
{"event":"New SOP Instance UID is created : 20130311122412201900000.0.0.23","user":"Surajit","timestamp":"24-12-2019 19:25:08"},
{"event":"New SOP Instance UID inserted : 20130311122412201900000.0.0.23","user":"Surajit","timestamp":"24-12-2019 19:25:08"},
{"event":"Patient ID is found","user":"Surajit","timestamp":"24-12-2019 19:25:08"},
{"event":"Study Instance UID is found","user":"Surajit","timestamp":"24-12-2019 19:25:08"},
{"event":"Series Instance UID is found","user":"Surajit","timestamp":"24-12-2019 19:25:08"},
{"event":"New SOP Instance UID is created : 20130311122412201900000.0.0.24","user":"Surajit","timestamp":"24-12-2019 19:25:08"},
{"event":"New SOP Instance UID inserted : 20130311122412201900000.0.0.24","user":"Surajit","timestamp":"24-12-2019 19:25:08"},
{"event":"Patient ID is found","user":"Surajit","timestamp":"24-12-2019 19:25:08"},
{"event":"Study Instance UID is found","user":"Surajit","timestamp":"24-12-2019 19:25:08"},
{"event":"Series Instance UID is found","user":"Surajit","timestamp":"24-12-2019 19:25:08"},
{"event":"New SOP Instance UID is created : 20130311122412201900000.0.0.25","user":"Surajit","timestamp":"24-12-2019 19:25:08"},
{"event":"New SOP Instance UID inserted : 20130311122412201900000.0.0.25","user":"Surajit","timestamp":"24-12-2019 19:25:08"},
{"event":"Patient ID is found","user":"Surajit","timestamp":"24-12-2019 19:25:08"},
{"event":"Study Instance UID is found","user":"Surajit","timestamp":"24-12-2019 19:25:08"},
{"event":"Series Instance UID is found","user":"Surajit","timestamp":"24-12-2019 19:25:08"},
{"event":"New SOP Instance UID is created : 20130311122412201900000.0.0.26","user":"Surajit","timestamp":"24-12-2019 19:25:08"},
{"event":"New SOP Instance UID inserted : 20130311122412201900000.0.0.26","user":"Surajit","timestamp":"24-12-2019 19:25:08"},
{"event":"Patient ID is found","user":"Surajit","timestamp":"24-12-2019 19:25:09"},
{"event":"Study Instance UID is found","user":"Surajit","timestamp":"24-12-2019 19:25:09"},
{"event":"Series Instance UID is found","user":"Surajit","timestamp":"24-12-2019 19:25:09"},
{"event":"New SOP Instance UID is created : 20130311122412201900000.0.0.27","user":"Surajit","timestamp":"24-12-2019 19:25:09"},
{"event":"New SOP Instance UID inserted : 20130311122412201900000.0.0.27","user":"Surajit","timestamp":"24-12-2019 19:25:09"},
{"event":"Patient ID is found","user":"Surajit","timestamp":"24-12-2019 19:25:09"},
{"event":"Study Instance UID is found","user":"Surajit","timestamp":"24-12-2019 19:25:09"},
{"event":"Series Instance UID is found","user":"Surajit","timestamp":"24-12-2019 19:25:09"},
{"event":"New SOP Instance UID is created : 20130311122412201900000.0.0.28","user":"Surajit","timestamp":"24-12-2019 19:25:09"},
{"event":"New SOP Instance UID inserted : 20130311122412201900000.0.0.28","user":"Surajit","timestamp":"24-12-2019 19:25:09"},
{"event":"Patient ID is found","user":"Surajit","timestamp":"24-12-2019 19:25:09"},
{"event":"Study Instance UID is found","user":"Surajit","timestamp":"24-12-2019 19:25:09"},
{"event":"Series Instance UID is found","user":"Surajit","timestamp":"24-12-2019 19:25:09"},
{"event":"New SOP Instance UID is created : 20130311122412201900000.0.0.29","user":"Surajit","timestamp":"24-12-2019 19:25:09"},
{"event":"New SOP Instance UID inserted : 20130311122412201900000.0.0.29","user":"Surajit","timestamp":"24-12-2019 19:25:09"},
{"event":"Patient ID is found","user":"Surajit","timestamp":"24-12-2019 19:25:09"},
{"event":"Study Instance UID is found","user":"Surajit","timestamp":"24-12-2019 19:25:09"},
{"event":"Series Instance UID is found","user":"Surajit","timestamp":"24-12-2019 19:25:09"},
{"event":"New SOP Instance UID is created : 20130311122412201900000.0.0.30","user":"Surajit","timestamp":"24-12-2019 19:25:09"},
{"event":"New SOP Instance UID inserted : 20130311122412201900000.0.0.30","user":"Surajit","timestamp":"24-12-2019 19:25:09"},
{"event":"Patient ID is found","user":"Surajit","timestamp":"24-12-2019 19:25:09"},
{"event":"Study Instance UID is found","user":"Surajit","timestamp":"24-12-2019 19:25:09"},
{"event":"Series Instance UID is found","user":"Surajit","timestamp":"24-12-2019 19:25:09"},
{"event":"New SOP Instance UID is created : 20130311122412201900000.0.0.31","user":"Surajit","timestamp":"24-12-2019 19:25:09"},
{"event":"New SOP Instance UID inserted : 20130311122412201900000.0.0.31","user":"Surajit","timestamp":"24-12-2019 19:25:09"},
{"event":"Patient ID is found","user":"Surajit","timestamp":"24-12-2019 19:25:09"},
{"event":"Study Instance UID is found","user":"Surajit","timestamp":"24-12-2019 19:25:09"},
{"event":"Series Instance UID is found","user":"Surajit","timestamp":"24-12-2019 19:25:09"},
{"event":"New SOP Instance UID is created : 20130311122412201900000.0.0.32","user":"Surajit","timestamp":"24-12-2019 19:25:09"},
{"event":"New SOP Instance UID inserted : 20130311122412201900000.0.0.32","user":"Surajit","timestamp":"24-12-2019 19:25:09"},
{"event":"Patient ID is found","user":"Surajit","timestamp":"24-12-2019 19:25:09"},
{"event":"Study Instance UID is found","user":"Surajit","timestamp":"24-12-2019 19:25:09"},
{"event":"Series Instance UID is found","user":"Surajit","timestamp":"24-12-2019 19:25:09"},
{"event":"New SOP Instance UID is created : 20130311122412201900000.0.0.33","user":"Surajit","timestamp":"24-12-2019 19:25:09"},
{"event":"New SOP Instance UID inserted : 20130311122412201900000.0.0.33","user":"Surajit","timestamp":"24-12-2019 19:25:09"},
{"event":"Patient ID is found","user":"Surajit","timestamp":"24-12-2019 19:25:09"},
{"event":"Study Instance UID is found","user":"Surajit","timestamp":"24-12-2019 19:25:09"},
{"event":"Series Instance UID is found","user":"Surajit","timestamp":"24-12-2019 19:25:09"},
{"event":"New SOP Instance UID is created : 20130311122412201900000.0.0.34","user":"Surajit","timestamp":"24-12-2019 19:25:09"},
{"event":"New SOP Instance UID inserted : 20130311122412201900000.0.0.34","user":"Surajit","timestamp":"24-12-2019 19:25:09"},
{"event":"Patient ID is found","user":"Surajit","timestamp":"24-12-2019 19:25:10"},
{"event":"Study Instance UID is found","user":"Surajit","timestamp":"24-12-2019 19:25:10"},
{"event":"Series Instance UID is found","user":"Surajit","timestamp":"24-12-2019 19:25:10"},
{"event":"New SOP Instance UID is created : 20130311122412201900000.0.0.35","user":"Surajit","timestamp":"24-12-2019 19:25:10"},
{"event":"New SOP Instance UID inserted : 20130311122412201900000.0.0.35","user":"Surajit","timestamp":"24-12-2019 19:25:10"},
{"event":"Patient ID is found","user":"Surajit","timestamp":"24-12-2019 19:25:10"},
{"event":"Study Instance UID is found","user":"Surajit","timestamp":"24-12-2019 19:25:10"},
{"event":"Series Instance UID is found","user":"Surajit","timestamp":"24-12-2019 19:25:10"},
{"event":"New SOP Instance UID is created : 20130311122412201900000.0.0.36","user":"Surajit","timestamp":"24-12-2019 19:25:10"},
{"event":"New SOP Instance UID inserted : 20130311122412201900000.0.0.36","user":"Surajit","timestamp":"24-12-2019 19:25:10"},
{"event":"Patient ID is found","user":"Surajit","timestamp":"24-12-2019 19:25:10"},
{"event":"Study Instance UID is found","user":"Surajit","timestamp":"24-12-2019 19:25:10"},
{"event":"Series Instance UID is found","user":"Surajit","timestamp":"24-12-2019 19:25:10"},
{"event":"New SOP Instance UID is created : 20130311122412201900000.0.0.37","user":"Surajit","timestamp":"24-12-2019 19:25:10"},
{"event":"New SOP Instance UID inserted : 20130311122412201900000.0.0.37","user":"Surajit","timestamp":"24-12-2019 19:25:10"},
{"event":"Patient ID is found","user":"Surajit","timestamp":"24-12-2019 19:25:10"},
{"event":"Study Instance UID is found","user":"Surajit","timestamp":"24-12-2019 19:25:10"},
{"event":"Series Instance UID is found","user":"Surajit","timestamp":"24-12-2019 19:25:10"},
{"event":"New SOP Instance UID is created : 20130311122412201900000.0.0.38","user":"Surajit","timestamp":"24-12-2019 19:25:10"},
{"event":"New SOP Instance UID inserted : 20130311122412201900000.0.0.38","user":"Surajit","timestamp":"24-12-2019 19:25:10"},
{"event":"Patient ID is found","user":"Surajit","timestamp":"24-12-2019 19:25:10"},
{"event":"Study Instance UID is found","user":"Surajit","timestamp":"24-12-2019 19:25:10"},
{"event":"Series Instance UID is found","user":"Surajit","timestamp":"24-12-2019 19:25:10"},
{"event":"New SOP Instance UID is created : 20130311122412201900000.0.0.39","user":"Surajit","timestamp":"24-12-2019 19:25:10"},
{"event":"New SOP Instance UID inserted : 20130311122412201900000.0.0.39","user":"Surajit","timestamp":"24-12-2019 19:25:10"},
{"event":"Patient ID is found","user":"Surajit","timestamp":"24-12-2019 19:25:10"},
{"event":"Study Instance UID is found","user":"Surajit","timestamp":"24-12-2019 19:25:10"},
{"event":"Series Instance UID is found","user":"Surajit","timestamp":"24-12-2019 19:25:10"},
{"event":"New SOP Instance UID is created : 20130311122412201900000.0.0.40","user":"Surajit","timestamp":"24-12-2019 19:25:10"},
{"event":"New SOP Instance UID inserted : 20130311122412201900000.0.0.40","user":"Surajit","timestamp":"24-12-2019 19:25:10"},
{"event":"Patient ID is found","user":"Surajit","timestamp":"24-12-2019 19:25:10"},
{"event":"Study Instance UID is found","user":"Surajit","timestamp":"24-12-2019 19:25:10"},
{"event":"Series Instance UID is found","user":"Surajit","timestamp":"24-12-2019 19:25:10"},
{"event":"New SOP Instance UID is created : 20130311122412201900000.0.0.41","user":"Surajit","timestamp":"24-12-2019 19:25:10"},
{"event":"New SOP Instance UID inserted : 20130311122412201900000.0.0.41","user":"Surajit","timestamp":"24-12-2019 19:25:10"},
{"event":"Patient ID is found","user":"Surajit","timestamp":"24-12-2019 19:25:10"},
{"event":"Study Instance UID is found","user":"Surajit","timestamp":"24-12-2019 19:25:10"},
{"event":"Series Instance UID is found","user":"Surajit","timestamp":"24-12-2019 19:25:10"},
{"event":"New SOP Instance UID is created : 20130311122412201900000.0.0.42","user":"Surajit","timestamp":"24-12-2019 19:25:10"},
{"event":"New SOP Instance UID inserted : 20130311122412201900000.0.0.42","user":"Surajit","timestamp":"24-12-2019 19:25:10"},
{"event":"Patient ID is found","user":"Surajit","timestamp":"24-12-2019 19:25:10"},
{"event":"Study Instance UID is found","user":"Surajit","timestamp":"24-12-2019 19:25:10"},
{"event":"Series Instance UID is found","user":"Surajit","timestamp":"24-12-2019 19:25:10"},
{"event":"New SOP Instance UID is created : 20130311122412201900000.0.0.43","user":"Surajit","timestamp":"24-12-2019 19:25:10"},
{"event":"New SOP Instance UID inserted : 20130311122412201900000.0.0.43","user":"Surajit","timestamp":"24-12-2019 19:25:10"},
{"event":"Patient ID is found","user":"Surajit","timestamp":"24-12-2019 19:25:11"},
{"event":"Study Instance UID is found","user":"Surajit","timestamp":"24-12-2019 19:25:11"},
{"event":"Series Instance UID is found","user":"Surajit","timestamp":"24-12-2019 19:25:11"},
{"event":"New SOP Instance UID is created : 20130311122412201900000.0.0.44","user":"Surajit","timestamp":"24-12-2019 19:25:11"},
{"event":"New SOP Instance UID inserted : 20130311122412201900000.0.0.44","user":"Surajit","timestamp":"24-12-2019 19:25:11"},
{"event":"Patient ID is found","user":"Surajit","timestamp":"24-12-2019 19:25:11"},
{"event":"Study Instance UID is found","user":"Surajit","timestamp":"24-12-2019 19:25:11"},
{"event":"Series Instance UID is found","user":"Surajit","timestamp":"24-12-2019 19:25:11"},
{"event":"New SOP Instance UID is created : 20130311122412201900000.0.0.45","user":"Surajit","timestamp":"24-12-2019 19:25:11"},
{"event":"New SOP Instance UID inserted : 20130311122412201900000.0.0.45","user":"Surajit","timestamp":"24-12-2019 19:25:11"},
{"event":"Patient ID is found","user":"Surajit","timestamp":"24-12-2019 19:25:11"},
{"event":"Study Instance UID is found","user":"Surajit","timestamp":"24-12-2019 19:25:11"},
{"event":"Series Instance UID is found","user":"Surajit","timestamp":"24-12-2019 19:25:11"},
{"event":"New SOP Instance UID is created : 20130311122412201900000.0.0.46","user":"Surajit","timestamp":"24-12-2019 19:25:11"},
{"event":"New SOP Instance UID inserted : 20130311122412201900000.0.0.46","user":"Surajit","timestamp":"24-12-2019 19:25:11"},
{"event":"Patient ID is found","user":"Surajit","timestamp":"24-12-2019 19:25:11"},
{"event":"Study Instance UID is found","user":"Surajit","timestamp":"24-12-2019 19:25:11"},
{"event":"Series Instance UID is found","user":"Surajit","timestamp":"24-12-2019 19:25:11"},
{"event":"New SOP Instance UID is created : 20130311122412201900000.0.0.47","user":"Surajit","timestamp":"24-12-2019 19:25:11"},
{"event":"New SOP Instance UID inserted : 20130311122412201900000.0.0.47","user":"Surajit","timestamp":"24-12-2019 19:25:11"},
{"event":"Patient ID is found","user":"Surajit","timestamp":"24-12-2019 19:25:11"},
{"event":"Study Instance UID is found","user":"Surajit","timestamp":"24-12-2019 19:25:11"},
{"event":"Series Instance UID is found","user":"Surajit","timestamp":"24-12-2019 19:25:11"},
{"event":"New SOP Instance UID is created : 20130311122412201900000.0.0.48","user":"Surajit","timestamp":"24-12-2019 19:25:11"},
{"event":"New SOP Instance UID inserted : 20130311122412201900000.0.0.48","user":"Surajit","timestamp":"24-12-2019 19:25:11"},
{"event":"Patient ID is found","user":"Surajit","timestamp":"24-12-2019 19:25:11"},
{"event":"Study Instance UID is found","user":"Surajit","timestamp":"24-12-2019 19:25:11"},
{"event":"Series Instance UID is found","user":"Surajit","timestamp":"24-12-2019 19:25:11"},
{"event":"New SOP Instance UID is created : 20130311122412201900000.0.0.49","user":"Surajit","timestamp":"24-12-2019 19:25:11"},
{"event":"New SOP Instance UID inserted : 20130311122412201900000.0.0.49","user":"Surajit","timestamp":"24-12-2019 19:25:11"},
{"event":"Patient ID is found","user":"Surajit","timestamp":"24-12-2019 19:25:11"},
{"event":"Study Instance UID is found","user":"Surajit","timestamp":"24-12-2019 19:25:11"},
{"event":"Series Instance UID is found","user":"Surajit","timestamp":"24-12-2019 19:25:11"},
{"event":"New SOP Instance UID is created : 20130311122412201900000.0.0.50","user":"Surajit","timestamp":"24-12-2019 19:25:11"},
{"event":"New SOP Instance UID inserted : 20130311122412201900000.0.0.50","user":"Surajit","timestamp":"24-12-2019 19:25:11"},
{"event":"Patient ID is found","user":"Surajit","timestamp":"24-12-2019 19:25:11"},
{"event":"Study Instance UID is found","user":"Surajit","timestamp":"24-12-2019 19:25:11"},
{"event":"Series Instance UID is found","user":"Surajit","timestamp":"24-12-2019 19:25:11"},
{"event":"New SOP Instance UID is created : 20130311122412201900000.0.0.51","user":"Surajit","timestamp":"24-12-2019 19:25:11"},
{"event":"New SOP Instance UID inserted : 20130311122412201900000.0.0.51","user":"Surajit","timestamp":"24-12-2019 19:25:11"},
{"event":"Patient ID is found","user":"Surajit","timestamp":"24-12-2019 19:25:11"},
{"event":"Study Instance UID is found","user":"Surajit","timestamp":"24-12-2019 19:25:11"},
{"event":"Series Instance UID is found","user":"Surajit","timestamp":"24-12-2019 19:25:11"},
{"event":"New SOP Instance UID is created : 20130311122412201900000.0.0.52","user":"Surajit","timestamp":"24-12-2019 19:25:11"},
{"event":"New SOP Instance UID inserted : 20130311122412201900000.0.0.52","user":"Surajit","timestamp":"24-12-2019 19:25:11"},
{"event":"Patient ID is found","user":"Surajit","timestamp":"24-12-2019 19:25:12"},
{"event":"Study Instance UID is found","user":"Surajit","timestamp":"24-12-2019 19:25:12"},
{"event":"Series Instance UID is found","user":"Surajit","timestamp":"24-12-2019 19:25:12"},
{"event":"New SOP Instance UID is created : 20130311122412201900000.0.0.53","user":"Surajit","timestamp":"24-12-2019 19:25:12"},
{"event":"New SOP Instance UID inserted : 20130311122412201900000.0.0.53","user":"Surajit","timestamp":"24-12-2019 19:25:12"},
{"event":"Patient ID is found","user":"Surajit","timestamp":"24-12-2019 19:25:12"},
{"event":"Study Instance UID is found","user":"Surajit","timestamp":"24-12-2019 19:25:12"},
{"event":"Series Instance UID is found","user":"Surajit","timestamp":"24-12-2019 19:25:12"},
{"event":"New SOP Instance UID is created : 20130311122412201900000.0.0.54","user":"Surajit","timestamp":"24-12-2019 19:25:12"},
{"event":"New SOP Instance UID inserted : 20130311122412201900000.0.0.54","user":"Surajit","timestamp":"24-12-2019 19:25:12"},
{"event":"Patient ID is found","user":"Surajit","timestamp":"24-12-2019 19:25:12"},
{"event":"Study Instance UID is found","user":"Surajit","timestamp":"24-12-2019 19:25:12"},
{"event":"Series Instance UID is found","user":"Surajit","timestamp":"24-12-2019 19:25:12"},
{"event":"New SOP Instance UID is created : 20130311122412201900000.0.0.55","user":"Surajit","timestamp":"24-12-2019 19:25:12"},
{"event":"New SOP Instance UID inserted : 20130311122412201900000.0.0.55","user":"Surajit","timestamp":"24-12-2019 19:25:12"},
{"event":"Patient ID is found","user":"Surajit","timestamp":"24-12-2019 19:25:12"},
{"event":"Study Instance UID is found","user":"Surajit","timestamp":"24-12-2019 19:25:12"},
{"event":"Series Instance UID is found","user":"Surajit","timestamp":"24-12-2019 19:25:12"},
{"event":"New SOP Instance UID is created : 20130311122412201900000.0.0.56","user":"Surajit","timestamp":"24-12-2019 19:25:12"},
{"event":"New SOP Instance UID inserted : 20130311122412201900000.0.0.56","user":"Surajit","timestamp":"24-12-2019 19:25:12"},
{"event":"Patient ID is found","user":"Surajit","timestamp":"24-12-2019 19:25:12"},
{"event":"Study Instance UID is found","user":"Surajit","timestamp":"24-12-2019 19:25:12"},
{"event":"Series Instance UID is found","user":"Surajit","timestamp":"24-12-2019 19:25:12"},
{"event":"New SOP Instance UID is created : 20130311122412201900000.0.0.57","user":"Surajit","timestamp":"24-12-2019 19:25:12"},
{"event":"New SOP Instance UID inserted : 20130311122412201900000.0.0.57","user":"Surajit","timestamp":"24-12-2019 19:25:12"},
{"event":"Patient ID is found","user":"Surajit","timestamp":"24-12-2019 19:25:12"},
{"event":"Study Instance UID is found","user":"Surajit","timestamp":"24-12-2019 19:25:12"},
{"event":"Series Instance UID is found","user":"Surajit","timestamp":"24-12-2019 19:25:12"},
{"event":"New SOP Instance UID is created : 20130311122412201900000.0.0.58","user":"Surajit","timestamp":"24-12-2019 19:25:12"},
{"event":"New SOP Instance UID inserted : 20130311122412201900000.0.0.58","user":"Surajit","timestamp":"24-12-2019 19:25:12"},
{"event":"Patient ID is found","user":"Surajit","timestamp":"24-12-2019 19:25:12"},
{"event":"Study Instance UID is found","user":"Surajit","timestamp":"24-12-2019 19:25:12"},
{"event":"Series Instance UID is found","user":"Surajit","timestamp":"24-12-2019 19:25:12"},
{"event":"New SOP Instance UID is created : 20130311122412201900000.0.0.59","user":"Surajit","timestamp":"24-12-2019 19:25:12"},
{"event":"New SOP Instance UID inserted : 20130311122412201900000.0.0.59","user":"Surajit","timestamp":"24-12-2019 19:25:12"},
{"event":"Patient ID is found","user":"Surajit","timestamp":"24-12-2019 19:25:12"},
{"event":"Study Instance UID is found","user":"Surajit","timestamp":"24-12-2019 19:25:12"},
{"event":"Series Instance UID is found","user":"Surajit","timestamp":"24-12-2019 19:25:12"},
{"event":"New SOP Instance UID is created : 20130311122412201900000.0.0.60","user":"Surajit","timestamp":"24-12-2019 19:25:12"},
{"event":"New SOP Instance UID inserted : 20130311122412201900000.0.0.60","user":"Surajit","timestamp":"24-12-2019 19:25:12"},
{"event":"Patient ID is found","user":"Surajit","timestamp":"24-12-2019 19:25:13"},
{"event":"Study Instance UID is found","user":"Surajit","timestamp":"24-12-2019 19:25:13"},
{"event":"Series Instance UID is found","user":"Surajit","timestamp":"24-12-2019 19:25:13"},
{"event":"New SOP Instance UID is created : 20130311122412201900000.0.0.61","user":"Surajit","timestamp":"24-12-2019 19:25:13"},
{"event":"New SOP Instance UID inserted : 20130311122412201900000.0.0.61","user":"Surajit","timestamp":"24-12-2019 19:25:13"},
{"event":"Patient ID is found","user":"Surajit","timestamp":"24-12-2019 19:25:13"},
{"event":"Study Instance UID is found","user":"Surajit","timestamp":"24-12-2019 19:25:13"},
{"event":"Series Instance UID is found","user":"Surajit","timestamp":"24-12-2019 19:25:13"},
{"event":"New SOP Instance UID is created : 20130311122412201900000.0.0.62","user":"Surajit","timestamp":"24-12-2019 19:25:13"},
{"event":"New SOP Instance UID inserted : 20130311122412201900000.0.0.62","user":"Surajit","timestamp":"24-12-2019 19:25:13"},
{"event":"Patient ID is found","user":"Surajit","timestamp":"24-12-2019 19:25:13"},
{"event":"Study Instance UID is found","user":"Surajit","timestamp":"24-12-2019 19:25:13"},
{"event":"Series Instance UID is found","user":"Surajit","timestamp":"24-12-2019 19:25:13"},
{"event":"New SOP Instance UID is created : 20130311122412201900000.0.0.63","user":"Surajit","timestamp":"24-12-2019 19:25:13"},
{"event":"New SOP Instance UID inserted : 20130311122412201900000.0.0.63","user":"Surajit","timestamp":"24-12-2019 19:25:13"},
{"event":"Patient ID is found","user":"Surajit","timestamp":"24-12-2019 19:25:13"},
{"event":"Study Instance UID is found","user":"Surajit","timestamp":"24-12-2019 19:25:13"},
{"event":"Series Instance UID is found","user":"Surajit","timestamp":"24-12-2019 19:25:13"},
{"event":"New SOP Instance UID is created : 20130311122412201900000.0.0.64","user":"Surajit","timestamp":"24-12-2019 19:25:13"},
{"event":"New SOP Instance UID inserted : 20130311122412201900000.0.0.64","user":"Surajit","timestamp":"24-12-2019 19:25:13"},
{"event":"Patient ID is found","user":"Surajit","timestamp":"24-12-2019 19:25:13"},
{"event":"Study Instance UID is found","user":"Surajit","timestamp":"24-12-2019 19:25:13"},
{"event":"Series Instance UID is found","user":"Surajit","timestamp":"24-12-2019 19:25:13"},
{"event":"New SOP Instance UID is created : 20130311122412201900000.0.0.65","user":"Surajit","timestamp":"24-12-2019 19:25:13"},
{"event":"New SOP Instance UID inserted : 20130311122412201900000.0.0.65","user":"Surajit","timestamp":"24-12-2019 19:25:13"},
{"event":"Patient ID is found","user":"Surajit","timestamp":"24-12-2019 19:25:13"},
{"event":"Study Instance UID is found","user":"Surajit","timestamp":"24-12-2019 19:25:13"},
{"event":"Series Instance UID is found","user":"Surajit","timestamp":"24-12-2019 19:25:13"},
{"event":"New SOP Instance UID is created : 20130311122412201900000.0.0.66","user":"Surajit","timestamp":"24-12-2019 19:25:13"},
{"event":"New SOP Instance UID inserted : 20130311122412201900000.0.0.66","user":"Surajit","timestamp":"24-12-2019 19:25:13"},
{"event":"Patient ID is found","user":"Surajit","timestamp":"24-12-2019 19:25:14"},
{"event":"Study Instance UID is found","user":"Surajit","timestamp":"24-12-2019 19:25:14"},
{"event":"Series Instance UID is found","user":"Surajit","timestamp":"24-12-2019 19:25:14"},
{"event":"New SOP Instance UID is created : 20130311122412201900000.0.0.67","user":"Surajit","timestamp":"24-12-2019 19:25:14"},
{"event":"New SOP Instance UID inserted : 20130311122412201900000.0.0.67","user":"Surajit","timestamp":"24-12-2019 19:25:14"},
{"event":"Patient ID is found","user":"Surajit","timestamp":"24-12-2019 19:25:14"},
{"event":"Study Instance UID is found","user":"Surajit","timestamp":"24-12-2019 19:25:14"},
{"event":"Series Instance UID is found","user":"Surajit","timestamp":"24-12-2019 19:25:14"},
{"event":"New SOP Instance UID is created : 20130311122412201900000.0.0.68","user":"Surajit","timestamp":"24-12-2019 19:25:14"},
{"event":"New SOP Instance UID inserted : 20130311122412201900000.0.0.68","user":"Surajit","timestamp":"24-12-2019 19:25:14"},
{"event":"Patient ID is found","user":"Surajit","timestamp":"24-12-2019 19:25:14"},
{"event":"Study Instance UID is found","user":"Surajit","timestamp":"24-12-2019 19:25:14"},
{"event":"Series Instance UID is found","user":"Surajit","timestamp":"24-12-2019 19:25:14"},
{"event":"New SOP Instance UID is created : 20130311122412201900000.0.0.69","user":"Surajit","timestamp":"24-12-2019 19:25:14"},
{"event":"New SOP Instance UID inserted : 20130311122412201900000.0.0.69","user":"Surajit","timestamp":"24-12-2019 19:25:14"},
{"event":"Patient ID is found","user":"Surajit","timestamp":"24-12-2019 19:25:14"},
{"event":"Study Instance UID is found","user":"Surajit","timestamp":"24-12-2019 19:25:14"},
{"event":"Series Instance UID is found","user":"Surajit","timestamp":"24-12-2019 19:25:14"},
{"event":"New SOP Instance UID is created : 20130311122412201900000.0.0.70","user":"Surajit","timestamp":"24-12-2019 19:25:14"},
{"event":"New SOP Instance UID inserted : 20130311122412201900000.0.0.70","user":"Surajit","timestamp":"24-12-2019 19:25:14"},
{"event":"Patient ID is found","user":"Surajit","timestamp":"24-12-2019 19:25:14"},
{"event":"Study Instance UID is found","user":"Surajit","timestamp":"24-12-2019 19:25:14"},
{"event":"Series Instance UID is found","user":"Surajit","timestamp":"24-12-2019 19:25:14"},
{"event":"New SOP Instance UID is created : 20130311122412201900000.0.0.71","user":"Surajit","timestamp":"24-12-2019 19:25:14"},
{"event":"New SOP Instance UID inserted : 20130311122412201900000.0.0.71","user":"Surajit","timestamp":"24-12-2019 19:25:14"},
{"event":"Patient ID is found","user":"Surajit","timestamp":"24-12-2019 19:25:15"},
{"event":"Study Instance UID is found","user":"Surajit","timestamp":"24-12-2019 19:25:15"},
{"event":"Series Instance UID is found","user":"Surajit","timestamp":"24-12-2019 19:25:15"},
{"event":"New SOP Instance UID is created : 20130311122412201900000.0.0.72","user":"Surajit","timestamp":"24-12-2019 19:25:15"},
{"event":"New SOP Instance UID inserted : 20130311122412201900000.0.0.72","user":"Surajit","timestamp":"24-12-2019 19:25:15"},
{"event":"Patient ID is found","user":"Surajit","timestamp":"24-12-2019 19:25:15"},
{"event":"Study Instance UID is found","user":"Surajit","timestamp":"24-12-2019 19:25:15"},
{"event":"Series Instance UID is found","user":"Surajit","timestamp":"24-12-2019 19:25:15"},
{"event":"New SOP Instance UID is created : 20130311122412201900000.0.0.73","user":"Surajit","timestamp":"24-12-2019 19:25:15"},
{"event":"New SOP Instance UID inserted : 20130311122412201900000.0.0.73","user":"Surajit","timestamp":"24-12-2019 19:25:15"},
{"event":"Patient ID is found","user":"Surajit","timestamp":"24-12-2019 19:25:15"},
{"event":"Study Instance UID is found","user":"Surajit","timestamp":"24-12-2019 19:25:15"},
{"event":"Series Instance UID is found","user":"Surajit","timestamp":"24-12-2019 19:25:15"},
{"event":"New SOP Instance UID is created : 20130311122412201900000.0.0.74","user":"Surajit","timestamp":"24-12-2019 19:25:15"},
{"event":"New SOP Instance UID inserted : 20130311122412201900000.0.0.74","user":"Surajit","timestamp":"24-12-2019 19:25:15"},
{"event":"Patient ID is found","user":"Surajit","timestamp":"24-12-2019 19:25:15"},
{"event":"Study Instance UID is found","user":"Surajit","timestamp":"24-12-2019 19:25:15"},
{"event":"Series Instance UID is found","user":"Surajit","timestamp":"24-12-2019 19:25:15"},
{"event":"New SOP Instance UID is created : 20130311122412201900000.0.0.75","user":"Surajit","timestamp":"24-12-2019 19:25:15"},
{"event":"New SOP Instance UID inserted : 20130311122412201900000.0.0.75","user":"Surajit","timestamp":"24-12-2019 19:25:15"},
{"event":"Patient ID is found","user":"Surajit","timestamp":"24-12-2019 19:25:15"},
{"event":"Study Instance UID is found","user":"Surajit","timestamp":"24-12-2019 19:25:15"},
{"event":"Series Instance UID is found","user":"Surajit","timestamp":"24-12-2019 19:25:15"},
{"event":"New SOP Instance UID is created : 20130311122412201900000.0.0.76","user":"Surajit","timestamp":"24-12-2019 19:25:15"},
{"event":"New SOP Instance UID inserted : 20130311122412201900000.0.0.76","user":"Surajit","timestamp":"24-12-2019 19:25:15"},
{"event":"Patient ID is found","user":"Surajit","timestamp":"24-12-2019 19:25:15"},
{"event":"Study Instance UID is found","user":"Surajit","timestamp":"24-12-2019 19:25:15"},
{"event":"Series Instance UID is found","user":"Surajit","timestamp":"24-12-2019 19:25:15"},
{"event":"New SOP Instance UID is created : 20130311122412201900000.0.0.77","user":"Surajit","timestamp":"24-12-2019 19:25:15"},
{"event":"New SOP Instance UID inserted : 20130311122412201900000.0.0.77","user":"Surajit","timestamp":"24-12-2019 19:25:15"},
{"event":"Patient ID is found","user":"Surajit","timestamp":"24-12-2019 19:25:15"},
{"event":"Study Instance UID is found","user":"Surajit","timestamp":"24-12-2019 19:25:15"},
{"event":"Series Instance UID is found","user":"Surajit","timestamp":"24-12-2019 19:25:15"},
{"event":"New SOP Instance UID is created : 20130311122412201900000.0.0.78","user":"Surajit","timestamp":"24-12-2019 19:25:15"},
{"event":"New SOP Instance UID inserted : 20130311122412201900000.0.0.78","user":"Surajit","timestamp":"24-12-2019 19:25:15"},
{"event":"Patient ID is found","user":"Surajit","timestamp":"24-12-2019 19:25:15"},
{"event":"Study Instance UID is found","user":"Surajit","timestamp":"24-12-2019 19:25:15"},
{"event":"Series Instance UID is found","user":"Surajit","timestamp":"24-12-2019 19:25:15"},
{"event":"New SOP Instance UID is created : 20130311122412201900000.0.0.79","user":"Surajit","timestamp":"24-12-2019 19:25:15"},
{"event":"New SOP Instance UID inserted : 20130311122412201900000.0.0.79","user":"Surajit","timestamp":"24-12-2019 19:25:15"},
{"event":"Patient ID is found","user":"Surajit","timestamp":"24-12-2019 19:25:16"},
{"event":"Study Instance UID is found","user":"Surajit","timestamp":"24-12-2019 19:25:16"},
{"event":"Series Instance UID is found","user":"Surajit","timestamp":"24-12-2019 19:25:16"},
{"event":"New SOP Instance UID is created : 20130311122412201900000.0.0.80","user":"Surajit","timestamp":"24-12-2019 19:25:16"},
{"event":"New SOP Instance UID inserted : 20130311122412201900000.0.0.80","user":"Surajit","timestamp":"24-12-2019 19:25:16"},
{"event":"Patient ID is found","user":"Surajit","timestamp":"24-12-2019 19:25:16"},
{"event":"Study Instance UID is found","user":"Surajit","timestamp":"24-12-2019 19:25:16"},
{"event":"Series Instance UID is found","user":"Surajit","timestamp":"24-12-2019 19:25:16"},
{"event":"New SOP Instance UID is created : 20130311122412201900000.0.0.81","user":"Surajit","timestamp":"24-12-2019 19:25:16"},
{"event":"New SOP Instance UID inserted : 20130311122412201900000.0.0.81","user":"Surajit","timestamp":"24-12-2019 19:25:16"},
{"event":"Patient ID is found","user":"Surajit","timestamp":"24-12-2019 19:25:16"},
{"event":"Study Instance UID is found","user":"Surajit","timestamp":"24-12-2019 19:25:16"},
{"event":"Series Instance UID is found","user":"Surajit","timestamp":"24-12-2019 19:25:16"},
{"event":"New SOP Instance UID is created : 20130311122412201900000.0.0.82","user":"Surajit","timestamp":"24-12-2019 19:25:16"},
{"event":"New SOP Instance UID inserted : 20130311122412201900000.0.0.82","user":"Surajit","timestamp":"24-12-2019 19:25:16"},
{"event":"Patient ID is found","user":"Surajit","timestamp":"24-12-2019 19:25:16"},
{"event":"Study Instance UID is found","user":"Surajit","timestamp":"24-12-2019 19:25:16"},
{"event":"Series Instance UID is found","user":"Surajit","timestamp":"24-12-2019 19:25:16"},
{"event":"New SOP Instance UID is created : 20130311122412201900000.0.0.83","user":"Surajit","timestamp":"24-12-2019 19:25:16"},
{"event":"New SOP Instance UID inserted : 20130311122412201900000.0.0.83","user":"Surajit","timestamp":"24-12-2019 19:25:16"},
{"event":"Patient ID is found","user":"Surajit","timestamp":"24-12-2019 19:25:16"},
{"event":"Study Instance UID is found","user":"Surajit","timestamp":"24-12-2019 19:25:16"},
{"event":"Series Instance UID is found","user":"Surajit","timestamp":"24-12-2019 19:25:16"},
{"event":"New SOP Instance UID is created : 20130311122412201900000.0.0.84","user":"Surajit","timestamp":"24-12-2019 19:25:16"},
{"event":"New SOP Instance UID inserted : 20130311122412201900000.0.0.84","user":"Surajit","timestamp":"24-12-2019 19:25:16"},
{"event":"Patient ID is found","user":"Surajit","timestamp":"24-12-2019 19:25:16"},
{"event":"Study Instance UID is found","user":"Surajit","timestamp":"24-12-2019 19:25:16"},
{"event":"Series Instance UID is found","user":"Surajit","timestamp":"24-12-2019 19:25:16"},
{"event":"New SOP Instance UID is created : 20130311122412201900000.0.0.85","user":"Surajit","timestamp":"24-12-2019 19:25:16"},
{"event":"New SOP Instance UID inserted : 20130311122412201900000.0.0.85","user":"Surajit","timestamp":"24-12-2019 19:25:16"},
{"event":"Patient ID is found","user":"Surajit","timestamp":"24-12-2019 19:25:16"},
{"event":"Study Instance UID is found","user":"Surajit","timestamp":"24-12-2019 19:25:16"},
{"event":"Series Instance UID is found","user":"Surajit","timestamp":"24-12-2019 19:25:16"},
{"event":"New SOP Instance UID is created : 20130311122412201900000.0.0.86","user":"Surajit","timestamp":"24-12-2019 19:25:16"},
{"event":"New SOP Instance UID inserted : 20130311122412201900000.0.0.86","user":"Surajit","timestamp":"24-12-2019 19:25:16"},
{"event":"Patient ID is found","user":"Surajit","timestamp":"24-12-2019 19:25:16"},
{"event":"Study Instance UID is found","user":"Surajit","timestamp":"24-12-2019 19:25:16"},
{"event":"Series Instance UID is found","user":"Surajit","timestamp":"24-12-2019 19:25:16"},
{"event":"New SOP Instance UID is created : 20130311122412201900000.0.0.87","user":"Surajit","timestamp":"24-12-2019 19:25:16"},
{"event":"New SOP Instance UID inserted : 20130311122412201900000.0.0.87","user":"Surajit","timestamp":"24-12-2019 19:25:16"},
{"event":"Patient ID is found","user":"Surajit","timestamp":"24-12-2019 19:25:17"},
{"event":"Study Instance UID is found","user":"Surajit","timestamp":"24-12-2019 19:25:17"},
{"event":"Series Instance UID is found","user":"Surajit","timestamp":"24-12-2019 19:25:17"},
{"event":"New SOP Instance UID is created : 20130311122412201900000.0.0.88","user":"Surajit","timestamp":"24-12-2019 19:25:17"},
{"event":"New SOP Instance UID inserted : 20130311122412201900000.0.0.88","user":"Surajit","timestamp":"24-12-2019 19:25:17"},
{"event":"Patient ID is found","user":"Surajit","timestamp":"24-12-2019 19:25:17"},
{"event":"Study Instance UID is found","user":"Surajit","timestamp":"24-12-2019 19:25:17"},
{"event":"Series Instance UID is found","user":"Surajit","timestamp":"24-12-2019 19:25:17"},
{"event":"New SOP Instance UID is created : 20130311122412201900000.0.0.89","user":"Surajit","timestamp":"24-12-2019 19:25:17"},
{"event":"New SOP Instance UID inserted : 20130311122412201900000.0.0.89","user":"Surajit","timestamp":"24-12-2019 19:25:17"},
{"event":"Patient ID is found","user":"Surajit","timestamp":"24-12-2019 19:25:17"},
{"event":"Study Instance UID is found","user":"Surajit","timestamp":"24-12-2019 19:25:17"},
{"event":"Series Instance UID is found","user":"Surajit","timestamp":"24-12-2019 19:25:17"},
{"event":"New SOP Instance UID is created : 20130311122412201900000.0.0.90","user":"Surajit","timestamp":"24-12-2019 19:25:17"},
{"event":"New SOP Instance UID inserted : 20130311122412201900000.0.0.90","user":"Surajit","timestamp":"24-12-2019 19:25:17"},
{"event":"Patient ID is found","user":"Surajit","timestamp":"24-12-2019 19:25:17"},
{"event":"Study Instance UID is found","user":"Surajit","timestamp":"24-12-2019 19:25:17"},
{"event":"Series Instance UID is found","user":"Surajit","timestamp":"24-12-2019 19:25:17"},
{"event":"New SOP Instance UID is created : 20130311122412201900000.0.0.91","user":"Surajit","timestamp":"24-12-2019 19:25:17"},
{"event":"New SOP Instance UID inserted : 20130311122412201900000.0.0.91","user":"Surajit","timestamp":"24-12-2019 19:25:17"},
{"event":"Patient ID is found","user":"Surajit","timestamp":"24-12-2019 19:25:17"},
{"event":"Study Instance UID is found","user":"Surajit","timestamp":"24-12-2019 19:25:17"},
{"event":"Series Instance UID is found","user":"Surajit","timestamp":"24-12-2019 19:25:17"},
{"event":"New SOP Instance UID is created : 20130311122412201900000.0.0.92","user":"Surajit","timestamp":"24-12-2019 19:25:17"},
{"event":"New SOP Instance UID inserted : 20130311122412201900000.0.0.92","user":"Surajit","timestamp":"24-12-2019 19:25:17"},
{"event":"Patient ID is found","user":"Surajit","timestamp":"24-12-2019 19:25:17"},
{"event":"Study Instance UID is found","user":"Surajit","timestamp":"24-12-2019 19:25:17"},
{"event":"Series Instance UID is found","user":"Surajit","timestamp":"24-12-2019 19:25:17"},
{"event":"New SOP Instance UID is created : 20130311122412201900000.0.0.93","user":"Surajit","timestamp":"24-12-2019 19:25:17"},
{"event":"New SOP Instance UID inserted : 20130311122412201900000.0.0.93","user":"Surajit","timestamp":"24-12-2019 19:25:17"},
{"event":"Patient ID is found","user":"Surajit","timestamp":"24-12-2019 19:25:18"},
{"event":"Study Instance UID is found","user":"Surajit","timestamp":"24-12-2019 19:25:18"},
{"event":"Series Instance UID is found","user":"Surajit","timestamp":"24-12-2019 19:25:18"},
{"event":"New SOP Instance UID is created : 20130311122412201900000.0.0.94","user":"Surajit","timestamp":"24-12-2019 19:25:18"},
{"event":"New SOP Instance UID inserted : 20130311122412201900000.0.0.94","user":"Surajit","timestamp":"24-12-2019 19:25:18"},
{"event":"Patient ID is found","user":"Surajit","timestamp":"24-12-2019 19:25:18"},
{"event":"Study Instance UID is found","user":"Surajit","timestamp":"24-12-2019 19:25:18"},
{"event":"Series Instance UID is found","user":"Surajit","timestamp":"24-12-2019 19:25:18"},
{"event":"New SOP Instance UID is created : 20130311122412201900000.0.0.95","user":"Surajit","timestamp":"24-12-2019 19:25:18"},
{"event":"New SOP Instance UID inserted : 20130311122412201900000.0.0.95","user":"Surajit","timestamp":"24-12-2019 19:25:18"},
{"event":"Patient ID is found","user":"Surajit","timestamp":"24-12-2019 19:25:18"},
{"event":"Study Instance UID is found","user":"Surajit","timestamp":"24-12-2019 19:25:18"},
{"event":"Series Instance UID is found","user":"Surajit","timestamp":"24-12-2019 19:25:18"},
{"event":"New SOP Instance UID is created : 20130311122412201900000.0.0.96","user":"Surajit","timestamp":"24-12-2019 19:25:18"},
{"event":"New SOP Instance UID inserted : 20130311122412201900000.0.0.96","user":"Surajit","timestamp":"24-12-2019 19:25:18"},
{"event":"Patient ID is found","user":"Surajit","timestamp":"24-12-2019 19:25:18"},
{"event":"Study Instance UID is found","user":"Surajit","timestamp":"24-12-2019 19:25:18"},
{"event":"Series Instance UID is found","user":"Surajit","timestamp":"24-12-2019 19:25:18"},
{"event":"New SOP Instance UID is created : 20130311122412201900000.0.0.97","user":"Surajit","timestamp":"24-12-2019 19:25:18"},
{"event":"New SOP Instance UID inserted : 20130311122412201900000.0.0.97","user":"Surajit","timestamp":"24-12-2019 19:25:18"},
{"event":"Patient ID is found","user":"Surajit","timestamp":"24-12-2019 19:25:18"},
{"event":"Study Instance UID is found","user":"Surajit","timestamp":"24-12-2019 19:25:18"},
{"event":"Series Instance UID is found","user":"Surajit","timestamp":"24-12-2019 19:25:18"},
{"event":"New SOP Instance UID is created : 20130311122412201900000.0.0.98","user":"Surajit","timestamp":"24-12-2019 19:25:18"},
{"event":"New SOP Instance UID inserted : 20130311122412201900000.0.0.98","user":"Surajit","timestamp":"24-12-2019 19:25:18"},
{"event":"Patient ID is found","user":"Surajit","timestamp":"24-12-2019 19:25:18"},
{"event":"Study Instance UID is found","user":"Surajit","timestamp":"24-12-2019 19:25:18"},
{"event":"Series Instance UID is found","user":"Surajit","timestamp":"24-12-2019 19:25:18"},
{"event":"New SOP Instance UID is created : 20130311122412201900000.0.0.99","user":"Surajit","timestamp":"24-12-2019 19:25:18"},
{"event":"New SOP Instance UID inserted : 20130311122412201900000.0.0.99","user":"Surajit","timestamp":"24-12-2019 19:25:18"},
{"event":"Patient ID is found","user":"Surajit","timestamp":"24-12-2019 19:25:18"},
{"event":"Study Instance UID is found","user":"Surajit","timestamp":"24-12-2019 19:25:18"},
{"event":"Series Instance UID is found","user":"Surajit","timestamp":"24-12-2019 19:25:18"},
{"event":"New SOP Instance UID is created : 20130311122412201900000.0.0.100","user":"Surajit","timestamp":"24-12-2019 19:25:18"},
{"event":"New SOP Instance UID inserted : 20130311122412201900000.0.0.100","user":"Surajit","timestamp":"24-12-2019 19:25:18"},
{"event":"Patient ID is found","user":"Surajit","timestamp":"24-12-2019 19:25:18"},
{"event":"Study Instance UID is found","user":"Surajit","timestamp":"24-12-2019 19:25:18"},
{"event":"Series Instance UID is found","user":"Surajit","timestamp":"24-12-2019 19:25:18"},
{"event":"New SOP Instance UID is created : 20130311122412201900000.0.0.101","user":"Surajit","timestamp":"24-12-2019 19:25:18"},
{"event":"New SOP Instance UID inserted : 20130311122412201900000.0.0.101","user":"Surajit","timestamp":"24-12-2019 19:25:18"},
{"event":"Patient ID is found","user":"Surajit","timestamp":"24-12-2019 19:25:19"},
{"event":"Study Instance UID is found","user":"Surajit","timestamp":"24-12-2019 19:25:19"},
{"event":"Series Instance UID is found","user":"Surajit","timestamp":"24-12-2019 19:25:19"},
{"event":"New SOP Instance UID is created : 20130311122412201900000.0.0.102","user":"Surajit","timestamp":"24-12-2019 19:25:19"},
{"event":"New SOP Instance UID inserted : 20130311122412201900000.0.0.102","user":"Surajit","timestamp":"24-12-2019 19:25:19"},
{"event":"Patient ID is found","user":"Surajit","timestamp":"24-12-2019 19:25:19"},
{"event":"Study Instance UID is found","user":"Surajit","timestamp":"24-12-2019 19:25:19"},
{"event":"Series Instance UID is found","user":"Surajit","timestamp":"24-12-2019 19:25:19"},
{"event":"New SOP Instance UID is created : 20130311122412201900000.0.0.103","user":"Surajit","timestamp":"24-12-2019 19:25:19"},
{"event":"New SOP Instance UID inserted : 20130311122412201900000.0.0.103","user":"Surajit","timestamp":"24-12-2019 19:25:19"},
{"event":"Patient ID is found","user":"Surajit","timestamp":"24-12-2019 19:25:19"},
{"event":"Study Instance UID is found","user":"Surajit","timestamp":"24-12-2019 19:25:19"},
{"event":"Series Instance UID is found","user":"Surajit","timestamp":"24-12-2019 19:25:19"},
{"event":"New SOP Instance UID is created : 20130311122412201900000.0.0.104","user":"Surajit","timestamp":"24-12-2019 19:25:19"},
{"event":"New SOP Instance UID inserted : 20130311122412201900000.0.0.104","user":"Surajit","timestamp":"24-12-2019 19:25:19"},
{"event":"Patient ID is found","user":"Surajit","timestamp":"24-12-2019 19:25:19"},
{"event":"Study Instance UID is found","user":"Surajit","timestamp":"24-12-2019 19:25:19"},
{"event":"Series Instance UID is found","user":"Surajit","timestamp":"24-12-2019 19:25:19"},
{"event":"New SOP Instance UID is created : 20130311122412201900000.0.0.105","user":"Surajit","timestamp":"24-12-2019 19:25:19"},
{"event":"New SOP Instance UID inserted : 20130311122412201900000.0.0.105","user":"Surajit","timestamp":"24-12-2019 19:25:19"},
{"event":"Patient ID is found","user":"Surajit","timestamp":"24-12-2019 19:25:19"},
{"event":"Study Instance UID is found","user":"Surajit","timestamp":"24-12-2019 19:25:19"},
{"event":"Series Instance UID is found","user":"Surajit","timestamp":"24-12-2019 19:25:19"},
{"event":"New SOP Instance UID is created : 20130311122412201900000.0.0.106","user":"Surajit","timestamp":"24-12-2019 19:25:19"},
{"event":"New SOP Instance UID inserted : 20130311122412201900000.0.0.106","user":"Surajit","timestamp":"24-12-2019 19:25:19"},
{"event":"Patient ID is found","user":"Surajit","timestamp":"24-12-2019 19:25:19"},
{"event":"Study Instance UID is found","user":"Surajit","timestamp":"24-12-2019 19:25:19"},
{"event":"Series Instance UID is found","user":"Surajit","timestamp":"24-12-2019 19:25:19"},
{"event":"New SOP Instance UID is created : 20130311122412201900000.0.0.107","user":"Surajit","timestamp":"24-12-2019 19:25:19"},
{"event":"New SOP Instance UID inserted : 20130311122412201900000.0.0.107","user":"Surajit","timestamp":"24-12-2019 19:25:19"},
{"event":"Patient ID is found","user":"Surajit","timestamp":"24-12-2019 19:25:19"},
{"event":"Study Instance UID is found","user":"Surajit","timestamp":"24-12-2019 19:25:19"},
{"event":"Series Instance UID is found","user":"Surajit","timestamp":"24-12-2019 19:25:19"},
{"event":"New SOP Instance UID is created : 20130311122412201900000.0.0.108","user":"Surajit","timestamp":"24-12-2019 19:25:19"},
{"event":"New SOP Instance UID inserted : 20130311122412201900000.0.0.108","user":"Surajit","timestamp":"24-12-2019 19:25:19"},
{"event":"Patient ID is found","user":"Surajit","timestamp":"24-12-2019 19:25:20"},
{"event":"Study Instance UID is found","user":"Surajit","timestamp":"24-12-2019 19:25:20"},
{"event":"Series Instance UID is found","user":"Surajit","timestamp":"24-12-2019 19:25:20"},
{"event":"New SOP Instance UID is created : 20130311122412201900000.0.0.109","user":"Surajit","timestamp":"24-12-2019 19:25:20"},
{"event":"New SOP Instance UID inserted : 20130311122412201900000.0.0.109","user":"Surajit","timestamp":"24-12-2019 19:25:20"},
{"event":"Patient ID is found","user":"Surajit","timestamp":"24-12-2019 19:25:20"},
{"event":"Study Instance UID is found","user":"Surajit","timestamp":"24-12-2019 19:25:20"},
{"event":"Series Instance UID is found","user":"Surajit","timestamp":"24-12-2019 19:25:20"},
{"event":"New SOP Instance UID is created : 20130311122412201900000.0.0.110","user":"Surajit","timestamp":"24-12-2019 19:25:20"},
{"event":"New SOP Instance UID inserted : 20130311122412201900000.0.0.110","user":"Surajit","timestamp":"24-12-2019 19:25:20"},
{"event":"Patient ID is found","user":"Surajit","timestamp":"24-12-2019 19:25:20"},
{"event":"Study Instance UID is found","user":"Surajit","timestamp":"24-12-2019 19:25:20"},
{"event":"Series Instance UID is found","user":"Surajit","timestamp":"24-12-2019 19:25:20"},
{"event":"New SOP Instance UID is created : 20130311122412201900000.0.0.111","user":"Surajit","timestamp":"24-12-2019 19:25:20"},
{"event":"New SOP Instance UID inserted : 20130311122412201900000.0.0.111","user":"Surajit","timestamp":"24-12-2019 19:25:20"},
{"event":"Patient ID is found","user":"Surajit","timestamp":"24-12-2019 19:25:20"},
{"event":"Study Instance UID is found","user":"Surajit","timestamp":"24-12-2019 19:25:20"},
{"event":"Series Instance UID is found","user":"Surajit","timestamp":"24-12-2019 19:25:20"},
{"event":"New SOP Instance UID is created : 20130311122412201900000.0.0.112","user":"Surajit","timestamp":"24-12-2019 19:25:20"},
{"event":"New SOP Instance UID inserted : 20130311122412201900000.0.0.112","user":"Surajit","timestamp":"24-12-2019 19:25:20"},
{"event":"Patient ID is found","user":"Surajit","timestamp":"24-12-2019 19:25:20"},
{"event":"Study Instance UID is found","user":"Surajit","timestamp":"24-12-2019 19:25:20"},
{"event":"Series Instance UID is found","user":"Surajit","timestamp":"24-12-2019 19:25:20"},
{"event":"New SOP Instance UID is created : 20130311122412201900000.0.0.113","user":"Surajit","timestamp":"24-12-2019 19:25:20"},
{"event":"New SOP Instance UID inserted : 20130311122412201900000.0.0.113","user":"Surajit","timestamp":"24-12-2019 19:25:20"},
{"event":"Patient ID is found","user":"Surajit","timestamp":"24-12-2019 19:25:20"},
{"event":"Study Instance UID is found","user":"Surajit","timestamp":"24-12-2019 19:25:20"},
{"event":"Series Instance UID is found","user":"Surajit","timestamp":"24-12-2019 19:25:20"},
{"event":"New SOP Instance UID is created : 20130311122412201900000.0.0.114","user":"Surajit","timestamp":"24-12-2019 19:25:20"},
{"event":"New SOP Instance UID inserted : 20130311122412201900000.0.0.114","user":"Surajit","timestamp":"24-12-2019 19:25:20"},
{"event":"Patient ID is found","user":"Surajit","timestamp":"24-12-2019 19:25:20"},
{"event":"Study Instance UID is found","user":"Surajit","timestamp":"24-12-2019 19:25:20"},
{"event":"Series Instance UID is found","user":"Surajit","timestamp":"24-12-2019 19:25:20"},
{"event":"New SOP Instance UID is created : 20130311122412201900000.0.0.115","user":"Surajit","timestamp":"24-12-2019 19:25:20"},
{"event":"New SOP Instance UID inserted : 20130311122412201900000.0.0.115","user":"Surajit","timestamp":"24-12-2019 19:25:20"},
{"event":"Patient ID is found","user":"Surajit","timestamp":"24-12-2019 19:25:20"},
{"event":"Study Instance UID is found","user":"Surajit","timestamp":"24-12-2019 19:25:20"},
{"event":"Series Instance UID is found","user":"Surajit","timestamp":"24-12-2019 19:25:20"},
{"event":"New SOP Instance UID is created : 20130311122412201900000.0.0.116","user":"Surajit","timestamp":"24-12-2019 19:25:20"},
{"event":"New SOP Instance UID inserted : 20130311122412201900000.0.0.116","user":"Surajit","timestamp":"24-12-2019 19:25:20"},
{"event":"Patient ID is found","user":"Surajit","timestamp":"24-12-2019 19:25:20"},
{"event":"Study Instance UID is found","user":"Surajit","timestamp":"24-12-2019 19:25:20"},
{"event":"Series Instance UID is found","user":"Surajit","timestamp":"24-12-2019 19:25:20"},
{"event":"New SOP Instance UID is created : 20130311122412201900000.0.0.117","user":"Surajit","timestamp":"24-12-2019 19:25:20"},
{"event":"New SOP Instance UID inserted : 20130311122412201900000.0.0.117","user":"Surajit","timestamp":"24-12-2019 19:25:20"},
{"event":"Patient ID is found","user":"Surajit","timestamp":"24-12-2019 19:25:20"},
{"event":"Study Instance UID is found","user":"Surajit","timestamp":"24-12-2019 19:25:20"},
{"event":"Series Instance UID is found","user":"Surajit","timestamp":"24-12-2019 19:25:20"},
{"event":"New SOP Instance UID is created : 20130311122412201900000.0.0.118","user":"Surajit","timestamp":"24-12-2019 19:25:20"},
{"event":"New SOP Instance UID inserted : 20130311122412201900000.0.0.118","user":"Surajit","timestamp":"24-12-2019 19:25:20"},
{"event":"Patient ID is found","user":"Surajit","timestamp":"24-12-2019 19:25:21"},
{"event":"Study Instance UID is found","user":"Surajit","timestamp":"24-12-2019 19:25:21"},
{"event":"Series Instance UID is found","user":"Surajit","timestamp":"24-12-2019 19:25:21"},
{"event":"New SOP Instance UID is created : 20130311122412201900000.0.0.119","user":"Surajit","timestamp":"24-12-2019 19:25:21"},
{"event":"New SOP Instance UID inserted : 20130311122412201900000.0.0.119","user":"Surajit","timestamp":"24-12-2019 19:25:21"},
{"event":"Patient ID is found","user":"Surajit","timestamp":"24-12-2019 19:25:21"},
{"event":"Study Instance UID is found","user":"Surajit","timestamp":"24-12-2019 19:25:21"},
{"event":"Series Instance UID is found","user":"Surajit","timestamp":"24-12-2019 19:25:21"},
{"event":"New SOP Instance UID is created : 20130311122412201900000.0.0.120","user":"Surajit","timestamp":"24-12-2019 19:25:21"},
{"event":"New SOP Instance UID inserted : 20130311122412201900000.0.0.120","user":"Surajit","timestamp":"24-12-2019 19:25:21"},
{"event":"Patient ID is found","user":"Surajit","timestamp":"24-12-2019 19:25:21"},
{"event":"Study Instance UID is found","user":"Surajit","timestamp":"24-12-2019 19:25:21"},
{"event":"Series Instance UID is found","user":"Surajit","timestamp":"24-12-2019 19:25:21"},
{"event":"New SOP Instance UID is created : 20130311122412201900000.0.0.121","user":"Surajit","timestamp":"24-12-2019 19:25:21"},
{"event":"New SOP Instance UID inserted : 20130311122412201900000.0.0.121","user":"Surajit","timestamp":"24-12-2019 19:25:21"},
{"event":"Patient ID is found","user":"Surajit","timestamp":"24-12-2019 19:25:21"},
{"event":"Study Instance UID is found","user":"Surajit","timestamp":"24-12-2019 19:25:21"},
{"event":"Series Instance UID is found","user":"Surajit","timestamp":"24-12-2019 19:25:21"},
{"event":"New SOP Instance UID is created : 20130311122412201900000.0.0.122","user":"Surajit","timestamp":"24-12-2019 19:25:21"},
{"event":"New SOP Instance UID inserted : 20130311122412201900000.0.0.122","user":"Surajit","timestamp":"24-12-2019 19:25:21"},
{"event":"Patient ID is found","user":"Surajit","timestamp":"24-12-2019 19:25:21"},
{"event":"Study Instance UID is found","user":"Surajit","timestamp":"24-12-2019 19:25:21"},
{"event":"Series Instance UID is found","user":"Surajit","timestamp":"24-12-2019 19:25:21"},
{"event":"New SOP Instance UID is created : 20130311122412201900000.0.0.123","user":"Surajit","timestamp":"24-12-2019 19:25:21"},
{"event":"New SOP Instance UID inserted : 20130311122412201900000.0.0.123","user":"Surajit","timestamp":"24-12-2019 19:25:21"},
{"event":"Patient ID is found","user":"Surajit","timestamp":"24-12-2019 19:25:21"},
{"event":"Study Instance UID is found","user":"Surajit","timestamp":"24-12-2019 19:25:21"},
{"event":"Series Instance UID is found","user":"Surajit","timestamp":"24-12-2019 19:25:21"},
{"event":"New SOP Instance UID is created : 20130311122412201900000.0.0.124","user":"Surajit","timestamp":"24-12-2019 19:25:21"},
{"event":"New SOP Instance UID inserted : 20130311122412201900000.0.0.124","user":"Surajit","timestamp":"24-12-2019 19:25:21"},
{"event":"Patient ID is found","user":"Surajit","timestamp":"24-12-2019 19:25:21"},
{"event":"Study Instance UID is found","user":"Surajit","timestamp":"24-12-2019 19:25:21"},
{"event":"Series Instance UID is found","user":"Surajit","timestamp":"24-12-2019 19:25:21"},
{"event":"New SOP Instance UID is created : 20130311122412201900000.0.0.125","user":"Surajit","timestamp":"24-12-2019 19:25:21"},
{"event":"New SOP Instance UID inserted : 20130311122412201900000.0.0.125","user":"Surajit","timestamp":"24-12-2019 19:25:21"},
{"event":"Patient ID is found","user":"Surajit","timestamp":"24-12-2019 19:25:21"},
{"event":"Study Instance UID is found","user":"Surajit","timestamp":"24-12-2019 19:25:21"},
{"event":"Series Instance UID is found","user":"Surajit","timestamp":"24-12-2019 19:25:21"},
{"event":"New SOP Instance UID is created : 20130311122412201900000.0.0.126","user":"Surajit","timestamp":"24-12-2019 19:25:21"},
{"event":"New SOP Instance UID inserted : 20130311122412201900000.0.0.126","user":"Surajit","timestamp":"24-12-2019 19:25:21"},
{"event":"Patient ID is found","user":"Surajit","timestamp":"24-12-2019 19:25:21"},
{"event":"Study Instance UID is found","user":"Surajit","timestamp":"24-12-2019 19:25:21"},
{"event":"Series Instance UID is found","user":"Surajit","timestamp":"24-12-2019 19:25:21"},
{"event":"New SOP Instance UID is created : 20130311122412201900000.0.0.127","user":"Surajit","timestamp":"24-12-2019 19:25:21"},
{"event":"New SOP Instance UID inserted : 20130311122412201900000.0.0.127","user":"Surajit","timestamp":"24-12-2019 19:25:21"},
{"event":"Patient ID is found","user":"Surajit","timestamp":"24-12-2019 19:25:21"},
{"event":"Study Instance UID is found","user":"Surajit","timestamp":"24-12-2019 19:25:21"},
{"event":"Series Instance UID is found","user":"Surajit","timestamp":"24-12-2019 19:25:21"},
{"event":"New SOP Instance UID is created : 20130311122412201900000.0.0.128","user":"Surajit","timestamp":"24-12-2019 19:25:21"},
{"event":"New SOP Instance UID inserted : 20130311122412201900000.0.0.128","user":"Surajit","timestamp":"24-12-2019 19:25:21"},
{"event":"Patient ID is found","user":"Surajit","timestamp":"24-12-2019 19:25:22"},
{"event":"Study Instance UID is found","user":"Surajit","timestamp":"24-12-2019 19:25:22"},
{"event":"Series Instance UID is found","user":"Surajit","timestamp":"24-12-2019 19:25:22"},
{"event":"New SOP Instance UID is created : 20130311122412201900000.0.0.129","user":"Surajit","timestamp":"24-12-2019 19:25:22"},
{"event":"New SOP Instance UID inserted : 20130311122412201900000.0.0.129","user":"Surajit","timestamp":"24-12-2019 19:25:22"},
{"event":"Patient ID is found","user":"Surajit","timestamp":"24-12-2019 19:25:22"},
{"event":"Study Instance UID is found","user":"Surajit","timestamp":"24-12-2019 19:25:22"},
{"event":"Series Instance UID is found","user":"Surajit","timestamp":"24-12-2019 19:25:22"},
{"event":"New SOP Instance UID is created : 20130311122412201900000.0.0.130","user":"Surajit","timestamp":"24-12-2019 19:25:22"},
{"event":"New SOP Instance UID inserted : 20130311122412201900000.0.0.130","user":"Surajit","timestamp":"24-12-2019 19:25:22"},
{"event":"Patient ID is found","user":"Surajit","timestamp":"24-12-2019 19:25:22"},
{"event":"Study Instance UID is found","user":"Surajit","timestamp":"24-12-2019 19:25:22"},
{"event":"Series Instance UID is found","user":"Surajit","timestamp":"24-12-2019 19:25:22"},
{"event":"New SOP Instance UID is created : 20130311122412201900000.0.0.131","user":"Surajit","timestamp":"24-12-2019 19:25:22"},
{"event":"New SOP Instance UID inserted : 20130311122412201900000.0.0.131","user":"Surajit","timestamp":"24-12-2019 19:25:22"},
{"event":"Patient ID is found","user":"Surajit","timestamp":"24-12-2019 19:25:22"},
{"event":"Study Instance UID is found","user":"Surajit","timestamp":"24-12-2019 19:25:22"},
{"event":"Series Instance UID is found","user":"Surajit","timestamp":"24-12-2019 19:25:22"},
{"event":"New SOP Instance UID is created : 20130311122412201900000.0.0.132","user":"Surajit","timestamp":"24-12-2019 19:25:22"},
{"event":"New SOP Instance UID inserted : 20130311122412201900000.0.0.132","user":"Surajit","timestamp":"24-12-2019 19:25:22"},
{"event":"Patient ID is found","user":"Surajit","timestamp":"24-12-2019 19:25:22"},
{"event":"Study Instance UID is found","user":"Surajit","timestamp":"24-12-2019 19:25:22"},
{"event":"Series Instance UID is found","user":"Surajit","timestamp":"24-12-2019 19:25:22"},
{"event":"New SOP Instance UID is created : 20130311122412201900000.0.0.133","user":"Surajit","timestamp":"24-12-2019 19:25:22"},
{"event":"New SOP Instance UID inserted : 20130311122412201900000.0.0.133","user":"Surajit","timestamp":"24-12-2019 19:25:22"},
{"event":"Patient ID is found","user":"Surajit","timestamp":"24-12-2019 19:25:22"},
{"event":"Study Instance UID is found","user":"Surajit","timestamp":"24-12-2019 19:25:22"},
{"event":"Series Instance UID is found","user":"Surajit","timestamp":"24-12-2019 19:25:22"},
{"event":"New SOP Instance UID is created : 20130311122412201900000.0.0.134","user":"Surajit","timestamp":"24-12-2019 19:25:22"},
{"event":"New SOP Instance UID inserted : 20130311122412201900000.0.0.134","user":"Surajit","timestamp":"24-12-2019 19:25:22"},
{"event":"Patient ID is found","user":"Surajit","timestamp":"24-12-2019 19:25:22"},
{"event":"Study Instance UID is found","user":"Surajit","timestamp":"24-12-2019 19:25:22"},
{"event":"Series Instance UID is found","user":"Surajit","timestamp":"24-12-2019 19:25:22"},
{"event":"New SOP Instance UID is created : 20130311122412201900000.0.0.135","user":"Surajit","timestamp":"24-12-2019 19:25:22"},
{"event":"New SOP Instance UID inserted : 20130311122412201900000.0.0.135","user":"Surajit","timestamp":"24-12-2019 19:25:22"},
{"event":"Patient ID is found","user":"Surajit","timestamp":"24-12-2019 19:25:23"},
{"event":"Study Instance UID is found","user":"Surajit","timestamp":"24-12-2019 19:25:23"},
{"event":"Series Instance UID is found","user":"Surajit","timestamp":"24-12-2019 19:25:23"},
{"event":"New SOP Instance UID is created : 20130311122412201900000.0.0.136","user":"Surajit","timestamp":"24-12-2019 19:25:23"},
{"event":"New SOP Instance UID inserted : 20130311122412201900000.0.0.136","user":"Surajit","timestamp":"24-12-2019 19:25:23"},
{"event":"Patient ID is found","user":"Surajit","timestamp":"24-12-2019 19:25:23"},
{"event":"Study Instance UID is found","user":"Surajit","timestamp":"24-12-2019 19:25:23"},
{"event":"Series Instance UID is found","user":"Surajit","timestamp":"24-12-2019 19:25:23"},
{"event":"New SOP Instance UID is created : 20130311122412201900000.0.0.137","user":"Surajit","timestamp":"24-12-2019 19:25:23"},
{"event":"New SOP Instance UID inserted : 20130311122412201900000.0.0.137","user":"Surajit","timestamp":"24-12-2019 19:25:23"},
{"event":"Patient ID is found","user":"Surajit","timestamp":"24-12-2019 19:25:23"},
{"event":"Study Instance UID is found","user":"Surajit","timestamp":"24-12-2019 19:25:23"},
{"event":"Series Instance UID is found","user":"Surajit","timestamp":"24-12-2019 19:25:23"},
{"event":"New SOP Instance UID is created : 20130311122412201900000.0.0.138","user":"Surajit","timestamp":"24-12-2019 19:25:23"},
{"event":"New SOP Instance UID inserted : 20130311122412201900000.0.0.138","user":"Surajit","timestamp":"24-12-2019 19:25:23"},
{"event":"Patient ID is found","user":"Surajit","timestamp":"24-12-2019 19:25:23"},
{"event":"Study Instance UID is found","user":"Surajit","timestamp":"24-12-2019 19:25:23"},
{"event":"Series Instance UID is found","user":"Surajit","timestamp":"24-12-2019 19:25:23"},
{"event":"New SOP Instance UID is created : 20130311122412201900000.0.0.139","user":"Surajit","timestamp":"24-12-2019 19:25:23"},
{"event":"New SOP Instance UID inserted : 20130311122412201900000.0.0.139","user":"Surajit","timestamp":"24-12-2019 19:25:23"},
{"event":"Patient ID is found","user":"Surajit","timestamp":"24-12-2019 19:25:23"},
{"event":"Study Instance UID is found","user":"Surajit","timestamp":"24-12-2019 19:25:23"},
{"event":"Series Instance UID is found","user":"Surajit","timestamp":"24-12-2019 19:25:23"},
{"event":"New SOP Instance UID is created : 20130311122412201900000.0.0.140","user":"Surajit","timestamp":"24-12-2019 19:25:23"},
{"event":"New SOP Instance UID inserted : 20130311122412201900000.0.0.140","user":"Surajit","timestamp":"24-12-2019 19:25:23"},
{"event":"Patient ID is found","user":"Surajit","timestamp":"24-12-2019 19:25:23"},
{"event":"Study Instance UID is found","user":"Surajit","timestamp":"24-12-2019 19:25:23"},
{"event":"Series Instance UID is found","user":"Surajit","timestamp":"24-12-2019 19:25:23"},
{"event":"New SOP Instance UID is created : 20130311122412201900000.0.0.141","user":"Surajit","timestamp":"24-12-2019 19:25:23"},
{"event":"New SOP Instance UID inserted : 20130311122412201900000.0.0.141","user":"Surajit","timestamp":"24-12-2019 19:25:23"},
{"event":"Patient ID is found","user":"Surajit","timestamp":"24-12-2019 19:25:23"},
{"event":"Study Instance UID is found","user":"Surajit","timestamp":"24-12-2019 19:25:23"},
{"event":"Series Instance UID is found","user":"Surajit","timestamp":"24-12-2019 19:25:23"},
{"event":"New SOP Instance UID is created : 20130311122412201900000.0.0.142","user":"Surajit","timestamp":"24-12-2019 19:25:23"},
{"event":"New SOP Instance UID inserted : 20130311122412201900000.0.0.142","user":"Surajit","timestamp":"24-12-2019 19:25:23"},
{"event":"Patient ID is found","user":"Surajit","timestamp":"24-12-2019 19:25:24"},
{"event":"Study Instance UID is found","user":"Surajit","timestamp":"24-12-2019 19:25:24"},
{"event":"Series Instance UID is found","user":"Surajit","timestamp":"24-12-2019 19:25:24"},
{"event":"New SOP Instance UID is created : 20130311122412201900000.0.0.143","user":"Surajit","timestamp":"24-12-2019 19:25:24"},
{"event":"New SOP Instance UID inserted : 20130311122412201900000.0.0.143","user":"Surajit","timestamp":"24-12-2019 19:25:24"},
{"event":"Patient ID is found","user":"Surajit","timestamp":"24-12-2019 19:25:24"},
{"event":"Study Instance UID is found","user":"Surajit","timestamp":"24-12-2019 19:25:24"},
{"event":"Series Instance UID is found","user":"Surajit","timestamp":"24-12-2019 19:25:24"},
{"event":"New SOP Instance UID is created : 20130311122412201900000.0.0.144","user":"Surajit","timestamp":"24-12-2019 19:25:24"},
{"event":"New SOP Instance UID inserted : 20130311122412201900000.0.0.144","user":"Surajit","timestamp":"24-12-2019 19:25:24"},
{"event":"Patient ID is found","user":"Surajit","timestamp":"24-12-2019 19:25:24"},
{"event":"Study Instance UID is found","user":"Surajit","timestamp":"24-12-2019 19:25:24"},
{"event":"Series Instance UID is found","user":"Surajit","timestamp":"24-12-2019 19:25:24"},
{"event":"New SOP Instance UID is created : 20130311122412201900000.0.0.145","user":"Surajit","timestamp":"24-12-2019 19:25:24"},
{"event":"New SOP Instance UID inserted : 20130311122412201900000.0.0.145","user":"Surajit","timestamp":"24-12-2019 19:25:24"},
{"event":"Patient ID is found","user":"Surajit","timestamp":"24-12-2019 19:25:24"},
{"event":"Study Instance UID is found","user":"Surajit","timestamp":"24-12-2019 19:25:24"},
{"event":"Series Instance UID is found","user":"Surajit","timestamp":"24-12-2019 19:25:24"},
{"event":"New SOP Instance UID is created : 20130311122412201900000.0.0.146","user":"Surajit","timestamp":"24-12-2019 19:25:24"},
{"event":"New SOP Instance UID inserted : 20130311122412201900000.0.0.146","user":"Surajit","timestamp":"24-12-2019 19:25:24"},
{"event":"Patient ID is found","user":"Surajit","timestamp":"24-12-2019 19:25:24"},
{"event":"Study Instance UID is found","user":"Surajit","timestamp":"24-12-2019 19:25:24"},
{"event":"Series Instance UID is found","user":"Surajit","timestamp":"24-12-2019 19:25:24"},
{"event":"New SOP Instance UID is created : 20130311122412201900000.0.0.147","user":"Surajit","timestamp":"24-12-2019 19:25:24"},
{"event":"New SOP Instance UID inserted : 20130311122412201900000.0.0.147","user":"Surajit","timestamp":"24-12-2019 19:25:24"},
{"event":"Patient ID is found","user":"Surajit","timestamp":"24-12-2019 19:25:24"},
{"event":"Study Instance UID is found","user":"Surajit","timestamp":"24-12-2019 19:25:24"},
{"event":"Series Instance UID is found","user":"Surajit","timestamp":"24-12-2019 19:25:24"},
{"event":"New SOP Instance UID is created : 20130311122412201900000.0.0.148","user":"Surajit","timestamp":"24-12-2019 19:25:24"},
{"event":"New SOP Instance UID inserted : 20130311122412201900000.0.0.148","user":"Surajit","timestamp":"24-12-2019 19:25:24"},
{"event":"Patient ID is found","user":"Surajit","timestamp":"24-12-2019 19:25:24"},
{"event":"Study Instance UID is found","user":"Surajit","timestamp":"24-12-2019 19:25:24"},
{"event":"Series Instance UID is found","user":"Surajit","timestamp":"24-12-2019 19:25:24"},
{"event":"New SOP Instance UID is created : 20130311122412201900000.0.0.149","user":"Surajit","timestamp":"24-12-2019 19:25:24"},
{"event":"New SOP Instance UID inserted : 20130311122412201900000.0.0.149","user":"Surajit","timestamp":"24-12-2019 19:25:24"},
{"event":"Patient ID is found","user":"Surajit","timestamp":"24-12-2019 19:25:24"},
{"event":"Study Instance UID is found","user":"Surajit","timestamp":"24-12-2019 19:25:24"},
{"event":"New Series Instance UID is created : 20130311122412201900000.0.1","user":"Surajit","timestamp":"24-12-2019 19:25:24"},
{"event":"New Series Instance UID is inserted : 20130311122412201900000.0.1","user":"Surajit","timestamp":"24-12-2019 19:25:24"},
{"event":"New SOP Instance UID is created : 20130311122412201900000.0.1.0","user":"Surajit","timestamp":"24-12-2019 19:25:24"},
{"event":"New SOP Instance UID inserted : 20130311122412201900000.0.1.0","user":"Surajit","timestamp":"24-12-2019 19:25:24"},
{"event":"Patient ID is found","user":"Surajit","timestamp":"24-12-2019 19:25:32"},
{"event":"Study Instance UID is found","user":"Surajit","timestamp":"24-12-2019 19:25:32"},
{"event":"New Series Instance UID is created : 20130311122412201900000.0.2","user":"Surajit","timestamp":"24-12-2019 19:25:32"},
{"event":"New Series Instance UID is inserted : 20130311122412201900000.0.2","user":"Surajit","timestamp":"24-12-2019 19:25:32"},
{"event":"New SOP Instance UID is created : 20130311122412201900000.0.2.0","user":"Surajit","timestamp":"24-12-2019 19:25:32"},
{"event":"New SOP Instance UID inserted : 20130311122412201900000.0.2.0","user":"Surajit","timestamp":"24-12-2019 19:25:32"},
{"event":"Patient ID is found","user":"Surajit","timestamp":"24-12-2019 19:25:33"},
{"event":"Study Instance UID is found","user":"Surajit","timestamp":"24-12-2019 19:25:33"},
{"event":"New Series Instance UID is created : 20130311122412201900000.0.3","user":"Surajit","timestamp":"24-12-2019 19:25:33"},
{"event":"New Series Instance UID is inserted : 20130311122412201900000.0.3","user":"Surajit","timestamp":"24-12-2019 19:25:33"},
{"event":"New SOP Instance UID is created : 20130311122412201900000.0.3.0","user":"Surajit","timestamp":"24-12-2019 19:25:33"},
{"event":"New SOP Instance UID inserted : 20130311122412201900000.0.3.0","user":"Surajit","timestamp":"24-12-2019 19:25:33"},
{"event":"Login successfully","user":"sk@c.com","timestamp":"24-12-2019 19:30:15"},
