{"event":"Login successfully","user":"sk@c.com","timestamp":"13-02-2020 14:43:59"},
{"event":"New Patient ID is created : 20130311121302202000000","user":"Surajit","timestamp":"13-02-2020 14:44:52"},
{"event":"New Patient ID is inserted : 20130311121302202000000","user":"Surajit","timestamp":"13-02-2020 14:44:52"},
{"event":"20150508 Day difference 155","user":"Surajit","timestamp":"13-02-2020 14:44:52"},
{"event":"Random StudyDate created : 20151010 Day Difference : 155","user":"Surajit","timestamp":"13-02-2020 14:44:52"},
{"event":"New Study Instance UID is created : 20130311121302202000000.0","user":"Surajit","timestamp":"13-02-2020 14:44:52"},
{"event":"New Series Instance UID is created : 20130311121302202000000.0.0","user":"Surajit","timestamp":"13-02-2020 14:44:52"},
{"event":"New Series Instance UID is inserted : 20130311121302202000000.0.0","user":"Surajit","timestamp":"13-02-2020 14:44:52"},
{"event":"New SOP Instance UID is created : 20130311121302202000000.0.0.0","user":"Surajit","timestamp":"13-02-2020 14:44:52"},
{"event":"New SOP Instance UID inserted : 20130311121302202000000.0.0.0","user":"Surajit","timestamp":"13-02-2020 14:44:52"},
{"event":"Patient ID is found","user":"Surajit","timestamp":"13-02-2020 14:44:58"},
{"event":"Study Instance UID is found","user":"Surajit","timestamp":"13-02-2020 14:44:58"},
{"event":"New Series Instance UID is created : 20130311122701202000000.0.1","user":"Surajit","timestamp":"13-02-2020 14:44:58"},
{"event":"New Series Instance UID is inserted : 20130311122701202000000.0.1","user":"Surajit","timestamp":"13-02-2020 14:44:58"},
{"event":"New SOP Instance UID is created : 20130311122701202000000.0.1.0","user":"Surajit","timestamp":"13-02-2020 14:44:58"},
{"event":"New SOP Instance UID inserted : 20130311122701202000000.0.1.0","user":"Surajit","timestamp":"13-02-2020 14:44:58"},
{"event":"Patient ID is found","user":"Surajit","timestamp":"13-02-2020 14:44:58"},
{"event":"Study Instance UID is found","user":"Surajit","timestamp":"13-02-2020 14:44:58"},
{"event":"New Series Instance UID is created : 20130311122701202000000.0.2","user":"Surajit","timestamp":"13-02-2020 14:44:58"},
{"event":"New Series Instance UID is inserted : 20130311122701202000000.0.2","user":"Surajit","timestamp":"13-02-2020 14:44:58"},
{"event":"New SOP Instance UID is created : 20130311122701202000000.0.2.0","user":"Surajit","timestamp":"13-02-2020 14:44:58"},
{"event":"New SOP Instance UID inserted : 20130311122701202000000.0.2.0","user":"Surajit","timestamp":"13-02-2020 14:44:58"},
{"event":"Login successfully","user":"sk@c.com","timestamp":"13-02-2020 14:48:45"},
{"event":"New Patient ID is created : 20130311121302202000000","user":"Surajit","timestamp":"13-02-2020 14:49:25"},
{"event":"New Patient ID is inserted : 20130311121302202000000","user":"Surajit","timestamp":"13-02-2020 14:49:25"},
{"event":"20150508 Day difference 16","user":"Surajit","timestamp":"13-02-2020 14:49:25"},
{"event":"Random StudyDate created : 20150524 Day Difference : 16","user":"Surajit","timestamp":"13-02-2020 14:49:25"},
{"event":"New Study Instance UID is created : 20130311121302202000000.0","user":"Surajit","timestamp":"13-02-2020 14:49:25"},
{"event":"New Study Instance UID is inserted : 20130311121302202000000.0","user":"Surajit","timestamp":"13-02-2020 14:49:25"},
{"event":"New Series Instance UID is created : 20130311121302202000000.0.0","user":"Surajit","timestamp":"13-02-2020 14:49:25"},
{"event":"New Series Instance UID is inserted : 20130311121302202000000.0.0","user":"Surajit","timestamp":"13-02-2020 14:49:25"},
{"event":"New SOP Instance UID is created : 20130311121302202000000.0.0.0","user":"Surajit","timestamp":"13-02-2020 14:49:25"},
{"event":"New SOP Instance UID inserted : 20130311121302202000000.0.0.0","user":"Surajit","timestamp":"13-02-2020 14:49:25"},
{"event":"Patient ID is found","user":"Surajit","timestamp":"13-02-2020 14:49:25"},
{"event":"Study Instance UID is found","user":"Surajit","timestamp":"13-02-2020 14:49:25"},
{"event":"Series Instance UID is found","user":"Surajit","timestamp":"13-02-2020 14:49:25"},
{"event":"New SOP Instance UID is created : 20130311121302202000000.0.0.1","user":"Surajit","timestamp":"13-02-2020 14:49:25"},
{"event":"New SOP Instance UID inserted : 20130311121302202000000.0.0.1","user":"Surajit","timestamp":"13-02-2020 14:49:25"},
{"event":"Patient ID is found","user":"Surajit","timestamp":"13-02-2020 14:49:25"},
{"event":"Study Instance UID is found","user":"Surajit","timestamp":"13-02-2020 14:49:25"},
{"event":"Series Instance UID is found","user":"Surajit","timestamp":"13-02-2020 14:49:25"},
{"event":"New SOP Instance UID is created : 20130311121302202000000.0.0.2","user":"Surajit","timestamp":"13-02-2020 14:49:25"},
{"event":"New SOP Instance UID inserted : 20130311121302202000000.0.0.2","user":"Surajit","timestamp":"13-02-2020 14:49:25"},
{"event":"Patient ID is found","user":"Surajit","timestamp":"13-02-2020 14:49:25"},
{"event":"Study Instance UID is found","user":"Surajit","timestamp":"13-02-2020 14:49:25"},
{"event":"Series Instance UID is found","user":"Surajit","timestamp":"13-02-2020 14:49:25"},
{"event":"New SOP Instance UID is created : 20130311121302202000000.0.0.3","user":"Surajit","timestamp":"13-02-2020 14:49:25"},
{"event":"New SOP Instance UID inserted : 20130311121302202000000.0.0.3","user":"Surajit","timestamp":"13-02-2020 14:49:25"},
{"event":"Patient ID is found","user":"Surajit","timestamp":"13-02-2020 14:49:26"},
{"event":"Study Instance UID is found","user":"Surajit","timestamp":"13-02-2020 14:49:26"},
{"event":"Series Instance UID is found","user":"Surajit","timestamp":"13-02-2020 14:49:26"},
{"event":"New SOP Instance UID is created : 20130311121302202000000.0.0.4","user":"Surajit","timestamp":"13-02-2020 14:49:26"},
{"event":"New SOP Instance UID inserted : 20130311121302202000000.0.0.4","user":"Surajit","timestamp":"13-02-2020 14:49:26"},
{"event":"Patient ID is found","user":"Surajit","timestamp":"13-02-2020 14:49:26"},
{"event":"Study Instance UID is found","user":"Surajit","timestamp":"13-02-2020 14:49:26"},
{"event":"Series Instance UID is found","user":"Surajit","timestamp":"13-02-2020 14:49:26"},
{"event":"New SOP Instance UID is created : 20130311121302202000000.0.0.5","user":"Surajit","timestamp":"13-02-2020 14:49:26"},
{"event":"New SOP Instance UID inserted : 20130311121302202000000.0.0.5","user":"Surajit","timestamp":"13-02-2020 14:49:26"},
{"event":"Patient ID is found","user":"Surajit","timestamp":"13-02-2020 14:49:26"},
{"event":"Study Instance UID is found","user":"Surajit","timestamp":"13-02-2020 14:49:26"},
{"event":"Series Instance UID is found","user":"Surajit","timestamp":"13-02-2020 14:49:26"},
{"event":"New SOP Instance UID is created : 20130311121302202000000.0.0.6","user":"Surajit","timestamp":"13-02-2020 14:49:26"},
{"event":"New SOP Instance UID inserted : 20130311121302202000000.0.0.6","user":"Surajit","timestamp":"13-02-2020 14:49:26"},
{"event":"Patient ID is found","user":"Surajit","timestamp":"13-02-2020 14:49:26"},
{"event":"Study Instance UID is found","user":"Surajit","timestamp":"13-02-2020 14:49:26"},
{"event":"Series Instance UID is found","user":"Surajit","timestamp":"13-02-2020 14:49:26"},
{"event":"New SOP Instance UID is created : 20130311121302202000000.0.0.7","user":"Surajit","timestamp":"13-02-2020 14:49:26"},
{"event":"New SOP Instance UID inserted : 20130311121302202000000.0.0.7","user":"Surajit","timestamp":"13-02-2020 14:49:26"},
{"event":"Patient ID is found","user":"Surajit","timestamp":"13-02-2020 14:49:26"},
{"event":"Study Instance UID is found","user":"Surajit","timestamp":"13-02-2020 14:49:26"},
{"event":"Series Instance UID is found","user":"Surajit","timestamp":"13-02-2020 14:49:26"},
{"event":"New SOP Instance UID is created : 20130311121302202000000.0.0.8","user":"Surajit","timestamp":"13-02-2020 14:49:26"},
{"event":"New SOP Instance UID inserted : 20130311121302202000000.0.0.8","user":"Surajit","timestamp":"13-02-2020 14:49:26"},
{"event":"Patient ID is found","user":"Surajit","timestamp":"13-02-2020 14:49:26"},
{"event":"Study Instance UID is found","user":"Surajit","timestamp":"13-02-2020 14:49:26"},
{"event":"Series Instance UID is found","user":"Surajit","timestamp":"13-02-2020 14:49:26"},
{"event":"New SOP Instance UID is created : 20130311121302202000000.0.0.9","user":"Surajit","timestamp":"13-02-2020 14:49:26"},
{"event":"New SOP Instance UID inserted : 20130311121302202000000.0.0.9","user":"Surajit","timestamp":"13-02-2020 14:49:26"},
{"event":"Patient ID is found","user":"Surajit","timestamp":"13-02-2020 14:49:27"},
{"event":"Study Instance UID is found","user":"Surajit","timestamp":"13-02-2020 14:49:27"},
{"event":"Series Instance UID is found","user":"Surajit","timestamp":"13-02-2020 14:49:27"},
{"event":"New SOP Instance UID is created : 20130311121302202000000.0.0.10","user":"Surajit","timestamp":"13-02-2020 14:49:27"},
{"event":"New SOP Instance UID inserted : 20130311121302202000000.0.0.10","user":"Surajit","timestamp":"13-02-2020 14:49:27"},
{"event":"Patient ID is found","user":"Surajit","timestamp":"13-02-2020 14:49:27"},
{"event":"Study Instance UID is found","user":"Surajit","timestamp":"13-02-2020 14:49:27"},
{"event":"Series Instance UID is found","user":"Surajit","timestamp":"13-02-2020 14:49:27"},
{"event":"New SOP Instance UID is created : 20130311121302202000000.0.0.11","user":"Surajit","timestamp":"13-02-2020 14:49:27"},
{"event":"New SOP Instance UID inserted : 20130311121302202000000.0.0.11","user":"Surajit","timestamp":"13-02-2020 14:49:27"},
{"event":"Patient ID is found","user":"Surajit","timestamp":"13-02-2020 14:49:27"},
{"event":"Study Instance UID is found","user":"Surajit","timestamp":"13-02-2020 14:49:27"},
{"event":"Series Instance UID is found","user":"Surajit","timestamp":"13-02-2020 14:49:27"},
{"event":"New SOP Instance UID is created : 20130311121302202000000.0.0.12","user":"Surajit","timestamp":"13-02-2020 14:49:27"},
{"event":"New SOP Instance UID inserted : 20130311121302202000000.0.0.12","user":"Surajit","timestamp":"13-02-2020 14:49:27"},
{"event":"Patient ID is found","user":"Surajit","timestamp":"13-02-2020 14:49:27"},
{"event":"Study Instance UID is found","user":"Surajit","timestamp":"13-02-2020 14:49:27"},
{"event":"Series Instance UID is found","user":"Surajit","timestamp":"13-02-2020 14:49:27"},
{"event":"New SOP Instance UID is created : 20130311121302202000000.0.0.13","user":"Surajit","timestamp":"13-02-2020 14:49:27"},
{"event":"New SOP Instance UID inserted : 20130311121302202000000.0.0.13","user":"Surajit","timestamp":"13-02-2020 14:49:27"},
{"event":"Patient ID is found","user":"Surajit","timestamp":"13-02-2020 14:49:27"},
{"event":"Study Instance UID is found","user":"Surajit","timestamp":"13-02-2020 14:49:27"},
{"event":"Series Instance UID is found","user":"Surajit","timestamp":"13-02-2020 14:49:27"},
{"event":"New SOP Instance UID is created : 20130311121302202000000.0.0.14","user":"Surajit","timestamp":"13-02-2020 14:49:27"},
{"event":"New SOP Instance UID inserted : 20130311121302202000000.0.0.14","user":"Surajit","timestamp":"13-02-2020 14:49:27"},
{"event":"Patient ID is found","user":"Surajit","timestamp":"13-02-2020 14:49:27"},
{"event":"Study Instance UID is found","user":"Surajit","timestamp":"13-02-2020 14:49:27"},
{"event":"Series Instance UID is found","user":"Surajit","timestamp":"13-02-2020 14:49:27"},
{"event":"New SOP Instance UID is created : 20130311121302202000000.0.0.15","user":"Surajit","timestamp":"13-02-2020 14:49:27"},
{"event":"New SOP Instance UID inserted : 20130311121302202000000.0.0.15","user":"Surajit","timestamp":"13-02-2020 14:49:27"},
{"event":"Patient ID is found","user":"Surajit","timestamp":"13-02-2020 14:49:27"},
{"event":"Study Instance UID is found","user":"Surajit","timestamp":"13-02-2020 14:49:27"},
{"event":"Series Instance UID is found","user":"Surajit","timestamp":"13-02-2020 14:49:27"},
{"event":"New SOP Instance UID is created : 20130311121302202000000.0.0.16","user":"Surajit","timestamp":"13-02-2020 14:49:27"},
{"event":"New SOP Instance UID inserted : 20130311121302202000000.0.0.16","user":"Surajit","timestamp":"13-02-2020 14:49:27"},
{"event":"Patient ID is found","user":"Surajit","timestamp":"13-02-2020 14:49:27"},
{"event":"Study Instance UID is found","user":"Surajit","timestamp":"13-02-2020 14:49:27"},
{"event":"Series Instance UID is found","user":"Surajit","timestamp":"13-02-2020 14:49:27"},
{"event":"New SOP Instance UID is created : 20130311121302202000000.0.0.17","user":"Surajit","timestamp":"13-02-2020 14:49:27"},
{"event":"New SOP Instance UID inserted : 20130311121302202000000.0.0.17","user":"Surajit","timestamp":"13-02-2020 14:49:27"},
{"event":"Patient ID is found","user":"Surajit","timestamp":"13-02-2020 14:49:28"},
{"event":"Study Instance UID is found","user":"Surajit","timestamp":"13-02-2020 14:49:28"},
{"event":"Series Instance UID is found","user":"Surajit","timestamp":"13-02-2020 14:49:28"},
{"event":"New SOP Instance UID is created : 20130311121302202000000.0.0.18","user":"Surajit","timestamp":"13-02-2020 14:49:28"},
{"event":"New SOP Instance UID inserted : 20130311121302202000000.0.0.18","user":"Surajit","timestamp":"13-02-2020 14:49:28"},
{"event":"Patient ID is found","user":"Surajit","timestamp":"13-02-2020 14:49:28"},
{"event":"Study Instance UID is found","user":"Surajit","timestamp":"13-02-2020 14:49:28"},
{"event":"Series Instance UID is found","user":"Surajit","timestamp":"13-02-2020 14:49:28"},
{"event":"New SOP Instance UID is created : 20130311121302202000000.0.0.19","user":"Surajit","timestamp":"13-02-2020 14:49:28"},
{"event":"New SOP Instance UID inserted : 20130311121302202000000.0.0.19","user":"Surajit","timestamp":"13-02-2020 14:49:28"},
{"event":"Patient ID is found","user":"Surajit","timestamp":"13-02-2020 14:49:28"},
{"event":"Study Instance UID is found","user":"Surajit","timestamp":"13-02-2020 14:49:28"},
{"event":"Series Instance UID is found","user":"Surajit","timestamp":"13-02-2020 14:49:28"},
{"event":"New SOP Instance UID is created : 20130311121302202000000.0.0.20","user":"Surajit","timestamp":"13-02-2020 14:49:28"},
{"event":"New SOP Instance UID inserted : 20130311121302202000000.0.0.20","user":"Surajit","timestamp":"13-02-2020 14:49:28"},
{"event":"Patient ID is found","user":"Surajit","timestamp":"13-02-2020 14:49:28"},
{"event":"Study Instance UID is found","user":"Surajit","timestamp":"13-02-2020 14:49:28"},
{"event":"Series Instance UID is found","user":"Surajit","timestamp":"13-02-2020 14:49:28"},
{"event":"New SOP Instance UID is created : 20130311121302202000000.0.0.21","user":"Surajit","timestamp":"13-02-2020 14:49:28"},
{"event":"New SOP Instance UID inserted : 20130311121302202000000.0.0.21","user":"Surajit","timestamp":"13-02-2020 14:49:28"},
{"event":"Patient ID is found","user":"Surajit","timestamp":"13-02-2020 14:49:28"},
{"event":"Study Instance UID is found","user":"Surajit","timestamp":"13-02-2020 14:49:28"},
{"event":"Series Instance UID is found","user":"Surajit","timestamp":"13-02-2020 14:49:28"},
{"event":"New SOP Instance UID is created : 20130311121302202000000.0.0.22","user":"Surajit","timestamp":"13-02-2020 14:49:28"},
{"event":"New SOP Instance UID inserted : 20130311121302202000000.0.0.22","user":"Surajit","timestamp":"13-02-2020 14:49:28"},
{"event":"Patient ID is found","user":"Surajit","timestamp":"13-02-2020 14:49:28"},
{"event":"Study Instance UID is found","user":"Surajit","timestamp":"13-02-2020 14:49:28"},
{"event":"Series Instance UID is found","user":"Surajit","timestamp":"13-02-2020 14:49:28"},
{"event":"New SOP Instance UID is created : 20130311121302202000000.0.0.23","user":"Surajit","timestamp":"13-02-2020 14:49:28"},
{"event":"New SOP Instance UID inserted : 20130311121302202000000.0.0.23","user":"Surajit","timestamp":"13-02-2020 14:49:28"},
{"event":"Patient ID is found","user":"Surajit","timestamp":"13-02-2020 14:49:28"},
{"event":"Study Instance UID is found","user":"Surajit","timestamp":"13-02-2020 14:49:28"},
{"event":"Series Instance UID is found","user":"Surajit","timestamp":"13-02-2020 14:49:28"},
{"event":"New SOP Instance UID is created : 20130311121302202000000.0.0.24","user":"Surajit","timestamp":"13-02-2020 14:49:28"},
{"event":"New SOP Instance UID inserted : 20130311121302202000000.0.0.24","user":"Surajit","timestamp":"13-02-2020 14:49:28"},
{"event":"Patient ID is found","user":"Surajit","timestamp":"13-02-2020 14:49:28"},
{"event":"Study Instance UID is found","user":"Surajit","timestamp":"13-02-2020 14:49:28"},
{"event":"Series Instance UID is found","user":"Surajit","timestamp":"13-02-2020 14:49:28"},
{"event":"New SOP Instance UID is created : 20130311121302202000000.0.0.25","user":"Surajit","timestamp":"13-02-2020 14:49:28"},
{"event":"New SOP Instance UID inserted : 20130311121302202000000.0.0.25","user":"Surajit","timestamp":"13-02-2020 14:49:28"},
{"event":"Patient ID is found","user":"Surajit","timestamp":"13-02-2020 14:49:29"},
{"event":"Study Instance UID is found","user":"Surajit","timestamp":"13-02-2020 14:49:29"},
{"event":"Series Instance UID is found","user":"Surajit","timestamp":"13-02-2020 14:49:29"},
{"event":"New SOP Instance UID is created : 20130311121302202000000.0.0.26","user":"Surajit","timestamp":"13-02-2020 14:49:29"},
{"event":"New SOP Instance UID inserted : 20130311121302202000000.0.0.26","user":"Surajit","timestamp":"13-02-2020 14:49:29"},
{"event":"Patient ID is found","user":"Surajit","timestamp":"13-02-2020 14:49:29"},
{"event":"Study Instance UID is found","user":"Surajit","timestamp":"13-02-2020 14:49:29"},
{"event":"Series Instance UID is found","user":"Surajit","timestamp":"13-02-2020 14:49:29"},
{"event":"New SOP Instance UID is created : 20130311121302202000000.0.0.27","user":"Surajit","timestamp":"13-02-2020 14:49:29"},
{"event":"New SOP Instance UID inserted : 20130311121302202000000.0.0.27","user":"Surajit","timestamp":"13-02-2020 14:49:29"},
{"event":"Patient ID is found","user":"Surajit","timestamp":"13-02-2020 14:49:29"},
{"event":"Study Instance UID is found","user":"Surajit","timestamp":"13-02-2020 14:49:29"},
{"event":"Series Instance UID is found","user":"Surajit","timestamp":"13-02-2020 14:49:29"},
{"event":"New SOP Instance UID is created : 20130311121302202000000.0.0.28","user":"Surajit","timestamp":"13-02-2020 14:49:29"},
{"event":"New SOP Instance UID inserted : 20130311121302202000000.0.0.28","user":"Surajit","timestamp":"13-02-2020 14:49:29"},
{"event":"Patient ID is found","user":"Surajit","timestamp":"13-02-2020 14:49:29"},
{"event":"Study Instance UID is found","user":"Surajit","timestamp":"13-02-2020 14:49:29"},
{"event":"Series Instance UID is found","user":"Surajit","timestamp":"13-02-2020 14:49:29"},
{"event":"New SOP Instance UID is created : 20130311121302202000000.0.0.29","user":"Surajit","timestamp":"13-02-2020 14:49:29"},
{"event":"New SOP Instance UID inserted : 20130311121302202000000.0.0.29","user":"Surajit","timestamp":"13-02-2020 14:49:29"},
{"event":"Patient ID is found","user":"Surajit","timestamp":"13-02-2020 14:49:29"},
{"event":"Study Instance UID is found","user":"Surajit","timestamp":"13-02-2020 14:49:29"},
{"event":"Series Instance UID is found","user":"Surajit","timestamp":"13-02-2020 14:49:29"},
{"event":"New SOP Instance UID is created : 20130311121302202000000.0.0.30","user":"Surajit","timestamp":"13-02-2020 14:49:29"},
{"event":"New SOP Instance UID inserted : 20130311121302202000000.0.0.30","user":"Surajit","timestamp":"13-02-2020 14:49:29"},
{"event":"Patient ID is found","user":"Surajit","timestamp":"13-02-2020 14:49:29"},
{"event":"Study Instance UID is found","user":"Surajit","timestamp":"13-02-2020 14:49:29"},
{"event":"Series Instance UID is found","user":"Surajit","timestamp":"13-02-2020 14:49:29"},
{"event":"New SOP Instance UID is created : 20130311121302202000000.0.0.31","user":"Surajit","timestamp":"13-02-2020 14:49:29"},
{"event":"New SOP Instance UID inserted : 20130311121302202000000.0.0.31","user":"Surajit","timestamp":"13-02-2020 14:49:29"},
{"event":"Patient ID is found","user":"Surajit","timestamp":"13-02-2020 14:49:29"},
{"event":"Study Instance UID is found","user":"Surajit","timestamp":"13-02-2020 14:49:29"},
{"event":"Series Instance UID is found","user":"Surajit","timestamp":"13-02-2020 14:49:29"},
{"event":"New SOP Instance UID is created : 20130311121302202000000.0.0.32","user":"Surajit","timestamp":"13-02-2020 14:49:29"},
{"event":"New SOP Instance UID inserted : 20130311121302202000000.0.0.32","user":"Surajit","timestamp":"13-02-2020 14:49:29"},
{"event":"Patient ID is found","user":"Surajit","timestamp":"13-02-2020 14:49:29"},
{"event":"Study Instance UID is found","user":"Surajit","timestamp":"13-02-2020 14:49:29"},
{"event":"Series Instance UID is found","user":"Surajit","timestamp":"13-02-2020 14:49:29"},
{"event":"New SOP Instance UID is created : 20130311121302202000000.0.0.33","user":"Surajit","timestamp":"13-02-2020 14:49:29"},
{"event":"New SOP Instance UID inserted : 20130311121302202000000.0.0.33","user":"Surajit","timestamp":"13-02-2020 14:49:29"},
{"event":"Patient ID is found","user":"Surajit","timestamp":"13-02-2020 14:49:30"},
{"event":"Study Instance UID is found","user":"Surajit","timestamp":"13-02-2020 14:49:30"},
{"event":"Series Instance UID is found","user":"Surajit","timestamp":"13-02-2020 14:49:30"},
{"event":"New SOP Instance UID is created : 20130311121302202000000.0.0.34","user":"Surajit","timestamp":"13-02-2020 14:49:30"},
{"event":"New SOP Instance UID inserted : 20130311121302202000000.0.0.34","user":"Surajit","timestamp":"13-02-2020 14:49:30"},
{"event":"Patient ID is found","user":"Surajit","timestamp":"13-02-2020 14:49:30"},
{"event":"Study Instance UID is found","user":"Surajit","timestamp":"13-02-2020 14:49:30"},
{"event":"Series Instance UID is found","user":"Surajit","timestamp":"13-02-2020 14:49:30"},
{"event":"New SOP Instance UID is created : 20130311121302202000000.0.0.35","user":"Surajit","timestamp":"13-02-2020 14:49:30"},
{"event":"New SOP Instance UID inserted : 20130311121302202000000.0.0.35","user":"Surajit","timestamp":"13-02-2020 14:49:30"},
{"event":"Patient ID is found","user":"Surajit","timestamp":"13-02-2020 14:49:30"},
{"event":"Study Instance UID is found","user":"Surajit","timestamp":"13-02-2020 14:49:30"},
{"event":"Series Instance UID is found","user":"Surajit","timestamp":"13-02-2020 14:49:30"},
{"event":"New SOP Instance UID is created : 20130311121302202000000.0.0.36","user":"Surajit","timestamp":"13-02-2020 14:49:30"},
{"event":"New SOP Instance UID inserted : 20130311121302202000000.0.0.36","user":"Surajit","timestamp":"13-02-2020 14:49:30"},
{"event":"Patient ID is found","user":"Surajit","timestamp":"13-02-2020 14:49:30"},
{"event":"Study Instance UID is found","user":"Surajit","timestamp":"13-02-2020 14:49:30"},
{"event":"Series Instance UID is found","user":"Surajit","timestamp":"13-02-2020 14:49:30"},
{"event":"New SOP Instance UID is created : 20130311121302202000000.0.0.37","user":"Surajit","timestamp":"13-02-2020 14:49:30"},
{"event":"New SOP Instance UID inserted : 20130311121302202000000.0.0.37","user":"Surajit","timestamp":"13-02-2020 14:49:30"},
{"event":"Patient ID is found","user":"Surajit","timestamp":"13-02-2020 14:49:30"},
{"event":"Study Instance UID is found","user":"Surajit","timestamp":"13-02-2020 14:49:30"},
{"event":"Series Instance UID is found","user":"Surajit","timestamp":"13-02-2020 14:49:30"},
{"event":"New SOP Instance UID is created : 20130311121302202000000.0.0.38","user":"Surajit","timestamp":"13-02-2020 14:49:30"},
{"event":"New SOP Instance UID inserted : 20130311121302202000000.0.0.38","user":"Surajit","timestamp":"13-02-2020 14:49:30"},
{"event":"Patient ID is found","user":"Surajit","timestamp":"13-02-2020 14:49:30"},
{"event":"Study Instance UID is found","user":"Surajit","timestamp":"13-02-2020 14:49:30"},
{"event":"Series Instance UID is found","user":"Surajit","timestamp":"13-02-2020 14:49:30"},
{"event":"New SOP Instance UID is created : 20130311121302202000000.0.0.39","user":"Surajit","timestamp":"13-02-2020 14:49:30"},
{"event":"New SOP Instance UID inserted : 20130311121302202000000.0.0.39","user":"Surajit","timestamp":"13-02-2020 14:49:30"},
{"event":"Patient ID is found","user":"Surajit","timestamp":"13-02-2020 14:49:30"},
{"event":"Study Instance UID is found","user":"Surajit","timestamp":"13-02-2020 14:49:30"},
{"event":"Series Instance UID is found","user":"Surajit","timestamp":"13-02-2020 14:49:30"},
{"event":"New SOP Instance UID is created : 20130311121302202000000.0.0.40","user":"Surajit","timestamp":"13-02-2020 14:49:30"},
{"event":"New SOP Instance UID inserted : 20130311121302202000000.0.0.40","user":"Surajit","timestamp":"13-02-2020 14:49:30"},
{"event":"Patient ID is found","user":"Surajit","timestamp":"13-02-2020 14:49:30"},
{"event":"Study Instance UID is found","user":"Surajit","timestamp":"13-02-2020 14:49:30"},
{"event":"Series Instance UID is found","user":"Surajit","timestamp":"13-02-2020 14:49:30"},
{"event":"New SOP Instance UID is created : 20130311121302202000000.0.0.41","user":"Surajit","timestamp":"13-02-2020 14:49:30"},
{"event":"New SOP Instance UID inserted : 20130311121302202000000.0.0.41","user":"Surajit","timestamp":"13-02-2020 14:49:30"},
{"event":"Patient ID is found","user":"Surajit","timestamp":"13-02-2020 14:49:30"},
{"event":"Study Instance UID is found","user":"Surajit","timestamp":"13-02-2020 14:49:30"},
{"event":"Series Instance UID is found","user":"Surajit","timestamp":"13-02-2020 14:49:30"},
{"event":"New SOP Instance UID is created : 20130311121302202000000.0.0.42","user":"Surajit","timestamp":"13-02-2020 14:49:30"},
{"event":"New SOP Instance UID inserted : 20130311121302202000000.0.0.42","user":"Surajit","timestamp":"13-02-2020 14:49:30"},
{"event":"Patient ID is found","user":"Surajit","timestamp":"13-02-2020 14:49:31"},
{"event":"Study Instance UID is found","user":"Surajit","timestamp":"13-02-2020 14:49:31"},
{"event":"Series Instance UID is found","user":"Surajit","timestamp":"13-02-2020 14:49:31"},
{"event":"New SOP Instance UID is created : 20130311121302202000000.0.0.43","user":"Surajit","timestamp":"13-02-2020 14:49:31"},
{"event":"New SOP Instance UID inserted : 20130311121302202000000.0.0.43","user":"Surajit","timestamp":"13-02-2020 14:49:31"},
{"event":"Patient ID is found","user":"Surajit","timestamp":"13-02-2020 14:49:31"},
{"event":"Study Instance UID is found","user":"Surajit","timestamp":"13-02-2020 14:49:31"},
{"event":"Series Instance UID is found","user":"Surajit","timestamp":"13-02-2020 14:49:31"},
{"event":"New SOP Instance UID is created : 20130311121302202000000.0.0.44","user":"Surajit","timestamp":"13-02-2020 14:49:31"},
{"event":"New SOP Instance UID inserted : 20130311121302202000000.0.0.44","user":"Surajit","timestamp":"13-02-2020 14:49:31"},
{"event":"Patient ID is found","user":"Surajit","timestamp":"13-02-2020 14:49:31"},
{"event":"Study Instance UID is found","user":"Surajit","timestamp":"13-02-2020 14:49:31"},
{"event":"Series Instance UID is found","user":"Surajit","timestamp":"13-02-2020 14:49:31"},
{"event":"New SOP Instance UID is created : 20130311121302202000000.0.0.45","user":"Surajit","timestamp":"13-02-2020 14:49:31"},
{"event":"New SOP Instance UID inserted : 20130311121302202000000.0.0.45","user":"Surajit","timestamp":"13-02-2020 14:49:31"},
{"event":"Patient ID is found","user":"Surajit","timestamp":"13-02-2020 14:49:31"},
{"event":"Study Instance UID is found","user":"Surajit","timestamp":"13-02-2020 14:49:31"},
{"event":"Series Instance UID is found","user":"Surajit","timestamp":"13-02-2020 14:49:31"},
{"event":"New SOP Instance UID is created : 20130311121302202000000.0.0.46","user":"Surajit","timestamp":"13-02-2020 14:49:31"},
{"event":"New SOP Instance UID inserted : 20130311121302202000000.0.0.46","user":"Surajit","timestamp":"13-02-2020 14:49:31"},
{"event":"Patient ID is found","user":"Surajit","timestamp":"13-02-2020 14:49:31"},
{"event":"Study Instance UID is found","user":"Surajit","timestamp":"13-02-2020 14:49:31"},
{"event":"Series Instance UID is found","user":"Surajit","timestamp":"13-02-2020 14:49:31"},
{"event":"New SOP Instance UID is created : 20130311121302202000000.0.0.47","user":"Surajit","timestamp":"13-02-2020 14:49:31"},
{"event":"New SOP Instance UID inserted : 20130311121302202000000.0.0.47","user":"Surajit","timestamp":"13-02-2020 14:49:31"},
{"event":"Patient ID is found","user":"Surajit","timestamp":"13-02-2020 14:49:31"},
{"event":"Study Instance UID is found","user":"Surajit","timestamp":"13-02-2020 14:49:31"},
{"event":"Series Instance UID is found","user":"Surajit","timestamp":"13-02-2020 14:49:31"},
{"event":"New SOP Instance UID is created : 20130311121302202000000.0.0.48","user":"Surajit","timestamp":"13-02-2020 14:49:31"},
{"event":"New SOP Instance UID inserted : 20130311121302202000000.0.0.48","user":"Surajit","timestamp":"13-02-2020 14:49:31"},
{"event":"Patient ID is found","user":"Surajit","timestamp":"13-02-2020 14:49:31"},
{"event":"Study Instance UID is found","user":"Surajit","timestamp":"13-02-2020 14:49:31"},
{"event":"Series Instance UID is found","user":"Surajit","timestamp":"13-02-2020 14:49:31"},
{"event":"New SOP Instance UID is created : 20130311121302202000000.0.0.49","user":"Surajit","timestamp":"13-02-2020 14:49:31"},
{"event":"New SOP Instance UID inserted : 20130311121302202000000.0.0.49","user":"Surajit","timestamp":"13-02-2020 14:49:31"},
{"event":"Patient ID is found","user":"Surajit","timestamp":"13-02-2020 14:49:31"},
{"event":"Study Instance UID is found","user":"Surajit","timestamp":"13-02-2020 14:49:31"},
{"event":"Series Instance UID is found","user":"Surajit","timestamp":"13-02-2020 14:49:31"},
{"event":"New SOP Instance UID is created : 20130311121302202000000.0.0.50","user":"Surajit","timestamp":"13-02-2020 14:49:31"},
{"event":"New SOP Instance UID inserted : 20130311121302202000000.0.0.50","user":"Surajit","timestamp":"13-02-2020 14:49:31"},
{"event":"Patient ID is found","user":"Surajit","timestamp":"13-02-2020 14:49:31"},
{"event":"Study Instance UID is found","user":"Surajit","timestamp":"13-02-2020 14:49:31"},
{"event":"Series Instance UID is found","user":"Surajit","timestamp":"13-02-2020 14:49:31"},
{"event":"New SOP Instance UID is created : 20130311121302202000000.0.0.51","user":"Surajit","timestamp":"13-02-2020 14:49:31"},
{"event":"New SOP Instance UID inserted : 20130311121302202000000.0.0.51","user":"Surajit","timestamp":"13-02-2020 14:49:31"},
{"event":"Patient ID is found","user":"Surajit","timestamp":"13-02-2020 14:49:32"},
{"event":"Study Instance UID is found","user":"Surajit","timestamp":"13-02-2020 14:49:32"},
{"event":"Series Instance UID is found","user":"Surajit","timestamp":"13-02-2020 14:49:32"},
{"event":"New SOP Instance UID is created : 20130311121302202000000.0.0.52","user":"Surajit","timestamp":"13-02-2020 14:49:32"},
{"event":"New SOP Instance UID inserted : 20130311121302202000000.0.0.52","user":"Surajit","timestamp":"13-02-2020 14:49:32"},
{"event":"Patient ID is found","user":"Surajit","timestamp":"13-02-2020 14:49:32"},
{"event":"Study Instance UID is found","user":"Surajit","timestamp":"13-02-2020 14:49:32"},
{"event":"Series Instance UID is found","user":"Surajit","timestamp":"13-02-2020 14:49:32"},
{"event":"New SOP Instance UID is created : 20130311121302202000000.0.0.53","user":"Surajit","timestamp":"13-02-2020 14:49:32"},
{"event":"New SOP Instance UID inserted : 20130311121302202000000.0.0.53","user":"Surajit","timestamp":"13-02-2020 14:49:32"},
{"event":"Patient ID is found","user":"Surajit","timestamp":"13-02-2020 14:49:32"},
{"event":"Study Instance UID is found","user":"Surajit","timestamp":"13-02-2020 14:49:32"},
{"event":"Series Instance UID is found","user":"Surajit","timestamp":"13-02-2020 14:49:32"},
{"event":"New SOP Instance UID is created : 20130311121302202000000.0.0.54","user":"Surajit","timestamp":"13-02-2020 14:49:32"},
{"event":"New SOP Instance UID inserted : 20130311121302202000000.0.0.54","user":"Surajit","timestamp":"13-02-2020 14:49:32"},
{"event":"Patient ID is found","user":"Surajit","timestamp":"13-02-2020 14:49:32"},
{"event":"Study Instance UID is found","user":"Surajit","timestamp":"13-02-2020 14:49:32"},
{"event":"Series Instance UID is found","user":"Surajit","timestamp":"13-02-2020 14:49:32"},
{"event":"New SOP Instance UID is created : 20130311121302202000000.0.0.55","user":"Surajit","timestamp":"13-02-2020 14:49:32"},
{"event":"New SOP Instance UID inserted : 20130311121302202000000.0.0.55","user":"Surajit","timestamp":"13-02-2020 14:49:32"},
{"event":"Patient ID is found","user":"Surajit","timestamp":"13-02-2020 14:49:32"},
{"event":"Study Instance UID is found","user":"Surajit","timestamp":"13-02-2020 14:49:32"},
{"event":"Series Instance UID is found","user":"Surajit","timestamp":"13-02-2020 14:49:32"},
{"event":"New SOP Instance UID is created : 20130311121302202000000.0.0.56","user":"Surajit","timestamp":"13-02-2020 14:49:32"},
{"event":"New SOP Instance UID inserted : 20130311121302202000000.0.0.56","user":"Surajit","timestamp":"13-02-2020 14:49:32"},
{"event":"Patient ID is found","user":"Surajit","timestamp":"13-02-2020 14:49:32"},
{"event":"Study Instance UID is found","user":"Surajit","timestamp":"13-02-2020 14:49:32"},
{"event":"Series Instance UID is found","user":"Surajit","timestamp":"13-02-2020 14:49:32"},
{"event":"New SOP Instance UID is created : 20130311121302202000000.0.0.57","user":"Surajit","timestamp":"13-02-2020 14:49:32"},
{"event":"New SOP Instance UID inserted : 20130311121302202000000.0.0.57","user":"Surajit","timestamp":"13-02-2020 14:49:32"},
{"event":"Patient ID is found","user":"Surajit","timestamp":"13-02-2020 14:49:32"},
{"event":"Study Instance UID is found","user":"Surajit","timestamp":"13-02-2020 14:49:32"},
{"event":"Series Instance UID is found","user":"Surajit","timestamp":"13-02-2020 14:49:32"},
{"event":"New SOP Instance UID is created : 20130311121302202000000.0.0.58","user":"Surajit","timestamp":"13-02-2020 14:49:32"},
{"event":"New SOP Instance UID inserted : 20130311121302202000000.0.0.58","user":"Surajit","timestamp":"13-02-2020 14:49:32"},
{"event":"Patient ID is found","user":"Surajit","timestamp":"13-02-2020 14:49:32"},
{"event":"Study Instance UID is found","user":"Surajit","timestamp":"13-02-2020 14:49:32"},
{"event":"Series Instance UID is found","user":"Surajit","timestamp":"13-02-2020 14:49:32"},
{"event":"New SOP Instance UID is created : 20130311121302202000000.0.0.59","user":"Surajit","timestamp":"13-02-2020 14:49:32"},
{"event":"New SOP Instance UID inserted : 20130311121302202000000.0.0.59","user":"Surajit","timestamp":"13-02-2020 14:49:32"},
{"event":"Patient ID is found","user":"Surajit","timestamp":"13-02-2020 14:49:32"},
{"event":"Study Instance UID is found","user":"Surajit","timestamp":"13-02-2020 14:49:32"},
{"event":"Series Instance UID is found","user":"Surajit","timestamp":"13-02-2020 14:49:32"},
{"event":"New SOP Instance UID is created : 20130311121302202000000.0.0.60","user":"Surajit","timestamp":"13-02-2020 14:49:32"},
{"event":"New SOP Instance UID inserted : 20130311121302202000000.0.0.60","user":"Surajit","timestamp":"13-02-2020 14:49:32"},
{"event":"Patient ID is found","user":"Surajit","timestamp":"13-02-2020 14:49:33"},
{"event":"Study Instance UID is found","user":"Surajit","timestamp":"13-02-2020 14:49:33"},
{"event":"Series Instance UID is found","user":"Surajit","timestamp":"13-02-2020 14:49:33"},
{"event":"New SOP Instance UID is created : 20130311121302202000000.0.0.61","user":"Surajit","timestamp":"13-02-2020 14:49:33"},
{"event":"New SOP Instance UID inserted : 20130311121302202000000.0.0.61","user":"Surajit","timestamp":"13-02-2020 14:49:33"},
{"event":"Patient ID is found","user":"Surajit","timestamp":"13-02-2020 14:49:33"},
{"event":"Study Instance UID is found","user":"Surajit","timestamp":"13-02-2020 14:49:33"},
{"event":"Series Instance UID is found","user":"Surajit","timestamp":"13-02-2020 14:49:33"},
{"event":"New SOP Instance UID is created : 20130311121302202000000.0.0.62","user":"Surajit","timestamp":"13-02-2020 14:49:33"},
{"event":"New SOP Instance UID inserted : 20130311121302202000000.0.0.62","user":"Surajit","timestamp":"13-02-2020 14:49:33"},
{"event":"Patient ID is found","user":"Surajit","timestamp":"13-02-2020 14:49:33"},
{"event":"Study Instance UID is found","user":"Surajit","timestamp":"13-02-2020 14:49:33"},
{"event":"Series Instance UID is found","user":"Surajit","timestamp":"13-02-2020 14:49:33"},
{"event":"New SOP Instance UID is created : 20130311121302202000000.0.0.63","user":"Surajit","timestamp":"13-02-2020 14:49:33"},
{"event":"New SOP Instance UID inserted : 20130311121302202000000.0.0.63","user":"Surajit","timestamp":"13-02-2020 14:49:33"},
{"event":"Patient ID is found","user":"Surajit","timestamp":"13-02-2020 14:49:33"},
{"event":"Study Instance UID is found","user":"Surajit","timestamp":"13-02-2020 14:49:33"},
{"event":"Series Instance UID is found","user":"Surajit","timestamp":"13-02-2020 14:49:33"},
{"event":"New SOP Instance UID is created : 20130311121302202000000.0.0.64","user":"Surajit","timestamp":"13-02-2020 14:49:33"},
{"event":"New SOP Instance UID inserted : 20130311121302202000000.0.0.64","user":"Surajit","timestamp":"13-02-2020 14:49:33"},
{"event":"Patient ID is found","user":"Surajit","timestamp":"13-02-2020 14:49:33"},
{"event":"Study Instance UID is found","user":"Surajit","timestamp":"13-02-2020 14:49:33"},
{"event":"Series Instance UID is found","user":"Surajit","timestamp":"13-02-2020 14:49:33"},
{"event":"New SOP Instance UID is created : 20130311121302202000000.0.0.65","user":"Surajit","timestamp":"13-02-2020 14:49:33"},
{"event":"New SOP Instance UID inserted : 20130311121302202000000.0.0.65","user":"Surajit","timestamp":"13-02-2020 14:49:33"},
{"event":"Patient ID is found","user":"Surajit","timestamp":"13-02-2020 14:49:33"},
{"event":"Study Instance UID is found","user":"Surajit","timestamp":"13-02-2020 14:49:33"},
{"event":"Series Instance UID is found","user":"Surajit","timestamp":"13-02-2020 14:49:33"},
{"event":"New SOP Instance UID is created : 20130311121302202000000.0.0.66","user":"Surajit","timestamp":"13-02-2020 14:49:33"},
{"event":"New SOP Instance UID inserted : 20130311121302202000000.0.0.66","user":"Surajit","timestamp":"13-02-2020 14:49:33"},
{"event":"Patient ID is found","user":"Surajit","timestamp":"13-02-2020 14:49:33"},
{"event":"Study Instance UID is found","user":"Surajit","timestamp":"13-02-2020 14:49:33"},
{"event":"Series Instance UID is found","user":"Surajit","timestamp":"13-02-2020 14:49:33"},
{"event":"New SOP Instance UID is created : 20130311121302202000000.0.0.67","user":"Surajit","timestamp":"13-02-2020 14:49:33"},
{"event":"New SOP Instance UID inserted : 20130311121302202000000.0.0.67","user":"Surajit","timestamp":"13-02-2020 14:49:33"},
{"event":"Patient ID is found","user":"Surajit","timestamp":"13-02-2020 14:49:34"},
{"event":"Study Instance UID is found","user":"Surajit","timestamp":"13-02-2020 14:49:34"},
{"event":"Series Instance UID is found","user":"Surajit","timestamp":"13-02-2020 14:49:34"},
{"event":"New SOP Instance UID is created : 20130311121302202000000.0.0.68","user":"Surajit","timestamp":"13-02-2020 14:49:34"},
{"event":"New SOP Instance UID inserted : 20130311121302202000000.0.0.68","user":"Surajit","timestamp":"13-02-2020 14:49:34"},
{"event":"Patient ID is found","user":"Surajit","timestamp":"13-02-2020 14:49:34"},
{"event":"Study Instance UID is found","user":"Surajit","timestamp":"13-02-2020 14:49:34"},
{"event":"Series Instance UID is found","user":"Surajit","timestamp":"13-02-2020 14:49:34"},
{"event":"New SOP Instance UID is created : 20130311121302202000000.0.0.69","user":"Surajit","timestamp":"13-02-2020 14:49:34"},
{"event":"New SOP Instance UID inserted : 20130311121302202000000.0.0.69","user":"Surajit","timestamp":"13-02-2020 14:49:34"},
{"event":"Patient ID is found","user":"Surajit","timestamp":"13-02-2020 14:49:34"},
{"event":"Study Instance UID is found","user":"Surajit","timestamp":"13-02-2020 14:49:34"},
{"event":"Series Instance UID is found","user":"Surajit","timestamp":"13-02-2020 14:49:34"},
{"event":"New SOP Instance UID is created : 20130311121302202000000.0.0.70","user":"Surajit","timestamp":"13-02-2020 14:49:34"},
{"event":"New SOP Instance UID inserted : 20130311121302202000000.0.0.70","user":"Surajit","timestamp":"13-02-2020 14:49:34"},
{"event":"Patient ID is found","user":"Surajit","timestamp":"13-02-2020 14:49:34"},
{"event":"Study Instance UID is found","user":"Surajit","timestamp":"13-02-2020 14:49:34"},
{"event":"Series Instance UID is found","user":"Surajit","timestamp":"13-02-2020 14:49:34"},
{"event":"New SOP Instance UID is created : 20130311121302202000000.0.0.71","user":"Surajit","timestamp":"13-02-2020 14:49:34"},
{"event":"New SOP Instance UID inserted : 20130311121302202000000.0.0.71","user":"Surajit","timestamp":"13-02-2020 14:49:34"},
{"event":"Patient ID is found","user":"Surajit","timestamp":"13-02-2020 14:49:34"},
{"event":"Study Instance UID is found","user":"Surajit","timestamp":"13-02-2020 14:49:34"},
{"event":"Series Instance UID is found","user":"Surajit","timestamp":"13-02-2020 14:49:34"},
{"event":"New SOP Instance UID is created : 20130311121302202000000.0.0.72","user":"Surajit","timestamp":"13-02-2020 14:49:34"},
{"event":"New SOP Instance UID inserted : 20130311121302202000000.0.0.72","user":"Surajit","timestamp":"13-02-2020 14:49:34"},
{"event":"Patient ID is found","user":"Surajit","timestamp":"13-02-2020 14:49:34"},
{"event":"Study Instance UID is found","user":"Surajit","timestamp":"13-02-2020 14:49:34"},
{"event":"Series Instance UID is found","user":"Surajit","timestamp":"13-02-2020 14:49:34"},
{"event":"New SOP Instance UID is created : 20130311121302202000000.0.0.73","user":"Surajit","timestamp":"13-02-2020 14:49:34"},
{"event":"New SOP Instance UID inserted : 20130311121302202000000.0.0.73","user":"Surajit","timestamp":"13-02-2020 14:49:34"},
{"event":"Patient ID is found","user":"Surajit","timestamp":"13-02-2020 14:49:34"},
{"event":"Study Instance UID is found","user":"Surajit","timestamp":"13-02-2020 14:49:34"},
{"event":"Series Instance UID is found","user":"Surajit","timestamp":"13-02-2020 14:49:34"},
{"event":"New SOP Instance UID is created : 20130311121302202000000.0.0.74","user":"Surajit","timestamp":"13-02-2020 14:49:34"},
{"event":"New SOP Instance UID inserted : 20130311121302202000000.0.0.74","user":"Surajit","timestamp":"13-02-2020 14:49:34"},
{"event":"Patient ID is found","user":"Surajit","timestamp":"13-02-2020 14:49:34"},
{"event":"Study Instance UID is found","user":"Surajit","timestamp":"13-02-2020 14:49:34"},
{"event":"Series Instance UID is found","user":"Surajit","timestamp":"13-02-2020 14:49:34"},
{"event":"New SOP Instance UID is created : 20130311121302202000000.0.0.75","user":"Surajit","timestamp":"13-02-2020 14:49:34"},
{"event":"New SOP Instance UID inserted : 20130311121302202000000.0.0.75","user":"Surajit","timestamp":"13-02-2020 14:49:34"},
{"event":"Patient ID is found","user":"Surajit","timestamp":"13-02-2020 14:49:34"},
{"event":"Study Instance UID is found","user":"Surajit","timestamp":"13-02-2020 14:49:34"},
{"event":"Series Instance UID is found","user":"Surajit","timestamp":"13-02-2020 14:49:34"},
{"event":"New SOP Instance UID is created : 20130311121302202000000.0.0.76","user":"Surajit","timestamp":"13-02-2020 14:49:34"},
{"event":"New SOP Instance UID inserted : 20130311121302202000000.0.0.76","user":"Surajit","timestamp":"13-02-2020 14:49:34"},
{"event":"Patient ID is found","user":"Surajit","timestamp":"13-02-2020 14:49:34"},
{"event":"Study Instance UID is found","user":"Surajit","timestamp":"13-02-2020 14:49:34"},
{"event":"Series Instance UID is found","user":"Surajit","timestamp":"13-02-2020 14:49:34"},
{"event":"New SOP Instance UID is created : 20130311121302202000000.0.0.77","user":"Surajit","timestamp":"13-02-2020 14:49:34"},
{"event":"New SOP Instance UID inserted : 20130311121302202000000.0.0.77","user":"Surajit","timestamp":"13-02-2020 14:49:34"},
{"event":"Patient ID is found","user":"Surajit","timestamp":"13-02-2020 14:49:35"},
{"event":"Study Instance UID is found","user":"Surajit","timestamp":"13-02-2020 14:49:35"},
{"event":"Series Instance UID is found","user":"Surajit","timestamp":"13-02-2020 14:49:35"},
{"event":"New SOP Instance UID is created : 20130311121302202000000.0.0.78","user":"Surajit","timestamp":"13-02-2020 14:49:35"},
{"event":"New SOP Instance UID inserted : 20130311121302202000000.0.0.78","user":"Surajit","timestamp":"13-02-2020 14:49:35"},
{"event":"Patient ID is found","user":"Surajit","timestamp":"13-02-2020 14:49:35"},
{"event":"Study Instance UID is found","user":"Surajit","timestamp":"13-02-2020 14:49:35"},
{"event":"Series Instance UID is found","user":"Surajit","timestamp":"13-02-2020 14:49:35"},
{"event":"New SOP Instance UID is created : 20130311121302202000000.0.0.79","user":"Surajit","timestamp":"13-02-2020 14:49:35"},
{"event":"New SOP Instance UID inserted : 20130311121302202000000.0.0.79","user":"Surajit","timestamp":"13-02-2020 14:49:35"},
{"event":"Patient ID is found","user":"Surajit","timestamp":"13-02-2020 14:49:35"},
{"event":"Study Instance UID is found","user":"Surajit","timestamp":"13-02-2020 14:49:35"},
{"event":"Series Instance UID is found","user":"Surajit","timestamp":"13-02-2020 14:49:35"},
{"event":"New SOP Instance UID is created : 20130311121302202000000.0.0.80","user":"Surajit","timestamp":"13-02-2020 14:49:35"},
{"event":"New SOP Instance UID inserted : 20130311121302202000000.0.0.80","user":"Surajit","timestamp":"13-02-2020 14:49:35"},
{"event":"Patient ID is found","user":"Surajit","timestamp":"13-02-2020 14:49:35"},
{"event":"Study Instance UID is found","user":"Surajit","timestamp":"13-02-2020 14:49:35"},
{"event":"Series Instance UID is found","user":"Surajit","timestamp":"13-02-2020 14:49:35"},
{"event":"New SOP Instance UID is created : 20130311121302202000000.0.0.81","user":"Surajit","timestamp":"13-02-2020 14:49:35"},
{"event":"New SOP Instance UID inserted : 20130311121302202000000.0.0.81","user":"Surajit","timestamp":"13-02-2020 14:49:35"},
{"event":"Patient ID is found","user":"Surajit","timestamp":"13-02-2020 14:49:35"},
{"event":"Study Instance UID is found","user":"Surajit","timestamp":"13-02-2020 14:49:35"},
{"event":"Series Instance UID is found","user":"Surajit","timestamp":"13-02-2020 14:49:35"},
{"event":"New SOP Instance UID is created : 20130311121302202000000.0.0.82","user":"Surajit","timestamp":"13-02-2020 14:49:35"},
{"event":"New SOP Instance UID inserted : 20130311121302202000000.0.0.82","user":"Surajit","timestamp":"13-02-2020 14:49:35"},
{"event":"Patient ID is found","user":"Surajit","timestamp":"13-02-2020 14:49:35"},
{"event":"Study Instance UID is found","user":"Surajit","timestamp":"13-02-2020 14:49:35"},
{"event":"Series Instance UID is found","user":"Surajit","timestamp":"13-02-2020 14:49:35"},
{"event":"New SOP Instance UID is created : 20130311121302202000000.0.0.83","user":"Surajit","timestamp":"13-02-2020 14:49:35"},
{"event":"New SOP Instance UID inserted : 20130311121302202000000.0.0.83","user":"Surajit","timestamp":"13-02-2020 14:49:35"},
{"event":"Patient ID is found","user":"Surajit","timestamp":"13-02-2020 14:49:35"},
{"event":"Study Instance UID is found","user":"Surajit","timestamp":"13-02-2020 14:49:35"},
{"event":"Series Instance UID is found","user":"Surajit","timestamp":"13-02-2020 14:49:35"},
{"event":"New SOP Instance UID is created : 20130311121302202000000.0.0.84","user":"Surajit","timestamp":"13-02-2020 14:49:35"},
{"event":"New SOP Instance UID inserted : 20130311121302202000000.0.0.84","user":"Surajit","timestamp":"13-02-2020 14:49:35"},
{"event":"Patient ID is found","user":"Surajit","timestamp":"13-02-2020 14:49:35"},
{"event":"Study Instance UID is found","user":"Surajit","timestamp":"13-02-2020 14:49:35"},
{"event":"Series Instance UID is found","user":"Surajit","timestamp":"13-02-2020 14:49:35"},
{"event":"New SOP Instance UID is created : 20130311121302202000000.0.0.85","user":"Surajit","timestamp":"13-02-2020 14:49:35"},
{"event":"New SOP Instance UID inserted : 20130311121302202000000.0.0.85","user":"Surajit","timestamp":"13-02-2020 14:49:35"},
{"event":"Patient ID is found","user":"Surajit","timestamp":"13-02-2020 14:49:35"},
{"event":"Study Instance UID is found","user":"Surajit","timestamp":"13-02-2020 14:49:35"},
{"event":"Series Instance UID is found","user":"Surajit","timestamp":"13-02-2020 14:49:35"},
{"event":"New SOP Instance UID is created : 20130311121302202000000.0.0.86","user":"Surajit","timestamp":"13-02-2020 14:49:35"},
{"event":"New SOP Instance UID inserted : 20130311121302202000000.0.0.86","user":"Surajit","timestamp":"13-02-2020 14:49:35"},
{"event":"Patient ID is found","user":"Surajit","timestamp":"13-02-2020 14:49:35"},
{"event":"Study Instance UID is found","user":"Surajit","timestamp":"13-02-2020 14:49:35"},
{"event":"Series Instance UID is found","user":"Surajit","timestamp":"13-02-2020 14:49:35"},
{"event":"New SOP Instance UID is created : 20130311121302202000000.0.0.87","user":"Surajit","timestamp":"13-02-2020 14:49:35"},
{"event":"New SOP Instance UID inserted : 20130311121302202000000.0.0.87","user":"Surajit","timestamp":"13-02-2020 14:49:35"},
{"event":"Patient ID is found","user":"Surajit","timestamp":"13-02-2020 14:49:35"},
{"event":"Study Instance UID is found","user":"Surajit","timestamp":"13-02-2020 14:49:35"},
{"event":"Series Instance UID is found","user":"Surajit","timestamp":"13-02-2020 14:49:35"},
{"event":"New SOP Instance UID is created : 20130311121302202000000.0.0.88","user":"Surajit","timestamp":"13-02-2020 14:49:35"},
{"event":"New SOP Instance UID inserted : 20130311121302202000000.0.0.88","user":"Surajit","timestamp":"13-02-2020 14:49:35"},
{"event":"Patient ID is found","user":"Surajit","timestamp":"13-02-2020 14:49:36"},
{"event":"Study Instance UID is found","user":"Surajit","timestamp":"13-02-2020 14:49:36"},
{"event":"Series Instance UID is found","user":"Surajit","timestamp":"13-02-2020 14:49:36"},
{"event":"New SOP Instance UID is created : 20130311121302202000000.0.0.89","user":"Surajit","timestamp":"13-02-2020 14:49:36"},
{"event":"New SOP Instance UID inserted : 20130311121302202000000.0.0.89","user":"Surajit","timestamp":"13-02-2020 14:49:36"},
{"event":"Patient ID is found","user":"Surajit","timestamp":"13-02-2020 14:49:36"},
{"event":"Study Instance UID is found","user":"Surajit","timestamp":"13-02-2020 14:49:36"},
{"event":"Series Instance UID is found","user":"Surajit","timestamp":"13-02-2020 14:49:36"},
{"event":"New SOP Instance UID is created : 20130311121302202000000.0.0.90","user":"Surajit","timestamp":"13-02-2020 14:49:36"},
{"event":"New SOP Instance UID inserted : 20130311121302202000000.0.0.90","user":"Surajit","timestamp":"13-02-2020 14:49:36"},
{"event":"Patient ID is found","user":"Surajit","timestamp":"13-02-2020 14:49:36"},
{"event":"Study Instance UID is found","user":"Surajit","timestamp":"13-02-2020 14:49:36"},
{"event":"Series Instance UID is found","user":"Surajit","timestamp":"13-02-2020 14:49:36"},
{"event":"New SOP Instance UID is created : 20130311121302202000000.0.0.91","user":"Surajit","timestamp":"13-02-2020 14:49:36"},
{"event":"New SOP Instance UID inserted : 20130311121302202000000.0.0.91","user":"Surajit","timestamp":"13-02-2020 14:49:36"},
{"event":"Patient ID is found","user":"Surajit","timestamp":"13-02-2020 14:49:36"},
{"event":"Study Instance UID is found","user":"Surajit","timestamp":"13-02-2020 14:49:36"},
{"event":"Series Instance UID is found","user":"Surajit","timestamp":"13-02-2020 14:49:36"},
{"event":"New SOP Instance UID is created : 20130311121302202000000.0.0.92","user":"Surajit","timestamp":"13-02-2020 14:49:36"},
{"event":"New SOP Instance UID inserted : 20130311121302202000000.0.0.92","user":"Surajit","timestamp":"13-02-2020 14:49:36"},
{"event":"Patient ID is found","user":"Surajit","timestamp":"13-02-2020 14:49:36"},
{"event":"Study Instance UID is found","user":"Surajit","timestamp":"13-02-2020 14:49:36"},
{"event":"Series Instance UID is found","user":"Surajit","timestamp":"13-02-2020 14:49:36"},
{"event":"New SOP Instance UID is created : 20130311121302202000000.0.0.93","user":"Surajit","timestamp":"13-02-2020 14:49:36"},
{"event":"New SOP Instance UID inserted : 20130311121302202000000.0.0.93","user":"Surajit","timestamp":"13-02-2020 14:49:36"},
{"event":"Patient ID is found","user":"Surajit","timestamp":"13-02-2020 14:49:36"},
{"event":"Study Instance UID is found","user":"Surajit","timestamp":"13-02-2020 14:49:36"},
{"event":"Series Instance UID is found","user":"Surajit","timestamp":"13-02-2020 14:49:36"},
{"event":"New SOP Instance UID is created : 20130311121302202000000.0.0.94","user":"Surajit","timestamp":"13-02-2020 14:49:36"},
{"event":"New SOP Instance UID inserted : 20130311121302202000000.0.0.94","user":"Surajit","timestamp":"13-02-2020 14:49:36"},
{"event":"Patient ID is found","user":"Surajit","timestamp":"13-02-2020 14:49:36"},
{"event":"Study Instance UID is found","user":"Surajit","timestamp":"13-02-2020 14:49:36"},
{"event":"Series Instance UID is found","user":"Surajit","timestamp":"13-02-2020 14:49:36"},
{"event":"New SOP Instance UID is created : 20130311121302202000000.0.0.95","user":"Surajit","timestamp":"13-02-2020 14:49:36"},
{"event":"New SOP Instance UID inserted : 20130311121302202000000.0.0.95","user":"Surajit","timestamp":"13-02-2020 14:49:36"},
{"event":"Patient ID is found","user":"Surajit","timestamp":"13-02-2020 14:49:36"},
{"event":"Study Instance UID is found","user":"Surajit","timestamp":"13-02-2020 14:49:36"},
{"event":"Series Instance UID is found","user":"Surajit","timestamp":"13-02-2020 14:49:36"},
{"event":"New SOP Instance UID is created : 20130311121302202000000.0.0.96","user":"Surajit","timestamp":"13-02-2020 14:49:36"},
{"event":"New SOP Instance UID inserted : 20130311121302202000000.0.0.96","user":"Surajit","timestamp":"13-02-2020 14:49:36"},
{"event":"Patient ID is found","user":"Surajit","timestamp":"13-02-2020 14:49:36"},
{"event":"Study Instance UID is found","user":"Surajit","timestamp":"13-02-2020 14:49:36"},
{"event":"Series Instance UID is found","user":"Surajit","timestamp":"13-02-2020 14:49:36"},
{"event":"New SOP Instance UID is created : 20130311121302202000000.0.0.97","user":"Surajit","timestamp":"13-02-2020 14:49:36"},
{"event":"New SOP Instance UID inserted : 20130311121302202000000.0.0.97","user":"Surajit","timestamp":"13-02-2020 14:49:36"},
{"event":"Patient ID is found","user":"Surajit","timestamp":"13-02-2020 14:49:36"},
{"event":"Study Instance UID is found","user":"Surajit","timestamp":"13-02-2020 14:49:36"},
{"event":"Series Instance UID is found","user":"Surajit","timestamp":"13-02-2020 14:49:36"},
{"event":"New SOP Instance UID is created : 20130311121302202000000.0.0.98","user":"Surajit","timestamp":"13-02-2020 14:49:36"},
{"event":"New SOP Instance UID inserted : 20130311121302202000000.0.0.98","user":"Surajit","timestamp":"13-02-2020 14:49:36"},
{"event":"Patient ID is found","user":"Surajit","timestamp":"13-02-2020 14:49:36"},
{"event":"Study Instance UID is found","user":"Surajit","timestamp":"13-02-2020 14:49:36"},
{"event":"Series Instance UID is found","user":"Surajit","timestamp":"13-02-2020 14:49:36"},
{"event":"New SOP Instance UID is created : 20130311121302202000000.0.0.99","user":"Surajit","timestamp":"13-02-2020 14:49:36"},
{"event":"New SOP Instance UID inserted : 20130311121302202000000.0.0.99","user":"Surajit","timestamp":"13-02-2020 14:49:36"},
{"event":"Patient ID is found","user":"Surajit","timestamp":"13-02-2020 14:49:37"},
{"event":"Study Instance UID is found","user":"Surajit","timestamp":"13-02-2020 14:49:37"},
{"event":"Series Instance UID is found","user":"Surajit","timestamp":"13-02-2020 14:49:37"},
{"event":"New SOP Instance UID is created : 20130311121302202000000.0.0.100","user":"Surajit","timestamp":"13-02-2020 14:49:37"},
{"event":"New SOP Instance UID inserted : 20130311121302202000000.0.0.100","user":"Surajit","timestamp":"13-02-2020 14:49:37"},
{"event":"Patient ID is found","user":"Surajit","timestamp":"13-02-2020 14:49:37"},
{"event":"Study Instance UID is found","user":"Surajit","timestamp":"13-02-2020 14:49:37"},
{"event":"Series Instance UID is found","user":"Surajit","timestamp":"13-02-2020 14:49:37"},
{"event":"New SOP Instance UID is created : 20130311121302202000000.0.0.101","user":"Surajit","timestamp":"13-02-2020 14:49:37"},
{"event":"New SOP Instance UID inserted : 20130311121302202000000.0.0.101","user":"Surajit","timestamp":"13-02-2020 14:49:37"},
{"event":"Patient ID is found","user":"Surajit","timestamp":"13-02-2020 14:49:37"},
{"event":"Study Instance UID is found","user":"Surajit","timestamp":"13-02-2020 14:49:37"},
{"event":"Series Instance UID is found","user":"Surajit","timestamp":"13-02-2020 14:49:37"},
{"event":"New SOP Instance UID is created : 20130311121302202000000.0.0.102","user":"Surajit","timestamp":"13-02-2020 14:49:37"},
{"event":"New SOP Instance UID inserted : 20130311121302202000000.0.0.102","user":"Surajit","timestamp":"13-02-2020 14:49:37"},
{"event":"Patient ID is found","user":"Surajit","timestamp":"13-02-2020 14:49:37"},
{"event":"Study Instance UID is found","user":"Surajit","timestamp":"13-02-2020 14:49:37"},
{"event":"Series Instance UID is found","user":"Surajit","timestamp":"13-02-2020 14:49:37"},
{"event":"New SOP Instance UID is created : 20130311121302202000000.0.0.103","user":"Surajit","timestamp":"13-02-2020 14:49:37"},
{"event":"New SOP Instance UID inserted : 20130311121302202000000.0.0.103","user":"Surajit","timestamp":"13-02-2020 14:49:37"},
{"event":"Patient ID is found","user":"Surajit","timestamp":"13-02-2020 14:49:37"},
{"event":"Study Instance UID is found","user":"Surajit","timestamp":"13-02-2020 14:49:37"},
{"event":"New Series Instance UID is created : 20130311121302202000000.0.1","user":"Surajit","timestamp":"13-02-2020 14:49:37"},
{"event":"New Series Instance UID is inserted : 20130311121302202000000.0.1","user":"Surajit","timestamp":"13-02-2020 14:49:37"},
{"event":"New SOP Instance UID is created : 20130311121302202000000.0.1.0","user":"Surajit","timestamp":"13-02-2020 14:49:37"},
{"event":"New SOP Instance UID inserted : 20130311121302202000000.0.1.0","user":"Surajit","timestamp":"13-02-2020 14:49:37"},
{"event":"Patient ID is found","user":"Surajit","timestamp":"13-02-2020 14:49:40"},
{"event":"Study Instance UID is found","user":"Surajit","timestamp":"13-02-2020 14:49:40"},
{"event":"New Series Instance UID is created : 20130311121302202000000.0.2","user":"Surajit","timestamp":"13-02-2020 14:49:40"},
{"event":"New Series Instance UID is inserted : 20130311121302202000000.0.2","user":"Surajit","timestamp":"13-02-2020 14:49:40"},
{"event":"New SOP Instance UID is created : 20130311121302202000000.0.2.0","user":"Surajit","timestamp":"13-02-2020 14:49:40"},
{"event":"New SOP Instance UID inserted : 20130311121302202000000.0.2.0","user":"Surajit","timestamp":"13-02-2020 14:49:40"},
{"event":"Patient ID is found","user":"Surajit","timestamp":"13-02-2020 14:49:40"},
{"event":"Study Instance UID is found","user":"Surajit","timestamp":"13-02-2020 14:49:40"},
{"event":"New Series Instance UID is created : 20130311121302202000000.0.3","user":"Surajit","timestamp":"13-02-2020 14:49:40"},
{"event":"New Series Instance UID is inserted : 20130311121302202000000.0.3","user":"Surajit","timestamp":"13-02-2020 14:49:40"},
{"event":"New SOP Instance UID is created : 20130311121302202000000.0.3.0","user":"Surajit","timestamp":"13-02-2020 14:49:40"},
{"event":"New SOP Instance UID inserted : 20130311121302202000000.0.3.0","user":"Surajit","timestamp":"13-02-2020 14:49:40"},
{"event":"Login successfully","user":"sk@c.com","timestamp":"13-02-2020 17:34:44"},
{"event":"Login successfully","user":"admin","timestamp":"13-02-2020 17:35:03"},
