{"event":"Login successfully","user":"sk@c.com","timestamp":"14-08-2020 13:09:40"},
{"event":"New Patient ID is created : 20130311121408202000000","user":"Surajit","timestamp":"14-08-2020 17:10:56"},
{"event":"New Patient ID is inserted : 20130311121408202000000","user":"Surajit","timestamp":"14-08-2020 17:10:56"},
{"event":"20181128 Day difference -66","user":"Surajit","timestamp":"14-08-2020 17:10:56"},
{"event":"Random StudyDate created : 20180923 Day Difference : -66","user":"Surajit","timestamp":"14-08-2020 17:10:56"},
{"event":"New Study Instance UID is created : 20130311121408202000000.0","user":"Surajit","timestamp":"14-08-2020 17:10:56"},
{"event":"New Study Instance UID is inserted : 20130311121408202000000.0","user":"Surajit","timestamp":"14-08-2020 17:10:56"},
{"event":"New Series Instance UID is created : 20130311121408202000000.0.0","user":"Surajit","timestamp":"14-08-2020 17:10:56"},
{"event":"New Series Instance UID is inserted : 20130311121408202000000.0.0","user":"Surajit","timestamp":"14-08-2020 17:10:56"},
{"event":"New SOP Instance UID is created : 20130311121408202000000.0.0.0","user":"Surajit","timestamp":"14-08-2020 17:10:56"},
{"event":"New SOP Instance UID inserted : 20130311121408202000000.0.0.0","user":"Surajit","timestamp":"14-08-2020 17:10:56"},
{"event":"Patient ID is found","user":"Surajit","timestamp":"14-08-2020 17:10:57"},
{"event":"Study Instance UID is found","user":"Surajit","timestamp":"14-08-2020 17:10:57"},
{"event":"New Series Instance UID is created : 20130311121408202000000.0.1","user":"Surajit","timestamp":"14-08-2020 17:10:57"},
{"event":"New Series Instance UID is inserted : 20130311121408202000000.0.1","user":"Surajit","timestamp":"14-08-2020 17:10:57"},
{"event":"New SOP Instance UID is created : 20130311121408202000000.0.1.0","user":"Surajit","timestamp":"14-08-2020 17:10:57"},
{"event":"New SOP Instance UID inserted : 20130311121408202000000.0.1.0","user":"Surajit","timestamp":"14-08-2020 17:10:57"},
{"event":"Patient ID is found","user":"Surajit","timestamp":"14-08-2020 17:10:58"},
{"event":"Study Instance UID is found","user":"Surajit","timestamp":"14-08-2020 17:10:58"},
{"event":"Series Instance UID is found","user":"Surajit","timestamp":"14-08-2020 17:10:58"},
{"event":"New SOP Instance UID is created : 20130311121408202000000.0.0.1","user":"Surajit","timestamp":"14-08-2020 17:10:58"},
{"event":"New SOP Instance UID inserted : 20130311121408202000000.0.0.1","user":"Surajit","timestamp":"14-08-2020 17:10:58"},
{"event":"Patient ID is found","user":"Surajit","timestamp":"14-08-2020 17:10:58"},
{"event":"Study Instance UID is found","user":"Surajit","timestamp":"14-08-2020 17:10:58"},
{"event":"Series Instance UID is found","user":"Surajit","timestamp":"14-08-2020 17:10:58"},
{"event":"New SOP Instance UID is created : 20130311121408202000000.0.1.1","user":"Surajit","timestamp":"14-08-2020 17:10:58"},
{"event":"New SOP Instance UID inserted : 20130311121408202000000.0.1.1","user":"Surajit","timestamp":"14-08-2020 17:10:58"},
{"event":"Patient ID is found","user":"Surajit","timestamp":"14-08-2020 17:10:58"},
{"event":"Study Instance UID is found","user":"Surajit","timestamp":"14-08-2020 17:10:58"},
{"event":"Series Instance UID is found","user":"Surajit","timestamp":"14-08-2020 17:10:58"},
{"event":"New SOP Instance UID is created : 20130311121408202000000.0.0.2","user":"Surajit","timestamp":"14-08-2020 17:10:58"},
{"event":"New SOP Instance UID inserted : 20130311121408202000000.0.0.2","user":"Surajit","timestamp":"14-08-2020 17:10:58"},
{"event":"Patient ID is found","user":"Surajit","timestamp":"14-08-2020 17:10:59"},
{"event":"Study Instance UID is found","user":"Surajit","timestamp":"14-08-2020 17:10:59"},
{"event":"Series Instance UID is found","user":"Surajit","timestamp":"14-08-2020 17:10:59"},
{"event":"New SOP Instance UID is created : 20130311121408202000000.0.1.2","user":"Surajit","timestamp":"14-08-2020 17:10:59"},
{"event":"New SOP Instance UID inserted : 20130311121408202000000.0.1.2","user":"Surajit","timestamp":"14-08-2020 17:10:59"},
{"event":"Patient ID is found","user":"Surajit","timestamp":"14-08-2020 17:10:59"},
{"event":"Study Instance UID is found","user":"Surajit","timestamp":"14-08-2020 17:10:59"},
{"event":"Series Instance UID is found","user":"Surajit","timestamp":"14-08-2020 17:10:59"},
{"event":"New SOP Instance UID is created : 20130311121408202000000.0.0.3","user":"Surajit","timestamp":"14-08-2020 17:10:59"},
{"event":"New SOP Instance UID inserted : 20130311121408202000000.0.0.3","user":"Surajit","timestamp":"14-08-2020 17:10:59"},
{"event":"Patient ID is found","user":"Surajit","timestamp":"14-08-2020 17:10:59"},
{"event":"Study Instance UID is found","user":"Surajit","timestamp":"14-08-2020 17:10:59"},
{"event":"Series Instance UID is found","user":"Surajit","timestamp":"14-08-2020 17:10:59"},
{"event":"New SOP Instance UID is created : 20130311121408202000000.0.1.3","user":"Surajit","timestamp":"14-08-2020 17:10:59"},
{"event":"New SOP Instance UID inserted : 20130311121408202000000.0.1.3","user":"Surajit","timestamp":"14-08-2020 17:10:59"},
{"event":"Patient ID is found","user":"Surajit","timestamp":"14-08-2020 17:10:59"},
{"event":"Study Instance UID is found","user":"Surajit","timestamp":"14-08-2020 17:10:59"},
{"event":"Series Instance UID is found","user":"Surajit","timestamp":"14-08-2020 17:10:59"},
{"event":"New SOP Instance UID is created : 20130311121408202000000.0.0.4","user":"Surajit","timestamp":"14-08-2020 17:10:59"},
{"event":"New SOP Instance UID inserted : 20130311121408202000000.0.0.4","user":"Surajit","timestamp":"14-08-2020 17:10:59"},
{"event":"Patient ID is found","user":"Surajit","timestamp":"14-08-2020 17:11:00"},
{"event":"Study Instance UID is found","user":"Surajit","timestamp":"14-08-2020 17:11:00"},
{"event":"Series Instance UID is found","user":"Surajit","timestamp":"14-08-2020 17:11:00"},
{"event":"New SOP Instance UID is created : 20130311121408202000000.0.1.4","user":"Surajit","timestamp":"14-08-2020 17:11:00"},
{"event":"New SOP Instance UID inserted : 20130311121408202000000.0.1.4","user":"Surajit","timestamp":"14-08-2020 17:11:00"},
{"event":"Patient ID is found","user":"Surajit","timestamp":"14-08-2020 17:11:00"},
{"event":"Study Instance UID is found","user":"Surajit","timestamp":"14-08-2020 17:11:00"},
{"event":"Series Instance UID is found","user":"Surajit","timestamp":"14-08-2020 17:11:00"},
{"event":"New SOP Instance UID is created : 20130311121408202000000.0.0.5","user":"Surajit","timestamp":"14-08-2020 17:11:00"},
{"event":"New SOP Instance UID inserted : 20130311121408202000000.0.0.5","user":"Surajit","timestamp":"14-08-2020 17:11:00"},
{"event":"Patient ID is found","user":"Surajit","timestamp":"14-08-2020 17:11:00"},
{"event":"Study Instance UID is found","user":"Surajit","timestamp":"14-08-2020 17:11:00"},
{"event":"Series Instance UID is found","user":"Surajit","timestamp":"14-08-2020 17:11:00"},
{"event":"New SOP Instance UID is created : 20130311121408202000000.0.1.5","user":"Surajit","timestamp":"14-08-2020 17:11:00"},
{"event":"New SOP Instance UID inserted : 20130311121408202000000.0.1.5","user":"Surajit","timestamp":"14-08-2020 17:11:00"},
{"event":"Patient ID is found","user":"Surajit","timestamp":"14-08-2020 17:11:00"},
{"event":"Study Instance UID is found","user":"Surajit","timestamp":"14-08-2020 17:11:00"},
{"event":"Series Instance UID is found","user":"Surajit","timestamp":"14-08-2020 17:11:00"},
{"event":"New SOP Instance UID is created : 20130311121408202000000.0.0.6","user":"Surajit","timestamp":"14-08-2020 17:11:00"},
{"event":"New SOP Instance UID inserted : 20130311121408202000000.0.0.6","user":"Surajit","timestamp":"14-08-2020 17:11:00"},
{"event":"Patient ID is found","user":"Surajit","timestamp":"14-08-2020 17:11:01"},
{"event":"Study Instance UID is found","user":"Surajit","timestamp":"14-08-2020 17:11:01"},
{"event":"Series Instance UID is found","user":"Surajit","timestamp":"14-08-2020 17:11:01"},
{"event":"New SOP Instance UID is created : 20130311121408202000000.0.1.6","user":"Surajit","timestamp":"14-08-2020 17:11:01"},
{"event":"New SOP Instance UID inserted : 20130311121408202000000.0.1.6","user":"Surajit","timestamp":"14-08-2020 17:11:01"},
{"event":"Patient ID is found","user":"Surajit","timestamp":"14-08-2020 17:11:01"},
{"event":"Study Instance UID is found","user":"Surajit","timestamp":"14-08-2020 17:11:01"},
{"event":"Series Instance UID is found","user":"Surajit","timestamp":"14-08-2020 17:11:01"},
{"event":"New SOP Instance UID is created : 20130311121408202000000.0.0.7","user":"Surajit","timestamp":"14-08-2020 17:11:01"},
{"event":"New SOP Instance UID inserted : 20130311121408202000000.0.0.7","user":"Surajit","timestamp":"14-08-2020 17:11:01"},
{"event":"Patient ID is found","user":"Surajit","timestamp":"14-08-2020 17:11:01"},
{"event":"Study Instance UID is found","user":"Surajit","timestamp":"14-08-2020 17:11:01"},
{"event":"Series Instance UID is found","user":"Surajit","timestamp":"14-08-2020 17:11:01"},
{"event":"New SOP Instance UID is created : 20130311121408202000000.0.1.7","user":"Surajit","timestamp":"14-08-2020 17:11:01"},
{"event":"New SOP Instance UID inserted : 20130311121408202000000.0.1.7","user":"Surajit","timestamp":"14-08-2020 17:11:01"},
{"event":"Patient ID is found","user":"Surajit","timestamp":"14-08-2020 17:11:01"},
{"event":"Study Instance UID is found","user":"Surajit","timestamp":"14-08-2020 17:11:01"},
{"event":"Series Instance UID is found","user":"Surajit","timestamp":"14-08-2020 17:11:01"},
{"event":"New SOP Instance UID is created : 20130311121408202000000.0.0.8","user":"Surajit","timestamp":"14-08-2020 17:11:01"},
{"event":"New SOP Instance UID inserted : 20130311121408202000000.0.0.8","user":"Surajit","timestamp":"14-08-2020 17:11:01"},
{"event":"Patient ID is found","user":"Surajit","timestamp":"14-08-2020 17:11:01"},
{"event":"Study Instance UID is found","user":"Surajit","timestamp":"14-08-2020 17:11:01"},
{"event":"Series Instance UID is found","user":"Surajit","timestamp":"14-08-2020 17:11:01"},
{"event":"New SOP Instance UID is created : 20130311121408202000000.0.1.8","user":"Surajit","timestamp":"14-08-2020 17:11:01"},
{"event":"New SOP Instance UID inserted : 20130311121408202000000.0.1.8","user":"Surajit","timestamp":"14-08-2020 17:11:01"},
{"event":"Patient ID is found","user":"Surajit","timestamp":"14-08-2020 17:11:01"},
{"event":"Study Instance UID is found","user":"Surajit","timestamp":"14-08-2020 17:11:01"},
{"event":"Series Instance UID is found","user":"Surajit","timestamp":"14-08-2020 17:11:01"},
{"event":"New SOP Instance UID is created : 20130311121408202000000.0.0.9","user":"Surajit","timestamp":"14-08-2020 17:11:01"},
{"event":"New SOP Instance UID inserted : 20130311121408202000000.0.0.9","user":"Surajit","timestamp":"14-08-2020 17:11:01"},
{"event":"Patient ID is found","user":"Surajit","timestamp":"14-08-2020 17:11:01"},
{"event":"Study Instance UID is found","user":"Surajit","timestamp":"14-08-2020 17:11:01"},
{"event":"Series Instance UID is found","user":"Surajit","timestamp":"14-08-2020 17:11:01"},
{"event":"New SOP Instance UID is created : 20130311121408202000000.0.1.9","user":"Surajit","timestamp":"14-08-2020 17:11:01"},
{"event":"New SOP Instance UID inserted : 20130311121408202000000.0.1.9","user":"Surajit","timestamp":"14-08-2020 17:11:01"},
{"event":"Patient ID is found","user":"Surajit","timestamp":"14-08-2020 17:11:02"},
{"event":"Study Instance UID is found","user":"Surajit","timestamp":"14-08-2020 17:11:02"},
{"event":"Series Instance UID is found","user":"Surajit","timestamp":"14-08-2020 17:11:02"},
{"event":"New SOP Instance UID is created : 20130311121408202000000.0.0.10","user":"Surajit","timestamp":"14-08-2020 17:11:02"},
{"event":"New SOP Instance UID inserted : 20130311121408202000000.0.0.10","user":"Surajit","timestamp":"14-08-2020 17:11:02"},
{"event":"Patient ID is found","user":"Surajit","timestamp":"14-08-2020 17:11:02"},
{"event":"Study Instance UID is found","user":"Surajit","timestamp":"14-08-2020 17:11:02"},
{"event":"Series Instance UID is found","user":"Surajit","timestamp":"14-08-2020 17:11:02"},
{"event":"New SOP Instance UID is created : 20130311121408202000000.0.1.10","user":"Surajit","timestamp":"14-08-2020 17:11:02"},
{"event":"New SOP Instance UID inserted : 20130311121408202000000.0.1.10","user":"Surajit","timestamp":"14-08-2020 17:11:02"},
{"event":"Patient ID is found","user":"Surajit","timestamp":"14-08-2020 17:11:02"},
{"event":"Study Instance UID is found","user":"Surajit","timestamp":"14-08-2020 17:11:02"},
{"event":"Series Instance UID is found","user":"Surajit","timestamp":"14-08-2020 17:11:02"},
{"event":"New SOP Instance UID is created : 20130311121408202000000.0.1.11","user":"Surajit","timestamp":"14-08-2020 17:11:02"},
{"event":"New SOP Instance UID inserted : 20130311121408202000000.0.1.11","user":"Surajit","timestamp":"14-08-2020 17:11:02"},
{"event":"Patient ID is found","user":"Surajit","timestamp":"14-08-2020 17:11:02"},
{"event":"Study Instance UID is found","user":"Surajit","timestamp":"14-08-2020 17:11:02"},
{"event":"Series Instance UID is found","user":"Surajit","timestamp":"14-08-2020 17:11:02"},
{"event":"New SOP Instance UID is created : 20130311121408202000000.0.1.12","user":"Surajit","timestamp":"14-08-2020 17:11:02"},
{"event":"New SOP Instance UID inserted : 20130311121408202000000.0.1.12","user":"Surajit","timestamp":"14-08-2020 17:11:02"},
{"event":"Patient ID is found","user":"Surajit","timestamp":"14-08-2020 17:11:02"},
{"event":"Study Instance UID is found","user":"Surajit","timestamp":"14-08-2020 17:11:02"},
{"event":"Series Instance UID is found","user":"Surajit","timestamp":"14-08-2020 17:11:02"},
{"event":"New SOP Instance UID is created : 20130311121408202000000.0.0.11","user":"Surajit","timestamp":"14-08-2020 17:11:02"},
{"event":"New SOP Instance UID inserted : 20130311121408202000000.0.0.11","user":"Surajit","timestamp":"14-08-2020 17:11:02"},
{"event":"Patient ID is found","user":"Surajit","timestamp":"14-08-2020 17:11:02"},
{"event":"Study Instance UID is found","user":"Surajit","timestamp":"14-08-2020 17:11:02"},
{"event":"Series Instance UID is found","user":"Surajit","timestamp":"14-08-2020 17:11:02"},
{"event":"New SOP Instance UID is created : 20130311121408202000000.0.1.13","user":"Surajit","timestamp":"14-08-2020 17:11:02"},
{"event":"New SOP Instance UID inserted : 20130311121408202000000.0.1.13","user":"Surajit","timestamp":"14-08-2020 17:11:02"},
{"event":"Patient ID is found","user":"Surajit","timestamp":"14-08-2020 17:11:02"},
{"event":"Study Instance UID is found","user":"Surajit","timestamp":"14-08-2020 17:11:02"},
{"event":"Series Instance UID is found","user":"Surajit","timestamp":"14-08-2020 17:11:02"},
{"event":"New SOP Instance UID is created : 20130311121408202000000.0.0.12","user":"Surajit","timestamp":"14-08-2020 17:11:02"},
{"event":"New SOP Instance UID inserted : 20130311121408202000000.0.0.12","user":"Surajit","timestamp":"14-08-2020 17:11:02"},
{"event":"Patient ID is found","user":"Surajit","timestamp":"14-08-2020 17:11:03"},
{"event":"Study Instance UID is found","user":"Surajit","timestamp":"14-08-2020 17:11:03"},
{"event":"Series Instance UID is found","user":"Surajit","timestamp":"14-08-2020 17:11:03"},
{"event":"New SOP Instance UID is created : 20130311121408202000000.0.1.14","user":"Surajit","timestamp":"14-08-2020 17:11:03"},
{"event":"New SOP Instance UID inserted : 20130311121408202000000.0.1.14","user":"Surajit","timestamp":"14-08-2020 17:11:03"},
{"event":"Patient ID is found","user":"Surajit","timestamp":"14-08-2020 17:11:03"},
{"event":"Study Instance UID is found","user":"Surajit","timestamp":"14-08-2020 17:11:03"},
{"event":"Series Instance UID is found","user":"Surajit","timestamp":"14-08-2020 17:11:03"},
{"event":"New SOP Instance UID is created : 20130311121408202000000.0.0.13","user":"Surajit","timestamp":"14-08-2020 17:11:03"},
{"event":"New SOP Instance UID inserted : 20130311121408202000000.0.0.13","user":"Surajit","timestamp":"14-08-2020 17:11:03"},
{"event":"Patient ID is found","user":"Surajit","timestamp":"14-08-2020 17:11:03"},
{"event":"Study Instance UID is found","user":"Surajit","timestamp":"14-08-2020 17:11:03"},
{"event":"Series Instance UID is found","user":"Surajit","timestamp":"14-08-2020 17:11:03"},
{"event":"New SOP Instance UID is created : 20130311121408202000000.0.1.15","user":"Surajit","timestamp":"14-08-2020 17:11:03"},
{"event":"New SOP Instance UID inserted : 20130311121408202000000.0.1.15","user":"Surajit","timestamp":"14-08-2020 17:11:03"},
{"event":"Patient ID is found","user":"Surajit","timestamp":"14-08-2020 17:11:03"},
{"event":"Study Instance UID is found","user":"Surajit","timestamp":"14-08-2020 17:11:03"},
{"event":"Series Instance UID is found","user":"Surajit","timestamp":"14-08-2020 17:11:03"},
{"event":"New SOP Instance UID is created : 20130311121408202000000.0.0.14","user":"Surajit","timestamp":"14-08-2020 17:11:03"},
{"event":"New SOP Instance UID inserted : 20130311121408202000000.0.0.14","user":"Surajit","timestamp":"14-08-2020 17:11:03"},
{"event":"Patient ID is found","user":"Surajit","timestamp":"14-08-2020 17:11:03"},
{"event":"Study Instance UID is found","user":"Surajit","timestamp":"14-08-2020 17:11:03"},
{"event":"Series Instance UID is found","user":"Surajit","timestamp":"14-08-2020 17:11:03"},
{"event":"New SOP Instance UID is created : 20130311121408202000000.0.1.16","user":"Surajit","timestamp":"14-08-2020 17:11:03"},
{"event":"New SOP Instance UID inserted : 20130311121408202000000.0.1.16","user":"Surajit","timestamp":"14-08-2020 17:11:03"},
{"event":"Patient ID is found","user":"Surajit","timestamp":"14-08-2020 17:11:03"},
{"event":"Study Instance UID is found","user":"Surajit","timestamp":"14-08-2020 17:11:03"},
{"event":"Series Instance UID is found","user":"Surajit","timestamp":"14-08-2020 17:11:03"},
{"event":"New SOP Instance UID is created : 20130311121408202000000.0.0.15","user":"Surajit","timestamp":"14-08-2020 17:11:03"},
{"event":"New SOP Instance UID inserted : 20130311121408202000000.0.0.15","user":"Surajit","timestamp":"14-08-2020 17:11:03"},
{"event":"Patient ID is found","user":"Surajit","timestamp":"14-08-2020 17:11:03"},
{"event":"Study Instance UID is found","user":"Surajit","timestamp":"14-08-2020 17:11:03"},
{"event":"Series Instance UID is found","user":"Surajit","timestamp":"14-08-2020 17:11:03"},
{"event":"New SOP Instance UID is created : 20130311121408202000000.0.0.16","user":"Surajit","timestamp":"14-08-2020 17:11:03"},
{"event":"New SOP Instance UID inserted : 20130311121408202000000.0.0.16","user":"Surajit","timestamp":"14-08-2020 17:11:03"},
{"event":"Patient ID is found","user":"Surajit","timestamp":"14-08-2020 17:11:04"},
{"event":"Study Instance UID is found","user":"Surajit","timestamp":"14-08-2020 17:11:04"},
{"event":"Series Instance UID is found","user":"Surajit","timestamp":"14-08-2020 17:11:04"},
{"event":"New SOP Instance UID is created : 20130311121408202000000.0.1.17","user":"Surajit","timestamp":"14-08-2020 17:11:04"},
{"event":"New SOP Instance UID inserted : 20130311121408202000000.0.1.17","user":"Surajit","timestamp":"14-08-2020 17:11:04"},
{"event":"Patient ID is found","user":"Surajit","timestamp":"14-08-2020 17:11:04"},
{"event":"Study Instance UID is found","user":"Surajit","timestamp":"14-08-2020 17:11:04"},
{"event":"Series Instance UID is found","user":"Surajit","timestamp":"14-08-2020 17:11:04"},
{"event":"New SOP Instance UID is created : 20130311121408202000000.0.0.17","user":"Surajit","timestamp":"14-08-2020 17:11:04"},
{"event":"New SOP Instance UID inserted : 20130311121408202000000.0.0.17","user":"Surajit","timestamp":"14-08-2020 17:11:04"},
{"event":"Patient ID is found","user":"Surajit","timestamp":"14-08-2020 17:11:04"},
{"event":"Study Instance UID is found","user":"Surajit","timestamp":"14-08-2020 17:11:04"},
{"event":"Series Instance UID is found","user":"Surajit","timestamp":"14-08-2020 17:11:04"},
{"event":"New SOP Instance UID is created : 20130311121408202000000.0.1.18","user":"Surajit","timestamp":"14-08-2020 17:11:04"},
{"event":"New SOP Instance UID inserted : 20130311121408202000000.0.1.18","user":"Surajit","timestamp":"14-08-2020 17:11:04"},
{"event":"Patient ID is found","user":"Surajit","timestamp":"14-08-2020 17:11:04"},
{"event":"Study Instance UID is found","user":"Surajit","timestamp":"14-08-2020 17:11:04"},
{"event":"Series Instance UID is found","user":"Surajit","timestamp":"14-08-2020 17:11:04"},
{"event":"New SOP Instance UID is created : 20130311121408202000000.0.0.18","user":"Surajit","timestamp":"14-08-2020 17:11:04"},
{"event":"New SOP Instance UID inserted : 20130311121408202000000.0.0.18","user":"Surajit","timestamp":"14-08-2020 17:11:04"},
{"event":"Patient ID is found","user":"Surajit","timestamp":"14-08-2020 17:11:04"},
{"event":"Study Instance UID is found","user":"Surajit","timestamp":"14-08-2020 17:11:04"},
{"event":"Series Instance UID is found","user":"Surajit","timestamp":"14-08-2020 17:11:04"},
{"event":"New SOP Instance UID is created : 20130311121408202000000.0.1.19","user":"Surajit","timestamp":"14-08-2020 17:11:04"},
{"event":"New SOP Instance UID inserted : 20130311121408202000000.0.1.19","user":"Surajit","timestamp":"14-08-2020 17:11:04"},
{"event":"Patient ID is found","user":"Surajit","timestamp":"14-08-2020 17:11:04"},
{"event":"Study Instance UID is found","user":"Surajit","timestamp":"14-08-2020 17:11:04"},
{"event":"Series Instance UID is found","user":"Surajit","timestamp":"14-08-2020 17:11:04"},
{"event":"New SOP Instance UID is created : 20130311121408202000000.0.0.19","user":"Surajit","timestamp":"14-08-2020 17:11:04"},
{"event":"New SOP Instance UID inserted : 20130311121408202000000.0.0.19","user":"Surajit","timestamp":"14-08-2020 17:11:04"},
{"event":"Patient ID is found","user":"Surajit","timestamp":"14-08-2020 17:11:05"},
{"event":"Study Instance UID is found","user":"Surajit","timestamp":"14-08-2020 17:11:05"},
{"event":"Series Instance UID is found","user":"Surajit","timestamp":"14-08-2020 17:11:05"},
{"event":"New SOP Instance UID is created : 20130311121408202000000.0.1.20","user":"Surajit","timestamp":"14-08-2020 17:11:05"},
{"event":"New SOP Instance UID inserted : 20130311121408202000000.0.1.20","user":"Surajit","timestamp":"14-08-2020 17:11:05"},
{"event":"Patient ID is found","user":"Surajit","timestamp":"14-08-2020 17:11:05"},
{"event":"Study Instance UID is found","user":"Surajit","timestamp":"14-08-2020 17:11:05"},
{"event":"Series Instance UID is found","user":"Surajit","timestamp":"14-08-2020 17:11:05"},
{"event":"New SOP Instance UID is created : 20130311121408202000000.0.0.20","user":"Surajit","timestamp":"14-08-2020 17:11:05"},
{"event":"New SOP Instance UID inserted : 20130311121408202000000.0.0.20","user":"Surajit","timestamp":"14-08-2020 17:11:05"},
{"event":"Patient ID is found","user":"Surajit","timestamp":"14-08-2020 17:11:05"},
{"event":"Study Instance UID is found","user":"Surajit","timestamp":"14-08-2020 17:11:05"},
{"event":"Series Instance UID is found","user":"Surajit","timestamp":"14-08-2020 17:11:05"},
{"event":"New SOP Instance UID is created : 20130311121408202000000.0.1.21","user":"Surajit","timestamp":"14-08-2020 17:11:05"},
{"event":"New SOP Instance UID inserted : 20130311121408202000000.0.1.21","user":"Surajit","timestamp":"14-08-2020 17:11:05"},
{"event":"Patient ID is found","user":"Surajit","timestamp":"14-08-2020 17:11:05"},
{"event":"Study Instance UID is found","user":"Surajit","timestamp":"14-08-2020 17:11:05"},
{"event":"Series Instance UID is found","user":"Surajit","timestamp":"14-08-2020 17:11:05"},
{"event":"New SOP Instance UID is created : 20130311121408202000000.0.0.21","user":"Surajit","timestamp":"14-08-2020 17:11:05"},
{"event":"New SOP Instance UID inserted : 20130311121408202000000.0.0.21","user":"Surajit","timestamp":"14-08-2020 17:11:05"},
{"event":"Patient ID is found","user":"Surajit","timestamp":"14-08-2020 17:11:05"},
{"event":"Study Instance UID is found","user":"Surajit","timestamp":"14-08-2020 17:11:05"},
{"event":"Series Instance UID is found","user":"Surajit","timestamp":"14-08-2020 17:11:05"},
{"event":"New SOP Instance UID is created : 20130311121408202000000.0.1.22","user":"Surajit","timestamp":"14-08-2020 17:11:05"},
{"event":"New SOP Instance UID inserted : 20130311121408202000000.0.1.22","user":"Surajit","timestamp":"14-08-2020 17:11:05"},
{"event":"Patient ID is found","user":"Surajit","timestamp":"14-08-2020 17:11:05"},
{"event":"Study Instance UID is found","user":"Surajit","timestamp":"14-08-2020 17:11:05"},
{"event":"Series Instance UID is found","user":"Surajit","timestamp":"14-08-2020 17:11:05"},
{"event":"New SOP Instance UID is created : 20130311121408202000000.0.0.22","user":"Surajit","timestamp":"14-08-2020 17:11:05"},
{"event":"New SOP Instance UID inserted : 20130311121408202000000.0.0.22","user":"Surajit","timestamp":"14-08-2020 17:11:05"},
{"event":"Patient ID is found","user":"Surajit","timestamp":"14-08-2020 17:11:06"},
{"event":"Study Instance UID is found","user":"Surajit","timestamp":"14-08-2020 17:11:06"},
{"event":"Series Instance UID is found","user":"Surajit","timestamp":"14-08-2020 17:11:06"},
{"event":"New SOP Instance UID is created : 20130311121408202000000.0.1.23","user":"Surajit","timestamp":"14-08-2020 17:11:06"},
{"event":"New SOP Instance UID inserted : 20130311121408202000000.0.1.23","user":"Surajit","timestamp":"14-08-2020 17:11:06"},
{"event":"Patient ID is found","user":"Surajit","timestamp":"14-08-2020 17:11:06"},
{"event":"Study Instance UID is found","user":"Surajit","timestamp":"14-08-2020 17:11:06"},
{"event":"Series Instance UID is found","user":"Surajit","timestamp":"14-08-2020 17:11:06"},
{"event":"New SOP Instance UID is created : 20130311121408202000000.0.0.23","user":"Surajit","timestamp":"14-08-2020 17:11:06"},
{"event":"New SOP Instance UID inserted : 20130311121408202000000.0.0.23","user":"Surajit","timestamp":"14-08-2020 17:11:06"},
{"event":"Patient ID is found","user":"Surajit","timestamp":"14-08-2020 17:11:06"},
{"event":"Study Instance UID is found","user":"Surajit","timestamp":"14-08-2020 17:11:06"},
{"event":"Series Instance UID is found","user":"Surajit","timestamp":"14-08-2020 17:11:06"},
{"event":"New SOP Instance UID is created : 20130311121408202000000.0.1.24","user":"Surajit","timestamp":"14-08-2020 17:11:06"},
{"event":"New SOP Instance UID inserted : 20130311121408202000000.0.1.24","user":"Surajit","timestamp":"14-08-2020 17:11:06"},
{"event":"Patient ID is found","user":"Surajit","timestamp":"14-08-2020 17:11:06"},
{"event":"Study Instance UID is found","user":"Surajit","timestamp":"14-08-2020 17:11:06"},
{"event":"Series Instance UID is found","user":"Surajit","timestamp":"14-08-2020 17:11:06"},
{"event":"New SOP Instance UID is created : 20130311121408202000000.0.0.24","user":"Surajit","timestamp":"14-08-2020 17:11:06"},
{"event":"New SOP Instance UID inserted : 20130311121408202000000.0.0.24","user":"Surajit","timestamp":"14-08-2020 17:11:06"},
{"event":"Patient ID is found","user":"Surajit","timestamp":"14-08-2020 17:11:06"},
{"event":"Study Instance UID is found","user":"Surajit","timestamp":"14-08-2020 17:11:06"},
{"event":"Series Instance UID is found","user":"Surajit","timestamp":"14-08-2020 17:11:06"},
{"event":"New SOP Instance UID is created : 20130311121408202000000.0.1.25","user":"Surajit","timestamp":"14-08-2020 17:11:06"},
{"event":"New SOP Instance UID inserted : 20130311121408202000000.0.1.25","user":"Surajit","timestamp":"14-08-2020 17:11:06"},
{"event":"Patient ID is found","user":"Surajit","timestamp":"14-08-2020 17:11:06"},
{"event":"Study Instance UID is found","user":"Surajit","timestamp":"14-08-2020 17:11:06"},
{"event":"Series Instance UID is found","user":"Surajit","timestamp":"14-08-2020 17:11:06"},
{"event":"New SOP Instance UID is created : 20130311121408202000000.0.0.25","user":"Surajit","timestamp":"14-08-2020 17:11:06"},
{"event":"New SOP Instance UID inserted : 20130311121408202000000.0.0.25","user":"Surajit","timestamp":"14-08-2020 17:11:06"},
