{"event":"Login successfully","user":"sk@c.com","timestamp":"20-05-2021 05:29:14"},
{"event":"New Patient ID is created : 20130311122005202100000","user":"Surajit","timestamp":"20-05-2021 06:34:46"},
{"event":"New Patient ID is inserted : 20130311122005202100000","user":"Surajit","timestamp":"20-05-2021 06:34:46"},
{"event":"20180822 Day difference -111","user":"Surajit","timestamp":"20-05-2021 06:34:46"},
{"event":"Random StudyDate created : 20180503 Day Difference : -111","user":"Surajit","timestamp":"20-05-2021 06:34:46"},
{"event":"New Study Instance UID is created : 20130311122005202100000.0","user":"Surajit","timestamp":"20-05-2021 06:34:46"},
{"event":"New Study Instance UID is inserted : 20130311122005202100000.0","user":"Surajit","timestamp":"20-05-2021 06:34:46"},
{"event":"New Series Instance UID is created : 20130311122005202100000.0.0","user":"Surajit","timestamp":"20-05-2021 06:34:46"},
{"event":"New Series Instance UID is inserted : 20130311122005202100000.0.0","user":"Surajit","timestamp":"20-05-2021 06:34:46"},
{"event":"New SOP Instance UID is created : 20130311122005202100000.0.0.0","user":"Surajit","timestamp":"20-05-2021 06:34:46"},
{"event":"New SOP Instance UID inserted : 20130311122005202100000.0.0.0","user":"Surajit","timestamp":"20-05-2021 06:34:46"},
{"event":"New Patient ID is created : 20130311122005202100001","user":"Surajit","timestamp":"20-05-2021 06:36:10"},
{"event":"New Patient ID is inserted : 20130311122005202100001","user":"Surajit","timestamp":"20-05-2021 06:36:10"},
{"event":"20180822 Day difference -28","user":"Surajit","timestamp":"20-05-2021 06:36:10"},
{"event":"Random StudyDate created : 20180725 Day Difference : -28","user":"Surajit","timestamp":"20-05-2021 06:36:10"},
{"event":"New Study Instance UID is created : 20130311122005202100001.0","user":"Surajit","timestamp":"20-05-2021 06:36:10"},
{"event":"New Series Instance UID is created : 20130311122005202100001.0.0","user":"Surajit","timestamp":"20-05-2021 06:36:10"},
{"event":"New SOP Instance UID is created : 20130311122005202100001.0.0.0","user":"Surajit","timestamp":"20-05-2021 06:36:10"},
{"event":"New SOP Instance UID inserted : 20130311122005202100001.0.0.0","user":"Surajit","timestamp":"20-05-2021 06:36:10"},
{"event":"New Patient ID is created : 20130311122005202100002","user":"Surajit","timestamp":"20-05-2021 06:36:52"},
{"event":"New Patient ID is inserted : 20130311122005202100002","user":"Surajit","timestamp":"20-05-2021 06:36:52"},
{"event":"20180822 Day difference -94","user":"Surajit","timestamp":"20-05-2021 06:36:52"},
{"event":"Random StudyDate created : 20180520 Day Difference : -94","user":"Surajit","timestamp":"20-05-2021 06:36:52"},
{"event":"New Study Instance UID is created : 20130311122005202100002.0","user":"Surajit","timestamp":"20-05-2021 06:36:52"},
{"event":"New Series Instance UID is created : 20130311122005202100002.0.0","user":"Surajit","timestamp":"20-05-2021 06:36:52"},
{"event":"New SOP Instance UID is created : 20130311122005202100002.0.0.0","user":"Surajit","timestamp":"20-05-2021 06:36:52"},
{"event":"New SOP Instance UID inserted : 20130311122005202100002.0.0.0","user":"Surajit","timestamp":"20-05-2021 06:36:52"},
{"event":"New Patient ID is created : 20130311122005202100003","user":"Surajit","timestamp":"20-05-2021 06:52:37"},
{"event":"New Patient ID is inserted : 20130311122005202100003","user":"Surajit","timestamp":"20-05-2021 06:52:37"},
{"event":"20180822 Day difference -229","user":"Surajit","timestamp":"20-05-2021 06:52:37"},
{"event":"Random StudyDate created : 20180105 Day Difference : -229","user":"Surajit","timestamp":"20-05-2021 06:52:37"},
{"event":"New Study Instance UID is created : 20130311122005202100003.0","user":"Surajit","timestamp":"20-05-2021 06:52:37"},
{"event":"New Series Instance UID is created : 20130311122005202100003.0.0","user":"Surajit","timestamp":"20-05-2021 06:52:37"},
{"event":"New SOP Instance UID is created : 20130311122005202100003.0.0.0","user":"Surajit","timestamp":"20-05-2021 06:52:37"},
{"event":"New SOP Instance UID inserted : 20130311122005202100003.0.0.0","user":"Surajit","timestamp":"20-05-2021 06:52:37"},
{"event":"New Patient ID is created : 20130311122005202100004","user":"Surajit","timestamp":"20-05-2021 06:53:27"},
{"event":"New Patient ID is inserted : 20130311122005202100004","user":"Surajit","timestamp":"20-05-2021 06:53:27"},
{"event":"20180822 Day difference -191","user":"Surajit","timestamp":"20-05-2021 06:53:27"},
{"event":"Random StudyDate created : 20180212 Day Difference : -191","user":"Surajit","timestamp":"20-05-2021 06:53:27"},
{"event":"New Study Instance UID is created : 20130311122005202100004.0","user":"Surajit","timestamp":"20-05-2021 06:53:27"},
{"event":"New Series Instance UID is created : 20130311122005202100004.0.0","user":"Surajit","timestamp":"20-05-2021 06:53:27"},
{"event":"New SOP Instance UID is created : 20130311122005202100004.0.0.0","user":"Surajit","timestamp":"20-05-2021 06:53:27"},
{"event":"New SOP Instance UID inserted : 20130311122005202100004.0.0.0","user":"Surajit","timestamp":"20-05-2021 06:53:27"},
{"event":"New Patient ID is created : 20130311122005202100005","user":"Surajit","timestamp":"20-05-2021 06:53:53"},
{"event":"New Patient ID is inserted : 20130311122005202100005","user":"Surajit","timestamp":"20-05-2021 06:53:53"},
{"event":"20180822 Day difference -196","user":"Surajit","timestamp":"20-05-2021 06:53:53"},
{"event":"Random StudyDate created : 20180207 Day Difference : -196","user":"Surajit","timestamp":"20-05-2021 06:53:53"},
{"event":"New Study Instance UID is created : 20130311122005202100005.0","user":"Surajit","timestamp":"20-05-2021 06:53:53"},
{"event":"New Series Instance UID is created : 20130311122005202100005.0.0","user":"Surajit","timestamp":"20-05-2021 06:53:53"},
{"event":"New SOP Instance UID is created : 20130311122005202100005.0.0.0","user":"Surajit","timestamp":"20-05-2021 06:53:53"},
{"event":"New SOP Instance UID inserted : 20130311122005202100005.0.0.0","user":"Surajit","timestamp":"20-05-2021 06:53:53"},
{"event":"New Patient ID is created : 20130311122005202100006","user":"Surajit","timestamp":"20-05-2021 06:54:51"},
{"event":"New Patient ID is inserted : 20130311122005202100006","user":"Surajit","timestamp":"20-05-2021 06:54:51"},
{"event":"20180822 Day difference -77","user":"Surajit","timestamp":"20-05-2021 06:54:51"},
{"event":"Random StudyDate created : 20180606 Day Difference : -77","user":"Surajit","timestamp":"20-05-2021 06:54:51"},
{"event":"New Study Instance UID is created : 20130311122005202100006.0","user":"Surajit","timestamp":"20-05-2021 06:54:51"},
{"event":"New Series Instance UID is created : 20130311122005202100006.0.0","user":"Surajit","timestamp":"20-05-2021 06:54:51"},
{"event":"New SOP Instance UID is created : 20130311122005202100006.0.0.0","user":"Surajit","timestamp":"20-05-2021 06:54:51"},
{"event":"New SOP Instance UID inserted : 20130311122005202100006.0.0.0","user":"Surajit","timestamp":"20-05-2021 06:54:51"},
{"event":"Login successfully","user":"sk@c.com","timestamp":"20-05-2021 06:57:17"},
{"event":"New Patient ID is created : 20130311122005202100007","user":"Surajit","timestamp":"20-05-2021 06:57:42"},
{"event":"New Patient ID is inserted : 20130311122005202100007","user":"Surajit","timestamp":"20-05-2021 06:57:42"},
{"event":"20180822 Day difference -194","user":"Surajit","timestamp":"20-05-2021 06:57:42"},
{"event":"Random StudyDate created : 20180209 Day Difference : -194","user":"Surajit","timestamp":"20-05-2021 06:57:42"},
{"event":"New Study Instance UID is created : 20130311122005202100007.0","user":"Surajit","timestamp":"20-05-2021 06:57:42"},
{"event":"New Series Instance UID is created : 20130311122005202100007.0.0","user":"Surajit","timestamp":"20-05-2021 06:57:42"},
{"event":"New SOP Instance UID is created : 20130311122005202100007.0.0.0","user":"Surajit","timestamp":"20-05-2021 06:57:42"},
{"event":"New SOP Instance UID inserted : 20130311122005202100007.0.0.0","user":"Surajit","timestamp":"20-05-2021 06:57:42"},
{"event":"New Patient ID is created : 20130311122005202100008","user":"Surajit","timestamp":"20-05-2021 06:58:43"},
{"event":"New Patient ID is inserted : 20130311122005202100008","user":"Surajit","timestamp":"20-05-2021 06:58:43"},
{"event":"20180822 Day difference -67","user":"Surajit","timestamp":"20-05-2021 06:58:43"},
{"event":"Random StudyDate created : 20180616 Day Difference : -67","user":"Surajit","timestamp":"20-05-2021 06:58:43"},
{"event":"New Study Instance UID is created : 20130311122005202100008.0","user":"Surajit","timestamp":"20-05-2021 06:58:43"},
{"event":"New Series Instance UID is created : 20130311122005202100008.0.0","user":"Surajit","timestamp":"20-05-2021 06:58:43"},
{"event":"New SOP Instance UID is created : 20130311122005202100008.0.0.0","user":"Surajit","timestamp":"20-05-2021 06:58:43"},
{"event":"New SOP Instance UID inserted : 20130311122005202100008.0.0.0","user":"Surajit","timestamp":"20-05-2021 06:58:43"},
{"event":"New Patient ID is created : 20130311122005202100009","user":"Surajit","timestamp":"20-05-2021 06:59:04"},
{"event":"New Patient ID is inserted : 20130311122005202100009","user":"Surajit","timestamp":"20-05-2021 06:59:04"},
{"event":"20180822 Day difference -119","user":"Surajit","timestamp":"20-05-2021 06:59:04"},
{"event":"Random StudyDate created : 20180425 Day Difference : -119","user":"Surajit","timestamp":"20-05-2021 06:59:04"},
{"event":"New Study Instance UID is created : 20130311122005202100009.0","user":"Surajit","timestamp":"20-05-2021 06:59:04"},
{"event":"New Series Instance UID is created : 20130311122005202100009.0.0","user":"Surajit","timestamp":"20-05-2021 06:59:04"},
{"event":"New SOP Instance UID is created : 20130311122005202100009.0.0.0","user":"Surajit","timestamp":"20-05-2021 06:59:04"},
{"event":"New SOP Instance UID inserted : 20130311122005202100009.0.0.0","user":"Surajit","timestamp":"20-05-2021 06:59:04"},
{"event":"New Patient ID is created : 20130311122005202100010","user":"Surajit","timestamp":"20-05-2021 06:59:22"},
{"event":"New Patient ID is inserted : 20130311122005202100010","user":"Surajit","timestamp":"20-05-2021 06:59:22"},
{"event":"20180822 Day difference 71","user":"Surajit","timestamp":"20-05-2021 06:59:22"},
{"event":"Random StudyDate created : 20181101 Day Difference : 71","user":"Surajit","timestamp":"20-05-2021 06:59:22"},
{"event":"New Study Instance UID is created : 20130311122005202100010.0","user":"Surajit","timestamp":"20-05-2021 06:59:22"},
{"event":"New Series Instance UID is created : 20130311122005202100010.0.0","user":"Surajit","timestamp":"20-05-2021 06:59:22"},
{"event":"New SOP Instance UID is created : 20130311122005202100010.0.0.0","user":"Surajit","timestamp":"20-05-2021 06:59:22"},
{"event":"New SOP Instance UID inserted : 20130311122005202100010.0.0.0","user":"Surajit","timestamp":"20-05-2021 06:59:22"},
{"event":"New Patient ID is created : 20130311122005202100011","user":"Surajit","timestamp":"20-05-2021 07:00:02"},
{"event":"New Patient ID is inserted : 20130311122005202100011","user":"Surajit","timestamp":"20-05-2021 07:00:02"},
{"event":"20180822 Day difference 71","user":"Surajit","timestamp":"20-05-2021 07:00:02"},
{"event":"Random StudyDate created : 20181101 Day Difference : 71","user":"Surajit","timestamp":"20-05-2021 07:00:02"},
{"event":"New Study Instance UID is created : 20130311122005202100011.0","user":"Surajit","timestamp":"20-05-2021 07:00:02"},
{"event":"New Series Instance UID is created : 20130311122005202100011.0.0","user":"Surajit","timestamp":"20-05-2021 07:00:02"},
{"event":"New SOP Instance UID is created : 20130311122005202100011.0.0.0","user":"Surajit","timestamp":"20-05-2021 07:00:02"},
{"event":"New SOP Instance UID inserted : 20130311122005202100011.0.0.0","user":"Surajit","timestamp":"20-05-2021 07:00:02"},
{"event":"New Patient ID is created : 20130311122005202100012","user":"Surajit","timestamp":"20-05-2021 07:00:22"},
{"event":"New Patient ID is inserted : 20130311122005202100012","user":"Surajit","timestamp":"20-05-2021 07:00:22"},
{"event":"20180822 Day difference -51","user":"Surajit","timestamp":"20-05-2021 07:00:22"},
{"event":"Random StudyDate created : 20180702 Day Difference : -51","user":"Surajit","timestamp":"20-05-2021 07:00:22"},
{"event":"New Study Instance UID is created : 20130311122005202100012.0","user":"Surajit","timestamp":"20-05-2021 07:00:22"},
{"event":"New Series Instance UID is created : 20130311122005202100012.0.0","user":"Surajit","timestamp":"20-05-2021 07:00:22"},
{"event":"New SOP Instance UID is created : 20130311122005202100012.0.0.0","user":"Surajit","timestamp":"20-05-2021 07:00:22"},
{"event":"New SOP Instance UID inserted : 20130311122005202100012.0.0.0","user":"Surajit","timestamp":"20-05-2021 07:00:22"},
{"event":"New Patient ID is created : 20130311122005202100013","user":"Surajit","timestamp":"20-05-2021 07:00:42"},
{"event":"New Patient ID is inserted : 20130311122005202100013","user":"Surajit","timestamp":"20-05-2021 07:00:42"},
{"event":"20180822 Day difference -197","user":"Surajit","timestamp":"20-05-2021 07:00:42"},
{"event":"Random StudyDate created : 20180206 Day Difference : -197","user":"Surajit","timestamp":"20-05-2021 07:00:42"},
{"event":"New Study Instance UID is created : 20130311122005202100013.0","user":"Surajit","timestamp":"20-05-2021 07:00:42"},
{"event":"New Series Instance UID is created : 20130311122005202100013.0.0","user":"Surajit","timestamp":"20-05-2021 07:00:42"},
{"event":"New SOP Instance UID is created : 20130311122005202100013.0.0.0","user":"Surajit","timestamp":"20-05-2021 07:00:42"},
{"event":"New SOP Instance UID inserted : 20130311122005202100013.0.0.0","user":"Surajit","timestamp":"20-05-2021 07:00:42"},
{"event":"New Patient ID is created : 20130311122005202100014","user":"Surajit","timestamp":"20-05-2021 07:01:47"},
{"event":"New Patient ID is inserted : 20130311122005202100014","user":"Surajit","timestamp":"20-05-2021 07:01:47"},
{"event":"20180822 Day difference -148","user":"Surajit","timestamp":"20-05-2021 07:01:47"},
{"event":"Random StudyDate created : 20180327 Day Difference : -148","user":"Surajit","timestamp":"20-05-2021 07:01:47"},
{"event":"New Study Instance UID is created : 20130311122005202100014.0","user":"Surajit","timestamp":"20-05-2021 07:01:47"},
{"event":"New Series Instance UID is created : 20130311122005202100014.0.0","user":"Surajit","timestamp":"20-05-2021 07:01:47"},
{"event":"New SOP Instance UID is created : 20130311122005202100014.0.0.0","user":"Surajit","timestamp":"20-05-2021 07:01:47"},
{"event":"New SOP Instance UID inserted : 20130311122005202100014.0.0.0","user":"Surajit","timestamp":"20-05-2021 07:01:47"},
{"event":"New Patient ID is created : 20130311122005202100015","user":"Surajit","timestamp":"20-05-2021 07:02:18"},
{"event":"New Patient ID is inserted : 20130311122005202100015","user":"Surajit","timestamp":"20-05-2021 07:02:18"},
{"event":"20180822 Day difference 28","user":"Surajit","timestamp":"20-05-2021 07:02:18"},
{"event":"Random StudyDate created : 20180919 Day Difference : 28","user":"Surajit","timestamp":"20-05-2021 07:02:18"},
{"event":"New Study Instance UID is created : 20130311122005202100015.0","user":"Surajit","timestamp":"20-05-2021 07:02:18"},
{"event":"New Series Instance UID is created : 20130311122005202100015.0.0","user":"Surajit","timestamp":"20-05-2021 07:02:18"},
{"event":"New SOP Instance UID is created : 20130311122005202100015.0.0.0","user":"Surajit","timestamp":"20-05-2021 07:02:18"},
{"event":"New SOP Instance UID inserted : 20130311122005202100015.0.0.0","user":"Surajit","timestamp":"20-05-2021 07:02:18"},
{"event":"New Patient ID is created : 20130311122005202100016","user":"Surajit","timestamp":"20-05-2021 07:02:42"},
{"event":"New Patient ID is inserted : 20130311122005202100016","user":"Surajit","timestamp":"20-05-2021 07:02:42"},
{"event":"20180822 Day difference -198","user":"Surajit","timestamp":"20-05-2021 07:02:42"},
{"event":"Random StudyDate created : 20180205 Day Difference : -198","user":"Surajit","timestamp":"20-05-2021 07:02:42"},
{"event":"New Study Instance UID is created : 20130311122005202100016.0","user":"Surajit","timestamp":"20-05-2021 07:02:42"},
{"event":"New Series Instance UID is created : 20130311122005202100016.0.0","user":"Surajit","timestamp":"20-05-2021 07:02:42"},
{"event":"New SOP Instance UID is created : 20130311122005202100016.0.0.0","user":"Surajit","timestamp":"20-05-2021 07:02:42"},
{"event":"New SOP Instance UID inserted : 20130311122005202100016.0.0.0","user":"Surajit","timestamp":"20-05-2021 07:02:42"},
{"event":"New Patient ID is created : 20130311122005202100017","user":"Surajit","timestamp":"20-05-2021 07:03:08"},
{"event":"New Patient ID is inserted : 20130311122005202100017","user":"Surajit","timestamp":"20-05-2021 07:03:08"},
{"event":"20180822 Day difference -73","user":"Surajit","timestamp":"20-05-2021 07:03:08"},
{"event":"Random StudyDate created : 20180610 Day Difference : -73","user":"Surajit","timestamp":"20-05-2021 07:03:08"},
{"event":"New Study Instance UID is created : 20130311122005202100017.0","user":"Surajit","timestamp":"20-05-2021 07:03:08"},
{"event":"New Series Instance UID is created : 20130311122005202100017.0.0","user":"Surajit","timestamp":"20-05-2021 07:03:08"},
{"event":"New SOP Instance UID is created : 20130311122005202100017.0.0.0","user":"Surajit","timestamp":"20-05-2021 07:03:08"},
{"event":"New SOP Instance UID inserted : 20130311122005202100017.0.0.0","user":"Surajit","timestamp":"20-05-2021 07:03:08"},
{"event":"New Patient ID is created : 20130311122005202100018","user":"Surajit","timestamp":"20-05-2021 07:04:20"},
{"event":"New Patient ID is inserted : 20130311122005202100018","user":"Surajit","timestamp":"20-05-2021 07:04:20"},
{"event":"20180822 Day difference -215","user":"Surajit","timestamp":"20-05-2021 07:04:20"},
{"event":"Random StudyDate created : 20180119 Day Difference : -215","user":"Surajit","timestamp":"20-05-2021 07:04:20"},
{"event":"New Study Instance UID is created : 20130311122005202100018.0","user":"Surajit","timestamp":"20-05-2021 07:04:20"},
{"event":"New Series Instance UID is created : 20130311122005202100018.0.0","user":"Surajit","timestamp":"20-05-2021 07:04:20"},
{"event":"New SOP Instance UID is created : 20130311122005202100018.0.0.0","user":"Surajit","timestamp":"20-05-2021 07:04:20"},
{"event":"New SOP Instance UID inserted : 20130311122005202100018.0.0.0","user":"Surajit","timestamp":"20-05-2021 07:04:20"},
{"event":"New Patient ID is created : 20130311122005202100019","user":"Surajit","timestamp":"20-05-2021 07:05:00"},
{"event":"New Patient ID is inserted : 20130311122005202100019","user":"Surajit","timestamp":"20-05-2021 07:05:00"},
{"event":"20180822 Day difference -225","user":"Surajit","timestamp":"20-05-2021 07:05:00"},
{"event":"Random StudyDate created : 20180109 Day Difference : -225","user":"Surajit","timestamp":"20-05-2021 07:05:00"},
{"event":"New Study Instance UID is created : 20130311122005202100019.0","user":"Surajit","timestamp":"20-05-2021 07:05:00"},
{"event":"New Series Instance UID is created : 20130311122005202100019.0.0","user":"Surajit","timestamp":"20-05-2021 07:05:00"},
{"event":"New SOP Instance UID is created : 20130311122005202100019.0.0.0","user":"Surajit","timestamp":"20-05-2021 07:05:00"},
{"event":"New SOP Instance UID inserted : 20130311122005202100019.0.0.0","user":"Surajit","timestamp":"20-05-2021 07:05:00"},
{"event":"New Patient ID is created : 20130311122005202100020","user":"Surajit","timestamp":"20-05-2021 07:05:34"},
{"event":"New Patient ID is inserted : 20130311122005202100020","user":"Surajit","timestamp":"20-05-2021 07:05:34"},
{"event":"20180822 Day difference -137","user":"Surajit","timestamp":"20-05-2021 07:05:34"},
{"event":"Random StudyDate created : 20180407 Day Difference : -137","user":"Surajit","timestamp":"20-05-2021 07:05:34"},
{"event":"New Study Instance UID is created : 20130311122005202100020.0","user":"Surajit","timestamp":"20-05-2021 07:05:34"},
{"event":"New Series Instance UID is created : 20130311122005202100020.0.0","user":"Surajit","timestamp":"20-05-2021 07:05:34"},
{"event":"New SOP Instance UID is created : 20130311122005202100020.0.0.0","user":"Surajit","timestamp":"20-05-2021 07:05:34"},
{"event":"New SOP Instance UID inserted : 20130311122005202100020.0.0.0","user":"Surajit","timestamp":"20-05-2021 07:05:34"},
{"event":"New Patient ID is created : 20130311122005202100021","user":"Surajit","timestamp":"20-05-2021 07:05:56"},
{"event":"New Patient ID is inserted : 20130311122005202100021","user":"Surajit","timestamp":"20-05-2021 07:05:56"},
{"event":"20180822 Day difference 33","user":"Surajit","timestamp":"20-05-2021 07:05:56"},
{"event":"Random StudyDate created : 20180924 Day Difference : 33","user":"Surajit","timestamp":"20-05-2021 07:05:56"},
{"event":"New Study Instance UID is created : 20130311122005202100021.0","user":"Surajit","timestamp":"20-05-2021 07:05:56"},
{"event":"New Series Instance UID is created : 20130311122005202100021.0.0","user":"Surajit","timestamp":"20-05-2021 07:05:56"},
{"event":"New SOP Instance UID is created : 20130311122005202100021.0.0.0","user":"Surajit","timestamp":"20-05-2021 07:05:56"},
{"event":"New SOP Instance UID inserted : 20130311122005202100021.0.0.0","user":"Surajit","timestamp":"20-05-2021 07:05:56"},
{"event":"New Patient ID is created : 20130311122005202100022","user":"Surajit","timestamp":"20-05-2021 07:06:43"},
{"event":"New Patient ID is inserted : 20130311122005202100022","user":"Surajit","timestamp":"20-05-2021 07:06:43"},
{"event":"20180822 Day difference -211","user":"Surajit","timestamp":"20-05-2021 07:06:43"},
{"event":"Random StudyDate created : 20180123 Day Difference : -211","user":"Surajit","timestamp":"20-05-2021 07:06:43"},
{"event":"New Study Instance UID is created : 20130311122005202100022.0","user":"Surajit","timestamp":"20-05-2021 07:06:43"},
{"event":"New Series Instance UID is created : 20130311122005202100022.0.0","user":"Surajit","timestamp":"20-05-2021 07:06:43"},
{"event":"New SOP Instance UID is created : 20130311122005202100022.0.0.0","user":"Surajit","timestamp":"20-05-2021 07:06:43"},
{"event":"New SOP Instance UID inserted : 20130311122005202100022.0.0.0","user":"Surajit","timestamp":"20-05-2021 07:06:43"},
{"event":"New Patient ID is created : 20130311122005202100023","user":"Surajit","timestamp":"20-05-2021 07:07:04"},
{"event":"New Patient ID is inserted : 20130311122005202100023","user":"Surajit","timestamp":"20-05-2021 07:07:04"},
{"event":"20180822 Day difference -226","user":"Surajit","timestamp":"20-05-2021 07:07:04"},
{"event":"Random StudyDate created : 20180108 Day Difference : -226","user":"Surajit","timestamp":"20-05-2021 07:07:04"},
{"event":"New Study Instance UID is created : 20130311122005202100023.0","user":"Surajit","timestamp":"20-05-2021 07:07:04"},
{"event":"New Series Instance UID is created : 20130311122005202100023.0.0","user":"Surajit","timestamp":"20-05-2021 07:07:04"},
{"event":"New SOP Instance UID is created : 20130311122005202100023.0.0.0","user":"Surajit","timestamp":"20-05-2021 07:07:04"},
{"event":"New SOP Instance UID inserted : 20130311122005202100023.0.0.0","user":"Surajit","timestamp":"20-05-2021 07:07:04"},
{"event":"New Patient ID is created : 20130311122005202100024","user":"Surajit","timestamp":"20-05-2021 07:07:44"},
{"event":"New Patient ID is inserted : 20130311122005202100024","user":"Surajit","timestamp":"20-05-2021 07:07:44"},
{"event":"20180822 Day difference -154","user":"Surajit","timestamp":"20-05-2021 07:07:44"},
{"event":"Random StudyDate created : 20180321 Day Difference : -154","user":"Surajit","timestamp":"20-05-2021 07:07:44"},
{"event":"New Study Instance UID is created : 20130311122005202100024.0","user":"Surajit","timestamp":"20-05-2021 07:07:44"},
{"event":"New Series Instance UID is created : 20130311122005202100024.0.0","user":"Surajit","timestamp":"20-05-2021 07:07:44"},
{"event":"New SOP Instance UID is created : 20130311122005202100024.0.0.0","user":"Surajit","timestamp":"20-05-2021 07:07:44"},
{"event":"New SOP Instance UID inserted : 20130311122005202100024.0.0.0","user":"Surajit","timestamp":"20-05-2021 07:07:44"},
{"event":"New Patient ID is created : 20130311122005202100025","user":"Surajit","timestamp":"20-05-2021 07:08:07"},
{"event":"New Patient ID is inserted : 20130311122005202100025","user":"Surajit","timestamp":"20-05-2021 07:08:07"},
{"event":"20180822 Day difference -42","user":"Surajit","timestamp":"20-05-2021 07:08:07"},
{"event":"Random StudyDate created : 20180711 Day Difference : -42","user":"Surajit","timestamp":"20-05-2021 07:08:07"},
{"event":"New Study Instance UID is created : 20130311122005202100025.0","user":"Surajit","timestamp":"20-05-2021 07:08:07"},
{"event":"New Series Instance UID is created : 20130311122005202100025.0.0","user":"Surajit","timestamp":"20-05-2021 07:08:07"},
{"event":"New SOP Instance UID is created : 20130311122005202100025.0.0.0","user":"Surajit","timestamp":"20-05-2021 07:08:07"},
{"event":"New SOP Instance UID inserted : 20130311122005202100025.0.0.0","user":"Surajit","timestamp":"20-05-2021 07:08:07"},
{"event":"New Patient ID is created : 20130311122005202100026","user":"Surajit","timestamp":"20-05-2021 07:08:30"},
{"event":"New Patient ID is inserted : 20130311122005202100026","user":"Surajit","timestamp":"20-05-2021 07:08:30"},
{"event":"20180822 Day difference -216","user":"Surajit","timestamp":"20-05-2021 07:08:30"},
{"event":"Random StudyDate created : 20180118 Day Difference : -216","user":"Surajit","timestamp":"20-05-2021 07:08:30"},
{"event":"New Study Instance UID is created : 20130311122005202100026.0","user":"Surajit","timestamp":"20-05-2021 07:08:30"},
{"event":"New Series Instance UID is created : 20130311122005202100026.0.0","user":"Surajit","timestamp":"20-05-2021 07:08:30"},
{"event":"New SOP Instance UID is created : 20130311122005202100026.0.0.0","user":"Surajit","timestamp":"20-05-2021 07:08:30"},
{"event":"New SOP Instance UID inserted : 20130311122005202100026.0.0.0","user":"Surajit","timestamp":"20-05-2021 07:08:30"},
{"event":"New Patient ID is created : 20130311122005202100027","user":"Surajit","timestamp":"20-05-2021 07:08:58"},
{"event":"New Patient ID is inserted : 20130311122005202100027","user":"Surajit","timestamp":"20-05-2021 07:08:58"},
{"event":"20180822 Day difference 94","user":"Surajit","timestamp":"20-05-2021 07:08:58"},
{"event":"Random StudyDate created : 20181124 Day Difference : 94","user":"Surajit","timestamp":"20-05-2021 07:08:58"},
{"event":"New Study Instance UID is created : 20130311122005202100027.0","user":"Surajit","timestamp":"20-05-2021 07:08:58"},
{"event":"New Series Instance UID is created : 20130311122005202100027.0.0","user":"Surajit","timestamp":"20-05-2021 07:08:58"},
{"event":"New SOP Instance UID is created : 20130311122005202100027.0.0.0","user":"Surajit","timestamp":"20-05-2021 07:08:58"},
{"event":"New SOP Instance UID inserted : 20130311122005202100027.0.0.0","user":"Surajit","timestamp":"20-05-2021 07:08:58"},
{"event":"New Patient ID is created : 20130311122005202100028","user":"Surajit","timestamp":"20-05-2021 07:09:18"},
{"event":"New Patient ID is inserted : 20130311122005202100028","user":"Surajit","timestamp":"20-05-2021 07:09:18"},
{"event":"20180822 Day difference -52","user":"Surajit","timestamp":"20-05-2021 07:09:18"},
{"event":"Random StudyDate created : 20180701 Day Difference : -52","user":"Surajit","timestamp":"20-05-2021 07:09:18"},
{"event":"New Study Instance UID is created : 20130311122005202100028.0","user":"Surajit","timestamp":"20-05-2021 07:09:18"},
{"event":"New Series Instance UID is created : 20130311122005202100028.0.0","user":"Surajit","timestamp":"20-05-2021 07:09:18"},
{"event":"New SOP Instance UID is created : 20130311122005202100028.0.0.0","user":"Surajit","timestamp":"20-05-2021 07:09:18"},
{"event":"New SOP Instance UID inserted : 20130311122005202100028.0.0.0","user":"Surajit","timestamp":"20-05-2021 07:09:18"},
{"event":"New Patient ID is created : 20130311122005202100029","user":"Surajit","timestamp":"20-05-2021 07:09:41"},
{"event":"New Patient ID is inserted : 20130311122005202100029","user":"Surajit","timestamp":"20-05-2021 07:09:41"},
{"event":"20180822 Day difference 91","user":"Surajit","timestamp":"20-05-2021 07:09:41"},
{"event":"Random StudyDate created : 20181121 Day Difference : 91","user":"Surajit","timestamp":"20-05-2021 07:09:41"},
{"event":"New Study Instance UID is created : 20130311122005202100029.0","user":"Surajit","timestamp":"20-05-2021 07:09:41"},
{"event":"New Series Instance UID is created : 20130311122005202100029.0.0","user":"Surajit","timestamp":"20-05-2021 07:09:41"},
{"event":"New SOP Instance UID is created : 20130311122005202100029.0.0.0","user":"Surajit","timestamp":"20-05-2021 07:09:41"},
{"event":"New SOP Instance UID inserted : 20130311122005202100029.0.0.0","user":"Surajit","timestamp":"20-05-2021 07:09:41"},
{"event":"New Patient ID is created : 20130311122005202100030","user":"Surajit","timestamp":"20-05-2021 07:09:56"},
{"event":"New Patient ID is inserted : 20130311122005202100030","user":"Surajit","timestamp":"20-05-2021 07:09:56"},
{"event":"20180822 Day difference -47","user":"Surajit","timestamp":"20-05-2021 07:09:56"},
{"event":"Random StudyDate created : 20180706 Day Difference : -47","user":"Surajit","timestamp":"20-05-2021 07:09:56"},
{"event":"New Study Instance UID is created : 20130311122005202100030.0","user":"Surajit","timestamp":"20-05-2021 07:09:56"},
{"event":"New Series Instance UID is created : 20130311122005202100030.0.0","user":"Surajit","timestamp":"20-05-2021 07:09:56"},
{"event":"New SOP Instance UID is created : 20130311122005202100030.0.0.0","user":"Surajit","timestamp":"20-05-2021 07:09:56"},
{"event":"New SOP Instance UID inserted : 20130311122005202100030.0.0.0","user":"Surajit","timestamp":"20-05-2021 07:09:56"},
{"event":"New Patient ID is created : 20130311122005202100031","user":"Surajit","timestamp":"20-05-2021 07:10:28"},
{"event":"New Patient ID is inserted : 20130311122005202100031","user":"Surajit","timestamp":"20-05-2021 07:10:28"},
{"event":"20180822 Day difference -227","user":"Surajit","timestamp":"20-05-2021 07:10:28"},
{"event":"Random StudyDate created : 20180107 Day Difference : -227","user":"Surajit","timestamp":"20-05-2021 07:10:28"},
{"event":"New Study Instance UID is created : 20130311122005202100031.0","user":"Surajit","timestamp":"20-05-2021 07:10:28"},
{"event":"New Series Instance UID is created : 20130311122005202100031.0.0","user":"Surajit","timestamp":"20-05-2021 07:10:28"},
{"event":"New SOP Instance UID is created : 20130311122005202100031.0.0.0","user":"Surajit","timestamp":"20-05-2021 07:10:28"},
{"event":"New SOP Instance UID inserted : 20130311122005202100031.0.0.0","user":"Surajit","timestamp":"20-05-2021 07:10:28"},
{"event":"New Patient ID is created : 20130311122005202100032","user":"Surajit","timestamp":"20-05-2021 07:10:48"},
{"event":"New Patient ID is inserted : 20130311122005202100032","user":"Surajit","timestamp":"20-05-2021 07:10:48"},
{"event":"20180822 Day difference -215","user":"Surajit","timestamp":"20-05-2021 07:10:48"},
{"event":"Random StudyDate created : 20180119 Day Difference : -215","user":"Surajit","timestamp":"20-05-2021 07:10:48"},
{"event":"New Study Instance UID is created : 20130311122005202100032.0","user":"Surajit","timestamp":"20-05-2021 07:10:48"},
{"event":"New Series Instance UID is created : 20130311122005202100032.0.0","user":"Surajit","timestamp":"20-05-2021 07:10:48"},
{"event":"New SOP Instance UID is created : 20130311122005202100032.0.0.0","user":"Surajit","timestamp":"20-05-2021 07:10:48"},
{"event":"New SOP Instance UID inserted : 20130311122005202100032.0.0.0","user":"Surajit","timestamp":"20-05-2021 07:10:48"},
{"event":"New Patient ID is created : 20130311122005202100033","user":"Surajit","timestamp":"20-05-2021 07:14:15"},
{"event":"New Patient ID is inserted : 20130311122005202100033","user":"Surajit","timestamp":"20-05-2021 07:14:15"},
{"event":"20171011 Day difference 0","user":"Surajit","timestamp":"20-05-2021 07:14:15"},
{"event":"Random StudyDate created : 20171011 Day Difference : 0","user":"Surajit","timestamp":"20-05-2021 07:14:15"},
{"event":"New Study Instance UID is created : 20130311122005202100033.0","user":"Surajit","timestamp":"20-05-2021 07:14:15"},
{"event":"New Study Instance UID is inserted : 20130311122005202100033.0","user":"Surajit","timestamp":"20-05-2021 07:14:15"},
{"event":"New Series Instance UID is created : 20130311122005202100033.0.0","user":"Surajit","timestamp":"20-05-2021 07:14:15"},
{"event":"New Series Instance UID is inserted : 20130311122005202100033.0.0","user":"Surajit","timestamp":"20-05-2021 07:14:15"},
{"event":"New SOP Instance UID is created : 20130311122005202100033.0.0.0","user":"Surajit","timestamp":"20-05-2021 07:14:15"},
{"event":"New SOP Instance UID inserted : 20130311122005202100033.0.0.0","user":"Surajit","timestamp":"20-05-2021 07:14:15"},
