{"event":"Login successfully","user":"sk@c.com","timestamp":"20-01-2020 11:38:42"},
{"event":"Login successfully","user":"sk@c.com","timestamp":"20-01-2020 11:42:08"},
{"event":"Login successfully","user":"sk@c.com","timestamp":"20-01-2020 11:44:12"},
{"event":"Login successfully","user":"sk@c.com","timestamp":"20-01-2020 11:48:23"},
{"event":"Login successfully","user":"sk@c.com","timestamp":"20-01-2020 11:49:43"},
{"event":"Login successfully","user":"sk@c.com","timestamp":"20-01-2020 11:55:28"},
{"event":"Login successfully","user":"sk@c.com","timestamp":"20-01-2020 12:03:00"},
{"event":"New Patient ID is created : 20130311122001202000000","user":"Surajit","timestamp":"20-01-2020 12:10:03"},
{"event":"New Patient ID is inserted : 20130311122001202000000","user":"Surajit","timestamp":"20-01-2020 12:10:03"},
{"event":"20170902 Day difference 68","user":"Surajit","timestamp":"20-01-2020 12:10:03"},
{"event":"Random StudyDate created : 20171109 Day Difference : 68","user":"Surajit","timestamp":"20-01-2020 12:10:03"},
{"event":"New Study Instance UID is created : 20130311122001202000000.0","user":"Surajit","timestamp":"20-01-2020 12:10:03"},
{"event":"New Study Instance UID is inserted : 20130311122001202000000.0","user":"Surajit","timestamp":"20-01-2020 12:10:03"},
{"event":"New Series Instance UID is created : 20130311122001202000000.0.0","user":"Surajit","timestamp":"20-01-2020 12:10:03"},
{"event":"New Series Instance UID is inserted : 20130311122001202000000.0.0","user":"Surajit","timestamp":"20-01-2020 12:10:03"},
{"event":"New SOP Instance UID is created : 20130311122001202000000.0.0.0","user":"Surajit","timestamp":"20-01-2020 12:10:03"},
{"event":"New SOP Instance UID inserted : 20130311122001202000000.0.0.0","user":"Surajit","timestamp":"20-01-2020 12:10:03"},
{"event":"Patient ID is found","user":"Surajit","timestamp":"20-01-2020 12:10:04"},
{"event":"Study Instance UID is found","user":"Surajit","timestamp":"20-01-2020 12:10:04"},
{"event":"Series Instance UID is found","user":"Surajit","timestamp":"20-01-2020 12:10:04"},
{"event":"New SOP Instance UID is created : 20130311122001202000000.0.0.1","user":"Surajit","timestamp":"20-01-2020 12:10:04"},
{"event":"New SOP Instance UID inserted : 20130311122001202000000.0.0.1","user":"Surajit","timestamp":"20-01-2020 12:10:04"},
{"event":"Patient ID is found","user":"Surajit","timestamp":"20-01-2020 12:10:04"},
{"event":"Study Instance UID is found","user":"Surajit","timestamp":"20-01-2020 12:10:04"},
{"event":"Series Instance UID is found","user":"Surajit","timestamp":"20-01-2020 12:10:04"},
{"event":"New SOP Instance UID is created : 20130311122001202000000.0.0.2","user":"Surajit","timestamp":"20-01-2020 12:10:04"},
{"event":"New SOP Instance UID inserted : 20130311122001202000000.0.0.2","user":"Surajit","timestamp":"20-01-2020 12:10:04"},
{"event":"Patient ID is found","user":"Surajit","timestamp":"20-01-2020 12:10:04"},
{"event":"Study Instance UID is found","user":"Surajit","timestamp":"20-01-2020 12:10:04"},
{"event":"Series Instance UID is found","user":"Surajit","timestamp":"20-01-2020 12:10:04"},
{"event":"New SOP Instance UID is created : 20130311122001202000000.0.0.3","user":"Surajit","timestamp":"20-01-2020 12:10:04"},
{"event":"New SOP Instance UID inserted : 20130311122001202000000.0.0.3","user":"Surajit","timestamp":"20-01-2020 12:10:04"},
{"event":"Patient ID is found","user":"Surajit","timestamp":"20-01-2020 12:10:05"},
{"event":"Study Instance UID is found","user":"Surajit","timestamp":"20-01-2020 12:10:05"},
{"event":"Series Instance UID is found","user":"Surajit","timestamp":"20-01-2020 12:10:05"},
{"event":"New SOP Instance UID is created : 20130311122001202000000.0.0.4","user":"Surajit","timestamp":"20-01-2020 12:10:05"},
{"event":"New SOP Instance UID inserted : 20130311122001202000000.0.0.4","user":"Surajit","timestamp":"20-01-2020 12:10:05"},
{"event":"Patient ID is found","user":"Surajit","timestamp":"20-01-2020 12:10:05"},
{"event":"Study Instance UID is found","user":"Surajit","timestamp":"20-01-2020 12:10:05"},
{"event":"Series Instance UID is found","user":"Surajit","timestamp":"20-01-2020 12:10:05"},
{"event":"New SOP Instance UID is created : 20130311122001202000000.0.0.5","user":"Surajit","timestamp":"20-01-2020 12:10:05"},
{"event":"New SOP Instance UID inserted : 20130311122001202000000.0.0.5","user":"Surajit","timestamp":"20-01-2020 12:10:05"},
{"event":"Patient ID is found","user":"Surajit","timestamp":"20-01-2020 12:10:05"},
{"event":"Study Instance UID is found","user":"Surajit","timestamp":"20-01-2020 12:10:05"},
{"event":"New Series Instance UID is created : 20130311122001202000000.0.1","user":"Surajit","timestamp":"20-01-2020 12:10:05"},
{"event":"New Series Instance UID is inserted : 20130311122001202000000.0.1","user":"Surajit","timestamp":"20-01-2020 12:10:05"},
{"event":"New SOP Instance UID is created : 20130311122001202000000.0.1.0","user":"Surajit","timestamp":"20-01-2020 12:10:05"},
{"event":"New SOP Instance UID inserted : 20130311122001202000000.0.1.0","user":"Surajit","timestamp":"20-01-2020 12:10:05"},
{"event":"Patient ID is found","user":"Surajit","timestamp":"20-01-2020 12:10:05"},
{"event":"Study Instance UID is found","user":"Surajit","timestamp":"20-01-2020 12:10:05"},
{"event":"Series Instance UID is found","user":"Surajit","timestamp":"20-01-2020 12:10:05"},
{"event":"New SOP Instance UID is created : 20130311122001202000000.0.1.1","user":"Surajit","timestamp":"20-01-2020 12:10:05"},
{"event":"New SOP Instance UID inserted : 20130311122001202000000.0.1.1","user":"Surajit","timestamp":"20-01-2020 12:10:05"},
{"event":"Patient ID is found","user":"Surajit","timestamp":"20-01-2020 12:10:05"},
{"event":"Study Instance UID is found","user":"Surajit","timestamp":"20-01-2020 12:10:05"},
{"event":"Series Instance UID is found","user":"Surajit","timestamp":"20-01-2020 12:10:05"},
{"event":"New SOP Instance UID is created : 20130311122001202000000.0.1.2","user":"Surajit","timestamp":"20-01-2020 12:10:05"},
{"event":"New SOP Instance UID inserted : 20130311122001202000000.0.1.2","user":"Surajit","timestamp":"20-01-2020 12:10:05"},
{"event":"Patient ID is found","user":"Surajit","timestamp":"20-01-2020 12:10:06"},
{"event":"Study Instance UID is found","user":"Surajit","timestamp":"20-01-2020 12:10:06"},
{"event":"Series Instance UID is found","user":"Surajit","timestamp":"20-01-2020 12:10:06"},
{"event":"New SOP Instance UID is created : 20130311122001202000000.0.1.3","user":"Surajit","timestamp":"20-01-2020 12:10:06"},
{"event":"New SOP Instance UID inserted : 20130311122001202000000.0.1.3","user":"Surajit","timestamp":"20-01-2020 12:10:06"},
{"event":"Patient ID is found","user":"Surajit","timestamp":"20-01-2020 12:10:06"},
{"event":"Study Instance UID is found","user":"Surajit","timestamp":"20-01-2020 12:10:06"},
{"event":"Series Instance UID is found","user":"Surajit","timestamp":"20-01-2020 12:10:06"},
{"event":"New SOP Instance UID is created : 20130311122001202000000.0.1.4","user":"Surajit","timestamp":"20-01-2020 12:10:06"},
{"event":"New SOP Instance UID inserted : 20130311122001202000000.0.1.4","user":"Surajit","timestamp":"20-01-2020 12:10:06"},
{"event":"Patient ID is found","user":"Surajit","timestamp":"20-01-2020 12:10:06"},
{"event":"Study Instance UID is found","user":"Surajit","timestamp":"20-01-2020 12:10:06"},
{"event":"Series Instance UID is found","user":"Surajit","timestamp":"20-01-2020 12:10:06"},
{"event":"New SOP Instance UID is created : 20130311122001202000000.0.1.5","user":"Surajit","timestamp":"20-01-2020 12:10:06"},
{"event":"New SOP Instance UID inserted : 20130311122001202000000.0.1.5","user":"Surajit","timestamp":"20-01-2020 12:10:06"},
{"event":"Patient ID is found","user":"Surajit","timestamp":"20-01-2020 12:10:06"},
{"event":"Study Instance UID is found","user":"Surajit","timestamp":"20-01-2020 12:10:06"},
{"event":"Series Instance UID is found","user":"Surajit","timestamp":"20-01-2020 12:10:06"},
{"event":"New SOP Instance UID is created : 20130311122001202000000.0.1.6","user":"Surajit","timestamp":"20-01-2020 12:10:06"},
{"event":"New SOP Instance UID inserted : 20130311122001202000000.0.1.6","user":"Surajit","timestamp":"20-01-2020 12:10:06"},
{"event":"Patient ID is found","user":"Surajit","timestamp":"20-01-2020 12:10:06"},
{"event":"Study Instance UID is found","user":"Surajit","timestamp":"20-01-2020 12:10:06"},
{"event":"Series Instance UID is found","user":"Surajit","timestamp":"20-01-2020 12:10:06"},
{"event":"New SOP Instance UID is created : 20130311122001202000000.0.1.7","user":"Surajit","timestamp":"20-01-2020 12:10:06"},
{"event":"New SOP Instance UID inserted : 20130311122001202000000.0.1.7","user":"Surajit","timestamp":"20-01-2020 12:10:06"},
{"event":"Patient ID is found","user":"Surajit","timestamp":"20-01-2020 12:10:07"},
{"event":"Study Instance UID is found","user":"Surajit","timestamp":"20-01-2020 12:10:07"},
{"event":"Series Instance UID is found","user":"Surajit","timestamp":"20-01-2020 12:10:07"},
{"event":"New SOP Instance UID is created : 20130311122001202000000.0.1.8","user":"Surajit","timestamp":"20-01-2020 12:10:07"},
{"event":"New SOP Instance UID inserted : 20130311122001202000000.0.1.8","user":"Surajit","timestamp":"20-01-2020 12:10:07"},
{"event":"Patient ID is found","user":"Surajit","timestamp":"20-01-2020 12:10:07"},
{"event":"Study Instance UID is found","user":"Surajit","timestamp":"20-01-2020 12:10:07"},
{"event":"Series Instance UID is found","user":"Surajit","timestamp":"20-01-2020 12:10:07"},
{"event":"New SOP Instance UID is created : 20130311122001202000000.0.1.9","user":"Surajit","timestamp":"20-01-2020 12:10:07"},
{"event":"New SOP Instance UID inserted : 20130311122001202000000.0.1.9","user":"Surajit","timestamp":"20-01-2020 12:10:07"},
{"event":"Patient ID is found","user":"Surajit","timestamp":"20-01-2020 12:10:07"},
{"event":"Study Instance UID is found","user":"Surajit","timestamp":"20-01-2020 12:10:07"},
{"event":"Series Instance UID is found","user":"Surajit","timestamp":"20-01-2020 12:10:07"},
{"event":"New SOP Instance UID is created : 20130311122001202000000.0.1.10","user":"Surajit","timestamp":"20-01-2020 12:10:07"},
{"event":"New SOP Instance UID inserted : 20130311122001202000000.0.1.10","user":"Surajit","timestamp":"20-01-2020 12:10:07"},
{"event":"Patient ID is found","user":"Surajit","timestamp":"20-01-2020 12:10:07"},
{"event":"Study Instance UID is found","user":"Surajit","timestamp":"20-01-2020 12:10:07"},
{"event":"Series Instance UID is found","user":"Surajit","timestamp":"20-01-2020 12:10:07"},
{"event":"New SOP Instance UID is created : 20130311122001202000000.0.1.11","user":"Surajit","timestamp":"20-01-2020 12:10:07"},
{"event":"New SOP Instance UID inserted : 20130311122001202000000.0.1.11","user":"Surajit","timestamp":"20-01-2020 12:10:07"},
{"event":"Patient ID is found","user":"Surajit","timestamp":"20-01-2020 12:10:07"},
{"event":"Study Instance UID is found","user":"Surajit","timestamp":"20-01-2020 12:10:07"},
{"event":"Series Instance UID is found","user":"Surajit","timestamp":"20-01-2020 12:10:07"},
{"event":"New SOP Instance UID is created : 20130311122001202000000.0.1.12","user":"Surajit","timestamp":"20-01-2020 12:10:07"},
{"event":"New SOP Instance UID inserted : 20130311122001202000000.0.1.12","user":"Surajit","timestamp":"20-01-2020 12:10:07"},
{"event":"Patient ID is found","user":"Surajit","timestamp":"20-01-2020 12:10:07"},
{"event":"Study Instance UID is found","user":"Surajit","timestamp":"20-01-2020 12:10:07"},
{"event":"Series Instance UID is found","user":"Surajit","timestamp":"20-01-2020 12:10:07"},
{"event":"New SOP Instance UID is created : 20130311122001202000000.0.1.13","user":"Surajit","timestamp":"20-01-2020 12:10:07"},
{"event":"New SOP Instance UID inserted : 20130311122001202000000.0.1.13","user":"Surajit","timestamp":"20-01-2020 12:10:07"},
{"event":"Patient ID is found","user":"Surajit","timestamp":"20-01-2020 12:10:07"},
{"event":"Study Instance UID is found","user":"Surajit","timestamp":"20-01-2020 12:10:07"},
{"event":"Series Instance UID is found","user":"Surajit","timestamp":"20-01-2020 12:10:07"},
{"event":"New SOP Instance UID is created : 20130311122001202000000.0.1.14","user":"Surajit","timestamp":"20-01-2020 12:10:07"},
{"event":"New SOP Instance UID inserted : 20130311122001202000000.0.1.14","user":"Surajit","timestamp":"20-01-2020 12:10:07"},
{"event":"Patient ID is found","user":"Surajit","timestamp":"20-01-2020 12:10:08"},
{"event":"Study Instance UID is found","user":"Surajit","timestamp":"20-01-2020 12:10:08"},
{"event":"Series Instance UID is found","user":"Surajit","timestamp":"20-01-2020 12:10:08"},
{"event":"New SOP Instance UID is created : 20130311122001202000000.0.1.15","user":"Surajit","timestamp":"20-01-2020 12:10:08"},
{"event":"New SOP Instance UID inserted : 20130311122001202000000.0.1.15","user":"Surajit","timestamp":"20-01-2020 12:10:08"},
{"event":"Patient ID is found","user":"Surajit","timestamp":"20-01-2020 12:10:08"},
{"event":"Study Instance UID is found","user":"Surajit","timestamp":"20-01-2020 12:10:08"},
{"event":"Series Instance UID is found","user":"Surajit","timestamp":"20-01-2020 12:10:08"},
{"event":"New SOP Instance UID is created : 20130311122001202000000.0.1.16","user":"Surajit","timestamp":"20-01-2020 12:10:08"},
{"event":"New SOP Instance UID inserted : 20130311122001202000000.0.1.16","user":"Surajit","timestamp":"20-01-2020 12:10:08"},
{"event":"Patient ID is found","user":"Surajit","timestamp":"20-01-2020 12:10:08"},
{"event":"Study Instance UID is found","user":"Surajit","timestamp":"20-01-2020 12:10:08"},
{"event":"Series Instance UID is found","user":"Surajit","timestamp":"20-01-2020 12:10:08"},
{"event":"New SOP Instance UID is created : 20130311122001202000000.0.1.17","user":"Surajit","timestamp":"20-01-2020 12:10:08"},
{"event":"New SOP Instance UID inserted : 20130311122001202000000.0.1.17","user":"Surajit","timestamp":"20-01-2020 12:10:08"},
{"event":"Patient ID is found","user":"Surajit","timestamp":"20-01-2020 12:10:08"},
{"event":"Study Instance UID is found","user":"Surajit","timestamp":"20-01-2020 12:10:08"},
{"event":"Series Instance UID is found","user":"Surajit","timestamp":"20-01-2020 12:10:08"},
{"event":"New SOP Instance UID is created : 20130311122001202000000.0.1.18","user":"Surajit","timestamp":"20-01-2020 12:10:08"},
{"event":"New SOP Instance UID inserted : 20130311122001202000000.0.1.18","user":"Surajit","timestamp":"20-01-2020 12:10:08"},
{"event":"Patient ID is found","user":"Surajit","timestamp":"20-01-2020 12:10:08"},
{"event":"Study Instance UID is found","user":"Surajit","timestamp":"20-01-2020 12:10:08"},
{"event":"Series Instance UID is found","user":"Surajit","timestamp":"20-01-2020 12:10:08"},
{"event":"New SOP Instance UID is created : 20130311122001202000000.0.1.19","user":"Surajit","timestamp":"20-01-2020 12:10:08"},
{"event":"New SOP Instance UID inserted : 20130311122001202000000.0.1.19","user":"Surajit","timestamp":"20-01-2020 12:10:08"},
{"event":"Patient ID is found","user":"Surajit","timestamp":"20-01-2020 12:10:08"},
{"event":"Study Instance UID is found","user":"Surajit","timestamp":"20-01-2020 12:10:08"},
{"event":"Series Instance UID is found","user":"Surajit","timestamp":"20-01-2020 12:10:08"},
{"event":"New SOP Instance UID is created : 20130311122001202000000.0.1.20","user":"Surajit","timestamp":"20-01-2020 12:10:08"},
{"event":"New SOP Instance UID inserted : 20130311122001202000000.0.1.20","user":"Surajit","timestamp":"20-01-2020 12:10:08"},
{"event":"Patient ID is found","user":"Surajit","timestamp":"20-01-2020 12:10:08"},
{"event":"Study Instance UID is found","user":"Surajit","timestamp":"20-01-2020 12:10:08"},
{"event":"Series Instance UID is found","user":"Surajit","timestamp":"20-01-2020 12:10:08"},
{"event":"New SOP Instance UID is created : 20130311122001202000000.0.1.21","user":"Surajit","timestamp":"20-01-2020 12:10:08"},
{"event":"New SOP Instance UID inserted : 20130311122001202000000.0.1.21","user":"Surajit","timestamp":"20-01-2020 12:10:08"},
{"event":"Patient ID is found","user":"Surajit","timestamp":"20-01-2020 12:10:09"},
{"event":"Study Instance UID is found","user":"Surajit","timestamp":"20-01-2020 12:10:09"},
{"event":"Series Instance UID is found","user":"Surajit","timestamp":"20-01-2020 12:10:09"},
{"event":"New SOP Instance UID is created : 20130311122001202000000.0.1.22","user":"Surajit","timestamp":"20-01-2020 12:10:09"},
{"event":"New SOP Instance UID inserted : 20130311122001202000000.0.1.22","user":"Surajit","timestamp":"20-01-2020 12:10:09"},
{"event":"Patient ID is found","user":"Surajit","timestamp":"20-01-2020 12:10:09"},
{"event":"Study Instance UID is found","user":"Surajit","timestamp":"20-01-2020 12:10:09"},
{"event":"Series Instance UID is found","user":"Surajit","timestamp":"20-01-2020 12:10:09"},
{"event":"New SOP Instance UID is created : 20130311122001202000000.0.1.23","user":"Surajit","timestamp":"20-01-2020 12:10:09"},
{"event":"New SOP Instance UID inserted : 20130311122001202000000.0.1.23","user":"Surajit","timestamp":"20-01-2020 12:10:09"},
{"event":"Patient ID is found","user":"Surajit","timestamp":"20-01-2020 12:10:09"},
{"event":"Study Instance UID is found","user":"Surajit","timestamp":"20-01-2020 12:10:09"},
{"event":"Series Instance UID is found","user":"Surajit","timestamp":"20-01-2020 12:10:09"},
{"event":"New SOP Instance UID is created : 20130311122001202000000.0.1.24","user":"Surajit","timestamp":"20-01-2020 12:10:09"},
{"event":"New SOP Instance UID inserted : 20130311122001202000000.0.1.24","user":"Surajit","timestamp":"20-01-2020 12:10:09"},
{"event":"Patient ID is found","user":"Surajit","timestamp":"20-01-2020 12:10:09"},
{"event":"Study Instance UID is found","user":"Surajit","timestamp":"20-01-2020 12:10:09"},
{"event":"Series Instance UID is found","user":"Surajit","timestamp":"20-01-2020 12:10:09"},
{"event":"New SOP Instance UID is created : 20130311122001202000000.0.1.25","user":"Surajit","timestamp":"20-01-2020 12:10:09"},
{"event":"New SOP Instance UID inserted : 20130311122001202000000.0.1.25","user":"Surajit","timestamp":"20-01-2020 12:10:09"},
{"event":"Patient ID is found","user":"Surajit","timestamp":"20-01-2020 12:10:09"},
{"event":"Study Instance UID is found","user":"Surajit","timestamp":"20-01-2020 12:10:09"},
{"event":"Series Instance UID is found","user":"Surajit","timestamp":"20-01-2020 12:10:09"},
{"event":"New SOP Instance UID is created : 20130311122001202000000.0.1.26","user":"Surajit","timestamp":"20-01-2020 12:10:09"},
{"event":"New SOP Instance UID inserted : 20130311122001202000000.0.1.26","user":"Surajit","timestamp":"20-01-2020 12:10:09"},
{"event":"Patient ID is found","user":"Surajit","timestamp":"20-01-2020 12:10:09"},
{"event":"Study Instance UID is found","user":"Surajit","timestamp":"20-01-2020 12:10:09"},
{"event":"Series Instance UID is found","user":"Surajit","timestamp":"20-01-2020 12:10:09"},
{"event":"New SOP Instance UID is created : 20130311122001202000000.0.1.27","user":"Surajit","timestamp":"20-01-2020 12:10:09"},
{"event":"New SOP Instance UID inserted : 20130311122001202000000.0.1.27","user":"Surajit","timestamp":"20-01-2020 12:10:09"},
{"event":"Patient ID is found","user":"Surajit","timestamp":"20-01-2020 12:10:09"},
{"event":"Study Instance UID is found","user":"Surajit","timestamp":"20-01-2020 12:10:09"},
{"event":"Series Instance UID is found","user":"Surajit","timestamp":"20-01-2020 12:10:09"},
{"event":"New SOP Instance UID is created : 20130311122001202000000.0.1.28","user":"Surajit","timestamp":"20-01-2020 12:10:09"},
{"event":"New SOP Instance UID inserted : 20130311122001202000000.0.1.28","user":"Surajit","timestamp":"20-01-2020 12:10:09"},
{"event":"Patient ID is found","user":"Surajit","timestamp":"20-01-2020 12:10:10"},
{"event":"Study Instance UID is found","user":"Surajit","timestamp":"20-01-2020 12:10:10"},
{"event":"Series Instance UID is found","user":"Surajit","timestamp":"20-01-2020 12:10:10"},
{"event":"New SOP Instance UID is created : 20130311122001202000000.0.1.29","user":"Surajit","timestamp":"20-01-2020 12:10:10"},
{"event":"New SOP Instance UID inserted : 20130311122001202000000.0.1.29","user":"Surajit","timestamp":"20-01-2020 12:10:10"},
{"event":"Patient ID is found","user":"Surajit","timestamp":"20-01-2020 12:10:10"},
{"event":"Study Instance UID is found","user":"Surajit","timestamp":"20-01-2020 12:10:10"},
{"event":"Series Instance UID is found","user":"Surajit","timestamp":"20-01-2020 12:10:10"},
{"event":"New SOP Instance UID is created : 20130311122001202000000.0.1.30","user":"Surajit","timestamp":"20-01-2020 12:10:10"},
{"event":"New SOP Instance UID inserted : 20130311122001202000000.0.1.30","user":"Surajit","timestamp":"20-01-2020 12:10:10"},
{"event":"Patient ID is found","user":"Surajit","timestamp":"20-01-2020 12:10:10"},
{"event":"Study Instance UID is found","user":"Surajit","timestamp":"20-01-2020 12:10:10"},
{"event":"Series Instance UID is found","user":"Surajit","timestamp":"20-01-2020 12:10:10"},
{"event":"New SOP Instance UID is created : 20130311122001202000000.0.1.31","user":"Surajit","timestamp":"20-01-2020 12:10:10"},
{"event":"New SOP Instance UID inserted : 20130311122001202000000.0.1.31","user":"Surajit","timestamp":"20-01-2020 12:10:10"},
{"event":"Patient ID is found","user":"Surajit","timestamp":"20-01-2020 12:10:10"},
{"event":"Study Instance UID is found","user":"Surajit","timestamp":"20-01-2020 12:10:10"},
{"event":"Series Instance UID is found","user":"Surajit","timestamp":"20-01-2020 12:10:10"},
{"event":"New SOP Instance UID is created : 20130311122001202000000.0.1.32","user":"Surajit","timestamp":"20-01-2020 12:10:10"},
{"event":"New SOP Instance UID inserted : 20130311122001202000000.0.1.32","user":"Surajit","timestamp":"20-01-2020 12:10:10"},
{"event":"Patient ID is found","user":"Surajit","timestamp":"20-01-2020 12:10:10"},
{"event":"Study Instance UID is found","user":"Surajit","timestamp":"20-01-2020 12:10:10"},
{"event":"New Series Instance UID is created : 20130311122001202000000.0.2","user":"Surajit","timestamp":"20-01-2020 12:10:10"},
{"event":"New Series Instance UID is inserted : 20130311122001202000000.0.2","user":"Surajit","timestamp":"20-01-2020 12:10:10"},
{"event":"New SOP Instance UID is created : 20130311122001202000000.0.2.0","user":"Surajit","timestamp":"20-01-2020 12:10:10"},
{"event":"New SOP Instance UID inserted : 20130311122001202000000.0.2.0","user":"Surajit","timestamp":"20-01-2020 12:10:10"},
{"event":"Patient ID is found","user":"Surajit","timestamp":"20-01-2020 12:10:10"},
{"event":"Study Instance UID is found","user":"Surajit","timestamp":"20-01-2020 12:10:10"},
{"event":"Series Instance UID is found","user":"Surajit","timestamp":"20-01-2020 12:10:10"},
{"event":"New SOP Instance UID is created : 20130311122001202000000.0.2.1","user":"Surajit","timestamp":"20-01-2020 12:10:10"},
{"event":"New SOP Instance UID inserted : 20130311122001202000000.0.2.1","user":"Surajit","timestamp":"20-01-2020 12:10:10"},
{"event":"Patient ID is found","user":"Surajit","timestamp":"20-01-2020 12:10:10"},
{"event":"Study Instance UID is found","user":"Surajit","timestamp":"20-01-2020 12:10:10"},
{"event":"Series Instance UID is found","user":"Surajit","timestamp":"20-01-2020 12:10:10"},
{"event":"New SOP Instance UID is created : 20130311122001202000000.0.2.2","user":"Surajit","timestamp":"20-01-2020 12:10:10"},
{"event":"New SOP Instance UID inserted : 20130311122001202000000.0.2.2","user":"Surajit","timestamp":"20-01-2020 12:10:10"},
{"event":"Patient ID is found","user":"Surajit","timestamp":"20-01-2020 12:10:11"},
{"event":"Study Instance UID is found","user":"Surajit","timestamp":"20-01-2020 12:10:11"},
{"event":"Series Instance UID is found","user":"Surajit","timestamp":"20-01-2020 12:10:11"},
{"event":"New SOP Instance UID is created : 20130311122001202000000.0.2.3","user":"Surajit","timestamp":"20-01-2020 12:10:11"},
{"event":"New SOP Instance UID inserted : 20130311122001202000000.0.2.3","user":"Surajit","timestamp":"20-01-2020 12:10:11"},
{"event":"Patient ID is found","user":"Surajit","timestamp":"20-01-2020 12:10:11"},
{"event":"Study Instance UID is found","user":"Surajit","timestamp":"20-01-2020 12:10:11"},
{"event":"Series Instance UID is found","user":"Surajit","timestamp":"20-01-2020 12:10:11"},
{"event":"New SOP Instance UID is created : 20130311122001202000000.0.2.4","user":"Surajit","timestamp":"20-01-2020 12:10:11"},
{"event":"New SOP Instance UID inserted : 20130311122001202000000.0.2.4","user":"Surajit","timestamp":"20-01-2020 12:10:11"},
{"event":"Patient ID is found","user":"Surajit","timestamp":"20-01-2020 12:10:11"},
{"event":"Study Instance UID is found","user":"Surajit","timestamp":"20-01-2020 12:10:11"},
{"event":"Series Instance UID is found","user":"Surajit","timestamp":"20-01-2020 12:10:11"},
{"event":"New SOP Instance UID is created : 20130311122001202000000.0.2.5","user":"Surajit","timestamp":"20-01-2020 12:10:11"},
{"event":"New SOP Instance UID inserted : 20130311122001202000000.0.2.5","user":"Surajit","timestamp":"20-01-2020 12:10:11"},
{"event":"Patient ID is found","user":"Surajit","timestamp":"20-01-2020 12:10:11"},
{"event":"Study Instance UID is found","user":"Surajit","timestamp":"20-01-2020 12:10:11"},
{"event":"Series Instance UID is found","user":"Surajit","timestamp":"20-01-2020 12:10:11"},
{"event":"New SOP Instance UID is created : 20130311122001202000000.0.2.6","user":"Surajit","timestamp":"20-01-2020 12:10:11"},
{"event":"New SOP Instance UID inserted : 20130311122001202000000.0.2.6","user":"Surajit","timestamp":"20-01-2020 12:10:11"},
{"event":"Patient ID is found","user":"Surajit","timestamp":"20-01-2020 12:10:11"},
{"event":"Study Instance UID is found","user":"Surajit","timestamp":"20-01-2020 12:10:11"},
{"event":"Series Instance UID is found","user":"Surajit","timestamp":"20-01-2020 12:10:11"},
{"event":"New SOP Instance UID is created : 20130311122001202000000.0.2.7","user":"Surajit","timestamp":"20-01-2020 12:10:11"},
{"event":"New SOP Instance UID inserted : 20130311122001202000000.0.2.7","user":"Surajit","timestamp":"20-01-2020 12:10:11"},
{"event":"Patient ID is found","user":"Surajit","timestamp":"20-01-2020 12:10:11"},
{"event":"Study Instance UID is found","user":"Surajit","timestamp":"20-01-2020 12:10:11"},
{"event":"Series Instance UID is found","user":"Surajit","timestamp":"20-01-2020 12:10:11"},
{"event":"New SOP Instance UID is created : 20130311122001202000000.0.2.8","user":"Surajit","timestamp":"20-01-2020 12:10:11"},
{"event":"New SOP Instance UID inserted : 20130311122001202000000.0.2.8","user":"Surajit","timestamp":"20-01-2020 12:10:11"},
{"event":"Patient ID is found","user":"Surajit","timestamp":"20-01-2020 12:10:11"},
{"event":"Study Instance UID is found","user":"Surajit","timestamp":"20-01-2020 12:10:11"},
{"event":"Series Instance UID is found","user":"Surajit","timestamp":"20-01-2020 12:10:11"},
{"event":"New SOP Instance UID is created : 20130311122001202000000.0.2.9","user":"Surajit","timestamp":"20-01-2020 12:10:11"},
{"event":"New SOP Instance UID inserted : 20130311122001202000000.0.2.9","user":"Surajit","timestamp":"20-01-2020 12:10:11"},
{"event":"Patient ID is found","user":"Surajit","timestamp":"20-01-2020 12:10:12"},
{"event":"Study Instance UID is found","user":"Surajit","timestamp":"20-01-2020 12:10:12"},
{"event":"Series Instance UID is found","user":"Surajit","timestamp":"20-01-2020 12:10:12"},
{"event":"New SOP Instance UID is created : 20130311122001202000000.0.2.10","user":"Surajit","timestamp":"20-01-2020 12:10:12"},
{"event":"New SOP Instance UID inserted : 20130311122001202000000.0.2.10","user":"Surajit","timestamp":"20-01-2020 12:10:12"},
{"event":"Patient ID is found","user":"Surajit","timestamp":"20-01-2020 12:10:12"},
{"event":"Study Instance UID is found","user":"Surajit","timestamp":"20-01-2020 12:10:12"},
{"event":"Series Instance UID is found","user":"Surajit","timestamp":"20-01-2020 12:10:12"},
{"event":"New SOP Instance UID is created : 20130311122001202000000.0.2.11","user":"Surajit","timestamp":"20-01-2020 12:10:12"},
{"event":"New SOP Instance UID inserted : 20130311122001202000000.0.2.11","user":"Surajit","timestamp":"20-01-2020 12:10:12"},
{"event":"Patient ID is found","user":"Surajit","timestamp":"20-01-2020 12:10:12"},
{"event":"Study Instance UID is found","user":"Surajit","timestamp":"20-01-2020 12:10:12"},
{"event":"Series Instance UID is found","user":"Surajit","timestamp":"20-01-2020 12:10:12"},
{"event":"New SOP Instance UID is created : 20130311122001202000000.0.2.12","user":"Surajit","timestamp":"20-01-2020 12:10:12"},
{"event":"New SOP Instance UID inserted : 20130311122001202000000.0.2.12","user":"Surajit","timestamp":"20-01-2020 12:10:12"},
{"event":"Patient ID is found","user":"Surajit","timestamp":"20-01-2020 12:10:12"},
{"event":"Study Instance UID is found","user":"Surajit","timestamp":"20-01-2020 12:10:12"},
{"event":"Series Instance UID is found","user":"Surajit","timestamp":"20-01-2020 12:10:12"},
{"event":"New SOP Instance UID is created : 20130311122001202000000.0.2.13","user":"Surajit","timestamp":"20-01-2020 12:10:12"},
{"event":"New SOP Instance UID inserted : 20130311122001202000000.0.2.13","user":"Surajit","timestamp":"20-01-2020 12:10:12"},
{"event":"Patient ID is found","user":"Surajit","timestamp":"20-01-2020 12:10:12"},
{"event":"Study Instance UID is found","user":"Surajit","timestamp":"20-01-2020 12:10:12"},
{"event":"Series Instance UID is found","user":"Surajit","timestamp":"20-01-2020 12:10:12"},
{"event":"New SOP Instance UID is created : 20130311122001202000000.0.2.14","user":"Surajit","timestamp":"20-01-2020 12:10:12"},
{"event":"New SOP Instance UID inserted : 20130311122001202000000.0.2.14","user":"Surajit","timestamp":"20-01-2020 12:10:12"},
{"event":"Patient ID is found","user":"Surajit","timestamp":"20-01-2020 12:10:13"},
{"event":"Study Instance UID is found","user":"Surajit","timestamp":"20-01-2020 12:10:13"},
{"event":"Series Instance UID is found","user":"Surajit","timestamp":"20-01-2020 12:10:13"},
{"event":"New SOP Instance UID is created : 20130311122001202000000.0.2.15","user":"Surajit","timestamp":"20-01-2020 12:10:13"},
{"event":"New SOP Instance UID inserted : 20130311122001202000000.0.2.15","user":"Surajit","timestamp":"20-01-2020 12:10:13"},
{"event":"Patient ID is found","user":"Surajit","timestamp":"20-01-2020 12:10:13"},
{"event":"Study Instance UID is found","user":"Surajit","timestamp":"20-01-2020 12:10:13"},
{"event":"Series Instance UID is found","user":"Surajit","timestamp":"20-01-2020 12:10:13"},
{"event":"New SOP Instance UID is created : 20130311122001202000000.0.2.16","user":"Surajit","timestamp":"20-01-2020 12:10:13"},
{"event":"New SOP Instance UID inserted : 20130311122001202000000.0.2.16","user":"Surajit","timestamp":"20-01-2020 12:10:13"},
{"event":"Patient ID is found","user":"Surajit","timestamp":"20-01-2020 12:10:13"},
{"event":"Study Instance UID is found","user":"Surajit","timestamp":"20-01-2020 12:10:13"},
{"event":"Series Instance UID is found","user":"Surajit","timestamp":"20-01-2020 12:10:13"},
{"event":"New SOP Instance UID is created : 20130311122001202000000.0.2.17","user":"Surajit","timestamp":"20-01-2020 12:10:13"},
{"event":"New SOP Instance UID inserted : 20130311122001202000000.0.2.17","user":"Surajit","timestamp":"20-01-2020 12:10:13"},
{"event":"Patient ID is found","user":"Surajit","timestamp":"20-01-2020 12:10:13"},
{"event":"Study Instance UID is found","user":"Surajit","timestamp":"20-01-2020 12:10:13"},
{"event":"Series Instance UID is found","user":"Surajit","timestamp":"20-01-2020 12:10:13"},
{"event":"New SOP Instance UID is created : 20130311122001202000000.0.2.18","user":"Surajit","timestamp":"20-01-2020 12:10:13"},
{"event":"New SOP Instance UID inserted : 20130311122001202000000.0.2.18","user":"Surajit","timestamp":"20-01-2020 12:10:13"},
{"event":"Patient ID is found","user":"Surajit","timestamp":"20-01-2020 12:10:13"},
{"event":"Study Instance UID is found","user":"Surajit","timestamp":"20-01-2020 12:10:13"},
{"event":"Series Instance UID is found","user":"Surajit","timestamp":"20-01-2020 12:10:13"},
{"event":"New SOP Instance UID is created : 20130311122001202000000.0.2.19","user":"Surajit","timestamp":"20-01-2020 12:10:13"},
{"event":"New SOP Instance UID inserted : 20130311122001202000000.0.2.19","user":"Surajit","timestamp":"20-01-2020 12:10:13"},
{"event":"Patient ID is found","user":"Surajit","timestamp":"20-01-2020 12:10:13"},
{"event":"Study Instance UID is found","user":"Surajit","timestamp":"20-01-2020 12:10:13"},
{"event":"Series Instance UID is found","user":"Surajit","timestamp":"20-01-2020 12:10:13"},
{"event":"New SOP Instance UID is created : 20130311122001202000000.0.2.20","user":"Surajit","timestamp":"20-01-2020 12:10:13"},
{"event":"New SOP Instance UID inserted : 20130311122001202000000.0.2.20","user":"Surajit","timestamp":"20-01-2020 12:10:13"},
{"event":"Patient ID is found","user":"Surajit","timestamp":"20-01-2020 12:10:13"},
{"event":"Study Instance UID is found","user":"Surajit","timestamp":"20-01-2020 12:10:13"},
{"event":"Series Instance UID is found","user":"Surajit","timestamp":"20-01-2020 12:10:13"},
{"event":"New SOP Instance UID is created : 20130311122001202000000.0.2.21","user":"Surajit","timestamp":"20-01-2020 12:10:13"},
{"event":"New SOP Instance UID inserted : 20130311122001202000000.0.2.21","user":"Surajit","timestamp":"20-01-2020 12:10:13"},
{"event":"Patient ID is found","user":"Surajit","timestamp":"20-01-2020 12:10:13"},
{"event":"Study Instance UID is found","user":"Surajit","timestamp":"20-01-2020 12:10:13"},
{"event":"Series Instance UID is found","user":"Surajit","timestamp":"20-01-2020 12:10:13"},
{"event":"New SOP Instance UID is created : 20130311122001202000000.0.2.22","user":"Surajit","timestamp":"20-01-2020 12:10:13"},
{"event":"New SOP Instance UID inserted : 20130311122001202000000.0.2.22","user":"Surajit","timestamp":"20-01-2020 12:10:13"},
{"event":"Patient ID is found","user":"Surajit","timestamp":"20-01-2020 12:10:14"},
{"event":"Study Instance UID is found","user":"Surajit","timestamp":"20-01-2020 12:10:14"},
{"event":"Series Instance UID is found","user":"Surajit","timestamp":"20-01-2020 12:10:14"},
{"event":"New SOP Instance UID is created : 20130311122001202000000.0.2.23","user":"Surajit","timestamp":"20-01-2020 12:10:14"},
{"event":"New SOP Instance UID inserted : 20130311122001202000000.0.2.23","user":"Surajit","timestamp":"20-01-2020 12:10:14"},
{"event":"Patient ID is found","user":"Surajit","timestamp":"20-01-2020 12:10:14"},
{"event":"Study Instance UID is found","user":"Surajit","timestamp":"20-01-2020 12:10:14"},
{"event":"Series Instance UID is found","user":"Surajit","timestamp":"20-01-2020 12:10:14"},
{"event":"New SOP Instance UID is created : 20130311122001202000000.0.2.24","user":"Surajit","timestamp":"20-01-2020 12:10:14"},
{"event":"New SOP Instance UID inserted : 20130311122001202000000.0.2.24","user":"Surajit","timestamp":"20-01-2020 12:10:14"},
{"event":"Patient ID is found","user":"Surajit","timestamp":"20-01-2020 12:10:14"},
{"event":"Study Instance UID is found","user":"Surajit","timestamp":"20-01-2020 12:10:14"},
{"event":"Series Instance UID is found","user":"Surajit","timestamp":"20-01-2020 12:10:14"},
{"event":"New SOP Instance UID is created : 20130311122001202000000.0.2.25","user":"Surajit","timestamp":"20-01-2020 12:10:14"},
{"event":"New SOP Instance UID inserted : 20130311122001202000000.0.2.25","user":"Surajit","timestamp":"20-01-2020 12:10:14"},
{"event":"Patient ID is found","user":"Surajit","timestamp":"20-01-2020 12:10:14"},
{"event":"Study Instance UID is found","user":"Surajit","timestamp":"20-01-2020 12:10:14"},
{"event":"Series Instance UID is found","user":"Surajit","timestamp":"20-01-2020 12:10:14"},
{"event":"New SOP Instance UID is created : 20130311122001202000000.0.2.26","user":"Surajit","timestamp":"20-01-2020 12:10:14"},
{"event":"New SOP Instance UID inserted : 20130311122001202000000.0.2.26","user":"Surajit","timestamp":"20-01-2020 12:10:14"},
{"event":"Patient ID is found","user":"Surajit","timestamp":"20-01-2020 12:10:14"},
{"event":"Study Instance UID is found","user":"Surajit","timestamp":"20-01-2020 12:10:14"},
{"event":"Series Instance UID is found","user":"Surajit","timestamp":"20-01-2020 12:10:14"},
{"event":"New SOP Instance UID is created : 20130311122001202000000.0.2.27","user":"Surajit","timestamp":"20-01-2020 12:10:14"},
{"event":"New SOP Instance UID inserted : 20130311122001202000000.0.2.27","user":"Surajit","timestamp":"20-01-2020 12:10:14"},
{"event":"Patient ID is found","user":"Surajit","timestamp":"20-01-2020 12:10:14"},
{"event":"Study Instance UID is found","user":"Surajit","timestamp":"20-01-2020 12:10:14"},
{"event":"Series Instance UID is found","user":"Surajit","timestamp":"20-01-2020 12:10:14"},
{"event":"New SOP Instance UID is created : 20130311122001202000000.0.2.28","user":"Surajit","timestamp":"20-01-2020 12:10:14"},
{"event":"New SOP Instance UID inserted : 20130311122001202000000.0.2.28","user":"Surajit","timestamp":"20-01-2020 12:10:14"},
{"event":"Patient ID is found","user":"Surajit","timestamp":"20-01-2020 12:10:14"},
{"event":"Study Instance UID is found","user":"Surajit","timestamp":"20-01-2020 12:10:14"},
{"event":"Series Instance UID is found","user":"Surajit","timestamp":"20-01-2020 12:10:14"},
{"event":"New SOP Instance UID is created : 20130311122001202000000.0.2.29","user":"Surajit","timestamp":"20-01-2020 12:10:14"},
{"event":"New SOP Instance UID inserted : 20130311122001202000000.0.2.29","user":"Surajit","timestamp":"20-01-2020 12:10:14"},
{"event":"Patient ID is found","user":"Surajit","timestamp":"20-01-2020 12:10:14"},
{"event":"Study Instance UID is found","user":"Surajit","timestamp":"20-01-2020 12:10:14"},
{"event":"Series Instance UID is found","user":"Surajit","timestamp":"20-01-2020 12:10:14"},
{"event":"New SOP Instance UID is created : 20130311122001202000000.0.2.30","user":"Surajit","timestamp":"20-01-2020 12:10:14"},
{"event":"New SOP Instance UID inserted : 20130311122001202000000.0.2.30","user":"Surajit","timestamp":"20-01-2020 12:10:14"},
{"event":"Patient ID is found","user":"Surajit","timestamp":"20-01-2020 12:10:15"},
{"event":"Study Instance UID is found","user":"Surajit","timestamp":"20-01-2020 12:10:15"},
{"event":"Series Instance UID is found","user":"Surajit","timestamp":"20-01-2020 12:10:15"},
{"event":"New SOP Instance UID is created : 20130311122001202000000.0.2.31","user":"Surajit","timestamp":"20-01-2020 12:10:15"},
{"event":"New SOP Instance UID inserted : 20130311122001202000000.0.2.31","user":"Surajit","timestamp":"20-01-2020 12:10:15"},
{"event":"Patient ID is found","user":"Surajit","timestamp":"20-01-2020 12:10:15"},
{"event":"Study Instance UID is found","user":"Surajit","timestamp":"20-01-2020 12:10:15"},
{"event":"Series Instance UID is found","user":"Surajit","timestamp":"20-01-2020 12:10:15"},
{"event":"New SOP Instance UID is created : 20130311122001202000000.0.2.32","user":"Surajit","timestamp":"20-01-2020 12:10:15"},
{"event":"New SOP Instance UID inserted : 20130311122001202000000.0.2.32","user":"Surajit","timestamp":"20-01-2020 12:10:15"},
{"event":"Patient ID is found","user":"Surajit","timestamp":"20-01-2020 12:10:15"},
{"event":"Study Instance UID is found","user":"Surajit","timestamp":"20-01-2020 12:10:15"},
{"event":"Series Instance UID is found","user":"Surajit","timestamp":"20-01-2020 12:10:15"},
{"event":"New SOP Instance UID is created : 20130311122001202000000.0.2.33","user":"Surajit","timestamp":"20-01-2020 12:10:15"},
{"event":"New SOP Instance UID inserted : 20130311122001202000000.0.2.33","user":"Surajit","timestamp":"20-01-2020 12:10:15"},
{"event":"Patient ID is found","user":"Surajit","timestamp":"20-01-2020 12:10:15"},
{"event":"Study Instance UID is found","user":"Surajit","timestamp":"20-01-2020 12:10:15"},
{"event":"Series Instance UID is found","user":"Surajit","timestamp":"20-01-2020 12:10:15"},
{"event":"New SOP Instance UID is created : 20130311122001202000000.0.2.34","user":"Surajit","timestamp":"20-01-2020 12:10:15"},
{"event":"New SOP Instance UID inserted : 20130311122001202000000.0.2.34","user":"Surajit","timestamp":"20-01-2020 12:10:15"},
{"event":"Patient ID is found","user":"Surajit","timestamp":"20-01-2020 12:10:15"},
{"event":"Study Instance UID is found","user":"Surajit","timestamp":"20-01-2020 12:10:15"},
{"event":"Series Instance UID is found","user":"Surajit","timestamp":"20-01-2020 12:10:15"},
{"event":"New SOP Instance UID is created : 20130311122001202000000.0.2.35","user":"Surajit","timestamp":"20-01-2020 12:10:15"},
{"event":"New SOP Instance UID inserted : 20130311122001202000000.0.2.35","user":"Surajit","timestamp":"20-01-2020 12:10:15"},
{"event":"Patient ID is found","user":"Surajit","timestamp":"20-01-2020 12:10:15"},
{"event":"Study Instance UID is found","user":"Surajit","timestamp":"20-01-2020 12:10:15"},
{"event":"Series Instance UID is found","user":"Surajit","timestamp":"20-01-2020 12:10:15"},
{"event":"New SOP Instance UID is created : 20130311122001202000000.0.2.36","user":"Surajit","timestamp":"20-01-2020 12:10:15"},
{"event":"New SOP Instance UID inserted : 20130311122001202000000.0.2.36","user":"Surajit","timestamp":"20-01-2020 12:10:15"},
{"event":"Patient ID is found","user":"Surajit","timestamp":"20-01-2020 12:10:15"},
{"event":"Study Instance UID is found","user":"Surajit","timestamp":"20-01-2020 12:10:15"},
{"event":"Series Instance UID is found","user":"Surajit","timestamp":"20-01-2020 12:10:15"},
{"event":"New SOP Instance UID is created : 20130311122001202000000.0.2.37","user":"Surajit","timestamp":"20-01-2020 12:10:15"},
{"event":"New SOP Instance UID inserted : 20130311122001202000000.0.2.37","user":"Surajit","timestamp":"20-01-2020 12:10:15"},
{"event":"Patient ID is found","user":"Surajit","timestamp":"20-01-2020 12:10:15"},
{"event":"Study Instance UID is found","user":"Surajit","timestamp":"20-01-2020 12:10:15"},
{"event":"Series Instance UID is found","user":"Surajit","timestamp":"20-01-2020 12:10:15"},
{"event":"New SOP Instance UID is created : 20130311122001202000000.0.2.38","user":"Surajit","timestamp":"20-01-2020 12:10:15"},
{"event":"New SOP Instance UID inserted : 20130311122001202000000.0.2.38","user":"Surajit","timestamp":"20-01-2020 12:10:15"},
{"event":"Patient ID is found","user":"Surajit","timestamp":"20-01-2020 12:10:15"},
{"event":"Study Instance UID is found","user":"Surajit","timestamp":"20-01-2020 12:10:15"},
{"event":"Series Instance UID is found","user":"Surajit","timestamp":"20-01-2020 12:10:15"},
{"event":"New SOP Instance UID is created : 20130311122001202000000.0.2.39","user":"Surajit","timestamp":"20-01-2020 12:10:15"},
{"event":"New SOP Instance UID inserted : 20130311122001202000000.0.2.39","user":"Surajit","timestamp":"20-01-2020 12:10:15"},
{"event":"Patient ID is found","user":"Surajit","timestamp":"20-01-2020 12:10:16"},
{"event":"Study Instance UID is found","user":"Surajit","timestamp":"20-01-2020 12:10:16"},
{"event":"Series Instance UID is found","user":"Surajit","timestamp":"20-01-2020 12:10:16"},
{"event":"New SOP Instance UID is created : 20130311122001202000000.0.2.40","user":"Surajit","timestamp":"20-01-2020 12:10:16"},
{"event":"New SOP Instance UID inserted : 20130311122001202000000.0.2.40","user":"Surajit","timestamp":"20-01-2020 12:10:16"},
{"event":"Patient ID is found","user":"Surajit","timestamp":"20-01-2020 12:10:16"},
{"event":"Study Instance UID is found","user":"Surajit","timestamp":"20-01-2020 12:10:16"},
{"event":"Series Instance UID is found","user":"Surajit","timestamp":"20-01-2020 12:10:16"},
{"event":"New SOP Instance UID is created : 20130311122001202000000.0.2.41","user":"Surajit","timestamp":"20-01-2020 12:10:16"},
{"event":"New SOP Instance UID inserted : 20130311122001202000000.0.2.41","user":"Surajit","timestamp":"20-01-2020 12:10:16"},
{"event":"Patient ID is found","user":"Surajit","timestamp":"20-01-2020 12:10:16"},
{"event":"Study Instance UID is found","user":"Surajit","timestamp":"20-01-2020 12:10:16"},
{"event":"Series Instance UID is found","user":"Surajit","timestamp":"20-01-2020 12:10:16"},
{"event":"New SOP Instance UID is created : 20130311122001202000000.0.2.42","user":"Surajit","timestamp":"20-01-2020 12:10:16"},
{"event":"New SOP Instance UID inserted : 20130311122001202000000.0.2.42","user":"Surajit","timestamp":"20-01-2020 12:10:16"},
{"event":"Patient ID is found","user":"Surajit","timestamp":"20-01-2020 12:10:16"},
{"event":"Study Instance UID is found","user":"Surajit","timestamp":"20-01-2020 12:10:16"},
{"event":"Series Instance UID is found","user":"Surajit","timestamp":"20-01-2020 12:10:16"},
{"event":"New SOP Instance UID is created : 20130311122001202000000.0.2.43","user":"Surajit","timestamp":"20-01-2020 12:10:16"},
{"event":"New SOP Instance UID inserted : 20130311122001202000000.0.2.43","user":"Surajit","timestamp":"20-01-2020 12:10:16"},
{"event":"Patient ID is found","user":"Surajit","timestamp":"20-01-2020 12:10:16"},
{"event":"Study Instance UID is found","user":"Surajit","timestamp":"20-01-2020 12:10:16"},
{"event":"Series Instance UID is found","user":"Surajit","timestamp":"20-01-2020 12:10:16"},
{"event":"New SOP Instance UID is created : 20130311122001202000000.0.2.44","user":"Surajit","timestamp":"20-01-2020 12:10:16"},
{"event":"New SOP Instance UID inserted : 20130311122001202000000.0.2.44","user":"Surajit","timestamp":"20-01-2020 12:10:16"},
{"event":"Login successfully","user":"sk@c.com","timestamp":"20-01-2020 12:13:00"},
{"event":"Login successfully","user":"sk@c.com","timestamp":"20-01-2020 12:20:34"},
{"event":"Login successfully","user":"sk@c.com","timestamp":"20-01-2020 12:25:13"},
{"event":"Login successfully","user":"sk@c.com","timestamp":"20-01-2020 12:33:39"},
{"event":"Login successfully","user":"sk@c.com","timestamp":"20-01-2020 12:34:22"},
{"event":"Login successfully","user":"sk@c.com","timestamp":"20-01-2020 12:35:23"},
{"event":"Login successfully","user":"sk@c.com","timestamp":"20-01-2020 12:36:25"},
{"event":"Login successfully","user":"sk@c.com","timestamp":"20-01-2020 12:37:41"},
{"event":"Login successfully","user":"sk@c.com","timestamp":"20-01-2020 12:38:47"},
{"event":"Login successfully","user":"sk@c.com","timestamp":"20-01-2020 12:41:49"},
{"event":"Login successfully","user":"sk@c.com","timestamp":"20-01-2020 12:44:14"},
{"event":"Login successfully","user":"sk@c.com","timestamp":"20-01-2020 12:46:11"},
{"event":"Login successfully","user":"sk@c.com","timestamp":"20-01-2020 13:54:44"},
{"event":"Login successfully","user":"sk@c.com","timestamp":"20-01-2020 13:56:40"},
{"event":"Login successfully","user":"sk@c.com","timestamp":"20-01-2020 13:58:54"},
{"event":"Login successfully","user":"sk@c.com","timestamp":"20-01-2020 14:01:03"},
{"event":"Login successfully","user":"sk@c.com","timestamp":"20-01-2020 14:06:29"},
