{"event":"select * from login where uid=? and pass=?","user":"sk@c.com","timestamp":"21-03-2020 10:58:42"},
{"event":"select * from project","user":"sk@c.com","timestamp":"21-03-2020 10:58:42"},
{"event":"select DCMPatientID, SysPatientID from patientid_map","user":"sk@c.com","timestamp":"21-03-2020 10:59:02"},
{"event":"SELECT tablename,chaviattribute,csvattribute from csvjsonattributemap where projectid=? and chaviattribute != ?","user":"sk@c.com","timestamp":"21-03-2020 10:59:02"},
{"event":"select symbol,moleculetype,moleculename from moleculescatalog limit 0,3000","user":"sk@c.com","timestamp":"21-03-2020 10:59:02"},
{"event":"select csvattribute from csvjsonattributemap where projectid=? and chaviattribute=?","user":"sk@c.com","timestamp":"21-03-2020 10:59:02"},
{"event":"select difference from studyDate_ref where SysPatientID = ? : 20130311122002202000003","user":"sk@c.com","timestamp":"21-03-2020 10:59:03"},
{"event":"select difference from studyDate_ref where SysPatientID = ? : 20130311122002202000003","user":"sk@c.com","timestamp":"21-03-2020 10:59:03"},
{"event":"select DCMPatientID, SysPatientID from patientid_map","user":"sk@c.com","timestamp":"21-03-2020 11:01:28"},
{"event":"SELECT tablename,chaviattribute,csvattribute from csvjsonattributemap where projectid=? and chaviattribute != ?","user":"sk@c.com","timestamp":"21-03-2020 11:01:28"},
{"event":"select symbol,moleculetype,moleculename from moleculescatalog limit 0,3000","user":"sk@c.com","timestamp":"21-03-2020 11:01:28"},
{"event":"select csvattribute from csvjsonattributemap where projectid=? and chaviattribute=?","user":"sk@c.com","timestamp":"21-03-2020 11:01:28"},
{"event":"select difference from studyDate_ref where SysPatientID = ? : 20130311121803202000000","user":"sk@c.com","timestamp":"21-03-2020 11:01:28"},
{"event":"select difference from studyDate_ref where SysPatientID = ? : 20130311121803202000000","user":"sk@c.com","timestamp":"21-03-2020 11:01:28"},
{"event":"select difference from studyDate_ref where SysPatientID = ? : 20130311121803202000000","user":"sk@c.com","timestamp":"21-03-2020 11:01:28"},
{"event":"select difference from studyDate_ref where SysPatientID = ? : 20130311121803202000000","user":"sk@c.com","timestamp":"21-03-2020 11:01:28"},
{"event":"select * from login where uid=? and pass=?","user":"sk@c.com","timestamp":"21-03-2020 12:02:38"},
{"event":"select * from project","user":"sk@c.com","timestamp":"21-03-2020 12:02:39"},
{"event":"select DCMPatientID, SysPatientID from patientid_map","user":"sk@c.com","timestamp":"21-03-2020 12:02:53"},
{"event":"SELECT tablename,chaviattribute,csvattribute from csvjsonattributemap where projectid=? and chaviattribute != ?","user":"sk@c.com","timestamp":"21-03-2020 12:02:53"},
{"event":"select symbol,moleculetype,moleculename from moleculescatalog limit 0,3000","user":"sk@c.com","timestamp":"21-03-2020 12:02:53"},
{"event":"select csvattribute from csvjsonattributemap where projectid=? and chaviattribute=?","user":"sk@c.com","timestamp":"21-03-2020 12:02:53"},
{"event":"select difference from studyDate_ref where SysPatientID = ? : 20130311121803202000000","user":"sk@c.com","timestamp":"21-03-2020 12:02:53"},
{"event":"select difference from studyDate_ref where SysPatientID = ? : 20130311121803202000000","user":"sk@c.com","timestamp":"21-03-2020 12:02:54"},
{"event":"select difference from studyDate_ref where SysPatientID = ? : 20130311121803202000000","user":"sk@c.com","timestamp":"21-03-2020 12:02:54"},
{"event":"select difference from studyDate_ref where SysPatientID = ? : 20130311121803202000000","user":"sk@c.com","timestamp":"21-03-2020 12:02:54"},
{"event":"select * from login where uid=? and pass=?","user":"sk@c.com","timestamp":"21-03-2020 12:03:51"},
{"event":"select * from project","user":"sk@c.com","timestamp":"21-03-2020 12:03:52"},
{"event":"select DCMPatientID, SysPatientID from patientid_map","user":"sk@c.com","timestamp":"21-03-2020 12:04:01"},
{"event":"SELECT tablename,chaviattribute,csvattribute from csvjsonattributemap where projectid=? and chaviattribute != ?","user":"sk@c.com","timestamp":"21-03-2020 12:04:01"},
{"event":"select symbol,moleculetype,moleculename from moleculescatalog limit 0,3000","user":"sk@c.com","timestamp":"21-03-2020 12:04:01"},
{"event":"select csvattribute from csvjsonattributemap where projectid=? and chaviattribute=?","user":"sk@c.com","timestamp":"21-03-2020 12:04:01"},
{"event":"select difference from studyDate_ref where SysPatientID = ? : 20130311121803202000000","user":"sk@c.com","timestamp":"21-03-2020 12:04:01"},
{"event":"select difference from studyDate_ref where SysPatientID = ? : 20130311121803202000000","user":"sk@c.com","timestamp":"21-03-2020 12:04:01"},
{"event":"select difference from studyDate_ref where SysPatientID = ? : 20130311121803202000000","user":"sk@c.com","timestamp":"21-03-2020 12:04:01"},
{"event":"select difference from studyDate_ref where SysPatientID = ? : 20130311121803202000000","user":"sk@c.com","timestamp":"21-03-2020 12:04:01"},
{"event":"select difference from studyDate_ref where SysPatientID = ? : 20130311121803202000001","user":"sk@c.com","timestamp":"21-03-2020 12:04:01"},
{"event":"select * from login where uid=? and pass=?","user":"sk@c.com","timestamp":"21-03-2020 12:08:34"},
{"event":"select * from project","user":"sk@c.com","timestamp":"21-03-2020 12:08:35"},
{"event":"select DCMPatientID, SysPatientID from patientid_map","user":"sk@c.com","timestamp":"21-03-2020 12:08:49"},
{"event":"SELECT tablename,chaviattribute,csvattribute from csvjsonattributemap where projectid=? and chaviattribute != ?","user":"sk@c.com","timestamp":"21-03-2020 12:08:49"},
{"event":"select symbol,moleculetype,moleculename from moleculescatalog limit 0,3000","user":"sk@c.com","timestamp":"21-03-2020 12:08:49"},
{"event":"select csvattribute from csvjsonattributemap where projectid=? and chaviattribute=?","user":"sk@c.com","timestamp":"21-03-2020 12:08:49"},
{"event":"select difference from studyDate_ref where SysPatientID = ? : 20130311121803202000000","user":"sk@c.com","timestamp":"21-03-2020 12:08:49"},
{"event":"select difference from studyDate_ref where SysPatientID = ? : 20130311121803202000000","user":"sk@c.com","timestamp":"21-03-2020 12:08:49"},
{"event":"select difference from studyDate_ref where SysPatientID = ? : 20130311121803202000000","user":"sk@c.com","timestamp":"21-03-2020 12:08:49"},
{"event":"select difference from studyDate_ref where SysPatientID = ? : 20130311121803202000000","user":"sk@c.com","timestamp":"21-03-2020 12:08:49"},
{"event":"select difference from studyDate_ref where SysPatientID = ? : 20130311121803202000001","user":"sk@c.com","timestamp":"21-03-2020 12:08:49"},
{"event":"select DCMPatientID, SysPatientID from patientid_map","user":"sk@c.com","timestamp":"21-03-2020 12:09:07"},
{"event":"SELECT tablename,chaviattribute,csvattribute from csvjsonattributemap where projectid=? and chaviattribute != ?","user":"sk@c.com","timestamp":"21-03-2020 12:09:07"},
{"event":"select symbol,moleculetype,moleculename from moleculescatalog limit 0,3000","user":"sk@c.com","timestamp":"21-03-2020 12:09:07"},
{"event":"select csvattribute from csvjsonattributemap where projectid=? and chaviattribute=?","user":"sk@c.com","timestamp":"21-03-2020 12:09:07"},
{"event":"select difference from studyDate_ref where SysPatientID = ? : 20130311122002202000003","user":"sk@c.com","timestamp":"21-03-2020 12:09:07"},
{"event":"select * from login where uid=? and pass=?","user":"sk@c.com","timestamp":"21-03-2020 12:10:21"},
{"event":"select * from project","user":"sk@c.com","timestamp":"21-03-2020 12:10:21"},
{"event":"select DCMPatientID, SysPatientID from patientid_map","user":"sk@c.com","timestamp":"21-03-2020 12:10:36"},
{"event":"SELECT tablename,chaviattribute,csvattribute from csvjsonattributemap where projectid=? and chaviattribute != ?","user":"sk@c.com","timestamp":"21-03-2020 12:10:36"},
{"event":"select symbol,moleculetype,moleculename from moleculescatalog limit 0,3000","user":"sk@c.com","timestamp":"21-03-2020 12:10:36"},
{"event":"select csvattribute from csvjsonattributemap where projectid=? and chaviattribute=?","user":"sk@c.com","timestamp":"21-03-2020 12:10:36"},
{"event":"select difference from studyDate_ref where SysPatientID = ? : 20130311121803202000000","user":"sk@c.com","timestamp":"21-03-2020 12:10:37"},
{"event":"select difference from studyDate_ref where SysPatientID = ? : 20130311121803202000000","user":"sk@c.com","timestamp":"21-03-2020 12:10:37"},
{"event":"select difference from studyDate_ref where SysPatientID = ? : 20130311121803202000000","user":"sk@c.com","timestamp":"21-03-2020 12:10:37"},
{"event":"select difference from studyDate_ref where SysPatientID = ? : 20130311121803202000000","user":"sk@c.com","timestamp":"21-03-2020 12:10:37"},
{"event":"select difference from studyDate_ref where SysPatientID = ? : 20130311121803202000001","user":"sk@c.com","timestamp":"21-03-2020 12:10:37"},
{"event":"select DCMPatientID, SysPatientID from patientid_map","user":"sk@c.com","timestamp":"21-03-2020 12:11:00"},
{"event":"SELECT tablename,chaviattribute,csvattribute from csvjsonattributemap where projectid=? and chaviattribute != ?","user":"sk@c.com","timestamp":"21-03-2020 12:11:00"},
{"event":"select symbol,moleculetype,moleculename from moleculescatalog limit 0,3000","user":"sk@c.com","timestamp":"21-03-2020 12:11:00"},
{"event":"select csvattribute from csvjsonattributemap where projectid=? and chaviattribute=?","user":"sk@c.com","timestamp":"21-03-2020 12:11:00"},
{"event":"select difference from studyDate_ref where SysPatientID = ? : 20130311122002202000003","user":"sk@c.com","timestamp":"21-03-2020 12:11:00"},
{"event":"select difference from studyDate_ref where SysPatientID = ? : 20130311122002202000003","user":"sk@c.com","timestamp":"21-03-2020 12:11:00"},
{"event":"select * from login where uid=? and pass=?","user":"sk@c.com","timestamp":"21-03-2020 12:11:57"},
{"event":"select * from project","user":"sk@c.com","timestamp":"21-03-2020 12:11:57"},
{"event":"select DCMPatientID, SysPatientID from patientid_map","user":"sk@c.com","timestamp":"21-03-2020 12:12:08"},
{"event":"SELECT tablename,chaviattribute,csvattribute from csvjsonattributemap where projectid=? and chaviattribute != ?","user":"sk@c.com","timestamp":"21-03-2020 12:12:08"},
{"event":"select symbol,moleculetype,moleculename from moleculescatalog limit 0,3000","user":"sk@c.com","timestamp":"21-03-2020 12:12:08"},
{"event":"select csvattribute from csvjsonattributemap where projectid=? and chaviattribute=?","user":"sk@c.com","timestamp":"21-03-2020 12:12:08"},
{"event":"select difference from studyDate_ref where SysPatientID = ? : 20130311121803202000000","user":"sk@c.com","timestamp":"21-03-2020 12:12:08"},
{"event":"select difference from studyDate_ref where SysPatientID = ? : 20130311121803202000000","user":"sk@c.com","timestamp":"21-03-2020 12:12:08"},
{"event":"select difference from studyDate_ref where SysPatientID = ? : 20130311121803202000000","user":"sk@c.com","timestamp":"21-03-2020 12:12:08"},
{"event":"select difference from studyDate_ref where SysPatientID = ? : 20130311121803202000000","user":"sk@c.com","timestamp":"21-03-2020 12:12:08"},
{"event":"select difference from studyDate_ref where SysPatientID = ? : 20130311121803202000001","user":"sk@c.com","timestamp":"21-03-2020 12:12:08"},
{"event":"select DCMPatientID, SysPatientID from patientid_map","user":"sk@c.com","timestamp":"21-03-2020 12:12:21"},
{"event":"SELECT tablename,chaviattribute,csvattribute from csvjsonattributemap where projectid=? and chaviattribute != ?","user":"sk@c.com","timestamp":"21-03-2020 12:12:21"},
{"event":"select symbol,moleculetype,moleculename from moleculescatalog limit 0,3000","user":"sk@c.com","timestamp":"21-03-2020 12:12:21"},
{"event":"select csvattribute from csvjsonattributemap where projectid=? and chaviattribute=?","user":"sk@c.com","timestamp":"21-03-2020 12:12:21"},
{"event":"select difference from studyDate_ref where SysPatientID = ? : 20130311122002202000003","user":"sk@c.com","timestamp":"21-03-2020 12:12:21"},
{"event":"select difference from studyDate_ref where SysPatientID = ? : 20130311122002202000003","user":"sk@c.com","timestamp":"21-03-2020 12:12:21"},
