{"event":"select * from login where uid=? and pass=?","user":"sk@c.com","timestamp":"23-12-2019 16:41:37"},
{"event":"select * from project","user":"sk@c.com","timestamp":"23-12-2019 16:41:38"},
{"event":"select DCMPatientID, SysPatientID from patientid_map","user":"sk@c.com","timestamp":"23-12-2019 16:41:53"},
{"event":"SELECT tablename,chaviattribute,csvattribute from csvjsonattributemap where projectid=?","user":"sk@c.com","timestamp":"23-12-2019 16:41:53"},
{"event":"select symbol,moleculetype,moleculename from moleculescatalog limit 0,3000","user":"sk@c.com","timestamp":"23-12-2019 16:41:53"},
{"event":"select difference from studyDate_ref where SysPatientID = ? : 1510201900000","user":"sk@c.com","timestamp":"23-12-2019 16:41:53"},
{"event":"select difference from studyDate_ref where SysPatientID = ? : 1510201900000","user":"sk@c.com","timestamp":"23-12-2019 16:41:53"},
{"event":"select difference from studyDate_ref where SysPatientID = ? : 1510201900000","user":"sk@c.com","timestamp":"23-12-2019 16:41:53"},
{"event":"select difference from studyDate_ref where SysPatientID = ? : 1510201900000","user":"sk@c.com","timestamp":"23-12-2019 16:41:53"},
{"event":"select difference from studyDate_ref where SysPatientID = ? : 1510201900000","user":"sk@c.com","timestamp":"23-12-2019 16:41:53"},
{"event":"select difference from studyDate_ref where SysPatientID = ? : 1510201900000","user":"sk@c.com","timestamp":"23-12-2019 16:41:53"},
{"event":"select difference from studyDate_ref where SysPatientID = ? : 1510201900000","user":"sk@c.com","timestamp":"23-12-2019 16:41:53"},
{"event":"select difference from studyDate_ref where SysPatientID = ? : 1510201900000","user":"sk@c.com","timestamp":"23-12-2019 16:41:53"},
{"event":"select difference from studyDate_ref where SysPatientID = ? : 1510201900000","user":"sk@c.com","timestamp":"23-12-2019 16:41:53"},
{"event":"select difference from studyDate_ref where SysPatientID = ? : 1510201900000","user":"sk@c.com","timestamp":"23-12-2019 16:41:53"},
{"event":"select difference from studyDate_ref where SysPatientID = ? : 1510201900000","user":"sk@c.com","timestamp":"23-12-2019 16:41:53"},
{"event":"select difference from studyDate_ref where SysPatientID = ? : 1510201900000","user":"sk@c.com","timestamp":"23-12-2019 16:41:53"},
{"event":"select difference from studyDate_ref where SysPatientID = ? : 2410201900000","user":"sk@c.com","timestamp":"23-12-2019 16:41:53"},
{"event":"select difference from studyDate_ref where SysPatientID = ? : 2410201900000","user":"sk@c.com","timestamp":"23-12-2019 16:41:53"},
{"event":"select difference from studyDate_ref where SysPatientID = ? : 2410201900000","user":"sk@c.com","timestamp":"23-12-2019 16:41:53"},
{"event":"select difference from studyDate_ref where SysPatientID = ? : 2410201900000","user":"sk@c.com","timestamp":"23-12-2019 16:41:53"},
{"event":"select difference from studyDate_ref where SysPatientID = ? : 2410201900000","user":"sk@c.com","timestamp":"23-12-2019 16:41:53"},
{"event":"select difference from studyDate_ref where SysPatientID = ? : 2410201900000","user":"sk@c.com","timestamp":"23-12-2019 16:41:53"},
{"event":"select difference from studyDate_ref where SysPatientID = ? : 2410201900000","user":"sk@c.com","timestamp":"23-12-2019 16:41:53"},
{"event":"select difference from studyDate_ref where SysPatientID = ? : 2410201900000","user":"sk@c.com","timestamp":"23-12-2019 16:41:53"},
{"event":"select difference from studyDate_ref where SysPatientID = ? : 2410201900000","user":"sk@c.com","timestamp":"23-12-2019 16:41:53"},
{"event":"select difference from studyDate_ref where SysPatientID = ? : 2410201900000","user":"sk@c.com","timestamp":"23-12-2019 16:41:53"},
{"event":"select difference from studyDate_ref where SysPatientID = ? : 2410201900000","user":"sk@c.com","timestamp":"23-12-2019 16:41:53"},
{"event":"select difference from studyDate_ref where SysPatientID = ? : 2410201900000","user":"sk@c.com","timestamp":"23-12-2019 16:41:53"},
{"event":"select difference from studyDate_ref where SysPatientID = ? : 2410201900000","user":"sk@c.com","timestamp":"23-12-2019 16:41:53"},
{"event":"select difference from studyDate_ref where SysPatientID = ? : 2410201900001","user":"sk@c.com","timestamp":"23-12-2019 16:41:53"},
{"event":"select difference from studyDate_ref where SysPatientID = ? : 2410201900001","user":"sk@c.com","timestamp":"23-12-2019 16:41:53"},
{"event":"select difference from studyDate_ref where SysPatientID = ? : 2410201900001","user":"sk@c.com","timestamp":"23-12-2019 16:41:53"},
{"event":"select difference from studyDate_ref where SysPatientID = ? : 2410201900001","user":"sk@c.com","timestamp":"23-12-2019 16:41:53"},
{"event":"select difference from studyDate_ref where SysPatientID = ? : 2410201900001","user":"sk@c.com","timestamp":"23-12-2019 16:41:53"},
{"event":"select difference from studyDate_ref where SysPatientID = ? : 2410201900001","user":"sk@c.com","timestamp":"23-12-2019 16:41:53"},
{"event":"select difference from studyDate_ref where SysPatientID = ? : 2410201900001","user":"sk@c.com","timestamp":"23-12-2019 16:41:53"},
{"event":"select difference from studyDate_ref where SysPatientID = ? : 2410201900001","user":"sk@c.com","timestamp":"23-12-2019 16:41:53"},
{"event":"select difference from studyDate_ref where SysPatientID = ? : 2410201900001","user":"sk@c.com","timestamp":"23-12-2019 16:41:53"},
{"event":"select difference from studyDate_ref where SysPatientID = ? : 2410201900002","user":"sk@c.com","timestamp":"23-12-2019 16:41:53"},
{"event":"select difference from studyDate_ref where SysPatientID = ? : 2410201900002","user":"sk@c.com","timestamp":"23-12-2019 16:41:53"},
{"event":"select difference from studyDate_ref where SysPatientID = ? : 2410201900002","user":"sk@c.com","timestamp":"23-12-2019 16:41:53"},
{"event":"select difference from studyDate_ref where SysPatientID = ? : 2410201900002","user":"sk@c.com","timestamp":"23-12-2019 16:41:53"},
{"event":"select difference from studyDate_ref where SysPatientID = ? : 2410201900002","user":"sk@c.com","timestamp":"23-12-2019 16:41:53"},
{"event":"select difference from studyDate_ref where SysPatientID = ? : 2410201900002","user":"sk@c.com","timestamp":"23-12-2019 16:41:53"},
{"event":"select difference from studyDate_ref where SysPatientID = ? : 2410201900002","user":"sk@c.com","timestamp":"23-12-2019 16:41:53"},
{"event":"select difference from studyDate_ref where SysPatientID = ? : 2410201900002","user":"sk@c.com","timestamp":"23-12-2019 16:41:53"},
{"event":"select difference from studyDate_ref where SysPatientID = ? : 2410201900002","user":"sk@c.com","timestamp":"23-12-2019 16:41:53"},
{"event":"select difference from studyDate_ref where SysPatientID = ? : 1410201900000","user":"sk@c.com","timestamp":"23-12-2019 16:41:54"},
{"event":"select difference from studyDate_ref where SysPatientID = ? : 1410201900000","user":"sk@c.com","timestamp":"23-12-2019 16:41:54"},
{"event":"select difference from studyDate_ref where SysPatientID = ? : 1410201900000","user":"sk@c.com","timestamp":"23-12-2019 16:41:54"},
{"event":"select difference from studyDate_ref where SysPatientID = ? : 1410201900000","user":"sk@c.com","timestamp":"23-12-2019 16:41:54"},
{"event":"select difference from studyDate_ref where SysPatientID = ? : 1410201900000","user":"sk@c.com","timestamp":"23-12-2019 16:41:54"},
{"event":"select difference from studyDate_ref where SysPatientID = ? : 1410201900000","user":"sk@c.com","timestamp":"23-12-2019 16:41:54"},
{"event":"select difference from studyDate_ref where SysPatientID = ? : 1410201900000","user":"sk@c.com","timestamp":"23-12-2019 16:41:54"},
{"event":"select difference from studyDate_ref where SysPatientID = ? : 1410201900000","user":"sk@c.com","timestamp":"23-12-2019 16:41:54"},
{"event":"select difference from studyDate_ref where SysPatientID = ? : 1410201900000","user":"sk@c.com","timestamp":"23-12-2019 16:41:54"},
{"event":"select difference from studyDate_ref where SysPatientID = ? : 1410201900000","user":"sk@c.com","timestamp":"23-12-2019 16:41:54"},
{"event":"select difference from studyDate_ref where SysPatientID = ? : 1410201900000","user":"sk@c.com","timestamp":"23-12-2019 16:41:54"},
{"event":"select DCMPatientID, SysPatientID from patientid_map","user":"sk@c.com","timestamp":"23-12-2019 16:43:33"},
{"event":"SELECT tablename,chaviattribute,csvattribute from csvjsonattributemap where projectid=?","user":"sk@c.com","timestamp":"23-12-2019 16:43:33"},
{"event":"select symbol,moleculetype,moleculename from moleculescatalog limit 0,3000","user":"sk@c.com","timestamp":"23-12-2019 16:43:33"},
{"event":"select difference from studyDate_ref where SysPatientID = ? : 1510201900000","user":"sk@c.com","timestamp":"23-12-2019 16:43:33"},
{"event":"select difference from studyDate_ref where SysPatientID = ? : 1510201900000","user":"sk@c.com","timestamp":"23-12-2019 16:43:33"},
{"event":"select difference from studyDate_ref where SysPatientID = ? : 1510201900000","user":"sk@c.com","timestamp":"23-12-2019 16:43:33"},
{"event":"select difference from studyDate_ref where SysPatientID = ? : 1510201900000","user":"sk@c.com","timestamp":"23-12-2019 16:43:33"},
{"event":"select difference from studyDate_ref where SysPatientID = ? : 1510201900000","user":"sk@c.com","timestamp":"23-12-2019 16:43:33"},
{"event":"select difference from studyDate_ref where SysPatientID = ? : 1510201900000","user":"sk@c.com","timestamp":"23-12-2019 16:43:33"},
{"event":"select difference from studyDate_ref where SysPatientID = ? : 1510201900000","user":"sk@c.com","timestamp":"23-12-2019 16:43:33"},
{"event":"select difference from studyDate_ref where SysPatientID = ? : 1510201900000","user":"sk@c.com","timestamp":"23-12-2019 16:43:33"},
{"event":"select difference from studyDate_ref where SysPatientID = ? : 1510201900000","user":"sk@c.com","timestamp":"23-12-2019 16:43:33"},
{"event":"select difference from studyDate_ref where SysPatientID = ? : 1510201900000","user":"sk@c.com","timestamp":"23-12-2019 16:43:33"},
{"event":"select difference from studyDate_ref where SysPatientID = ? : 1510201900000","user":"sk@c.com","timestamp":"23-12-2019 16:43:33"},
{"event":"select difference from studyDate_ref where SysPatientID = ? : 1510201900000","user":"sk@c.com","timestamp":"23-12-2019 16:43:33"},
{"event":"select difference from studyDate_ref where SysPatientID = ? : 2410201900000","user":"sk@c.com","timestamp":"23-12-2019 16:43:33"},
{"event":"select difference from studyDate_ref where SysPatientID = ? : 2410201900000","user":"sk@c.com","timestamp":"23-12-2019 16:43:33"},
{"event":"select difference from studyDate_ref where SysPatientID = ? : 2410201900000","user":"sk@c.com","timestamp":"23-12-2019 16:43:33"},
{"event":"select difference from studyDate_ref where SysPatientID = ? : 2410201900000","user":"sk@c.com","timestamp":"23-12-2019 16:43:33"},
{"event":"select difference from studyDate_ref where SysPatientID = ? : 2410201900000","user":"sk@c.com","timestamp":"23-12-2019 16:43:33"},
{"event":"select difference from studyDate_ref where SysPatientID = ? : 2410201900000","user":"sk@c.com","timestamp":"23-12-2019 16:43:33"},
{"event":"select difference from studyDate_ref where SysPatientID = ? : 2410201900000","user":"sk@c.com","timestamp":"23-12-2019 16:43:33"},
{"event":"select difference from studyDate_ref where SysPatientID = ? : 2410201900000","user":"sk@c.com","timestamp":"23-12-2019 16:43:33"},
{"event":"select difference from studyDate_ref where SysPatientID = ? : 2410201900000","user":"sk@c.com","timestamp":"23-12-2019 16:43:33"},
{"event":"select difference from studyDate_ref where SysPatientID = ? : 2410201900000","user":"sk@c.com","timestamp":"23-12-2019 16:43:33"},
{"event":"select difference from studyDate_ref where SysPatientID = ? : 2410201900000","user":"sk@c.com","timestamp":"23-12-2019 16:43:33"},
{"event":"select difference from studyDate_ref where SysPatientID = ? : 2410201900000","user":"sk@c.com","timestamp":"23-12-2019 16:43:33"},
{"event":"select difference from studyDate_ref where SysPatientID = ? : 2410201900000","user":"sk@c.com","timestamp":"23-12-2019 16:43:33"},
{"event":"select difference from studyDate_ref where SysPatientID = ? : 2410201900001","user":"sk@c.com","timestamp":"23-12-2019 16:43:33"},
{"event":"select difference from studyDate_ref where SysPatientID = ? : 2410201900001","user":"sk@c.com","timestamp":"23-12-2019 16:43:33"},
{"event":"select difference from studyDate_ref where SysPatientID = ? : 2410201900001","user":"sk@c.com","timestamp":"23-12-2019 16:43:33"},
{"event":"select difference from studyDate_ref where SysPatientID = ? : 2410201900001","user":"sk@c.com","timestamp":"23-12-2019 16:43:33"},
{"event":"select difference from studyDate_ref where SysPatientID = ? : 2410201900001","user":"sk@c.com","timestamp":"23-12-2019 16:43:33"},
{"event":"select difference from studyDate_ref where SysPatientID = ? : 2410201900001","user":"sk@c.com","timestamp":"23-12-2019 16:43:33"},
{"event":"select difference from studyDate_ref where SysPatientID = ? : 2410201900001","user":"sk@c.com","timestamp":"23-12-2019 16:43:33"},
{"event":"select difference from studyDate_ref where SysPatientID = ? : 2410201900001","user":"sk@c.com","timestamp":"23-12-2019 16:43:33"},
{"event":"select difference from studyDate_ref where SysPatientID = ? : 2410201900001","user":"sk@c.com","timestamp":"23-12-2019 16:43:33"},
{"event":"select difference from studyDate_ref where SysPatientID = ? : 2410201900002","user":"sk@c.com","timestamp":"23-12-2019 16:43:33"},
{"event":"select difference from studyDate_ref where SysPatientID = ? : 2410201900002","user":"sk@c.com","timestamp":"23-12-2019 16:43:33"},
{"event":"select difference from studyDate_ref where SysPatientID = ? : 2410201900002","user":"sk@c.com","timestamp":"23-12-2019 16:43:33"},
{"event":"select difference from studyDate_ref where SysPatientID = ? : 2410201900002","user":"sk@c.com","timestamp":"23-12-2019 16:43:33"},
{"event":"select difference from studyDate_ref where SysPatientID = ? : 2410201900002","user":"sk@c.com","timestamp":"23-12-2019 16:43:33"},
{"event":"select difference from studyDate_ref where SysPatientID = ? : 2410201900002","user":"sk@c.com","timestamp":"23-12-2019 16:43:33"},
{"event":"select difference from studyDate_ref where SysPatientID = ? : 2410201900002","user":"sk@c.com","timestamp":"23-12-2019 16:43:33"},
{"event":"select difference from studyDate_ref where SysPatientID = ? : 2410201900002","user":"sk@c.com","timestamp":"23-12-2019 16:43:33"},
{"event":"select difference from studyDate_ref where SysPatientID = ? : 2410201900002","user":"sk@c.com","timestamp":"23-12-2019 16:43:33"},
{"event":"select difference from studyDate_ref where SysPatientID = ? : 1410201900000","user":"sk@c.com","timestamp":"23-12-2019 16:43:34"},
{"event":"select difference from studyDate_ref where SysPatientID = ? : 1410201900000","user":"sk@c.com","timestamp":"23-12-2019 16:43:34"},
{"event":"select difference from studyDate_ref where SysPatientID = ? : 1410201900000","user":"sk@c.com","timestamp":"23-12-2019 16:43:34"},
{"event":"select difference from studyDate_ref where SysPatientID = ? : 1410201900000","user":"sk@c.com","timestamp":"23-12-2019 16:43:34"},
{"event":"select difference from studyDate_ref where SysPatientID = ? : 1410201900000","user":"sk@c.com","timestamp":"23-12-2019 16:43:34"},
{"event":"select difference from studyDate_ref where SysPatientID = ? : 1410201900000","user":"sk@c.com","timestamp":"23-12-2019 16:43:34"},
{"event":"select difference from studyDate_ref where SysPatientID = ? : 1410201900000","user":"sk@c.com","timestamp":"23-12-2019 16:43:34"},
{"event":"select difference from studyDate_ref where SysPatientID = ? : 1410201900000","user":"sk@c.com","timestamp":"23-12-2019 16:43:34"},
{"event":"select difference from studyDate_ref where SysPatientID = ? : 1410201900000","user":"sk@c.com","timestamp":"23-12-2019 16:43:34"},
{"event":"select difference from studyDate_ref where SysPatientID = ? : 1410201900000","user":"sk@c.com","timestamp":"23-12-2019 16:43:34"},
{"event":"select difference from studyDate_ref where SysPatientID = ? : 1410201900000","user":"sk@c.com","timestamp":"23-12-2019 16:43:34"},
{"event":"select * from login where uid=? and pass=?","user":"sk@c.com","timestamp":"23-12-2019 16:45:00"},
{"event":"select * from project","user":"sk@c.com","timestamp":"23-12-2019 16:45:01"},
{"event":"select DCMPatientID, SysPatientID from patientid_map","user":"sk@c.com","timestamp":"23-12-2019 16:45:13"},
{"event":"SELECT tablename,chaviattribute,csvattribute from csvjsonattributemap where projectid=?","user":"sk@c.com","timestamp":"23-12-2019 16:45:13"},
{"event":"select symbol,moleculetype,moleculename from moleculescatalog limit 0,3000","user":"sk@c.com","timestamp":"23-12-2019 16:45:13"},
{"event":"select difference from studyDate_ref where SysPatientID = ? : 1510201900000","user":"sk@c.com","timestamp":"23-12-2019 16:45:13"},
{"event":"select difference from studyDate_ref where SysPatientID = ? : 1510201900000","user":"sk@c.com","timestamp":"23-12-2019 16:45:13"},
{"event":"select difference from studyDate_ref where SysPatientID = ? : 1510201900000","user":"sk@c.com","timestamp":"23-12-2019 16:45:13"},
{"event":"select difference from studyDate_ref where SysPatientID = ? : 1510201900000","user":"sk@c.com","timestamp":"23-12-2019 16:45:13"},
{"event":"select difference from studyDate_ref where SysPatientID = ? : 1510201900000","user":"sk@c.com","timestamp":"23-12-2019 16:45:13"},
{"event":"select difference from studyDate_ref where SysPatientID = ? : 1510201900000","user":"sk@c.com","timestamp":"23-12-2019 16:45:13"},
{"event":"select difference from studyDate_ref where SysPatientID = ? : 1510201900000","user":"sk@c.com","timestamp":"23-12-2019 16:45:13"},
{"event":"select difference from studyDate_ref where SysPatientID = ? : 1510201900000","user":"sk@c.com","timestamp":"23-12-2019 16:45:13"},
{"event":"select difference from studyDate_ref where SysPatientID = ? : 1510201900000","user":"sk@c.com","timestamp":"23-12-2019 16:45:13"},
{"event":"select difference from studyDate_ref where SysPatientID = ? : 1510201900000","user":"sk@c.com","timestamp":"23-12-2019 16:45:13"},
{"event":"select difference from studyDate_ref where SysPatientID = ? : 1510201900000","user":"sk@c.com","timestamp":"23-12-2019 16:45:14"},
{"event":"select difference from studyDate_ref where SysPatientID = ? : 1510201900000","user":"sk@c.com","timestamp":"23-12-2019 16:45:14"},
{"event":"select difference from studyDate_ref where SysPatientID = ? : 2410201900000","user":"sk@c.com","timestamp":"23-12-2019 16:45:14"},
{"event":"select difference from studyDate_ref where SysPatientID = ? : 2410201900000","user":"sk@c.com","timestamp":"23-12-2019 16:45:14"},
{"event":"select difference from studyDate_ref where SysPatientID = ? : 2410201900000","user":"sk@c.com","timestamp":"23-12-2019 16:45:14"},
{"event":"select difference from studyDate_ref where SysPatientID = ? : 2410201900000","user":"sk@c.com","timestamp":"23-12-2019 16:45:14"},
{"event":"select difference from studyDate_ref where SysPatientID = ? : 2410201900000","user":"sk@c.com","timestamp":"23-12-2019 16:45:14"},
{"event":"select difference from studyDate_ref where SysPatientID = ? : 2410201900000","user":"sk@c.com","timestamp":"23-12-2019 16:45:14"},
{"event":"select difference from studyDate_ref where SysPatientID = ? : 2410201900000","user":"sk@c.com","timestamp":"23-12-2019 16:45:14"},
{"event":"select difference from studyDate_ref where SysPatientID = ? : 2410201900000","user":"sk@c.com","timestamp":"23-12-2019 16:45:14"},
{"event":"select difference from studyDate_ref where SysPatientID = ? : 2410201900000","user":"sk@c.com","timestamp":"23-12-2019 16:45:14"},
{"event":"select difference from studyDate_ref where SysPatientID = ? : 2410201900000","user":"sk@c.com","timestamp":"23-12-2019 16:45:14"},
{"event":"select difference from studyDate_ref where SysPatientID = ? : 2410201900000","user":"sk@c.com","timestamp":"23-12-2019 16:45:14"},
{"event":"select difference from studyDate_ref where SysPatientID = ? : 2410201900000","user":"sk@c.com","timestamp":"23-12-2019 16:45:14"},
{"event":"select difference from studyDate_ref where SysPatientID = ? : 2410201900000","user":"sk@c.com","timestamp":"23-12-2019 16:45:14"},
{"event":"select difference from studyDate_ref where SysPatientID = ? : 2410201900001","user":"sk@c.com","timestamp":"23-12-2019 16:45:14"},
{"event":"select difference from studyDate_ref where SysPatientID = ? : 2410201900001","user":"sk@c.com","timestamp":"23-12-2019 16:45:14"},
{"event":"select difference from studyDate_ref where SysPatientID = ? : 2410201900001","user":"sk@c.com","timestamp":"23-12-2019 16:45:14"},
{"event":"select difference from studyDate_ref where SysPatientID = ? : 2410201900001","user":"sk@c.com","timestamp":"23-12-2019 16:45:14"},
{"event":"select difference from studyDate_ref where SysPatientID = ? : 2410201900001","user":"sk@c.com","timestamp":"23-12-2019 16:45:14"},
{"event":"select difference from studyDate_ref where SysPatientID = ? : 2410201900001","user":"sk@c.com","timestamp":"23-12-2019 16:45:14"},
{"event":"select difference from studyDate_ref where SysPatientID = ? : 2410201900001","user":"sk@c.com","timestamp":"23-12-2019 16:45:14"},
{"event":"select difference from studyDate_ref where SysPatientID = ? : 2410201900001","user":"sk@c.com","timestamp":"23-12-2019 16:45:14"},
{"event":"select difference from studyDate_ref where SysPatientID = ? : 2410201900001","user":"sk@c.com","timestamp":"23-12-2019 16:45:14"},
{"event":"select difference from studyDate_ref where SysPatientID = ? : 2410201900002","user":"sk@c.com","timestamp":"23-12-2019 16:45:14"},
{"event":"select difference from studyDate_ref where SysPatientID = ? : 2410201900002","user":"sk@c.com","timestamp":"23-12-2019 16:45:14"},
{"event":"select difference from studyDate_ref where SysPatientID = ? : 2410201900002","user":"sk@c.com","timestamp":"23-12-2019 16:45:14"},
{"event":"select difference from studyDate_ref where SysPatientID = ? : 2410201900002","user":"sk@c.com","timestamp":"23-12-2019 16:45:14"},
{"event":"select difference from studyDate_ref where SysPatientID = ? : 2410201900002","user":"sk@c.com","timestamp":"23-12-2019 16:45:14"},
{"event":"select difference from studyDate_ref where SysPatientID = ? : 2410201900002","user":"sk@c.com","timestamp":"23-12-2019 16:45:14"},
{"event":"select difference from studyDate_ref where SysPatientID = ? : 2410201900002","user":"sk@c.com","timestamp":"23-12-2019 16:45:14"},
{"event":"select difference from studyDate_ref where SysPatientID = ? : 2410201900002","user":"sk@c.com","timestamp":"23-12-2019 16:45:14"},
{"event":"select difference from studyDate_ref where SysPatientID = ? : 2410201900002","user":"sk@c.com","timestamp":"23-12-2019 16:45:14"},
{"event":"select difference from studyDate_ref where SysPatientID = ? : 1410201900000","user":"sk@c.com","timestamp":"23-12-2019 16:45:14"},
{"event":"select difference from studyDate_ref where SysPatientID = ? : 1410201900000","user":"sk@c.com","timestamp":"23-12-2019 16:45:14"},
{"event":"select difference from studyDate_ref where SysPatientID = ? : 1410201900000","user":"sk@c.com","timestamp":"23-12-2019 16:45:14"},
{"event":"select difference from studyDate_ref where SysPatientID = ? : 1410201900000","user":"sk@c.com","timestamp":"23-12-2019 16:45:14"},
{"event":"select difference from studyDate_ref where SysPatientID = ? : 1410201900000","user":"sk@c.com","timestamp":"23-12-2019 16:45:14"},
{"event":"select difference from studyDate_ref where SysPatientID = ? : 1410201900000","user":"sk@c.com","timestamp":"23-12-2019 16:45:14"},
{"event":"select difference from studyDate_ref where SysPatientID = ? : 1410201900000","user":"sk@c.com","timestamp":"23-12-2019 16:45:14"},
{"event":"select difference from studyDate_ref where SysPatientID = ? : 1410201900000","user":"sk@c.com","timestamp":"23-12-2019 16:45:14"},
{"event":"select difference from studyDate_ref where SysPatientID = ? : 1410201900000","user":"sk@c.com","timestamp":"23-12-2019 16:45:14"},
{"event":"select difference from studyDate_ref where SysPatientID = ? : 1410201900000","user":"sk@c.com","timestamp":"23-12-2019 16:45:14"},
{"event":"select difference from studyDate_ref where SysPatientID = ? : 1410201900000","user":"sk@c.com","timestamp":"23-12-2019 16:45:14"},
