{"event":"select * from login where uid=? and pass=?","user":"sk@c.com","timestamp":"31-03-2022 09:59:50"},
{"event":"select * from project","user":"sk@c.com","timestamp":"31-03-2022 09:59:51"},
{"event":"select DCMPatientID, SysPatientID from patientid_map","user":"sk@c.com","timestamp":"31-03-2022 10:00:12"},
{"event":"SELECT tablename,chaviattribute,csvattribute from csvjsonattributemap where projectid=? and chaviattribute != ?","user":"sk@c.com","timestamp":"31-03-2022 10:00:12"},
{"event":"select symbol,moleculetype,moleculename from moleculescatalog limit 0,3000","user":"sk@c.com","timestamp":"31-03-2022 10:00:12"},
{"event":"select csvattribute from csvjsonattributemap where projectid=? and chaviattribute=?","user":"sk@c.com","timestamp":"31-03-2022 10:00:12"},
{"event":"select difference from studyDate_ref where SysPatientID = ? : 2013032406202100000","user":"sk@c.com","timestamp":"31-03-2022 10:00:12"},
{"event":"select difference from studyDate_ref where SysPatientID = ? : 2013032406202100000","user":"sk@c.com","timestamp":"31-03-2022 10:00:12"},
{"event":"select difference from studyDate_ref where SysPatientID = ? : 2013032406202100000","user":"sk@c.com","timestamp":"31-03-2022 10:00:12"},
{"event":"select difference from studyDate_ref where SysPatientID = ? : 2013032406202100000","user":"sk@c.com","timestamp":"31-03-2022 10:00:12"},
{"event":"select difference from studyDate_ref where SysPatientID = ? : 2013032406202100001","user":"sk@c.com","timestamp":"31-03-2022 10:00:12"},
{"event":"select difference from studyDate_ref where SysPatientID = ? : 2013032406202100001","user":"sk@c.com","timestamp":"31-03-2022 10:00:12"},
{"event":"select difference from studyDate_ref where SysPatientID = ? : 2013032406202100001","user":"sk@c.com","timestamp":"31-03-2022 10:00:12"},
{"event":"select difference from studyDate_ref where SysPatientID = ? : 2013032406202100001","user":"sk@c.com","timestamp":"31-03-2022 10:00:12"},
{"event":"select difference from studyDate_ref where SysPatientID = ? : 2013030501202100000","user":"sk@c.com","timestamp":"31-03-2022 10:00:12"},
{"event":"select difference from studyDate_ref where SysPatientID = ? : 2013030501202100000","user":"sk@c.com","timestamp":"31-03-2022 10:00:13"},
{"event":"select difference from studyDate_ref where SysPatientID = ? : 2013030501202100000","user":"sk@c.com","timestamp":"31-03-2022 10:00:13"},
{"event":"select difference from studyDate_ref where SysPatientID = ? : 2013030501202100000","user":"sk@c.com","timestamp":"31-03-2022 10:00:13"},
{"event":"select difference from studyDate_ref where SysPatientID = ? : 2013032001202100000","user":"sk@c.com","timestamp":"31-03-2022 10:00:13"},
{"event":"select difference from studyDate_ref where SysPatientID = ? : 2013032001202100000","user":"sk@c.com","timestamp":"31-03-2022 10:00:13"},
{"event":"select difference from studyDate_ref where SysPatientID = ? : 2013032001202100000","user":"sk@c.com","timestamp":"31-03-2022 10:00:13"},
{"event":"select difference from studyDate_ref where SysPatientID = ? : 2013032001202100000","user":"sk@c.com","timestamp":"31-03-2022 10:00:13"},
{"event":"select difference from studyDate_ref where SysPatientID = ? : 2013032001202100000","user":"sk@c.com","timestamp":"31-03-2022 10:00:13"},
{"event":"select difference from studyDate_ref where SysPatientID = ? : 2013032001202100001","user":"sk@c.com","timestamp":"31-03-2022 10:00:13"},
{"event":"select difference from studyDate_ref where SysPatientID = ? : 2013032001202100001","user":"sk@c.com","timestamp":"31-03-2022 10:00:13"},
{"event":"select difference from studyDate_ref where SysPatientID = ? : 2013032001202100001","user":"sk@c.com","timestamp":"31-03-2022 10:00:13"},
{"event":"select difference from studyDate_ref where SysPatientID = ? : 2013032001202100001","user":"sk@c.com","timestamp":"31-03-2022 10:00:13"},
{"event":"select difference from studyDate_ref where SysPatientID = ? : 2013032001202100002","user":"sk@c.com","timestamp":"31-03-2022 10:00:13"},
{"event":"select difference from studyDate_ref where SysPatientID = ? : 2013032001202100002","user":"sk@c.com","timestamp":"31-03-2022 10:00:13"},
{"event":"select difference from studyDate_ref where SysPatientID = ? : 2013032001202100002","user":"sk@c.com","timestamp":"31-03-2022 10:00:13"},
{"event":"select difference from studyDate_ref where SysPatientID = ? : 2013032001202100002","user":"sk@c.com","timestamp":"31-03-2022 10:00:13"},
{"event":"select difference from studyDate_ref where SysPatientID = ? : 2013032001202100003","user":"sk@c.com","timestamp":"31-03-2022 10:00:13"},
{"event":"select difference from studyDate_ref where SysPatientID = ? : 2013032001202100003","user":"sk@c.com","timestamp":"31-03-2022 10:00:13"},
{"event":"select difference from studyDate_ref where SysPatientID = ? : 2013032001202100003","user":"sk@c.com","timestamp":"31-03-2022 10:00:13"},
{"event":"select difference from studyDate_ref where SysPatientID = ? : 2013032001202100003","user":"sk@c.com","timestamp":"31-03-2022 10:00:13"},
{"event":"select difference from studyDate_ref where SysPatientID = ? : 2013032001202100004","user":"sk@c.com","timestamp":"31-03-2022 10:00:13"},
{"event":"select difference from studyDate_ref where SysPatientID = ? : 2013032001202100004","user":"sk@c.com","timestamp":"31-03-2022 10:00:13"},
{"event":"select difference from studyDate_ref where SysPatientID = ? : 2013032001202100004","user":"sk@c.com","timestamp":"31-03-2022 10:00:13"},
{"event":"select difference from studyDate_ref where SysPatientID = ? : 2013032001202100004","user":"sk@c.com","timestamp":"31-03-2022 10:00:13"},
{"event":"select difference from studyDate_ref where SysPatientID = ? : 2013032001202100004","user":"sk@c.com","timestamp":"31-03-2022 10:00:13"},
{"event":"select difference from studyDate_ref where SysPatientID = ? : 2013032001202100005","user":"sk@c.com","timestamp":"31-03-2022 10:00:13"},
{"event":"select difference from studyDate_ref where SysPatientID = ? : 2013032001202100005","user":"sk@c.com","timestamp":"31-03-2022 10:00:13"},
{"event":"select difference from studyDate_ref where SysPatientID = ? : 2013032001202100005","user":"sk@c.com","timestamp":"31-03-2022 10:00:13"},
{"event":"select difference from studyDate_ref where SysPatientID = ? : 2013032001202100005","user":"sk@c.com","timestamp":"31-03-2022 10:00:13"},
{"event":"select difference from studyDate_ref where SysPatientID = ? : 2013032201202100000","user":"sk@c.com","timestamp":"31-03-2022 10:00:13"},
{"event":"select difference from studyDate_ref where SysPatientID = ? : 2013032201202100000","user":"sk@c.com","timestamp":"31-03-2022 10:00:13"},
{"event":"select difference from studyDate_ref where SysPatientID = ? : 2013032201202100000","user":"sk@c.com","timestamp":"31-03-2022 10:00:13"},
{"event":"select difference from studyDate_ref where SysPatientID = ? : 2013032201202100000","user":"sk@c.com","timestamp":"31-03-2022 10:00:13"},
{"event":"select difference from studyDate_ref where SysPatientID = ? : 2013032201202100001","user":"sk@c.com","timestamp":"31-03-2022 10:00:13"},
{"event":"select difference from studyDate_ref where SysPatientID = ? : 2013032201202100001","user":"sk@c.com","timestamp":"31-03-2022 10:00:13"},
{"event":"select difference from studyDate_ref where SysPatientID = ? : 2013032201202100001","user":"sk@c.com","timestamp":"31-03-2022 10:00:13"},
{"event":"select difference from studyDate_ref where SysPatientID = ? : 2013032201202100002","user":"sk@c.com","timestamp":"31-03-2022 10:00:13"},
{"event":"select difference from studyDate_ref where SysPatientID = ? : 2013032201202100002","user":"sk@c.com","timestamp":"31-03-2022 10:00:13"},
{"event":"select difference from studyDate_ref where SysPatientID = ? : 2013032201202100002","user":"sk@c.com","timestamp":"31-03-2022 10:00:13"},
{"event":"select difference from studyDate_ref where SysPatientID = ? : 2013032201202100002","user":"sk@c.com","timestamp":"31-03-2022 10:00:13"},
{"event":"select difference from studyDate_ref where SysPatientID = ? : 2013032201202100002","user":"sk@c.com","timestamp":"31-03-2022 10:00:13"},
{"event":"select difference from studyDate_ref where SysPatientID = ? : 2013030202202100000","user":"sk@c.com","timestamp":"31-03-2022 10:00:14"},
{"event":"select difference from studyDate_ref where SysPatientID = ? : 2013030202202100000","user":"sk@c.com","timestamp":"31-03-2022 10:00:14"},
{"event":"select difference from studyDate_ref where SysPatientID = ? : 2013030202202100000","user":"sk@c.com","timestamp":"31-03-2022 10:00:14"},
{"event":"select difference from studyDate_ref where SysPatientID = ? : 2013030202202100000","user":"sk@c.com","timestamp":"31-03-2022 10:00:14"},
{"event":"select difference from studyDate_ref where SysPatientID = ? : 2013030202202100000","user":"sk@c.com","timestamp":"31-03-2022 10:00:14"},
{"event":"select difference from studyDate_ref where SysPatientID = ? : 2013030202202100000","user":"sk@c.com","timestamp":"31-03-2022 10:00:14"},
{"event":"select difference from studyDate_ref where SysPatientID = ? : 2013030202202100001","user":"sk@c.com","timestamp":"31-03-2022 10:00:14"},
{"event":"select difference from studyDate_ref where SysPatientID = ? : 2013030202202100001","user":"sk@c.com","timestamp":"31-03-2022 10:00:14"},
{"event":"select difference from studyDate_ref where SysPatientID = ? : 2013030202202100001","user":"sk@c.com","timestamp":"31-03-2022 10:00:14"},
{"event":"select difference from studyDate_ref where SysPatientID = ? : 2013030202202100001","user":"sk@c.com","timestamp":"31-03-2022 10:00:14"},
{"event":"select difference from studyDate_ref where SysPatientID = ? : 2013030202202100001","user":"sk@c.com","timestamp":"31-03-2022 10:00:14"},
{"event":"select difference from studyDate_ref where SysPatientID = ? : 2013030202202100001","user":"sk@c.com","timestamp":"31-03-2022 10:00:14"},
{"event":"select difference from studyDate_ref where SysPatientID = ? : 2013030303202100000","user":"sk@c.com","timestamp":"31-03-2022 10:00:14"},
{"event":"select difference from studyDate_ref where SysPatientID = ? : 2013030303202100000","user":"sk@c.com","timestamp":"31-03-2022 10:00:14"},
{"event":"select difference from studyDate_ref where SysPatientID = ? : 2013030303202100000","user":"sk@c.com","timestamp":"31-03-2022 10:00:14"},
{"event":"select difference from studyDate_ref where SysPatientID = ? : 2013030303202100000","user":"sk@c.com","timestamp":"31-03-2022 10:00:14"},
{"event":"select difference from studyDate_ref where SysPatientID = ? : 2013030303202100000","user":"sk@c.com","timestamp":"31-03-2022 10:00:14"},
{"event":"select difference from studyDate_ref where SysPatientID = ? : 2013030303202100001","user":"sk@c.com","timestamp":"31-03-2022 10:00:14"},
{"event":"select difference from studyDate_ref where SysPatientID = ? : 2013030303202100001","user":"sk@c.com","timestamp":"31-03-2022 10:00:14"},
{"event":"select difference from studyDate_ref where SysPatientID = ? : 2013030303202100001","user":"sk@c.com","timestamp":"31-03-2022 10:00:14"},
{"event":"select difference from studyDate_ref where SysPatientID = ? : 2013030303202100001","user":"sk@c.com","timestamp":"31-03-2022 10:00:14"},
{"event":"select difference from studyDate_ref where SysPatientID = ? : 2013030303202100002","user":"sk@c.com","timestamp":"31-03-2022 10:00:14"},
{"event":"select difference from studyDate_ref where SysPatientID = ? : 2013030303202100002","user":"sk@c.com","timestamp":"31-03-2022 10:00:14"},
{"event":"select difference from studyDate_ref where SysPatientID = ? : 2013030303202100002","user":"sk@c.com","timestamp":"31-03-2022 10:00:14"},
{"event":"select difference from studyDate_ref where SysPatientID = ? : 2013030303202100002","user":"sk@c.com","timestamp":"31-03-2022 10:00:14"},
{"event":"select difference from studyDate_ref where SysPatientID = ? : 2013030202202100002","user":"sk@c.com","timestamp":"31-03-2022 10:00:14"},
{"event":"select difference from studyDate_ref where SysPatientID = ? : 2013030202202100002","user":"sk@c.com","timestamp":"31-03-2022 10:00:14"},
{"event":"select difference from studyDate_ref where SysPatientID = ? : 2013030202202100002","user":"sk@c.com","timestamp":"31-03-2022 10:00:14"},
{"event":"select difference from studyDate_ref where SysPatientID = ? : 2013030202202100002","user":"sk@c.com","timestamp":"31-03-2022 10:00:14"},
{"event":"select difference from studyDate_ref where SysPatientID = ? : 2013030202202100002","user":"sk@c.com","timestamp":"31-03-2022 10:00:14"},
{"event":"select difference from studyDate_ref where SysPatientID = ? : 2013030202202100003","user":"sk@c.com","timestamp":"31-03-2022 10:00:14"},
{"event":"select difference from studyDate_ref where SysPatientID = ? : 2013030202202100003","user":"sk@c.com","timestamp":"31-03-2022 10:00:14"},
{"event":"select difference from studyDate_ref where SysPatientID = ? : 2013030202202100003","user":"sk@c.com","timestamp":"31-03-2022 10:00:14"},
{"event":"select difference from studyDate_ref where SysPatientID = ? : 2013030202202100003","user":"sk@c.com","timestamp":"31-03-2022 10:00:14"},
{"event":"select difference from studyDate_ref where SysPatientID = ? : 2013030702202100000","user":"sk@c.com","timestamp":"31-03-2022 10:00:14"},
{"event":"select difference from studyDate_ref where SysPatientID = ? : 2013030702202100000","user":"sk@c.com","timestamp":"31-03-2022 10:00:14"},
{"event":"select difference from studyDate_ref where SysPatientID = ? : 2013030702202100000","user":"sk@c.com","timestamp":"31-03-2022 10:00:14"},
{"event":"select difference from studyDate_ref where SysPatientID = ? : 2013030702202100000","user":"sk@c.com","timestamp":"31-03-2022 10:00:14"},
{"event":"select difference from studyDate_ref where SysPatientID = ? : 2013030202202100004","user":"sk@c.com","timestamp":"31-03-2022 10:00:14"},
{"event":"select difference from studyDate_ref where SysPatientID = ? : 2013030202202100004","user":"sk@c.com","timestamp":"31-03-2022 10:00:14"},
{"event":"select difference from studyDate_ref where SysPatientID = ? : 2013030202202100004","user":"sk@c.com","timestamp":"31-03-2022 10:00:14"},
{"event":"select difference from studyDate_ref where SysPatientID = ? : 2013030202202100004","user":"sk@c.com","timestamp":"31-03-2022 10:00:14"},
{"event":"select difference from studyDate_ref where SysPatientID = ? : 2013030202202100004","user":"sk@c.com","timestamp":"31-03-2022 10:00:14"},
{"event":"select difference from studyDate_ref where SysPatientID = ? : 2013030202202100005","user":"sk@c.com","timestamp":"31-03-2022 10:00:14"},
{"event":"select difference from studyDate_ref where SysPatientID = ? : 2013030202202100005","user":"sk@c.com","timestamp":"31-03-2022 10:00:15"},
{"event":"select difference from studyDate_ref where SysPatientID = ? : 2013030202202100005","user":"sk@c.com","timestamp":"31-03-2022 10:00:15"},
{"event":"select difference from studyDate_ref where SysPatientID = ? : 2013030202202100005","user":"sk@c.com","timestamp":"31-03-2022 10:00:15"},
{"event":"select difference from studyDate_ref where SysPatientID = ? : 2013030202202100005","user":"sk@c.com","timestamp":"31-03-2022 10:00:15"},
{"event":"select difference from studyDate_ref where SysPatientID = ? : 2013030202202100005","user":"sk@c.com","timestamp":"31-03-2022 10:00:15"},
{"event":"select difference from studyDate_ref where SysPatientID = ? : 2013030702202100001","user":"sk@c.com","timestamp":"31-03-2022 10:00:15"},
{"event":"select difference from studyDate_ref where SysPatientID = ? : 2013030702202100001","user":"sk@c.com","timestamp":"31-03-2022 10:00:15"},
{"event":"select difference from studyDate_ref where SysPatientID = ? : 2013030702202100001","user":"sk@c.com","timestamp":"31-03-2022 10:00:15"},
{"event":"select difference from studyDate_ref where SysPatientID = ? : 2013030702202100001","user":"sk@c.com","timestamp":"31-03-2022 10:00:15"},
{"event":"select difference from studyDate_ref where SysPatientID = ? : 2013030702202100001","user":"sk@c.com","timestamp":"31-03-2022 10:00:15"},
{"event":"select difference from studyDate_ref where SysPatientID = ? : 2013033103202100000","user":"sk@c.com","timestamp":"31-03-2022 10:00:15"},
{"event":"select difference from studyDate_ref where SysPatientID = ? : 2013033103202100000","user":"sk@c.com","timestamp":"31-03-2022 10:00:15"},
{"event":"select difference from studyDate_ref where SysPatientID = ? : 2013033103202100000","user":"sk@c.com","timestamp":"31-03-2022 10:00:15"},
{"event":"select difference from studyDate_ref where SysPatientID = ? : 2013033103202100000","user":"sk@c.com","timestamp":"31-03-2022 10:00:15"},
{"event":"select difference from studyDate_ref where SysPatientID = ? : 2013030303202100003","user":"sk@c.com","timestamp":"31-03-2022 10:00:15"},
{"event":"select difference from studyDate_ref where SysPatientID = ? : 2013030303202100003","user":"sk@c.com","timestamp":"31-03-2022 10:00:15"},
{"event":"select difference from studyDate_ref where SysPatientID = ? : 2013030303202100003","user":"sk@c.com","timestamp":"31-03-2022 10:00:15"},
{"event":"select difference from studyDate_ref where SysPatientID = ? : 2013030303202100003","user":"sk@c.com","timestamp":"31-03-2022 10:00:15"},
{"event":"select difference from studyDate_ref where SysPatientID = ? : 2013030303202100004","user":"sk@c.com","timestamp":"31-03-2022 10:00:15"},
{"event":"select difference from studyDate_ref where SysPatientID = ? : 2013030303202100004","user":"sk@c.com","timestamp":"31-03-2022 10:00:15"},
{"event":"select difference from studyDate_ref where SysPatientID = ? : 2013030303202100004","user":"sk@c.com","timestamp":"31-03-2022 10:00:15"},
{"event":"select difference from studyDate_ref where SysPatientID = ? : 2013030303202100004","user":"sk@c.com","timestamp":"31-03-2022 10:00:15"},
{"event":"select difference from studyDate_ref where SysPatientID = ? : 2013030702202100002","user":"sk@c.com","timestamp":"31-03-2022 10:00:15"},
{"event":"select difference from studyDate_ref where SysPatientID = ? : 2013030702202100002","user":"sk@c.com","timestamp":"31-03-2022 10:00:15"},
{"event":"select difference from studyDate_ref where SysPatientID = ? : 2013030702202100002","user":"sk@c.com","timestamp":"31-03-2022 10:00:15"},
{"event":"select difference from studyDate_ref where SysPatientID = ? : 2013030702202100002","user":"sk@c.com","timestamp":"31-03-2022 10:00:15"},
{"event":"select difference from studyDate_ref where SysPatientID = ? : 2013030702202100003","user":"sk@c.com","timestamp":"31-03-2022 10:00:15"},
{"event":"select difference from studyDate_ref where SysPatientID = ? : 2013030702202100003","user":"sk@c.com","timestamp":"31-03-2022 10:00:15"},
{"event":"select difference from studyDate_ref where SysPatientID = ? : 2013030702202100003","user":"sk@c.com","timestamp":"31-03-2022 10:00:15"},
{"event":"select difference from studyDate_ref where SysPatientID = ? : 2013030702202100003","user":"sk@c.com","timestamp":"31-03-2022 10:00:15"},
{"event":"select difference from studyDate_ref where SysPatientID = ? : 2013030702202100004","user":"sk@c.com","timestamp":"31-03-2022 10:00:15"},
{"event":"select difference from studyDate_ref where SysPatientID = ? : 2013030702202100004","user":"sk@c.com","timestamp":"31-03-2022 10:00:15"},
{"event":"select difference from studyDate_ref where SysPatientID = ? : 2013030702202100004","user":"sk@c.com","timestamp":"31-03-2022 10:00:15"},
{"event":"select difference from studyDate_ref where SysPatientID = ? : 2013030702202100004","user":"sk@c.com","timestamp":"31-03-2022 10:00:15"},
{"event":"select difference from studyDate_ref where SysPatientID = ? : 2013030303202100005","user":"sk@c.com","timestamp":"31-03-2022 10:00:15"},
{"event":"select difference from studyDate_ref where SysPatientID = ? : 2013030303202100005","user":"sk@c.com","timestamp":"31-03-2022 10:00:15"},
{"event":"select difference from studyDate_ref where SysPatientID = ? : 2013030303202100005","user":"sk@c.com","timestamp":"31-03-2022 10:00:15"},
{"event":"select difference from studyDate_ref where SysPatientID = ? : 2013030303202100005","user":"sk@c.com","timestamp":"31-03-2022 10:00:15"},
{"event":"select difference from studyDate_ref where SysPatientID = ? : 2013030303202100005","user":"sk@c.com","timestamp":"31-03-2022 10:00:15"},
{"event":"select difference from studyDate_ref where SysPatientID = ? : 2013030702202100005","user":"sk@c.com","timestamp":"31-03-2022 10:00:15"},
{"event":"select difference from studyDate_ref where SysPatientID = ? : 2013030702202100005","user":"sk@c.com","timestamp":"31-03-2022 10:00:15"},
{"event":"select difference from studyDate_ref where SysPatientID = ? : 2013030702202100005","user":"sk@c.com","timestamp":"31-03-2022 10:00:15"},
{"event":"select difference from studyDate_ref where SysPatientID = ? : 2013030702202100005","user":"sk@c.com","timestamp":"31-03-2022 10:00:15"},
{"event":"select difference from studyDate_ref where SysPatientID = ? : 2013030702202100005","user":"sk@c.com","timestamp":"31-03-2022 10:00:16"},
{"event":"select difference from studyDate_ref where SysPatientID = ? : 2013030702202100005","user":"sk@c.com","timestamp":"31-03-2022 10:00:16"},
{"event":"select difference from studyDate_ref where SysPatientID = ? : 2013030702202100006","user":"sk@c.com","timestamp":"31-03-2022 10:00:16"},
{"event":"select difference from studyDate_ref where SysPatientID = ? : 2013030702202100006","user":"sk@c.com","timestamp":"31-03-2022 10:00:16"},
{"event":"select difference from studyDate_ref where SysPatientID = ? : 2013030702202100006","user":"sk@c.com","timestamp":"31-03-2022 10:00:16"},
{"event":"select difference from studyDate_ref where SysPatientID = ? : 2013030702202100006","user":"sk@c.com","timestamp":"31-03-2022 10:00:16"},
{"event":"select difference from studyDate_ref where SysPatientID = ? : 2013030702202100007","user":"sk@c.com","timestamp":"31-03-2022 10:00:16"},
{"event":"select difference from studyDate_ref where SysPatientID = ? : 2013030702202100007","user":"sk@c.com","timestamp":"31-03-2022 10:00:16"},
{"event":"select difference from studyDate_ref where SysPatientID = ? : 2013030702202100007","user":"sk@c.com","timestamp":"31-03-2022 10:00:16"},
{"event":"select difference from studyDate_ref where SysPatientID = ? : 2013030702202100007","user":"sk@c.com","timestamp":"31-03-2022 10:00:16"},
{"event":"select difference from studyDate_ref where SysPatientID = ? : 2013032406202100002","user":"sk@c.com","timestamp":"31-03-2022 10:00:16"},
{"event":"select difference from studyDate_ref where SysPatientID = ? : 2013032406202100002","user":"sk@c.com","timestamp":"31-03-2022 10:00:16"},
{"event":"select difference from studyDate_ref where SysPatientID = ? : 2013032406202100002","user":"sk@c.com","timestamp":"31-03-2022 10:00:16"},
{"event":"select difference from studyDate_ref where SysPatientID = ? : 2013032406202100002","user":"sk@c.com","timestamp":"31-03-2022 10:00:16"},
{"event":"select difference from studyDate_ref where SysPatientID = ? : 2013032406202100003","user":"sk@c.com","timestamp":"31-03-2022 10:00:16"},
{"event":"select difference from studyDate_ref where SysPatientID = ? : 2013032406202100003","user":"sk@c.com","timestamp":"31-03-2022 10:00:16"},
{"event":"select difference from studyDate_ref where SysPatientID = ? : 2013032406202100003","user":"sk@c.com","timestamp":"31-03-2022 10:00:16"},
{"event":"select difference from studyDate_ref where SysPatientID = ? : 2013032406202100003","user":"sk@c.com","timestamp":"31-03-2022 10:00:16"},
{"event":"select difference from studyDate_ref where SysPatientID = ? : 2013032406202100003","user":"sk@c.com","timestamp":"31-03-2022 10:00:16"},
{"event":"select difference from studyDate_ref where SysPatientID = ? : 2013030303202100006","user":"sk@c.com","timestamp":"31-03-2022 10:00:16"},
{"event":"select difference from studyDate_ref where SysPatientID = ? : 2013030303202100006","user":"sk@c.com","timestamp":"31-03-2022 10:00:16"},
{"event":"select difference from studyDate_ref where SysPatientID = ? : 2013030303202100006","user":"sk@c.com","timestamp":"31-03-2022 10:00:16"},
{"event":"select difference from studyDate_ref where SysPatientID = ? : 2013030303202100006","user":"sk@c.com","timestamp":"31-03-2022 10:00:16"},
{"event":"select difference from studyDate_ref where SysPatientID = ? : 2013030303202100006","user":"sk@c.com","timestamp":"31-03-2022 10:00:16"},
{"event":"select difference from studyDate_ref where SysPatientID = ? : 2013030303202100007","user":"sk@c.com","timestamp":"31-03-2022 10:00:16"},
{"event":"select difference from studyDate_ref where SysPatientID = ? : 2013030303202100007","user":"sk@c.com","timestamp":"31-03-2022 10:00:16"},
{"event":"select difference from studyDate_ref where SysPatientID = ? : 2013030303202100007","user":"sk@c.com","timestamp":"31-03-2022 10:00:16"},
{"event":"select difference from studyDate_ref where SysPatientID = ? : 2013030303202100007","user":"sk@c.com","timestamp":"31-03-2022 10:00:16"},
{"event":"select difference from studyDate_ref where SysPatientID = ? : 2013030303202100008","user":"sk@c.com","timestamp":"31-03-2022 10:00:16"},
{"event":"select difference from studyDate_ref where SysPatientID = ? : 2013030303202100008","user":"sk@c.com","timestamp":"31-03-2022 10:00:16"},
{"event":"select difference from studyDate_ref where SysPatientID = ? : 2013030303202100008","user":"sk@c.com","timestamp":"31-03-2022 10:00:16"},
{"event":"select difference from studyDate_ref where SysPatientID = ? : 2013030303202100009","user":"sk@c.com","timestamp":"31-03-2022 10:00:16"},
{"event":"select difference from studyDate_ref where SysPatientID = ? : 2013030303202100009","user":"sk@c.com","timestamp":"31-03-2022 10:00:16"},
{"event":"select difference from studyDate_ref where SysPatientID = ? : 2013030303202100009","user":"sk@c.com","timestamp":"31-03-2022 10:00:16"},
{"event":"select difference from studyDate_ref where SysPatientID = ? : 2013030303202100009","user":"sk@c.com","timestamp":"31-03-2022 10:00:16"},
{"event":"select difference from studyDate_ref where SysPatientID = ? : 2013030303202100010","user":"sk@c.com","timestamp":"31-03-2022 10:00:16"},
{"event":"select difference from studyDate_ref where SysPatientID = ? : 2013030303202100010","user":"sk@c.com","timestamp":"31-03-2022 10:00:16"},
{"event":"select difference from studyDate_ref where SysPatientID = ? : 2013030303202100010","user":"sk@c.com","timestamp":"31-03-2022 10:00:16"},
{"event":"select difference from studyDate_ref where SysPatientID = ? : 2013032406202100004","user":"sk@c.com","timestamp":"31-03-2022 10:00:16"},
{"event":"select difference from studyDate_ref where SysPatientID = ? : 2013032406202100004","user":"sk@c.com","timestamp":"31-03-2022 10:00:16"},
{"event":"select difference from studyDate_ref where SysPatientID = ? : 2013032406202100004","user":"sk@c.com","timestamp":"31-03-2022 10:00:17"},
{"event":"select difference from studyDate_ref where SysPatientID = ? : 2013032406202100004","user":"sk@c.com","timestamp":"31-03-2022 10:00:17"},
{"event":"select difference from studyDate_ref where SysPatientID = ? : 2013032406202100005","user":"sk@c.com","timestamp":"31-03-2022 10:00:17"},
{"event":"select difference from studyDate_ref where SysPatientID = ? : 2013032406202100005","user":"sk@c.com","timestamp":"31-03-2022 10:00:17"},
{"event":"select difference from studyDate_ref where SysPatientID = ? : 2013032406202100005","user":"sk@c.com","timestamp":"31-03-2022 10:00:17"},
{"event":"select difference from studyDate_ref where SysPatientID = ? : 2013032406202100005","user":"sk@c.com","timestamp":"31-03-2022 10:00:17"},
{"event":"select difference from studyDate_ref where SysPatientID = ? : 2013033103202100001","user":"sk@c.com","timestamp":"31-03-2022 10:00:17"},
{"event":"select difference from studyDate_ref where SysPatientID = ? : 2013033103202100001","user":"sk@c.com","timestamp":"31-03-2022 10:00:17"},
{"event":"select difference from studyDate_ref where SysPatientID = ? : 2013033103202100001","user":"sk@c.com","timestamp":"31-03-2022 10:00:17"},
{"event":"select difference from studyDate_ref where SysPatientID = ? : 2013033103202100001","user":"sk@c.com","timestamp":"31-03-2022 10:00:17"},
{"event":"select difference from studyDate_ref where SysPatientID = ? : 2013032406202100006","user":"sk@c.com","timestamp":"31-03-2022 10:00:17"},
{"event":"select difference from studyDate_ref where SysPatientID = ? : 2013032406202100006","user":"sk@c.com","timestamp":"31-03-2022 10:00:17"},
{"event":"select difference from studyDate_ref where SysPatientID = ? : 2013032406202100006","user":"sk@c.com","timestamp":"31-03-2022 10:00:17"},
{"event":"select difference from studyDate_ref where SysPatientID = ? : 2013033103202100002","user":"sk@c.com","timestamp":"31-03-2022 10:00:17"},
{"event":"select difference from studyDate_ref where SysPatientID = ? : 2013033103202100002","user":"sk@c.com","timestamp":"31-03-2022 10:00:17"},
{"event":"select difference from studyDate_ref where SysPatientID = ? : 2013033103202100002","user":"sk@c.com","timestamp":"31-03-2022 10:00:17"},
{"event":"select difference from studyDate_ref where SysPatientID = ? : 2013033103202100002","user":"sk@c.com","timestamp":"31-03-2022 10:00:17"},
{"event":"select difference from studyDate_ref where SysPatientID = ? : 2013033103202100003","user":"sk@c.com","timestamp":"31-03-2022 10:00:17"},
{"event":"select difference from studyDate_ref where SysPatientID = ? : 2013033103202100003","user":"sk@c.com","timestamp":"31-03-2022 10:00:17"},
{"event":"select difference from studyDate_ref where SysPatientID = ? : 2013033103202100003","user":"sk@c.com","timestamp":"31-03-2022 10:00:17"},
{"event":"select difference from studyDate_ref where SysPatientID = ? : 2013033103202100003","user":"sk@c.com","timestamp":"31-03-2022 10:00:17"},
{"event":"select difference from studyDate_ref where SysPatientID = ? : 2013033103202100004","user":"sk@c.com","timestamp":"31-03-2022 10:00:17"},
{"event":"select difference from studyDate_ref where SysPatientID = ? : 2013033103202100004","user":"sk@c.com","timestamp":"31-03-2022 10:00:17"},
{"event":"select difference from studyDate_ref where SysPatientID = ? : 2013033103202100004","user":"sk@c.com","timestamp":"31-03-2022 10:00:17"},
{"event":"select difference from studyDate_ref where SysPatientID = ? : 2013033103202100004","user":"sk@c.com","timestamp":"31-03-2022 10:00:17"},
{"event":"select difference from studyDate_ref where SysPatientID = ? : 2013033103202100004","user":"sk@c.com","timestamp":"31-03-2022 10:00:17"},
{"event":"select difference from studyDate_ref where SysPatientID = ? : 2013033103202100005","user":"sk@c.com","timestamp":"31-03-2022 10:00:17"},
{"event":"select difference from studyDate_ref where SysPatientID = ? : 2013033103202100005","user":"sk@c.com","timestamp":"31-03-2022 10:00:17"},
{"event":"select difference from studyDate_ref where SysPatientID = ? : 2013033103202100005","user":"sk@c.com","timestamp":"31-03-2022 10:00:17"},
{"event":"select difference from studyDate_ref where SysPatientID = ? : 2013033103202100005","user":"sk@c.com","timestamp":"31-03-2022 10:00:17"},
{"event":"select difference from studyDate_ref where SysPatientID = ? : 2013033103202100006","user":"sk@c.com","timestamp":"31-03-2022 10:00:17"},
{"event":"select difference from studyDate_ref where SysPatientID = ? : 2013033103202100006","user":"sk@c.com","timestamp":"31-03-2022 10:00:17"},
{"event":"select difference from studyDate_ref where SysPatientID = ? : 2013033103202100006","user":"sk@c.com","timestamp":"31-03-2022 10:00:17"},
{"event":"select difference from studyDate_ref where SysPatientID = ? : 2013033103202100006","user":"sk@c.com","timestamp":"31-03-2022 10:00:17"},
{"event":"select difference from studyDate_ref where SysPatientID = ? : 2013033103202100007","user":"sk@c.com","timestamp":"31-03-2022 10:00:17"},
{"event":"select difference from studyDate_ref where SysPatientID = ? : 2013033103202100007","user":"sk@c.com","timestamp":"31-03-2022 10:00:17"},
{"event":"select difference from studyDate_ref where SysPatientID = ? : 2013033103202100007","user":"sk@c.com","timestamp":"31-03-2022 10:00:17"},
{"event":"select difference from studyDate_ref where SysPatientID = ? : 2013033103202100007","user":"sk@c.com","timestamp":"31-03-2022 10:00:17"},
{"event":"select difference from studyDate_ref where SysPatientID = ? : 2013033103202100007","user":"sk@c.com","timestamp":"31-03-2022 10:00:17"},
{"event":"select difference from studyDate_ref where SysPatientID = ? : 2013033103202100008","user":"sk@c.com","timestamp":"31-03-2022 10:00:17"},
{"event":"select difference from studyDate_ref where SysPatientID = ? : 2013033103202100008","user":"sk@c.com","timestamp":"31-03-2022 10:00:17"},
{"event":"select difference from studyDate_ref where SysPatientID = ? : 2013033103202100008","user":"sk@c.com","timestamp":"31-03-2022 10:00:17"},
{"event":"select difference from studyDate_ref where SysPatientID = ? : 2013033103202100008","user":"sk@c.com","timestamp":"31-03-2022 10:00:17"},
{"event":"select difference from studyDate_ref where SysPatientID = ? : 2013033103202100009","user":"sk@c.com","timestamp":"31-03-2022 10:00:18"},
{"event":"select difference from studyDate_ref where SysPatientID = ? : 2013033103202100009","user":"sk@c.com","timestamp":"31-03-2022 10:00:18"},
{"event":"select difference from studyDate_ref where SysPatientID = ? : 2013033103202100009","user":"sk@c.com","timestamp":"31-03-2022 10:00:18"},
{"event":"select difference from studyDate_ref where SysPatientID = ? : 2013033103202100009","user":"sk@c.com","timestamp":"31-03-2022 10:00:18"},
{"event":"select difference from studyDate_ref where SysPatientID = ? : 2013033103202100010","user":"sk@c.com","timestamp":"31-03-2022 10:00:18"},
{"event":"select difference from studyDate_ref where SysPatientID = ? : 2013033103202100010","user":"sk@c.com","timestamp":"31-03-2022 10:00:18"},
{"event":"select difference from studyDate_ref where SysPatientID = ? : 2013033103202100010","user":"sk@c.com","timestamp":"31-03-2022 10:00:18"},
{"event":"select difference from studyDate_ref where SysPatientID = ? : 2013033103202100010","user":"sk@c.com","timestamp":"31-03-2022 10:00:18"},
{"event":"select difference from studyDate_ref where SysPatientID = ? : 2013033103202100011","user":"sk@c.com","timestamp":"31-03-2022 10:00:18"},
{"event":"select difference from studyDate_ref where SysPatientID = ? : 2013033103202100011","user":"sk@c.com","timestamp":"31-03-2022 10:00:18"},
{"event":"select difference from studyDate_ref where SysPatientID = ? : 2013033103202100011","user":"sk@c.com","timestamp":"31-03-2022 10:00:18"},
{"event":"select difference from studyDate_ref where SysPatientID = ? : 2013033103202100011","user":"sk@c.com","timestamp":"31-03-2022 10:00:18"},
{"event":"select difference from studyDate_ref where SysPatientID = ? : 2013033103202100012","user":"sk@c.com","timestamp":"31-03-2022 10:00:18"},
{"event":"select difference from studyDate_ref where SysPatientID = ? : 2013033103202100012","user":"sk@c.com","timestamp":"31-03-2022 10:00:18"},
{"event":"select difference from studyDate_ref where SysPatientID = ? : 2013033103202100012","user":"sk@c.com","timestamp":"31-03-2022 10:00:18"},
{"event":"select difference from studyDate_ref where SysPatientID = ? : 2013033103202100012","user":"sk@c.com","timestamp":"31-03-2022 10:00:18"},
{"event":"select difference from studyDate_ref where SysPatientID = ? : 2013032406202100000","user":"sk@c.com","timestamp":"31-03-2022 10:00:18"},
{"event":"select difference from studyDate_ref where SysPatientID = ? : 2013032201202100000","user":"sk@c.com","timestamp":"31-03-2022 10:00:18"},
{"event":"select difference from studyDate_ref where SysPatientID = ? : 2013032201202100001","user":"sk@c.com","timestamp":"31-03-2022 10:00:18"},
{"event":"select difference from studyDate_ref where SysPatientID = ? : 2013032201202100002","user":"sk@c.com","timestamp":"31-03-2022 10:00:18"},
{"event":"select difference from studyDate_ref where SysPatientID = ? : 2013030202202100003","user":"sk@c.com","timestamp":"31-03-2022 10:00:18"},
{"event":"select difference from studyDate_ref where SysPatientID = ? : 2013030202202100005","user":"sk@c.com","timestamp":"31-03-2022 10:00:18"},
{"event":"select difference from studyDate_ref where SysPatientID = ? : 2013030303202100003","user":"sk@c.com","timestamp":"31-03-2022 10:00:18"},
{"event":"select difference from studyDate_ref where SysPatientID = ? : 2013030702202100003","user":"sk@c.com","timestamp":"31-03-2022 10:00:18"},
{"event":"select difference from studyDate_ref where SysPatientID = ? : 2013030303202100005","user":"sk@c.com","timestamp":"31-03-2022 10:00:18"},
{"event":"select difference from studyDate_ref where SysPatientID = ? : 2013030702202100005","user":"sk@c.com","timestamp":"31-03-2022 10:00:18"},
{"event":"select difference from studyDate_ref where SysPatientID = ? : 2013030702202100006","user":"sk@c.com","timestamp":"31-03-2022 10:00:18"},
{"event":"select difference from studyDate_ref where SysPatientID = ? : 2013032406202100003","user":"sk@c.com","timestamp":"31-03-2022 10:00:18"},
{"event":"select difference from studyDate_ref where SysPatientID = ? : 2013030303202100006","user":"sk@c.com","timestamp":"31-03-2022 10:00:18"},
{"event":"select difference from studyDate_ref where SysPatientID = ? : 2013030303202100007","user":"sk@c.com","timestamp":"31-03-2022 10:00:18"},
{"event":"select difference from studyDate_ref where SysPatientID = ? : 2013030303202100008","user":"sk@c.com","timestamp":"31-03-2022 10:00:18"},
{"event":"select difference from studyDate_ref where SysPatientID = ? : 2013030303202100009","user":"sk@c.com","timestamp":"31-03-2022 10:00:18"},
{"event":"select difference from studyDate_ref where SysPatientID = ? : 2013030303202100010","user":"sk@c.com","timestamp":"31-03-2022 10:00:18"},
{"event":"select difference from studyDate_ref where SysPatientID = ? : 2013033103202100002","user":"sk@c.com","timestamp":"31-03-2022 10:00:18"},
{"event":"select difference from studyDate_ref where SysPatientID = ? : 2013033103202100003","user":"sk@c.com","timestamp":"31-03-2022 10:00:18"},
{"event":"select difference from studyDate_ref where SysPatientID = ? : 2013033103202100004","user":"sk@c.com","timestamp":"31-03-2022 10:00:18"},
{"event":"select difference from studyDate_ref where SysPatientID = ? : 2013033103202100005","user":"sk@c.com","timestamp":"31-03-2022 10:00:18"},
{"event":"select difference from studyDate_ref where SysPatientID = ? : 2013033103202100009","user":"sk@c.com","timestamp":"31-03-2022 10:00:18"},
