{"event":"select * from login where uid=? and pass=?","user":"sk@c.com","timestamp":"21-01-2020 22:17:45"},
{"event":"select * from project","user":"sk@c.com","timestamp":"21-01-2020 22:17:45"},
{"event":"select DCMPatientID, SysPatientID from patientid_map","user":"sk@c.com","timestamp":"21-01-2020 22:18:21"},
{"event":"SELECT tablename,chaviattribute,csvattribute from csvjsonattributemap where projectid=?","user":"sk@c.com","timestamp":"21-01-2020 22:18:21"},
{"event":"select symbol,moleculetype,moleculename from moleculescatalog limit 0,3000","user":"sk@c.com","timestamp":"21-01-2020 22:18:21"},
{"event":"select difference from studyDate_ref where SysPatientID = ? : 20130311122001202000000","user":"sk@c.com","timestamp":"21-01-2020 22:18:21"},
{"event":"select difference from studyDate_ref where SysPatientID = ? : 20130311122001202000000","user":"sk@c.com","timestamp":"21-01-2020 22:18:21"},
{"event":"select difference from studyDate_ref where SysPatientID = ? : 20130311122001202000000","user":"sk@c.com","timestamp":"21-01-2020 22:18:21"},
{"event":"select difference from studyDate_ref where SysPatientID = ? : 20130311122001202000000","user":"sk@c.com","timestamp":"21-01-2020 22:18:21"},
{"event":"select difference from studyDate_ref where SysPatientID = ? : 20130311122001202000000","user":"sk@c.com","timestamp":"21-01-2020 22:18:21"},
{"event":"select difference from studyDate_ref where SysPatientID = ? : 20130311122001202000000","user":"sk@c.com","timestamp":"21-01-2020 22:18:21"},
{"event":"select difference from studyDate_ref where SysPatientID = ? : 20130311122001202000000","user":"sk@c.com","timestamp":"21-01-2020 22:18:21"},
{"event":"select difference from studyDate_ref where SysPatientID = ? : 20130311122001202000000","user":"sk@c.com","timestamp":"21-01-2020 22:18:21"},
{"event":"select difference from studyDate_ref where SysPatientID = ? : 20130311122412201900000","user":"sk@c.com","timestamp":"21-01-2020 22:18:21"},
{"event":"select difference from studyDate_ref where SysPatientID = ? : 20130311122412201900000","user":"sk@c.com","timestamp":"21-01-2020 22:18:21"},
{"event":"select difference from studyDate_ref where SysPatientID = ? : 20130311122412201900000","user":"sk@c.com","timestamp":"21-01-2020 22:18:21"},
{"event":"select difference from studyDate_ref where SysPatientID = ? : 20130311122412201900000","user":"sk@c.com","timestamp":"21-01-2020 22:18:21"},
{"event":"select difference from studyDate_ref where SysPatientID = ? : 20130311122412201900000","user":"sk@c.com","timestamp":"21-01-2020 22:18:21"},
{"event":"select difference from studyDate_ref where SysPatientID = ? : 20130311122412201900000","user":"sk@c.com","timestamp":"21-01-2020 22:18:21"},
{"event":"select difference from studyDate_ref where SysPatientID = ? : 20130311122412201900000","user":"sk@c.com","timestamp":"21-01-2020 22:18:21"},
{"event":"select DCMPatientID, SysPatientID from patientid_map","user":"sk@c.com","timestamp":"21-01-2020 22:20:13"},
{"event":"SELECT tablename,chaviattribute,csvattribute from csvjsonattributemap where projectid=?","user":"sk@c.com","timestamp":"21-01-2020 22:20:13"},
{"event":"select symbol,moleculetype,moleculename from moleculescatalog limit 0,3000","user":"sk@c.com","timestamp":"21-01-2020 22:20:13"},
{"event":"select difference from studyDate_ref where SysPatientID = ? : 20130311122001202000000","user":"sk@c.com","timestamp":"21-01-2020 22:20:13"},
{"event":"select difference from studyDate_ref where SysPatientID = ? : 20130311122001202000000","user":"sk@c.com","timestamp":"21-01-2020 22:20:13"},
{"event":"select difference from studyDate_ref where SysPatientID = ? : 20130311122001202000000","user":"sk@c.com","timestamp":"21-01-2020 22:20:13"},
{"event":"select difference from studyDate_ref where SysPatientID = ? : 20130311122001202000000","user":"sk@c.com","timestamp":"21-01-2020 22:20:13"},
{"event":"select difference from studyDate_ref where SysPatientID = ? : 20130311122001202000000","user":"sk@c.com","timestamp":"21-01-2020 22:20:13"},
{"event":"select difference from studyDate_ref where SysPatientID = ? : 20130311122001202000000","user":"sk@c.com","timestamp":"21-01-2020 22:20:13"},
{"event":"select difference from studyDate_ref where SysPatientID = ? : 20130311122001202000000","user":"sk@c.com","timestamp":"21-01-2020 22:20:13"},
{"event":"select difference from studyDate_ref where SysPatientID = ? : 20130311122001202000000","user":"sk@c.com","timestamp":"21-01-2020 22:20:13"},
{"event":"select difference from studyDate_ref where SysPatientID = ? : 20130311122412201900000","user":"sk@c.com","timestamp":"21-01-2020 22:20:13"},
{"event":"select difference from studyDate_ref where SysPatientID = ? : 20130311122412201900000","user":"sk@c.com","timestamp":"21-01-2020 22:20:13"},
{"event":"select difference from studyDate_ref where SysPatientID = ? : 20130311122412201900000","user":"sk@c.com","timestamp":"21-01-2020 22:20:13"},
{"event":"select difference from studyDate_ref where SysPatientID = ? : 20130311122412201900000","user":"sk@c.com","timestamp":"21-01-2020 22:20:13"},
{"event":"select difference from studyDate_ref where SysPatientID = ? : 20130311122412201900000","user":"sk@c.com","timestamp":"21-01-2020 22:20:14"},
{"event":"select difference from studyDate_ref where SysPatientID = ? : 20130311122412201900000","user":"sk@c.com","timestamp":"21-01-2020 22:20:14"},
{"event":"select difference from studyDate_ref where SysPatientID = ? : 20130311122412201900000","user":"sk@c.com","timestamp":"21-01-2020 22:20:14"},
