{"event":"select * from login where uid=? and pass=?","user":"sk@c.com","timestamp":"02-02-2020 11:40:00"},
{"event":"select * from project","user":"sk@c.com","timestamp":"02-02-2020 11:40:01"},
{"event":"select DCMPatientID, SysPatientID from patientid_map","user":"sk@c.com","timestamp":"02-02-2020 11:40:15"},
{"event":"SELECT tablename,chaviattribute,csvattribute from csvjsonattributemap where projectid=?","user":"sk@c.com","timestamp":"02-02-2020 11:40:15"},
{"event":"select symbol,moleculetype,moleculename from moleculescatalog limit 0,3000","user":"sk@c.com","timestamp":"02-02-2020 11:40:15"},
{"event":"select difference from studyDate_ref where SysPatientID = ? : 20130311122701202000004","user":"sk@c.com","timestamp":"02-02-2020 11:40:15"},
{"event":"select difference from studyDate_ref where SysPatientID = ? : 20130311122701202000004","user":"sk@c.com","timestamp":"02-02-2020 11:40:15"},
{"event":"select difference from studyDate_ref where SysPatientID = ? : 20130311122701202000004","user":"sk@c.com","timestamp":"02-02-2020 11:40:15"},
{"event":"select difference from studyDate_ref where SysPatientID = ? : 20130311122701202000004","user":"sk@c.com","timestamp":"02-02-2020 11:40:15"},
{"event":"select difference from studyDate_ref where SysPatientID = ? : 20130311122701202000004","user":"sk@c.com","timestamp":"02-02-2020 11:40:15"},
{"event":"select difference from studyDate_ref where SysPatientID = ? : 20130311122701202000004","user":"sk@c.com","timestamp":"02-02-2020 11:40:15"},
{"event":"select difference from studyDate_ref where SysPatientID = ? : 20130311122701202000004","user":"sk@c.com","timestamp":"02-02-2020 11:40:15"},
{"event":"select difference from studyDate_ref where SysPatientID = ? : 20130311122701202000003","user":"sk@c.com","timestamp":"02-02-2020 11:40:15"},
{"event":"select difference from studyDate_ref where SysPatientID = ? : 20130311122701202000003","user":"sk@c.com","timestamp":"02-02-2020 11:40:15"},
{"event":"select difference from studyDate_ref where SysPatientID = ? : 20130311122701202000003","user":"sk@c.com","timestamp":"02-02-2020 11:40:15"},
{"event":"select difference from studyDate_ref where SysPatientID = ? : 20130311122701202000003","user":"sk@c.com","timestamp":"02-02-2020 11:40:15"},
{"event":"select difference from studyDate_ref where SysPatientID = ? : 20130311122701202000003","user":"sk@c.com","timestamp":"02-02-2020 11:40:15"},
{"event":"select difference from studyDate_ref where SysPatientID = ? : 20130311122701202000003","user":"sk@c.com","timestamp":"02-02-2020 11:40:15"},
{"event":"select difference from studyDate_ref where SysPatientID = ? : 20130311122701202000003","user":"sk@c.com","timestamp":"02-02-2020 11:40:16"},
{"event":"select difference from studyDate_ref where SysPatientID = ? : 20130311122701202000002","user":"sk@c.com","timestamp":"02-02-2020 11:40:16"},
{"event":"select difference from studyDate_ref where SysPatientID = ? : 20130311122701202000002","user":"sk@c.com","timestamp":"02-02-2020 11:40:16"},
{"event":"select difference from studyDate_ref where SysPatientID = ? : 20130311122701202000002","user":"sk@c.com","timestamp":"02-02-2020 11:40:16"},
{"event":"select difference from studyDate_ref where SysPatientID = ? : 20130311122701202000002","user":"sk@c.com","timestamp":"02-02-2020 11:40:16"},
{"event":"select difference from studyDate_ref where SysPatientID = ? : 20130311122701202000002","user":"sk@c.com","timestamp":"02-02-2020 11:40:16"},
{"event":"select difference from studyDate_ref where SysPatientID = ? : 20130311122701202000002","user":"sk@c.com","timestamp":"02-02-2020 11:40:16"},
{"event":"select difference from studyDate_ref where SysPatientID = ? : 20130311122701202000002","user":"sk@c.com","timestamp":"02-02-2020 11:40:16"},
{"event":"select difference from studyDate_ref where SysPatientID = ? : 20130311122701202000002","user":"sk@c.com","timestamp":"02-02-2020 11:40:16"},
{"event":"select difference from studyDate_ref where SysPatientID = ? : 20130311122701202000001","user":"sk@c.com","timestamp":"02-02-2020 11:40:16"},
{"event":"select difference from studyDate_ref where SysPatientID = ? : 20130311122701202000001","user":"sk@c.com","timestamp":"02-02-2020 11:40:16"},
{"event":"select difference from studyDate_ref where SysPatientID = ? : 20130311122701202000001","user":"sk@c.com","timestamp":"02-02-2020 11:40:16"},
{"event":"select difference from studyDate_ref where SysPatientID = ? : 20130311122701202000001","user":"sk@c.com","timestamp":"02-02-2020 11:40:16"},
{"event":"select difference from studyDate_ref where SysPatientID = ? : 20130311122701202000001","user":"sk@c.com","timestamp":"02-02-2020 11:40:16"},
{"event":"select difference from studyDate_ref where SysPatientID = ? : 20130311122701202000001","user":"sk@c.com","timestamp":"02-02-2020 11:40:16"},
{"event":"select difference from studyDate_ref where SysPatientID = ? : 20130311122701202000001","user":"sk@c.com","timestamp":"02-02-2020 11:40:16"},
{"event":"select difference from studyDate_ref where SysPatientID = ? : 20130311122701202000001","user":"sk@c.com","timestamp":"02-02-2020 11:40:16"},
{"event":"select difference from studyDate_ref where SysPatientID = ? : 20130311122701202000000","user":"sk@c.com","timestamp":"02-02-2020 11:40:16"},
{"event":"select difference from studyDate_ref where SysPatientID = ? : 20130311122701202000000","user":"sk@c.com","timestamp":"02-02-2020 11:40:16"},
{"event":"select difference from studyDate_ref where SysPatientID = ? : 20130311122701202000000","user":"sk@c.com","timestamp":"02-02-2020 11:40:16"},
{"event":"select difference from studyDate_ref where SysPatientID = ? : 20130311122701202000000","user":"sk@c.com","timestamp":"02-02-2020 11:40:16"},
{"event":"select difference from studyDate_ref where SysPatientID = ? : 20130311122701202000000","user":"sk@c.com","timestamp":"02-02-2020 11:40:16"},
{"event":"select difference from studyDate_ref where SysPatientID = ? : 20130311122701202000000","user":"sk@c.com","timestamp":"02-02-2020 11:40:16"},
{"event":"select difference from studyDate_ref where SysPatientID = ? : 20130311122701202000000","user":"sk@c.com","timestamp":"02-02-2020 11:40:16"},
{"event":"select difference from studyDate_ref where SysPatientID = ? : 20130311122001202000000","user":"sk@c.com","timestamp":"02-02-2020 11:40:16"},
{"event":"select difference from studyDate_ref where SysPatientID = ? : 20130311122001202000000","user":"sk@c.com","timestamp":"02-02-2020 11:40:16"},
{"event":"select difference from studyDate_ref where SysPatientID = ? : 20130311122001202000000","user":"sk@c.com","timestamp":"02-02-2020 11:40:16"},
{"event":"select difference from studyDate_ref where SysPatientID = ? : 20130311122001202000000","user":"sk@c.com","timestamp":"02-02-2020 11:40:16"},
{"event":"select difference from studyDate_ref where SysPatientID = ? : 20130311122001202000000","user":"sk@c.com","timestamp":"02-02-2020 11:40:16"},
{"event":"select difference from studyDate_ref where SysPatientID = ? : 20130311122001202000000","user":"sk@c.com","timestamp":"02-02-2020 11:40:16"},
{"event":"select difference from studyDate_ref where SysPatientID = ? : 20130311122001202000000","user":"sk@c.com","timestamp":"02-02-2020 11:40:16"},
{"event":"select difference from studyDate_ref where SysPatientID = ? : 20130311122001202000000","user":"sk@c.com","timestamp":"02-02-2020 11:40:16"},
{"event":"select difference from studyDate_ref where SysPatientID = ? : 20130311122412201900000","user":"sk@c.com","timestamp":"02-02-2020 11:40:16"},
{"event":"select difference from studyDate_ref where SysPatientID = ? : 20130311122412201900000","user":"sk@c.com","timestamp":"02-02-2020 11:40:16"},
{"event":"select difference from studyDate_ref where SysPatientID = ? : 20130311122412201900000","user":"sk@c.com","timestamp":"02-02-2020 11:40:16"},
{"event":"select difference from studyDate_ref where SysPatientID = ? : 20130311122412201900000","user":"sk@c.com","timestamp":"02-02-2020 11:40:16"},
{"event":"select difference from studyDate_ref where SysPatientID = ? : 20130311122412201900000","user":"sk@c.com","timestamp":"02-02-2020 11:40:16"},
{"event":"select difference from studyDate_ref where SysPatientID = ? : 20130311122412201900000","user":"sk@c.com","timestamp":"02-02-2020 11:40:16"},
{"event":"select difference from studyDate_ref where SysPatientID = ? : 20130311122412201900000","user":"sk@c.com","timestamp":"02-02-2020 11:40:16"},
{"event":"select * from login where uid=? and pass=?","user":"sk@c.com","timestamp":"02-02-2020 11:47:06"},
{"event":"select * from project","user":"sk@c.com","timestamp":"02-02-2020 11:47:07"},
{"event":"select DCMPatientID, SysPatientID from patientid_map","user":"sk@c.com","timestamp":"02-02-2020 11:47:32"},
{"event":"SELECT tablename,chaviattribute,csvattribute from csvjsonattributemap where projectid=?","user":"sk@c.com","timestamp":"02-02-2020 11:47:32"},
{"event":"select symbol,moleculetype,moleculename from moleculescatalog limit 0,3000","user":"sk@c.com","timestamp":"02-02-2020 11:47:32"},
{"event":"select difference from studyDate_ref where SysPatientID = ? : 20130311122701202000004","user":"sk@c.com","timestamp":"02-02-2020 11:47:32"},
{"event":"select difference from studyDate_ref where SysPatientID = ? : 20130311122701202000004","user":"sk@c.com","timestamp":"02-02-2020 11:47:32"},
{"event":"select difference from studyDate_ref where SysPatientID = ? : 20130311122701202000004","user":"sk@c.com","timestamp":"02-02-2020 11:47:32"},
{"event":"select difference from studyDate_ref where SysPatientID = ? : 20130311122701202000004","user":"sk@c.com","timestamp":"02-02-2020 11:47:33"},
{"event":"select difference from studyDate_ref where SysPatientID = ? : 20130311122701202000004","user":"sk@c.com","timestamp":"02-02-2020 11:47:33"},
{"event":"select difference from studyDate_ref where SysPatientID = ? : 20130311122701202000004","user":"sk@c.com","timestamp":"02-02-2020 11:47:33"},
{"event":"select difference from studyDate_ref where SysPatientID = ? : 20130311122701202000004","user":"sk@c.com","timestamp":"02-02-2020 11:47:33"},
{"event":"select difference from studyDate_ref where SysPatientID = ? : 20130311122701202000003","user":"sk@c.com","timestamp":"02-02-2020 11:47:33"},
{"event":"select difference from studyDate_ref where SysPatientID = ? : 20130311122701202000003","user":"sk@c.com","timestamp":"02-02-2020 11:47:33"},
{"event":"select difference from studyDate_ref where SysPatientID = ? : 20130311122701202000003","user":"sk@c.com","timestamp":"02-02-2020 11:47:33"},
{"event":"select difference from studyDate_ref where SysPatientID = ? : 20130311122701202000003","user":"sk@c.com","timestamp":"02-02-2020 11:47:33"},
{"event":"select difference from studyDate_ref where SysPatientID = ? : 20130311122701202000003","user":"sk@c.com","timestamp":"02-02-2020 11:47:33"},
{"event":"select difference from studyDate_ref where SysPatientID = ? : 20130311122701202000003","user":"sk@c.com","timestamp":"02-02-2020 11:47:34"},
{"event":"select difference from studyDate_ref where SysPatientID = ? : 20130311122701202000003","user":"sk@c.com","timestamp":"02-02-2020 11:47:34"},
{"event":"select difference from studyDate_ref where SysPatientID = ? : 20130311122701202000002","user":"sk@c.com","timestamp":"02-02-2020 11:47:34"},
{"event":"select difference from studyDate_ref where SysPatientID = ? : 20130311122701202000002","user":"sk@c.com","timestamp":"02-02-2020 11:47:34"},
{"event":"select difference from studyDate_ref where SysPatientID = ? : 20130311122701202000002","user":"sk@c.com","timestamp":"02-02-2020 11:47:34"},
{"event":"select difference from studyDate_ref where SysPatientID = ? : 20130311122701202000002","user":"sk@c.com","timestamp":"02-02-2020 11:47:34"},
{"event":"select difference from studyDate_ref where SysPatientID = ? : 20130311122701202000002","user":"sk@c.com","timestamp":"02-02-2020 11:47:34"},
{"event":"select difference from studyDate_ref where SysPatientID = ? : 20130311122701202000002","user":"sk@c.com","timestamp":"02-02-2020 11:47:34"},
{"event":"select difference from studyDate_ref where SysPatientID = ? : 20130311122701202000002","user":"sk@c.com","timestamp":"02-02-2020 11:47:34"},
{"event":"select difference from studyDate_ref where SysPatientID = ? : 20130311122701202000002","user":"sk@c.com","timestamp":"02-02-2020 11:47:34"},
{"event":"select difference from studyDate_ref where SysPatientID = ? : 20130311122701202000001","user":"sk@c.com","timestamp":"02-02-2020 11:47:34"},
{"event":"select difference from studyDate_ref where SysPatientID = ? : 20130311122701202000001","user":"sk@c.com","timestamp":"02-02-2020 11:47:34"},
{"event":"select difference from studyDate_ref where SysPatientID = ? : 20130311122701202000001","user":"sk@c.com","timestamp":"02-02-2020 11:47:34"},
{"event":"select difference from studyDate_ref where SysPatientID = ? : 20130311122701202000001","user":"sk@c.com","timestamp":"02-02-2020 11:47:34"},
{"event":"select difference from studyDate_ref where SysPatientID = ? : 20130311122701202000001","user":"sk@c.com","timestamp":"02-02-2020 11:47:34"},
{"event":"select difference from studyDate_ref where SysPatientID = ? : 20130311122701202000001","user":"sk@c.com","timestamp":"02-02-2020 11:47:34"},
{"event":"select difference from studyDate_ref where SysPatientID = ? : 20130311122701202000001","user":"sk@c.com","timestamp":"02-02-2020 11:47:34"},
{"event":"select difference from studyDate_ref where SysPatientID = ? : 20130311122701202000001","user":"sk@c.com","timestamp":"02-02-2020 11:47:34"},
{"event":"select difference from studyDate_ref where SysPatientID = ? : 20130311122701202000000","user":"sk@c.com","timestamp":"02-02-2020 11:47:34"},
{"event":"select difference from studyDate_ref where SysPatientID = ? : 20130311122701202000000","user":"sk@c.com","timestamp":"02-02-2020 11:47:34"},
{"event":"select difference from studyDate_ref where SysPatientID = ? : 20130311122701202000000","user":"sk@c.com","timestamp":"02-02-2020 11:47:34"},
{"event":"select difference from studyDate_ref where SysPatientID = ? : 20130311122701202000000","user":"sk@c.com","timestamp":"02-02-2020 11:47:35"},
{"event":"select difference from studyDate_ref where SysPatientID = ? : 20130311122701202000000","user":"sk@c.com","timestamp":"02-02-2020 11:47:35"},
{"event":"select difference from studyDate_ref where SysPatientID = ? : 20130311122701202000000","user":"sk@c.com","timestamp":"02-02-2020 11:47:35"},
{"event":"select difference from studyDate_ref where SysPatientID = ? : 20130311122701202000000","user":"sk@c.com","timestamp":"02-02-2020 11:47:35"},
{"event":"select difference from studyDate_ref where SysPatientID = ? : 20130311122001202000000","user":"sk@c.com","timestamp":"02-02-2020 11:47:35"},
{"event":"select difference from studyDate_ref where SysPatientID = ? : 20130311122001202000000","user":"sk@c.com","timestamp":"02-02-2020 11:47:35"},
{"event":"select difference from studyDate_ref where SysPatientID = ? : 20130311122001202000000","user":"sk@c.com","timestamp":"02-02-2020 11:47:35"},
{"event":"select difference from studyDate_ref where SysPatientID = ? : 20130311122001202000000","user":"sk@c.com","timestamp":"02-02-2020 11:47:35"},
{"event":"select difference from studyDate_ref where SysPatientID = ? : 20130311122001202000000","user":"sk@c.com","timestamp":"02-02-2020 11:47:35"},
{"event":"select difference from studyDate_ref where SysPatientID = ? : 20130311122001202000000","user":"sk@c.com","timestamp":"02-02-2020 11:47:35"},
{"event":"select difference from studyDate_ref where SysPatientID = ? : 20130311122001202000000","user":"sk@c.com","timestamp":"02-02-2020 11:47:35"},
{"event":"select difference from studyDate_ref where SysPatientID = ? : 20130311122001202000000","user":"sk@c.com","timestamp":"02-02-2020 11:47:35"},
{"event":"select difference from studyDate_ref where SysPatientID = ? : 20130311122412201900000","user":"sk@c.com","timestamp":"02-02-2020 11:47:35"},
{"event":"select difference from studyDate_ref where SysPatientID = ? : 20130311122412201900000","user":"sk@c.com","timestamp":"02-02-2020 11:47:35"},
{"event":"select difference from studyDate_ref where SysPatientID = ? : 20130311122412201900000","user":"sk@c.com","timestamp":"02-02-2020 11:47:35"},
{"event":"select difference from studyDate_ref where SysPatientID = ? : 20130311122412201900000","user":"sk@c.com","timestamp":"02-02-2020 11:47:35"},
{"event":"select difference from studyDate_ref where SysPatientID = ? : 20130311122412201900000","user":"sk@c.com","timestamp":"02-02-2020 11:47:35"},
{"event":"select difference from studyDate_ref where SysPatientID = ? : 20130311122412201900000","user":"sk@c.com","timestamp":"02-02-2020 11:47:35"},
{"event":"select difference from studyDate_ref where SysPatientID = ? : 20130311122412201900000","user":"sk@c.com","timestamp":"02-02-2020 11:47:35"},
{"event":"select * from login where uid=? and pass=?","user":"sk@c.com","timestamp":"02-02-2020 12:12:25"},
{"event":"select * from project","user":"sk@c.com","timestamp":"02-02-2020 12:12:26"},
{"event":"select DCMPatientID, SysPatientID from patientid_map","user":"sk@c.com","timestamp":"02-02-2020 12:12:38"},
{"event":"SELECT tablename,chaviattribute,csvattribute from csvjsonattributemap where projectid=?","user":"sk@c.com","timestamp":"02-02-2020 12:12:38"},
{"event":"select symbol,moleculetype,moleculename from moleculescatalog limit 0,3000","user":"sk@c.com","timestamp":"02-02-2020 12:12:38"},
{"event":"select difference from studyDate_ref where SysPatientID = ? : 20130311122701202000004","user":"sk@c.com","timestamp":"02-02-2020 12:12:38"},
{"event":"select difference from studyDate_ref where SysPatientID = ? : 20130311122701202000004","user":"sk@c.com","timestamp":"02-02-2020 12:12:38"},
{"event":"select difference from studyDate_ref where SysPatientID = ? : 20130311122701202000004","user":"sk@c.com","timestamp":"02-02-2020 12:12:38"},
{"event":"select difference from studyDate_ref where SysPatientID = ? : 20130311122701202000004","user":"sk@c.com","timestamp":"02-02-2020 12:12:38"},
{"event":"select difference from studyDate_ref where SysPatientID = ? : 20130311122701202000004","user":"sk@c.com","timestamp":"02-02-2020 12:12:38"},
{"event":"select difference from studyDate_ref where SysPatientID = ? : 20130311122701202000004","user":"sk@c.com","timestamp":"02-02-2020 12:12:38"},
{"event":"select difference from studyDate_ref where SysPatientID = ? : 20130311122701202000004","user":"sk@c.com","timestamp":"02-02-2020 12:12:38"},
{"event":"select difference from studyDate_ref where SysPatientID = ? : 20130311122701202000004","user":"sk@c.com","timestamp":"02-02-2020 12:12:38"},
{"event":"select difference from studyDate_ref where SysPatientID = ? : 20130311122701202000003","user":"sk@c.com","timestamp":"02-02-2020 12:12:38"},
{"event":"select difference from studyDate_ref where SysPatientID = ? : 20130311122701202000003","user":"sk@c.com","timestamp":"02-02-2020 12:12:38"},
{"event":"select difference from studyDate_ref where SysPatientID = ? : 20130311122701202000003","user":"sk@c.com","timestamp":"02-02-2020 12:12:38"},
{"event":"select difference from studyDate_ref where SysPatientID = ? : 20130311122701202000003","user":"sk@c.com","timestamp":"02-02-2020 12:12:39"},
{"event":"select difference from studyDate_ref where SysPatientID = ? : 20130311122701202000003","user":"sk@c.com","timestamp":"02-02-2020 12:12:39"},
{"event":"select difference from studyDate_ref where SysPatientID = ? : 20130311122701202000003","user":"sk@c.com","timestamp":"02-02-2020 12:12:39"},
{"event":"select difference from studyDate_ref where SysPatientID = ? : 20130311122701202000003","user":"sk@c.com","timestamp":"02-02-2020 12:12:39"},
{"event":"select difference from studyDate_ref where SysPatientID = ? : 20130311122701202000003","user":"sk@c.com","timestamp":"02-02-2020 12:12:39"},
{"event":"select difference from studyDate_ref where SysPatientID = ? : 20130311122701202000002","user":"sk@c.com","timestamp":"02-02-2020 12:12:39"},
{"event":"select difference from studyDate_ref where SysPatientID = ? : 20130311122701202000002","user":"sk@c.com","timestamp":"02-02-2020 12:12:39"},
{"event":"select difference from studyDate_ref where SysPatientID = ? : 20130311122701202000002","user":"sk@c.com","timestamp":"02-02-2020 12:12:39"},
{"event":"select difference from studyDate_ref where SysPatientID = ? : 20130311122701202000002","user":"sk@c.com","timestamp":"02-02-2020 12:12:39"},
{"event":"select difference from studyDate_ref where SysPatientID = ? : 20130311122701202000002","user":"sk@c.com","timestamp":"02-02-2020 12:12:39"},
{"event":"select difference from studyDate_ref where SysPatientID = ? : 20130311122701202000002","user":"sk@c.com","timestamp":"02-02-2020 12:12:39"},
{"event":"select difference from studyDate_ref where SysPatientID = ? : 20130311122701202000002","user":"sk@c.com","timestamp":"02-02-2020 12:12:39"},
{"event":"select difference from studyDate_ref where SysPatientID = ? : 20130311122701202000002","user":"sk@c.com","timestamp":"02-02-2020 12:12:39"},
{"event":"select difference from studyDate_ref where SysPatientID = ? : 20130311122701202000002","user":"sk@c.com","timestamp":"02-02-2020 12:12:39"},
{"event":"select difference from studyDate_ref where SysPatientID = ? : 20130311122701202000001","user":"sk@c.com","timestamp":"02-02-2020 12:12:39"},
{"event":"select difference from studyDate_ref where SysPatientID = ? : 20130311122701202000001","user":"sk@c.com","timestamp":"02-02-2020 12:12:39"},
{"event":"select difference from studyDate_ref where SysPatientID = ? : 20130311122701202000001","user":"sk@c.com","timestamp":"02-02-2020 12:12:39"},
{"event":"select difference from studyDate_ref where SysPatientID = ? : 20130311122701202000001","user":"sk@c.com","timestamp":"02-02-2020 12:12:39"},
{"event":"select difference from studyDate_ref where SysPatientID = ? : 20130311122701202000001","user":"sk@c.com","timestamp":"02-02-2020 12:12:39"},
{"event":"select difference from studyDate_ref where SysPatientID = ? : 20130311122701202000001","user":"sk@c.com","timestamp":"02-02-2020 12:12:39"},
{"event":"select difference from studyDate_ref where SysPatientID = ? : 20130311122701202000001","user":"sk@c.com","timestamp":"02-02-2020 12:12:39"},
{"event":"select difference from studyDate_ref where SysPatientID = ? : 20130311122701202000001","user":"sk@c.com","timestamp":"02-02-2020 12:12:39"},
{"event":"select difference from studyDate_ref where SysPatientID = ? : 20130311122701202000001","user":"sk@c.com","timestamp":"02-02-2020 12:12:39"},
{"event":"select difference from studyDate_ref where SysPatientID = ? : 20130311122701202000000","user":"sk@c.com","timestamp":"02-02-2020 12:12:39"},
{"event":"select difference from studyDate_ref where SysPatientID = ? : 20130311122701202000000","user":"sk@c.com","timestamp":"02-02-2020 12:12:39"},
{"event":"select difference from studyDate_ref where SysPatientID = ? : 20130311122701202000000","user":"sk@c.com","timestamp":"02-02-2020 12:12:39"},
{"event":"select difference from studyDate_ref where SysPatientID = ? : 20130311122701202000000","user":"sk@c.com","timestamp":"02-02-2020 12:12:39"},
{"event":"select difference from studyDate_ref where SysPatientID = ? : 20130311122701202000000","user":"sk@c.com","timestamp":"02-02-2020 12:12:39"},
{"event":"select difference from studyDate_ref where SysPatientID = ? : 20130311122701202000000","user":"sk@c.com","timestamp":"02-02-2020 12:12:39"},
{"event":"select difference from studyDate_ref where SysPatientID = ? : 20130311122701202000000","user":"sk@c.com","timestamp":"02-02-2020 12:12:40"},
{"event":"select difference from studyDate_ref where SysPatientID = ? : 20130311122701202000000","user":"sk@c.com","timestamp":"02-02-2020 12:12:40"},
{"event":"select difference from studyDate_ref where SysPatientID = ? : 20130311122001202000000","user":"sk@c.com","timestamp":"02-02-2020 12:12:40"},
{"event":"select difference from studyDate_ref where SysPatientID = ? : 20130311122001202000000","user":"sk@c.com","timestamp":"02-02-2020 12:12:40"},
{"event":"select difference from studyDate_ref where SysPatientID = ? : 20130311122001202000000","user":"sk@c.com","timestamp":"02-02-2020 12:12:40"},
{"event":"select difference from studyDate_ref where SysPatientID = ? : 20130311122001202000000","user":"sk@c.com","timestamp":"02-02-2020 12:12:40"},
{"event":"select difference from studyDate_ref where SysPatientID = ? : 20130311122001202000000","user":"sk@c.com","timestamp":"02-02-2020 12:12:40"},
{"event":"select difference from studyDate_ref where SysPatientID = ? : 20130311122001202000000","user":"sk@c.com","timestamp":"02-02-2020 12:12:40"},
{"event":"select difference from studyDate_ref where SysPatientID = ? : 20130311122001202000000","user":"sk@c.com","timestamp":"02-02-2020 12:12:40"},
{"event":"select difference from studyDate_ref where SysPatientID = ? : 20130311122001202000000","user":"sk@c.com","timestamp":"02-02-2020 12:12:40"},
{"event":"select difference from studyDate_ref where SysPatientID = ? : 20130311122001202000000","user":"sk@c.com","timestamp":"02-02-2020 12:12:40"},
{"event":"select difference from studyDate_ref where SysPatientID = ? : 20130311122412201900000","user":"sk@c.com","timestamp":"02-02-2020 12:12:40"},
{"event":"select difference from studyDate_ref where SysPatientID = ? : 20130311122412201900000","user":"sk@c.com","timestamp":"02-02-2020 12:12:40"},
{"event":"select difference from studyDate_ref where SysPatientID = ? : 20130311122412201900000","user":"sk@c.com","timestamp":"02-02-2020 12:12:40"},
{"event":"select difference from studyDate_ref where SysPatientID = ? : 20130311122412201900000","user":"sk@c.com","timestamp":"02-02-2020 12:12:40"},
{"event":"select difference from studyDate_ref where SysPatientID = ? : 20130311122412201900000","user":"sk@c.com","timestamp":"02-02-2020 12:12:40"},
{"event":"select difference from studyDate_ref where SysPatientID = ? : 20130311122412201900000","user":"sk@c.com","timestamp":"02-02-2020 12:12:40"},
{"event":"select difference from studyDate_ref where SysPatientID = ? : 20130311122412201900000","user":"sk@c.com","timestamp":"02-02-2020 12:12:40"},
{"event":"select difference from studyDate_ref where SysPatientID = ? : 20130311122412201900000","user":"sk@c.com","timestamp":"02-02-2020 12:12:40"},
