{"event":"select DCMPatientID, SysPatientID from patientid_map","user":"sk@c.com","timestamp":"30-01-2020 00:00:06"},
{"event":"SELECT tablename,chaviattribute,csvattribute from csvjsonattributemap where projectid=?","user":"sk@c.com","timestamp":"30-01-2020 00:00:06"},
{"event":"select symbol,moleculetype,moleculename from moleculescatalog limit 0,3000","user":"sk@c.com","timestamp":"30-01-2020 00:00:06"},
{"event":"select difference from studyDate_ref where SysPatientID = ? : 20130311122701202000004","user":"sk@c.com","timestamp":"30-01-2020 00:00:06"},
{"event":"select difference from studyDate_ref where SysPatientID = ? : 20130311122701202000004","user":"sk@c.com","timestamp":"30-01-2020 00:00:06"},
{"event":"select difference from studyDate_ref where SysPatientID = ? : 20130311122701202000004","user":"sk@c.com","timestamp":"30-01-2020 00:00:06"},
{"event":"select difference from studyDate_ref where SysPatientID = ? : 20130311122701202000004","user":"sk@c.com","timestamp":"30-01-2020 00:00:06"},
{"event":"select difference from studyDate_ref where SysPatientID = ? : 20130311122701202000004","user":"sk@c.com","timestamp":"30-01-2020 00:00:06"},
{"event":"select difference from studyDate_ref where SysPatientID = ? : 20130311122701202000004","user":"sk@c.com","timestamp":"30-01-2020 00:00:06"},
{"event":"select difference from studyDate_ref where SysPatientID = ? : 20130311122701202000004","user":"sk@c.com","timestamp":"30-01-2020 00:00:06"},
{"event":"select difference from studyDate_ref where SysPatientID = ? : 20130311122701202000003","user":"sk@c.com","timestamp":"30-01-2020 00:00:06"},
{"event":"select difference from studyDate_ref where SysPatientID = ? : 20130311122701202000003","user":"sk@c.com","timestamp":"30-01-2020 00:00:06"},
{"event":"select difference from studyDate_ref where SysPatientID = ? : 20130311122701202000003","user":"sk@c.com","timestamp":"30-01-2020 00:00:06"},
{"event":"select difference from studyDate_ref where SysPatientID = ? : 20130311122701202000003","user":"sk@c.com","timestamp":"30-01-2020 00:00:06"},
{"event":"select difference from studyDate_ref where SysPatientID = ? : 20130311122701202000003","user":"sk@c.com","timestamp":"30-01-2020 00:00:06"},
{"event":"select difference from studyDate_ref where SysPatientID = ? : 20130311122701202000003","user":"sk@c.com","timestamp":"30-01-2020 00:00:06"},
{"event":"select difference from studyDate_ref where SysPatientID = ? : 20130311122701202000003","user":"sk@c.com","timestamp":"30-01-2020 00:00:06"},
{"event":"select difference from studyDate_ref where SysPatientID = ? : 20130311122701202000002","user":"sk@c.com","timestamp":"30-01-2020 00:00:06"},
{"event":"select difference from studyDate_ref where SysPatientID = ? : 20130311122701202000002","user":"sk@c.com","timestamp":"30-01-2020 00:00:06"},
{"event":"select difference from studyDate_ref where SysPatientID = ? : 20130311122701202000002","user":"sk@c.com","timestamp":"30-01-2020 00:00:06"},
{"event":"select difference from studyDate_ref where SysPatientID = ? : 20130311122701202000002","user":"sk@c.com","timestamp":"30-01-2020 00:00:06"},
{"event":"select difference from studyDate_ref where SysPatientID = ? : 20130311122701202000002","user":"sk@c.com","timestamp":"30-01-2020 00:00:06"},
{"event":"select difference from studyDate_ref where SysPatientID = ? : 20130311122701202000002","user":"sk@c.com","timestamp":"30-01-2020 00:00:06"},
{"event":"select difference from studyDate_ref where SysPatientID = ? : 20130311122701202000002","user":"sk@c.com","timestamp":"30-01-2020 00:00:06"},
{"event":"select difference from studyDate_ref where SysPatientID = ? : 20130311122701202000002","user":"sk@c.com","timestamp":"30-01-2020 00:00:06"},
{"event":"select difference from studyDate_ref where SysPatientID = ? : 20130311122701202000001","user":"sk@c.com","timestamp":"30-01-2020 00:00:06"},
{"event":"select difference from studyDate_ref where SysPatientID = ? : 20130311122701202000001","user":"sk@c.com","timestamp":"30-01-2020 00:00:06"},
{"event":"select difference from studyDate_ref where SysPatientID = ? : 20130311122701202000001","user":"sk@c.com","timestamp":"30-01-2020 00:00:06"},
{"event":"select difference from studyDate_ref where SysPatientID = ? : 20130311122701202000001","user":"sk@c.com","timestamp":"30-01-2020 00:00:06"},
{"event":"select difference from studyDate_ref where SysPatientID = ? : 20130311122701202000001","user":"sk@c.com","timestamp":"30-01-2020 00:00:07"},
{"event":"select difference from studyDate_ref where SysPatientID = ? : 20130311122701202000001","user":"sk@c.com","timestamp":"30-01-2020 00:00:07"},
{"event":"select difference from studyDate_ref where SysPatientID = ? : 20130311122701202000001","user":"sk@c.com","timestamp":"30-01-2020 00:00:07"},
{"event":"select difference from studyDate_ref where SysPatientID = ? : 20130311122701202000001","user":"sk@c.com","timestamp":"30-01-2020 00:00:07"},
{"event":"select difference from studyDate_ref where SysPatientID = ? : 20130311122701202000000","user":"sk@c.com","timestamp":"30-01-2020 00:00:07"},
{"event":"select difference from studyDate_ref where SysPatientID = ? : 20130311122701202000000","user":"sk@c.com","timestamp":"30-01-2020 00:00:07"},
{"event":"select difference from studyDate_ref where SysPatientID = ? : 20130311122701202000000","user":"sk@c.com","timestamp":"30-01-2020 00:00:07"},
{"event":"select difference from studyDate_ref where SysPatientID = ? : 20130311122701202000000","user":"sk@c.com","timestamp":"30-01-2020 00:00:07"},
{"event":"select difference from studyDate_ref where SysPatientID = ? : 20130311122701202000000","user":"sk@c.com","timestamp":"30-01-2020 00:00:07"},
{"event":"select difference from studyDate_ref where SysPatientID = ? : 20130311122701202000000","user":"sk@c.com","timestamp":"30-01-2020 00:00:07"},
{"event":"select difference from studyDate_ref where SysPatientID = ? : 20130311122701202000000","user":"sk@c.com","timestamp":"30-01-2020 00:00:07"},
{"event":"select difference from studyDate_ref where SysPatientID = ? : 20130311122001202000000","user":"sk@c.com","timestamp":"30-01-2020 00:00:07"},
{"event":"select difference from studyDate_ref where SysPatientID = ? : 20130311122001202000000","user":"sk@c.com","timestamp":"30-01-2020 00:00:07"},
{"event":"select difference from studyDate_ref where SysPatientID = ? : 20130311122001202000000","user":"sk@c.com","timestamp":"30-01-2020 00:00:07"},
{"event":"select difference from studyDate_ref where SysPatientID = ? : 20130311122001202000000","user":"sk@c.com","timestamp":"30-01-2020 00:00:07"},
{"event":"select difference from studyDate_ref where SysPatientID = ? : 20130311122001202000000","user":"sk@c.com","timestamp":"30-01-2020 00:00:07"},
{"event":"select difference from studyDate_ref where SysPatientID = ? : 20130311122001202000000","user":"sk@c.com","timestamp":"30-01-2020 00:00:07"},
{"event":"select difference from studyDate_ref where SysPatientID = ? : 20130311122001202000000","user":"sk@c.com","timestamp":"30-01-2020 00:00:07"},
{"event":"select difference from studyDate_ref where SysPatientID = ? : 20130311122001202000000","user":"sk@c.com","timestamp":"30-01-2020 00:00:07"},
{"event":"select difference from studyDate_ref where SysPatientID = ? : 20130311122412201900000","user":"sk@c.com","timestamp":"30-01-2020 00:00:07"},
{"event":"select difference from studyDate_ref where SysPatientID = ? : 20130311122412201900000","user":"sk@c.com","timestamp":"30-01-2020 00:00:07"},
{"event":"select difference from studyDate_ref where SysPatientID = ? : 20130311122412201900000","user":"sk@c.com","timestamp":"30-01-2020 00:00:07"},
{"event":"select difference from studyDate_ref where SysPatientID = ? : 20130311122412201900000","user":"sk@c.com","timestamp":"30-01-2020 00:00:07"},
{"event":"select difference from studyDate_ref where SysPatientID = ? : 20130311122412201900000","user":"sk@c.com","timestamp":"30-01-2020 00:00:07"},
{"event":"select difference from studyDate_ref where SysPatientID = ? : 20130311122412201900000","user":"sk@c.com","timestamp":"30-01-2020 00:00:07"},
{"event":"select difference from studyDate_ref where SysPatientID = ? : 20130311122412201900000","user":"sk@c.com","timestamp":"30-01-2020 00:00:07"},
{"event":"select * from login where uid=? and pass=?","user":"sk@c.com","timestamp":"30-01-2020 00:04:27"},
{"event":"select * from project","user":"sk@c.com","timestamp":"30-01-2020 00:04:28"},
{"event":"select DCMPatientID, SysPatientID from patientid_map","user":"sk@c.com","timestamp":"30-01-2020 00:04:40"},
{"event":"SELECT tablename,chaviattribute,csvattribute from csvjsonattributemap where projectid=?","user":"sk@c.com","timestamp":"30-01-2020 00:04:40"},
{"event":"select symbol,moleculetype,moleculename from moleculescatalog limit 0,3000","user":"sk@c.com","timestamp":"30-01-2020 00:04:40"},
{"event":"select difference from studyDate_ref where SysPatientID = ? : 20130311122701202000004","user":"sk@c.com","timestamp":"30-01-2020 00:04:40"},
{"event":"select difference from studyDate_ref where SysPatientID = ? : 20130311122701202000004","user":"sk@c.com","timestamp":"30-01-2020 00:04:40"},
{"event":"select difference from studyDate_ref where SysPatientID = ? : 20130311122701202000004","user":"sk@c.com","timestamp":"30-01-2020 00:04:40"},
{"event":"select difference from studyDate_ref where SysPatientID = ? : 20130311122701202000004","user":"sk@c.com","timestamp":"30-01-2020 00:04:40"},
{"event":"select difference from studyDate_ref where SysPatientID = ? : 20130311122701202000004","user":"sk@c.com","timestamp":"30-01-2020 00:04:40"},
{"event":"select difference from studyDate_ref where SysPatientID = ? : 20130311122701202000004","user":"sk@c.com","timestamp":"30-01-2020 00:04:40"},
{"event":"select difference from studyDate_ref where SysPatientID = ? : 20130311122701202000004","user":"sk@c.com","timestamp":"30-01-2020 00:04:40"},
{"event":"select difference from studyDate_ref where SysPatientID = ? : 20130311122701202000003","user":"sk@c.com","timestamp":"30-01-2020 00:04:40"},
{"event":"select difference from studyDate_ref where SysPatientID = ? : 20130311122701202000003","user":"sk@c.com","timestamp":"30-01-2020 00:04:40"},
{"event":"select difference from studyDate_ref where SysPatientID = ? : 20130311122701202000003","user":"sk@c.com","timestamp":"30-01-2020 00:04:40"},
{"event":"select difference from studyDate_ref where SysPatientID = ? : 20130311122701202000003","user":"sk@c.com","timestamp":"30-01-2020 00:04:40"},
{"event":"select difference from studyDate_ref where SysPatientID = ? : 20130311122701202000003","user":"sk@c.com","timestamp":"30-01-2020 00:04:41"},
{"event":"select difference from studyDate_ref where SysPatientID = ? : 20130311122701202000003","user":"sk@c.com","timestamp":"30-01-2020 00:04:41"},
{"event":"select difference from studyDate_ref where SysPatientID = ? : 20130311122701202000003","user":"sk@c.com","timestamp":"30-01-2020 00:04:41"},
{"event":"select difference from studyDate_ref where SysPatientID = ? : 20130311122701202000002","user":"sk@c.com","timestamp":"30-01-2020 00:04:41"},
{"event":"select difference from studyDate_ref where SysPatientID = ? : 20130311122701202000002","user":"sk@c.com","timestamp":"30-01-2020 00:04:41"},
{"event":"select difference from studyDate_ref where SysPatientID = ? : 20130311122701202000002","user":"sk@c.com","timestamp":"30-01-2020 00:04:41"},
{"event":"select difference from studyDate_ref where SysPatientID = ? : 20130311122701202000002","user":"sk@c.com","timestamp":"30-01-2020 00:04:41"},
{"event":"select difference from studyDate_ref where SysPatientID = ? : 20130311122701202000002","user":"sk@c.com","timestamp":"30-01-2020 00:04:41"},
{"event":"select difference from studyDate_ref where SysPatientID = ? : 20130311122701202000002","user":"sk@c.com","timestamp":"30-01-2020 00:04:41"},
{"event":"select difference from studyDate_ref where SysPatientID = ? : 20130311122701202000002","user":"sk@c.com","timestamp":"30-01-2020 00:04:41"},
{"event":"select difference from studyDate_ref where SysPatientID = ? : 20130311122701202000002","user":"sk@c.com","timestamp":"30-01-2020 00:04:41"},
{"event":"select difference from studyDate_ref where SysPatientID = ? : 20130311122701202000001","user":"sk@c.com","timestamp":"30-01-2020 00:04:41"},
{"event":"select difference from studyDate_ref where SysPatientID = ? : 20130311122701202000001","user":"sk@c.com","timestamp":"30-01-2020 00:04:41"},
{"event":"select difference from studyDate_ref where SysPatientID = ? : 20130311122701202000001","user":"sk@c.com","timestamp":"30-01-2020 00:04:41"},
{"event":"select difference from studyDate_ref where SysPatientID = ? : 20130311122701202000001","user":"sk@c.com","timestamp":"30-01-2020 00:04:41"},
{"event":"select difference from studyDate_ref where SysPatientID = ? : 20130311122701202000001","user":"sk@c.com","timestamp":"30-01-2020 00:04:41"},
{"event":"select difference from studyDate_ref where SysPatientID = ? : 20130311122701202000001","user":"sk@c.com","timestamp":"30-01-2020 00:04:41"},
{"event":"select difference from studyDate_ref where SysPatientID = ? : 20130311122701202000001","user":"sk@c.com","timestamp":"30-01-2020 00:04:41"},
{"event":"select difference from studyDate_ref where SysPatientID = ? : 20130311122701202000001","user":"sk@c.com","timestamp":"30-01-2020 00:04:41"},
{"event":"select difference from studyDate_ref where SysPatientID = ? : 20130311122701202000000","user":"sk@c.com","timestamp":"30-01-2020 00:04:41"},
{"event":"select difference from studyDate_ref where SysPatientID = ? : 20130311122701202000000","user":"sk@c.com","timestamp":"30-01-2020 00:04:41"},
{"event":"select difference from studyDate_ref where SysPatientID = ? : 20130311122701202000000","user":"sk@c.com","timestamp":"30-01-2020 00:04:41"},
{"event":"select difference from studyDate_ref where SysPatientID = ? : 20130311122701202000000","user":"sk@c.com","timestamp":"30-01-2020 00:04:41"},
{"event":"select difference from studyDate_ref where SysPatientID = ? : 20130311122701202000000","user":"sk@c.com","timestamp":"30-01-2020 00:04:41"},
{"event":"select difference from studyDate_ref where SysPatientID = ? : 20130311122701202000000","user":"sk@c.com","timestamp":"30-01-2020 00:04:41"},
{"event":"select difference from studyDate_ref where SysPatientID = ? : 20130311122701202000000","user":"sk@c.com","timestamp":"30-01-2020 00:04:41"},
{"event":"select difference from studyDate_ref where SysPatientID = ? : 20130311122001202000000","user":"sk@c.com","timestamp":"30-01-2020 00:04:41"},
{"event":"select difference from studyDate_ref where SysPatientID = ? : 20130311122001202000000","user":"sk@c.com","timestamp":"30-01-2020 00:04:41"},
{"event":"select difference from studyDate_ref where SysPatientID = ? : 20130311122001202000000","user":"sk@c.com","timestamp":"30-01-2020 00:04:41"},
{"event":"select difference from studyDate_ref where SysPatientID = ? : 20130311122001202000000","user":"sk@c.com","timestamp":"30-01-2020 00:04:41"},
{"event":"select difference from studyDate_ref where SysPatientID = ? : 20130311122001202000000","user":"sk@c.com","timestamp":"30-01-2020 00:04:41"},
{"event":"select difference from studyDate_ref where SysPatientID = ? : 20130311122001202000000","user":"sk@c.com","timestamp":"30-01-2020 00:04:41"},
{"event":"select difference from studyDate_ref where SysPatientID = ? : 20130311122001202000000","user":"sk@c.com","timestamp":"30-01-2020 00:04:41"},
{"event":"select difference from studyDate_ref where SysPatientID = ? : 20130311122001202000000","user":"sk@c.com","timestamp":"30-01-2020 00:04:41"},
{"event":"select difference from studyDate_ref where SysPatientID = ? : 20130311122412201900000","user":"sk@c.com","timestamp":"30-01-2020 00:04:41"},
{"event":"select difference from studyDate_ref where SysPatientID = ? : 20130311122412201900000","user":"sk@c.com","timestamp":"30-01-2020 00:04:41"},
{"event":"select difference from studyDate_ref where SysPatientID = ? : 20130311122412201900000","user":"sk@c.com","timestamp":"30-01-2020 00:04:41"},
{"event":"select difference from studyDate_ref where SysPatientID = ? : 20130311122412201900000","user":"sk@c.com","timestamp":"30-01-2020 00:04:41"},
{"event":"select difference from studyDate_ref where SysPatientID = ? : 20130311122412201900000","user":"sk@c.com","timestamp":"30-01-2020 00:04:41"},
{"event":"select difference from studyDate_ref where SysPatientID = ? : 20130311122412201900000","user":"sk@c.com","timestamp":"30-01-2020 00:04:41"},
{"event":"select difference from studyDate_ref where SysPatientID = ? : 20130311122412201900000","user":"sk@c.com","timestamp":"30-01-2020 00:04:41"},
