{"event":"select * from login where uid=? and pass=?","user":"sk@c.com","timestamp":"12-07-2021 20:38:22"},
{"event":"select * from project","user":"sk@c.com","timestamp":"12-07-2021 20:38:23"},
{"event":"select DCMPatientID, SysPatientID from patientid_map","user":"sk@c.com","timestamp":"12-07-2021 20:38:46"},
{"event":"SELECT tablename,chaviattribute,csvattribute from csvjsonattributemap where projectid=? and chaviattribute != ?","user":"sk@c.com","timestamp":"12-07-2021 20:38:46"},
{"event":"select symbol,moleculetype,moleculename from moleculescatalog limit 0,3000","user":"sk@c.com","timestamp":"12-07-2021 20:38:46"},
{"event":"select csvattribute from csvjsonattributemap where projectid=? and chaviattribute=?","user":"sk@c.com","timestamp":"12-07-2021 20:38:46"},
{"event":"select difference from studyDate_ref where SysPatientID = ? : 20130311121803202000000","user":"sk@c.com","timestamp":"12-07-2021 20:38:46"},
{"event":"select difference from studyDate_ref where SysPatientID = ? : 20130311121803202000000","user":"sk@c.com","timestamp":"12-07-2021 20:38:46"},
{"event":"select difference from studyDate_ref where SysPatientID = ? : 20130311121803202000000","user":"sk@c.com","timestamp":"12-07-2021 20:38:46"},
{"event":"select difference from studyDate_ref where SysPatientID = ? : 20130311121803202000000","user":"sk@c.com","timestamp":"12-07-2021 20:38:46"},
{"event":"select difference from studyDate_ref where SysPatientID = ? : 20130311121803202000001","user":"sk@c.com","timestamp":"12-07-2021 20:38:46"},
{"event":"select DCMPatientID, SysPatientID from patientid_map","user":"sk@c.com","timestamp":"12-07-2021 21:13:33"},
{"event":"SELECT tablename,chaviattribute,csvattribute from csvjsonattributemap where projectid=? and chaviattribute != ?","user":"sk@c.com","timestamp":"12-07-2021 21:13:33"},
{"event":"select symbol,moleculetype,moleculename from moleculescatalog limit 0,3000","user":"sk@c.com","timestamp":"12-07-2021 21:13:33"},
{"event":"select csvattribute from csvjsonattributemap where projectid=? and chaviattribute=?","user":"sk@c.com","timestamp":"12-07-2021 21:13:33"},
{"event":"select difference from studyDate_ref where SysPatientID = ? : 20130311121803202000000","user":"sk@c.com","timestamp":"12-07-2021 21:13:33"},
{"event":"select difference from studyDate_ref where SysPatientID = ? : 20130311121803202000000","user":"sk@c.com","timestamp":"12-07-2021 21:13:33"},
{"event":"select difference from studyDate_ref where SysPatientID = ? : 20130311121803202000000","user":"sk@c.com","timestamp":"12-07-2021 21:13:33"},
{"event":"select difference from studyDate_ref where SysPatientID = ? : 20130311121803202000000","user":"sk@c.com","timestamp":"12-07-2021 21:13:33"},
{"event":"select difference from studyDate_ref where SysPatientID = ? : 20130311121803202000001","user":"sk@c.com","timestamp":"12-07-2021 21:13:33"},
{"event":"select DCMPatientID, SysPatientID from patientid_map","user":"sk@c.com","timestamp":"12-07-2021 21:35:11"},
{"event":"SELECT tablename,chaviattribute,csvattribute from csvjsonattributemap where projectid=? and chaviattribute != ?","user":"sk@c.com","timestamp":"12-07-2021 21:35:11"},
{"event":"select symbol,moleculetype,moleculename from moleculescatalog limit 0,3000","user":"sk@c.com","timestamp":"12-07-2021 21:35:11"},
{"event":"select csvattribute from csvjsonattributemap where projectid=? and chaviattribute=?","user":"sk@c.com","timestamp":"12-07-2021 21:35:11"},
{"event":"select difference from studyDate_ref where SysPatientID = ? : 20130311121803202000000","user":"sk@c.com","timestamp":"12-07-2021 21:35:11"},
{"event":"select difference from studyDate_ref where SysPatientID = ? : 20130311121803202000000","user":"sk@c.com","timestamp":"12-07-2021 21:35:11"},
{"event":"select difference from studyDate_ref where SysPatientID = ? : 20130311121803202000000","user":"sk@c.com","timestamp":"12-07-2021 21:35:11"},
{"event":"select difference from studyDate_ref where SysPatientID = ? : 20130311121803202000000","user":"sk@c.com","timestamp":"12-07-2021 21:35:11"},
{"event":"select difference from studyDate_ref where SysPatientID = ? : 20130311121803202000001","user":"sk@c.com","timestamp":"12-07-2021 21:35:11"},
{"event":"select difference from studyDate_ref where SysPatientID = ? : 2013030701202100002","user":"sk@c.com","timestamp":"12-07-2021 21:35:11"},
{"event":"select difference from studyDate_ref where SysPatientID = ? : 2013030701202100002","user":"sk@c.com","timestamp":"12-07-2021 21:35:11"},
{"event":"select difference from studyDate_ref where SysPatientID = ? : 2013030701202100002","user":"sk@c.com","timestamp":"12-07-2021 21:35:11"},
{"event":"select difference from studyDate_ref where SysPatientID = ? : 2013030701202100002","user":"sk@c.com","timestamp":"12-07-2021 21:35:11"},
{"event":"select difference from studyDate_ref where SysPatientID = ? : 2013030701202100002","user":"sk@c.com","timestamp":"12-07-2021 21:35:11"},
{"event":"select difference from studyDate_ref where SysPatientID = ? : 2013030701202100002","user":"sk@c.com","timestamp":"12-07-2021 21:35:11"},
{"event":"select difference from studyDate_ref where SysPatientID = ? : 2013030701202100002","user":"sk@c.com","timestamp":"12-07-2021 21:35:11"},
{"event":"select difference from studyDate_ref where SysPatientID = ? : 2013030701202100003","user":"sk@c.com","timestamp":"12-07-2021 21:35:11"},
{"event":"select difference from studyDate_ref where SysPatientID = ? : 2013030701202100003","user":"sk@c.com","timestamp":"12-07-2021 21:35:11"},
{"event":"select difference from studyDate_ref where SysPatientID = ? : 2013030701202100003","user":"sk@c.com","timestamp":"12-07-2021 21:35:11"},
{"event":"select difference from studyDate_ref where SysPatientID = ? : 2013030701202100003","user":"sk@c.com","timestamp":"12-07-2021 21:35:11"},
{"event":"select difference from studyDate_ref where SysPatientID = ? : 2013030701202100003","user":"sk@c.com","timestamp":"12-07-2021 21:35:11"},
{"event":"select difference from studyDate_ref where SysPatientID = ? : 2013030701202100003","user":"sk@c.com","timestamp":"12-07-2021 21:35:11"},
{"event":"select difference from studyDate_ref where SysPatientID = ? : 2013030701202100003","user":"sk@c.com","timestamp":"12-07-2021 21:35:11"},
{"event":"select difference from studyDate_ref where SysPatientID = ? : 2013030701202100004","user":"sk@c.com","timestamp":"12-07-2021 21:35:11"},
{"event":"select difference from studyDate_ref where SysPatientID = ? : 2013030701202100004","user":"sk@c.com","timestamp":"12-07-2021 21:35:11"},
{"event":"select difference from studyDate_ref where SysPatientID = ? : 2013030701202100004","user":"sk@c.com","timestamp":"12-07-2021 21:35:11"},
{"event":"select difference from studyDate_ref where SysPatientID = ? : 2013030701202100004","user":"sk@c.com","timestamp":"12-07-2021 21:35:11"},
{"event":"select difference from studyDate_ref where SysPatientID = ? : 2013030701202100004","user":"sk@c.com","timestamp":"12-07-2021 21:35:11"},
{"event":"select difference from studyDate_ref where SysPatientID = ? : 2013030701202100004","user":"sk@c.com","timestamp":"12-07-2021 21:35:11"},
{"event":"select difference from studyDate_ref where SysPatientID = ? : 2013030701202100005","user":"sk@c.com","timestamp":"12-07-2021 21:35:11"},
{"event":"select difference from studyDate_ref where SysPatientID = ? : 2013030701202100005","user":"sk@c.com","timestamp":"12-07-2021 21:35:11"},
{"event":"select difference from studyDate_ref where SysPatientID = ? : 2013030701202100005","user":"sk@c.com","timestamp":"12-07-2021 21:35:11"},
{"event":"select difference from studyDate_ref where SysPatientID = ? : 2013030701202100005","user":"sk@c.com","timestamp":"12-07-2021 21:35:11"},
{"event":"select difference from studyDate_ref where SysPatientID = ? : 2013030701202100005","user":"sk@c.com","timestamp":"12-07-2021 21:35:11"},
{"event":"select difference from studyDate_ref where SysPatientID = ? : 2013030701202100006","user":"sk@c.com","timestamp":"12-07-2021 21:35:11"},
{"event":"select difference from studyDate_ref where SysPatientID = ? : 2013030701202100006","user":"sk@c.com","timestamp":"12-07-2021 21:35:11"},
{"event":"select difference from studyDate_ref where SysPatientID = ? : 2013030701202100006","user":"sk@c.com","timestamp":"12-07-2021 21:35:11"},
{"event":"select difference from studyDate_ref where SysPatientID = ? : 2013030701202100006","user":"sk@c.com","timestamp":"12-07-2021 21:35:11"},
{"event":"select difference from studyDate_ref where SysPatientID = ? : 2013030701202100006","user":"sk@c.com","timestamp":"12-07-2021 21:35:11"},
{"event":"select difference from studyDate_ref where SysPatientID = ? : 2013030701202100006","user":"sk@c.com","timestamp":"12-07-2021 21:35:11"},
{"event":"select difference from studyDate_ref where SysPatientID = ? : 2013030701202100006","user":"sk@c.com","timestamp":"12-07-2021 21:35:11"},
{"event":"select difference from studyDate_ref where SysPatientID = ? : 2013030507202100000","user":"sk@c.com","timestamp":"12-07-2021 21:35:11"},
{"event":"select difference from studyDate_ref where SysPatientID = ? : 2013030507202100000","user":"sk@c.com","timestamp":"12-07-2021 21:35:11"},
{"event":"select difference from studyDate_ref where SysPatientID = ? : 2013030507202100000","user":"sk@c.com","timestamp":"12-07-2021 21:35:11"},
{"event":"select difference from studyDate_ref where SysPatientID = ? : 2013030507202100000","user":"sk@c.com","timestamp":"12-07-2021 21:35:11"},
{"event":"select difference from studyDate_ref where SysPatientID = ? : 2013030507202100000","user":"sk@c.com","timestamp":"12-07-2021 21:35:11"},
{"event":"select difference from studyDate_ref where SysPatientID = ? : 2013030507202100000","user":"sk@c.com","timestamp":"12-07-2021 21:35:11"},
{"event":"select difference from studyDate_ref where SysPatientID = ? : 2013030507202100001","user":"sk@c.com","timestamp":"12-07-2021 21:35:12"},
{"event":"select difference from studyDate_ref where SysPatientID = ? : 2013030507202100001","user":"sk@c.com","timestamp":"12-07-2021 21:35:12"},
{"event":"select difference from studyDate_ref where SysPatientID = ? : 2013030507202100001","user":"sk@c.com","timestamp":"12-07-2021 21:35:12"},
{"event":"select difference from studyDate_ref where SysPatientID = ? : 2013030507202100001","user":"sk@c.com","timestamp":"12-07-2021 21:35:12"},
{"event":"select difference from studyDate_ref where SysPatientID = ? : 2013030507202100001","user":"sk@c.com","timestamp":"12-07-2021 21:35:12"},
{"event":"select difference from studyDate_ref where SysPatientID = ? : 2013030507202100001","user":"sk@c.com","timestamp":"12-07-2021 21:35:12"},
{"event":"select difference from studyDate_ref where SysPatientID = ? : 2013030507202100001","user":"sk@c.com","timestamp":"12-07-2021 21:35:12"},
{"event":"select difference from studyDate_ref where SysPatientID = ? : 2013030701202100007","user":"sk@c.com","timestamp":"12-07-2021 21:35:12"},
{"event":"select difference from studyDate_ref where SysPatientID = ? : 2013030701202100007","user":"sk@c.com","timestamp":"12-07-2021 21:35:12"},
{"event":"select difference from studyDate_ref where SysPatientID = ? : 2013030701202100007","user":"sk@c.com","timestamp":"12-07-2021 21:35:12"},
{"event":"select difference from studyDate_ref where SysPatientID = ? : 2013030701202100007","user":"sk@c.com","timestamp":"12-07-2021 21:35:12"},
{"event":"select difference from studyDate_ref where SysPatientID = ? : 2013030701202100007","user":"sk@c.com","timestamp":"12-07-2021 21:35:12"},
{"event":"select difference from studyDate_ref where SysPatientID = ? : 2013030701202100007","user":"sk@c.com","timestamp":"12-07-2021 21:35:12"},
{"event":"select difference from studyDate_ref where SysPatientID = ? : 2013030701202100001","user":"sk@c.com","timestamp":"12-07-2021 21:35:12"},
{"event":"select difference from studyDate_ref where SysPatientID = ? : 2013030701202100001","user":"sk@c.com","timestamp":"12-07-2021 21:35:12"},
{"event":"select difference from studyDate_ref where SysPatientID = ? : 2013030701202100001","user":"sk@c.com","timestamp":"12-07-2021 21:35:12"},
{"event":"select difference from studyDate_ref where SysPatientID = ? : 2013030701202100001","user":"sk@c.com","timestamp":"12-07-2021 21:35:12"},
{"event":"select difference from studyDate_ref where SysPatientID = ? : 2013030701202100001","user":"sk@c.com","timestamp":"12-07-2021 21:35:12"},
{"event":"select difference from studyDate_ref where SysPatientID = ? : 2013030701202100001","user":"sk@c.com","timestamp":"12-07-2021 21:35:12"},
{"event":"select difference from studyDate_ref where SysPatientID = ? : 2013030701202100001","user":"sk@c.com","timestamp":"12-07-2021 21:35:12"},
{"event":"select difference from studyDate_ref where SysPatientID = ? : 2013030701202100008","user":"sk@c.com","timestamp":"12-07-2021 21:35:12"},
{"event":"select difference from studyDate_ref where SysPatientID = ? : 2013030701202100008","user":"sk@c.com","timestamp":"12-07-2021 21:35:12"},
{"event":"select difference from studyDate_ref where SysPatientID = ? : 2013030701202100008","user":"sk@c.com","timestamp":"12-07-2021 21:35:12"},
{"event":"select difference from studyDate_ref where SysPatientID = ? : 2013030701202100008","user":"sk@c.com","timestamp":"12-07-2021 21:35:12"},
{"event":"select difference from studyDate_ref where SysPatientID = ? : 2013030701202100008","user":"sk@c.com","timestamp":"12-07-2021 21:35:12"},
{"event":"select difference from studyDate_ref where SysPatientID = ? : 2013030701202100008","user":"sk@c.com","timestamp":"12-07-2021 21:35:12"},
{"event":"select difference from studyDate_ref where SysPatientID = ? : 2013030701202100009","user":"sk@c.com","timestamp":"12-07-2021 21:35:12"},
{"event":"select difference from studyDate_ref where SysPatientID = ? : 2013030701202100009","user":"sk@c.com","timestamp":"12-07-2021 21:35:12"},
{"event":"select difference from studyDate_ref where SysPatientID = ? : 2013030701202100009","user":"sk@c.com","timestamp":"12-07-2021 21:35:12"},
{"event":"select difference from studyDate_ref where SysPatientID = ? : 2013030701202100009","user":"sk@c.com","timestamp":"12-07-2021 21:35:12"},
{"event":"select difference from studyDate_ref where SysPatientID = ? : 2013030701202100009","user":"sk@c.com","timestamp":"12-07-2021 21:35:12"},
{"event":"select difference from studyDate_ref where SysPatientID = ? : 2013030701202100009","user":"sk@c.com","timestamp":"12-07-2021 21:35:12"},
{"event":"select difference from studyDate_ref where SysPatientID = ? : 2013030701202100010","user":"sk@c.com","timestamp":"12-07-2021 21:35:12"},
{"event":"select difference from studyDate_ref where SysPatientID = ? : 2013030701202100010","user":"sk@c.com","timestamp":"12-07-2021 21:35:12"},
{"event":"select difference from studyDate_ref where SysPatientID = ? : 2013030701202100010","user":"sk@c.com","timestamp":"12-07-2021 21:35:12"},
{"event":"select difference from studyDate_ref where SysPatientID = ? : 2013030701202100010","user":"sk@c.com","timestamp":"12-07-2021 21:35:12"},
{"event":"select difference from studyDate_ref where SysPatientID = ? : 2013030701202100010","user":"sk@c.com","timestamp":"12-07-2021 21:35:12"},
{"event":"select difference from studyDate_ref where SysPatientID = ? : 2013030701202100010","user":"sk@c.com","timestamp":"12-07-2021 21:35:12"},
{"event":"select difference from studyDate_ref where SysPatientID = ? : 2013030507202100002","user":"sk@c.com","timestamp":"12-07-2021 21:35:12"},
{"event":"select difference from studyDate_ref where SysPatientID = ? : 2013030507202100002","user":"sk@c.com","timestamp":"12-07-2021 21:35:12"},
{"event":"select difference from studyDate_ref where SysPatientID = ? : 2013030507202100002","user":"sk@c.com","timestamp":"12-07-2021 21:35:12"},
{"event":"select difference from studyDate_ref where SysPatientID = ? : 2013030507202100002","user":"sk@c.com","timestamp":"12-07-2021 21:35:12"},
{"event":"select difference from studyDate_ref where SysPatientID = ? : 2013030507202100002","user":"sk@c.com","timestamp":"12-07-2021 21:35:12"},
{"event":"select difference from studyDate_ref where SysPatientID = ? : 2013030507202100002","user":"sk@c.com","timestamp":"12-07-2021 21:35:12"},
{"event":"select difference from studyDate_ref where SysPatientID = ? : 2013030801202100000","user":"sk@c.com","timestamp":"12-07-2021 21:35:12"},
{"event":"select difference from studyDate_ref where SysPatientID = ? : 2013030801202100000","user":"sk@c.com","timestamp":"12-07-2021 21:35:12"},
{"event":"select difference from studyDate_ref where SysPatientID = ? : 2013030801202100000","user":"sk@c.com","timestamp":"12-07-2021 21:35:12"},
{"event":"select difference from studyDate_ref where SysPatientID = ? : 2013030801202100000","user":"sk@c.com","timestamp":"12-07-2021 21:35:12"},
{"event":"select difference from studyDate_ref where SysPatientID = ? : 2013030801202100000","user":"sk@c.com","timestamp":"12-07-2021 21:35:12"},
{"event":"select difference from studyDate_ref where SysPatientID = ? : 2013030801202100000","user":"sk@c.com","timestamp":"12-07-2021 21:35:12"},
{"event":"select difference from studyDate_ref where SysPatientID = ? : 2013030801202100000","user":"sk@c.com","timestamp":"12-07-2021 21:35:12"},
{"event":"select difference from studyDate_ref where SysPatientID = ? : 2013030507202100003","user":"sk@c.com","timestamp":"12-07-2021 21:35:12"},
{"event":"select difference from studyDate_ref where SysPatientID = ? : 2013030507202100003","user":"sk@c.com","timestamp":"12-07-2021 21:35:12"},
{"event":"select difference from studyDate_ref where SysPatientID = ? : 2013030507202100003","user":"sk@c.com","timestamp":"12-07-2021 21:35:12"},
{"event":"select difference from studyDate_ref where SysPatientID = ? : 2013030507202100003","user":"sk@c.com","timestamp":"12-07-2021 21:35:12"},
{"event":"select difference from studyDate_ref where SysPatientID = ? : 2013030507202100003","user":"sk@c.com","timestamp":"12-07-2021 21:35:12"},
{"event":"select difference from studyDate_ref where SysPatientID = ? : 2013030507202100003","user":"sk@c.com","timestamp":"12-07-2021 21:35:12"},
{"event":"select difference from studyDate_ref where SysPatientID = ? : 2013030801202100001","user":"sk@c.com","timestamp":"12-07-2021 21:35:12"},
{"event":"select difference from studyDate_ref where SysPatientID = ? : 2013030801202100001","user":"sk@c.com","timestamp":"12-07-2021 21:35:13"},
{"event":"select difference from studyDate_ref where SysPatientID = ? : 2013030801202100001","user":"sk@c.com","timestamp":"12-07-2021 21:35:13"},
{"event":"select difference from studyDate_ref where SysPatientID = ? : 2013030801202100001","user":"sk@c.com","timestamp":"12-07-2021 21:35:13"},
{"event":"select difference from studyDate_ref where SysPatientID = ? : 2013030801202100001","user":"sk@c.com","timestamp":"12-07-2021 21:35:13"},
{"event":"select difference from studyDate_ref where SysPatientID = ? : 2013030801202100001","user":"sk@c.com","timestamp":"12-07-2021 21:35:13"},
{"event":"select difference from studyDate_ref where SysPatientID = ? : 2013030801202100001","user":"sk@c.com","timestamp":"12-07-2021 21:35:13"},
{"event":"select difference from studyDate_ref where SysPatientID = ? : 2013030801202100002","user":"sk@c.com","timestamp":"12-07-2021 21:35:13"},
{"event":"select difference from studyDate_ref where SysPatientID = ? : 2013030801202100002","user":"sk@c.com","timestamp":"12-07-2021 21:35:13"},
{"event":"select difference from studyDate_ref where SysPatientID = ? : 2013030801202100002","user":"sk@c.com","timestamp":"12-07-2021 21:35:13"},
{"event":"select difference from studyDate_ref where SysPatientID = ? : 2013030801202100002","user":"sk@c.com","timestamp":"12-07-2021 21:35:13"},
{"event":"select difference from studyDate_ref where SysPatientID = ? : 2013030801202100002","user":"sk@c.com","timestamp":"12-07-2021 21:35:13"},
{"event":"select difference from studyDate_ref where SysPatientID = ? : 2013030801202100002","user":"sk@c.com","timestamp":"12-07-2021 21:35:13"},
{"event":"select difference from studyDate_ref where SysPatientID = ? : 2013030801202100003","user":"sk@c.com","timestamp":"12-07-2021 21:35:13"},
{"event":"select difference from studyDate_ref where SysPatientID = ? : 2013030801202100003","user":"sk@c.com","timestamp":"12-07-2021 21:35:13"},
{"event":"select difference from studyDate_ref where SysPatientID = ? : 2013030801202100003","user":"sk@c.com","timestamp":"12-07-2021 21:35:13"},
{"event":"select difference from studyDate_ref where SysPatientID = ? : 2013030801202100003","user":"sk@c.com","timestamp":"12-07-2021 21:35:13"},
{"event":"select difference from studyDate_ref where SysPatientID = ? : 2013030801202100003","user":"sk@c.com","timestamp":"12-07-2021 21:35:13"},
{"event":"select difference from studyDate_ref where SysPatientID = ? : 2013030801202100003","user":"sk@c.com","timestamp":"12-07-2021 21:35:13"},
{"event":"select difference from studyDate_ref where SysPatientID = ? : 2013030801202100003","user":"sk@c.com","timestamp":"12-07-2021 21:35:13"},
{"event":"select difference from studyDate_ref where SysPatientID = ? : 2013030801202100004","user":"sk@c.com","timestamp":"12-07-2021 21:35:13"},
{"event":"select difference from studyDate_ref where SysPatientID = ? : 2013030801202100004","user":"sk@c.com","timestamp":"12-07-2021 21:35:13"},
{"event":"select difference from studyDate_ref where SysPatientID = ? : 2013030801202100004","user":"sk@c.com","timestamp":"12-07-2021 21:35:13"},
{"event":"select difference from studyDate_ref where SysPatientID = ? : 2013030801202100004","user":"sk@c.com","timestamp":"12-07-2021 21:35:13"},
{"event":"select difference from studyDate_ref where SysPatientID = ? : 2013030801202100004","user":"sk@c.com","timestamp":"12-07-2021 21:35:13"},
{"event":"select difference from studyDate_ref where SysPatientID = ? : 2013030707202100003","user":"sk@c.com","timestamp":"12-07-2021 21:35:13"},
{"event":"select difference from studyDate_ref where SysPatientID = ? : 2013030707202100003","user":"sk@c.com","timestamp":"12-07-2021 21:35:13"},
{"event":"select difference from studyDate_ref where SysPatientID = ? : 2013030707202100003","user":"sk@c.com","timestamp":"12-07-2021 21:35:13"},
{"event":"select difference from studyDate_ref where SysPatientID = ? : 2013030707202100003","user":"sk@c.com","timestamp":"12-07-2021 21:35:13"},
{"event":"select difference from studyDate_ref where SysPatientID = ? : 2013030707202100003","user":"sk@c.com","timestamp":"12-07-2021 21:35:13"},
{"event":"select difference from studyDate_ref where SysPatientID = ? : 2013030801202100005","user":"sk@c.com","timestamp":"12-07-2021 21:35:13"},
{"event":"select difference from studyDate_ref where SysPatientID = ? : 2013030801202100005","user":"sk@c.com","timestamp":"12-07-2021 21:35:13"},
{"event":"select difference from studyDate_ref where SysPatientID = ? : 2013030801202100005","user":"sk@c.com","timestamp":"12-07-2021 21:35:13"},
{"event":"select difference from studyDate_ref where SysPatientID = ? : 2013030801202100005","user":"sk@c.com","timestamp":"12-07-2021 21:35:13"},
{"event":"select difference from studyDate_ref where SysPatientID = ? : 2013030801202100005","user":"sk@c.com","timestamp":"12-07-2021 21:35:13"},
{"event":"select difference from studyDate_ref where SysPatientID = ? : 2013030801202100006","user":"sk@c.com","timestamp":"12-07-2021 21:35:13"},
{"event":"select difference from studyDate_ref where SysPatientID = ? : 2013030801202100006","user":"sk@c.com","timestamp":"12-07-2021 21:35:13"},
{"event":"select difference from studyDate_ref where SysPatientID = ? : 2013030801202100006","user":"sk@c.com","timestamp":"12-07-2021 21:35:13"},
{"event":"select difference from studyDate_ref where SysPatientID = ? : 2013030801202100006","user":"sk@c.com","timestamp":"12-07-2021 21:35:13"},
{"event":"select difference from studyDate_ref where SysPatientID = ? : 2013030801202100006","user":"sk@c.com","timestamp":"12-07-2021 21:35:13"},
{"event":"select difference from studyDate_ref where SysPatientID = ? : 2013030801202100007","user":"sk@c.com","timestamp":"12-07-2021 21:35:13"},
{"event":"select difference from studyDate_ref where SysPatientID = ? : 2013030801202100007","user":"sk@c.com","timestamp":"12-07-2021 21:35:13"},
{"event":"select difference from studyDate_ref where SysPatientID = ? : 2013030801202100007","user":"sk@c.com","timestamp":"12-07-2021 21:35:13"},
{"event":"select difference from studyDate_ref where SysPatientID = ? : 2013030801202100007","user":"sk@c.com","timestamp":"12-07-2021 21:35:13"},
{"event":"select difference from studyDate_ref where SysPatientID = ? : 2013030707202100000","user":"sk@c.com","timestamp":"12-07-2021 21:35:13"},
{"event":"select difference from studyDate_ref where SysPatientID = ? : 2013030707202100000","user":"sk@c.com","timestamp":"12-07-2021 21:35:13"},
{"event":"select difference from studyDate_ref where SysPatientID = ? : 2013030707202100000","user":"sk@c.com","timestamp":"12-07-2021 21:35:13"},
{"event":"select difference from studyDate_ref where SysPatientID = ? : 2013030707202100000","user":"sk@c.com","timestamp":"12-07-2021 21:35:13"},
{"event":"select difference from studyDate_ref where SysPatientID = ? : 2013030707202100000","user":"sk@c.com","timestamp":"12-07-2021 21:35:13"},
{"event":"select DCMPatientID, SysPatientID from patientid_map","user":"sk@c.com","timestamp":"12-07-2021 21:37:03"},
{"event":"SELECT tablename,chaviattribute,csvattribute from csvjsonattributemap where projectid=? and chaviattribute != ?","user":"sk@c.com","timestamp":"12-07-2021 21:37:03"},
{"event":"select symbol,moleculetype,moleculename from moleculescatalog limit 0,3000","user":"sk@c.com","timestamp":"12-07-2021 21:37:03"},
{"event":"select csvattribute from csvjsonattributemap where projectid=? and chaviattribute=?","user":"sk@c.com","timestamp":"12-07-2021 21:37:03"},
{"event":"select difference from studyDate_ref where SysPatientID = ? : 20130311121803202000000","user":"sk@c.com","timestamp":"12-07-2021 21:37:03"},
{"event":"select difference from studyDate_ref where SysPatientID = ? : 20130311121803202000000","user":"sk@c.com","timestamp":"12-07-2021 21:37:03"},
{"event":"select difference from studyDate_ref where SysPatientID = ? : 20130311121803202000000","user":"sk@c.com","timestamp":"12-07-2021 21:37:03"},
{"event":"select difference from studyDate_ref where SysPatientID = ? : 20130311121803202000000","user":"sk@c.com","timestamp":"12-07-2021 21:37:03"},
{"event":"select difference from studyDate_ref where SysPatientID = ? : 20130311121803202000001","user":"sk@c.com","timestamp":"12-07-2021 21:37:03"},
{"event":"select difference from studyDate_ref where SysPatientID = ? : 2013030701202100002","user":"sk@c.com","timestamp":"12-07-2021 21:37:03"},
{"event":"select difference from studyDate_ref where SysPatientID = ? : 2013030701202100002","user":"sk@c.com","timestamp":"12-07-2021 21:37:03"},
{"event":"select difference from studyDate_ref where SysPatientID = ? : 2013030701202100002","user":"sk@c.com","timestamp":"12-07-2021 21:37:03"},
{"event":"select difference from studyDate_ref where SysPatientID = ? : 2013030701202100002","user":"sk@c.com","timestamp":"12-07-2021 21:37:03"},
{"event":"select difference from studyDate_ref where SysPatientID = ? : 2013030701202100002","user":"sk@c.com","timestamp":"12-07-2021 21:37:03"},
{"event":"select difference from studyDate_ref where SysPatientID = ? : 2013030701202100002","user":"sk@c.com","timestamp":"12-07-2021 21:37:03"},
{"event":"select difference from studyDate_ref where SysPatientID = ? : 2013030701202100002","user":"sk@c.com","timestamp":"12-07-2021 21:37:03"},
{"event":"select difference from studyDate_ref where SysPatientID = ? : 2013030701202100003","user":"sk@c.com","timestamp":"12-07-2021 21:37:03"},
{"event":"select difference from studyDate_ref where SysPatientID = ? : 2013030701202100003","user":"sk@c.com","timestamp":"12-07-2021 21:37:03"},
{"event":"select difference from studyDate_ref where SysPatientID = ? : 2013030701202100003","user":"sk@c.com","timestamp":"12-07-2021 21:37:03"},
{"event":"select difference from studyDate_ref where SysPatientID = ? : 2013030701202100003","user":"sk@c.com","timestamp":"12-07-2021 21:37:03"},
{"event":"select difference from studyDate_ref where SysPatientID = ? : 2013030701202100003","user":"sk@c.com","timestamp":"12-07-2021 21:37:03"},
{"event":"select difference from studyDate_ref where SysPatientID = ? : 2013030701202100003","user":"sk@c.com","timestamp":"12-07-2021 21:37:04"},
{"event":"select difference from studyDate_ref where SysPatientID = ? : 2013030701202100003","user":"sk@c.com","timestamp":"12-07-2021 21:37:04"},
{"event":"select difference from studyDate_ref where SysPatientID = ? : 2013030701202100004","user":"sk@c.com","timestamp":"12-07-2021 21:37:04"},
{"event":"select difference from studyDate_ref where SysPatientID = ? : 2013030701202100004","user":"sk@c.com","timestamp":"12-07-2021 21:37:04"},
{"event":"select difference from studyDate_ref where SysPatientID = ? : 2013030701202100004","user":"sk@c.com","timestamp":"12-07-2021 21:37:04"},
{"event":"select difference from studyDate_ref where SysPatientID = ? : 2013030701202100004","user":"sk@c.com","timestamp":"12-07-2021 21:37:04"},
{"event":"select difference from studyDate_ref where SysPatientID = ? : 2013030701202100004","user":"sk@c.com","timestamp":"12-07-2021 21:37:04"},
{"event":"select difference from studyDate_ref where SysPatientID = ? : 2013030701202100004","user":"sk@c.com","timestamp":"12-07-2021 21:37:04"},
{"event":"select difference from studyDate_ref where SysPatientID = ? : 2013030701202100005","user":"sk@c.com","timestamp":"12-07-2021 21:37:04"},
{"event":"select difference from studyDate_ref where SysPatientID = ? : 2013030701202100005","user":"sk@c.com","timestamp":"12-07-2021 21:37:04"},
{"event":"select difference from studyDate_ref where SysPatientID = ? : 2013030701202100005","user":"sk@c.com","timestamp":"12-07-2021 21:37:04"},
{"event":"select difference from studyDate_ref where SysPatientID = ? : 2013030701202100005","user":"sk@c.com","timestamp":"12-07-2021 21:37:04"},
{"event":"select difference from studyDate_ref where SysPatientID = ? : 2013030701202100005","user":"sk@c.com","timestamp":"12-07-2021 21:37:04"},
{"event":"select difference from studyDate_ref where SysPatientID = ? : 2013030701202100006","user":"sk@c.com","timestamp":"12-07-2021 21:37:04"},
{"event":"select difference from studyDate_ref where SysPatientID = ? : 2013030701202100006","user":"sk@c.com","timestamp":"12-07-2021 21:37:04"},
{"event":"select difference from studyDate_ref where SysPatientID = ? : 2013030701202100006","user":"sk@c.com","timestamp":"12-07-2021 21:37:04"},
{"event":"select difference from studyDate_ref where SysPatientID = ? : 2013030701202100006","user":"sk@c.com","timestamp":"12-07-2021 21:37:04"},
{"event":"select difference from studyDate_ref where SysPatientID = ? : 2013030701202100006","user":"sk@c.com","timestamp":"12-07-2021 21:37:04"},
{"event":"select difference from studyDate_ref where SysPatientID = ? : 2013030701202100006","user":"sk@c.com","timestamp":"12-07-2021 21:37:04"},
{"event":"select difference from studyDate_ref where SysPatientID = ? : 2013030701202100006","user":"sk@c.com","timestamp":"12-07-2021 21:37:04"},
{"event":"select difference from studyDate_ref where SysPatientID = ? : 2013030507202100000","user":"sk@c.com","timestamp":"12-07-2021 21:37:04"},
{"event":"select difference from studyDate_ref where SysPatientID = ? : 2013030507202100000","user":"sk@c.com","timestamp":"12-07-2021 21:37:04"},
{"event":"select difference from studyDate_ref where SysPatientID = ? : 2013030507202100000","user":"sk@c.com","timestamp":"12-07-2021 21:37:04"},
{"event":"select difference from studyDate_ref where SysPatientID = ? : 2013030507202100000","user":"sk@c.com","timestamp":"12-07-2021 21:37:04"},
{"event":"select difference from studyDate_ref where SysPatientID = ? : 2013030507202100000","user":"sk@c.com","timestamp":"12-07-2021 21:37:04"},
{"event":"select difference from studyDate_ref where SysPatientID = ? : 2013030507202100000","user":"sk@c.com","timestamp":"12-07-2021 21:37:04"},
{"event":"select difference from studyDate_ref where SysPatientID = ? : 2013030507202100001","user":"sk@c.com","timestamp":"12-07-2021 21:37:04"},
{"event":"select difference from studyDate_ref where SysPatientID = ? : 2013030507202100001","user":"sk@c.com","timestamp":"12-07-2021 21:37:04"},
{"event":"select difference from studyDate_ref where SysPatientID = ? : 2013030507202100001","user":"sk@c.com","timestamp":"12-07-2021 21:37:04"},
{"event":"select difference from studyDate_ref where SysPatientID = ? : 2013030507202100001","user":"sk@c.com","timestamp":"12-07-2021 21:37:04"},
{"event":"select difference from studyDate_ref where SysPatientID = ? : 2013030507202100001","user":"sk@c.com","timestamp":"12-07-2021 21:37:04"},
{"event":"select difference from studyDate_ref where SysPatientID = ? : 2013030507202100001","user":"sk@c.com","timestamp":"12-07-2021 21:37:04"},
{"event":"select difference from studyDate_ref where SysPatientID = ? : 2013030507202100001","user":"sk@c.com","timestamp":"12-07-2021 21:37:04"},
{"event":"select difference from studyDate_ref where SysPatientID = ? : 2013030701202100007","user":"sk@c.com","timestamp":"12-07-2021 21:37:04"},
{"event":"select difference from studyDate_ref where SysPatientID = ? : 2013030701202100007","user":"sk@c.com","timestamp":"12-07-2021 21:37:04"},
{"event":"select difference from studyDate_ref where SysPatientID = ? : 2013030701202100007","user":"sk@c.com","timestamp":"12-07-2021 21:37:04"},
{"event":"select difference from studyDate_ref where SysPatientID = ? : 2013030701202100007","user":"sk@c.com","timestamp":"12-07-2021 21:37:04"},
{"event":"select difference from studyDate_ref where SysPatientID = ? : 2013030701202100007","user":"sk@c.com","timestamp":"12-07-2021 21:37:04"},
{"event":"select difference from studyDate_ref where SysPatientID = ? : 2013030701202100007","user":"sk@c.com","timestamp":"12-07-2021 21:37:04"},
{"event":"select difference from studyDate_ref where SysPatientID = ? : 2013030701202100001","user":"sk@c.com","timestamp":"12-07-2021 21:37:04"},
{"event":"select difference from studyDate_ref where SysPatientID = ? : 2013030701202100001","user":"sk@c.com","timestamp":"12-07-2021 21:37:04"},
{"event":"select difference from studyDate_ref where SysPatientID = ? : 2013030701202100001","user":"sk@c.com","timestamp":"12-07-2021 21:37:04"},
{"event":"select difference from studyDate_ref where SysPatientID = ? : 2013030701202100001","user":"sk@c.com","timestamp":"12-07-2021 21:37:04"},
{"event":"select difference from studyDate_ref where SysPatientID = ? : 2013030701202100001","user":"sk@c.com","timestamp":"12-07-2021 21:37:04"},
{"event":"select difference from studyDate_ref where SysPatientID = ? : 2013030701202100001","user":"sk@c.com","timestamp":"12-07-2021 21:37:04"},
{"event":"select difference from studyDate_ref where SysPatientID = ? : 2013030701202100001","user":"sk@c.com","timestamp":"12-07-2021 21:37:04"},
{"event":"select difference from studyDate_ref where SysPatientID = ? : 2013030701202100008","user":"sk@c.com","timestamp":"12-07-2021 21:37:04"},
{"event":"select difference from studyDate_ref where SysPatientID = ? : 2013030701202100008","user":"sk@c.com","timestamp":"12-07-2021 21:37:04"},
{"event":"select difference from studyDate_ref where SysPatientID = ? : 2013030701202100008","user":"sk@c.com","timestamp":"12-07-2021 21:37:04"},
{"event":"select difference from studyDate_ref where SysPatientID = ? : 2013030701202100008","user":"sk@c.com","timestamp":"12-07-2021 21:37:04"},
{"event":"select difference from studyDate_ref where SysPatientID = ? : 2013030701202100008","user":"sk@c.com","timestamp":"12-07-2021 21:37:04"},
{"event":"select difference from studyDate_ref where SysPatientID = ? : 2013030701202100008","user":"sk@c.com","timestamp":"12-07-2021 21:37:04"},
{"event":"select difference from studyDate_ref where SysPatientID = ? : 2013030701202100009","user":"sk@c.com","timestamp":"12-07-2021 21:37:04"},
{"event":"select difference from studyDate_ref where SysPatientID = ? : 2013030701202100009","user":"sk@c.com","timestamp":"12-07-2021 21:37:04"},
{"event":"select difference from studyDate_ref where SysPatientID = ? : 2013030701202100009","user":"sk@c.com","timestamp":"12-07-2021 21:37:04"},
{"event":"select difference from studyDate_ref where SysPatientID = ? : 2013030701202100009","user":"sk@c.com","timestamp":"12-07-2021 21:37:04"},
{"event":"select difference from studyDate_ref where SysPatientID = ? : 2013030701202100009","user":"sk@c.com","timestamp":"12-07-2021 21:37:04"},
{"event":"select difference from studyDate_ref where SysPatientID = ? : 2013030701202100009","user":"sk@c.com","timestamp":"12-07-2021 21:37:04"},
{"event":"select difference from studyDate_ref where SysPatientID = ? : 2013030701202100010","user":"sk@c.com","timestamp":"12-07-2021 21:37:04"},
{"event":"select difference from studyDate_ref where SysPatientID = ? : 2013030701202100010","user":"sk@c.com","timestamp":"12-07-2021 21:37:04"},
{"event":"select difference from studyDate_ref where SysPatientID = ? : 2013030701202100010","user":"sk@c.com","timestamp":"12-07-2021 21:37:04"},
{"event":"select difference from studyDate_ref where SysPatientID = ? : 2013030701202100010","user":"sk@c.com","timestamp":"12-07-2021 21:37:04"},
{"event":"select difference from studyDate_ref where SysPatientID = ? : 2013030701202100010","user":"sk@c.com","timestamp":"12-07-2021 21:37:04"},
{"event":"select difference from studyDate_ref where SysPatientID = ? : 2013030701202100010","user":"sk@c.com","timestamp":"12-07-2021 21:37:04"},
{"event":"select difference from studyDate_ref where SysPatientID = ? : 2013030507202100002","user":"sk@c.com","timestamp":"12-07-2021 21:37:05"},
{"event":"select difference from studyDate_ref where SysPatientID = ? : 2013030507202100002","user":"sk@c.com","timestamp":"12-07-2021 21:37:05"},
{"event":"select difference from studyDate_ref where SysPatientID = ? : 2013030507202100002","user":"sk@c.com","timestamp":"12-07-2021 21:37:05"},
{"event":"select difference from studyDate_ref where SysPatientID = ? : 2013030507202100002","user":"sk@c.com","timestamp":"12-07-2021 21:37:05"},
{"event":"select difference from studyDate_ref where SysPatientID = ? : 2013030507202100002","user":"sk@c.com","timestamp":"12-07-2021 21:37:05"},
{"event":"select difference from studyDate_ref where SysPatientID = ? : 2013030507202100002","user":"sk@c.com","timestamp":"12-07-2021 21:37:05"},
{"event":"select difference from studyDate_ref where SysPatientID = ? : 2013030801202100000","user":"sk@c.com","timestamp":"12-07-2021 21:37:05"},
{"event":"select difference from studyDate_ref where SysPatientID = ? : 2013030801202100000","user":"sk@c.com","timestamp":"12-07-2021 21:37:05"},
{"event":"select difference from studyDate_ref where SysPatientID = ? : 2013030801202100000","user":"sk@c.com","timestamp":"12-07-2021 21:37:05"},
{"event":"select difference from studyDate_ref where SysPatientID = ? : 2013030801202100000","user":"sk@c.com","timestamp":"12-07-2021 21:37:05"},
{"event":"select difference from studyDate_ref where SysPatientID = ? : 2013030801202100000","user":"sk@c.com","timestamp":"12-07-2021 21:37:05"},
{"event":"select difference from studyDate_ref where SysPatientID = ? : 2013030801202100000","user":"sk@c.com","timestamp":"12-07-2021 21:37:05"},
{"event":"select difference from studyDate_ref where SysPatientID = ? : 2013030801202100000","user":"sk@c.com","timestamp":"12-07-2021 21:37:05"},
{"event":"select difference from studyDate_ref where SysPatientID = ? : 2013030507202100003","user":"sk@c.com","timestamp":"12-07-2021 21:37:05"},
{"event":"select difference from studyDate_ref where SysPatientID = ? : 2013030507202100003","user":"sk@c.com","timestamp":"12-07-2021 21:37:05"},
{"event":"select difference from studyDate_ref where SysPatientID = ? : 2013030507202100003","user":"sk@c.com","timestamp":"12-07-2021 21:37:05"},
{"event":"select difference from studyDate_ref where SysPatientID = ? : 2013030507202100003","user":"sk@c.com","timestamp":"12-07-2021 21:37:05"},
{"event":"select difference from studyDate_ref where SysPatientID = ? : 2013030507202100003","user":"sk@c.com","timestamp":"12-07-2021 21:37:05"},
{"event":"select difference from studyDate_ref where SysPatientID = ? : 2013030507202100003","user":"sk@c.com","timestamp":"12-07-2021 21:37:05"},
{"event":"select difference from studyDate_ref where SysPatientID = ? : 2013030801202100001","user":"sk@c.com","timestamp":"12-07-2021 21:37:05"},
{"event":"select difference from studyDate_ref where SysPatientID = ? : 2013030801202100001","user":"sk@c.com","timestamp":"12-07-2021 21:37:05"},
{"event":"select difference from studyDate_ref where SysPatientID = ? : 2013030801202100001","user":"sk@c.com","timestamp":"12-07-2021 21:37:05"},
{"event":"select difference from studyDate_ref where SysPatientID = ? : 2013030801202100001","user":"sk@c.com","timestamp":"12-07-2021 21:37:05"},
{"event":"select difference from studyDate_ref where SysPatientID = ? : 2013030801202100001","user":"sk@c.com","timestamp":"12-07-2021 21:37:05"},
{"event":"select difference from studyDate_ref where SysPatientID = ? : 2013030801202100001","user":"sk@c.com","timestamp":"12-07-2021 21:37:05"},
{"event":"select difference from studyDate_ref where SysPatientID = ? : 2013030801202100001","user":"sk@c.com","timestamp":"12-07-2021 21:37:05"},
{"event":"select difference from studyDate_ref where SysPatientID = ? : 2013030801202100002","user":"sk@c.com","timestamp":"12-07-2021 21:37:05"},
{"event":"select difference from studyDate_ref where SysPatientID = ? : 2013030801202100002","user":"sk@c.com","timestamp":"12-07-2021 21:37:05"},
{"event":"select difference from studyDate_ref where SysPatientID = ? : 2013030801202100002","user":"sk@c.com","timestamp":"12-07-2021 21:37:05"},
{"event":"select difference from studyDate_ref where SysPatientID = ? : 2013030801202100002","user":"sk@c.com","timestamp":"12-07-2021 21:37:05"},
{"event":"select difference from studyDate_ref where SysPatientID = ? : 2013030801202100002","user":"sk@c.com","timestamp":"12-07-2021 21:37:05"},
{"event":"select difference from studyDate_ref where SysPatientID = ? : 2013030801202100002","user":"sk@c.com","timestamp":"12-07-2021 21:37:05"},
{"event":"select difference from studyDate_ref where SysPatientID = ? : 2013030801202100003","user":"sk@c.com","timestamp":"12-07-2021 21:37:05"},
{"event":"select difference from studyDate_ref where SysPatientID = ? : 2013030801202100003","user":"sk@c.com","timestamp":"12-07-2021 21:37:05"},
{"event":"select difference from studyDate_ref where SysPatientID = ? : 2013030801202100003","user":"sk@c.com","timestamp":"12-07-2021 21:37:05"},
{"event":"select difference from studyDate_ref where SysPatientID = ? : 2013030801202100003","user":"sk@c.com","timestamp":"12-07-2021 21:37:05"},
{"event":"select difference from studyDate_ref where SysPatientID = ? : 2013030801202100003","user":"sk@c.com","timestamp":"12-07-2021 21:37:05"},
{"event":"select difference from studyDate_ref where SysPatientID = ? : 2013030801202100003","user":"sk@c.com","timestamp":"12-07-2021 21:37:05"},
{"event":"select difference from studyDate_ref where SysPatientID = ? : 2013030801202100003","user":"sk@c.com","timestamp":"12-07-2021 21:37:05"},
{"event":"select difference from studyDate_ref where SysPatientID = ? : 2013030801202100004","user":"sk@c.com","timestamp":"12-07-2021 21:37:05"},
{"event":"select difference from studyDate_ref where SysPatientID = ? : 2013030801202100004","user":"sk@c.com","timestamp":"12-07-2021 21:37:05"},
{"event":"select difference from studyDate_ref where SysPatientID = ? : 2013030801202100004","user":"sk@c.com","timestamp":"12-07-2021 21:37:05"},
{"event":"select difference from studyDate_ref where SysPatientID = ? : 2013030801202100004","user":"sk@c.com","timestamp":"12-07-2021 21:37:05"},
{"event":"select difference from studyDate_ref where SysPatientID = ? : 2013030801202100004","user":"sk@c.com","timestamp":"12-07-2021 21:37:05"},
{"event":"select difference from studyDate_ref where SysPatientID = ? : 2013030707202100003","user":"sk@c.com","timestamp":"12-07-2021 21:37:05"},
{"event":"select difference from studyDate_ref where SysPatientID = ? : 2013030707202100003","user":"sk@c.com","timestamp":"12-07-2021 21:37:05"},
{"event":"select difference from studyDate_ref where SysPatientID = ? : 2013030707202100003","user":"sk@c.com","timestamp":"12-07-2021 21:37:05"},
{"event":"select difference from studyDate_ref where SysPatientID = ? : 2013030707202100003","user":"sk@c.com","timestamp":"12-07-2021 21:37:05"},
{"event":"select difference from studyDate_ref where SysPatientID = ? : 2013030707202100003","user":"sk@c.com","timestamp":"12-07-2021 21:37:05"},
{"event":"select difference from studyDate_ref where SysPatientID = ? : 2013030801202100005","user":"sk@c.com","timestamp":"12-07-2021 21:37:05"},
{"event":"select difference from studyDate_ref where SysPatientID = ? : 2013030801202100005","user":"sk@c.com","timestamp":"12-07-2021 21:37:05"},
{"event":"select difference from studyDate_ref where SysPatientID = ? : 2013030801202100005","user":"sk@c.com","timestamp":"12-07-2021 21:37:05"},
{"event":"select difference from studyDate_ref where SysPatientID = ? : 2013030801202100005","user":"sk@c.com","timestamp":"12-07-2021 21:37:05"},
{"event":"select difference from studyDate_ref where SysPatientID = ? : 2013030801202100005","user":"sk@c.com","timestamp":"12-07-2021 21:37:05"},
{"event":"select difference from studyDate_ref where SysPatientID = ? : 2013030801202100006","user":"sk@c.com","timestamp":"12-07-2021 21:37:05"},
{"event":"select difference from studyDate_ref where SysPatientID = ? : 2013030801202100006","user":"sk@c.com","timestamp":"12-07-2021 21:37:05"},
{"event":"select difference from studyDate_ref where SysPatientID = ? : 2013030801202100006","user":"sk@c.com","timestamp":"12-07-2021 21:37:05"},
{"event":"select difference from studyDate_ref where SysPatientID = ? : 2013030801202100006","user":"sk@c.com","timestamp":"12-07-2021 21:37:05"},
{"event":"select difference from studyDate_ref where SysPatientID = ? : 2013030801202100006","user":"sk@c.com","timestamp":"12-07-2021 21:37:05"},
{"event":"select difference from studyDate_ref where SysPatientID = ? : 2013030801202100007","user":"sk@c.com","timestamp":"12-07-2021 21:37:05"},
{"event":"select difference from studyDate_ref where SysPatientID = ? : 2013030801202100007","user":"sk@c.com","timestamp":"12-07-2021 21:37:05"},
{"event":"select difference from studyDate_ref where SysPatientID = ? : 2013030801202100007","user":"sk@c.com","timestamp":"12-07-2021 21:37:05"},
{"event":"select difference from studyDate_ref where SysPatientID = ? : 2013030801202100007","user":"sk@c.com","timestamp":"12-07-2021 21:37:05"},
{"event":"select difference from studyDate_ref where SysPatientID = ? : 2013030707202100000","user":"sk@c.com","timestamp":"12-07-2021 21:37:05"},
{"event":"select difference from studyDate_ref where SysPatientID = ? : 2013030707202100000","user":"sk@c.com","timestamp":"12-07-2021 21:37:05"},
{"event":"select difference from studyDate_ref where SysPatientID = ? : 2013030707202100000","user":"sk@c.com","timestamp":"12-07-2021 21:37:05"},
{"event":"select difference from studyDate_ref where SysPatientID = ? : 2013030707202100000","user":"sk@c.com","timestamp":"12-07-2021 21:37:05"},
{"event":"select difference from studyDate_ref where SysPatientID = ? : 2013030707202100000","user":"sk@c.com","timestamp":"12-07-2021 21:37:05"},
{"event":"select * from login where uid=? and pass=?","user":"sk@c.com","timestamp":"12-07-2021 21:39:17"},
{"event":"select * from project","user":"sk@c.com","timestamp":"12-07-2021 21:39:18"},
{"event":"select DCMPatientID, SysPatientID from patientid_map","user":"sk@c.com","timestamp":"12-07-2021 21:39:34"},
{"event":"SELECT tablename,chaviattribute,csvattribute from csvjsonattributemap where projectid=? and chaviattribute != ?","user":"sk@c.com","timestamp":"12-07-2021 21:39:34"},
{"event":"select symbol,moleculetype,moleculename from moleculescatalog limit 0,3000","user":"sk@c.com","timestamp":"12-07-2021 21:39:34"},
{"event":"select csvattribute from csvjsonattributemap where projectid=? and chaviattribute=?","user":"sk@c.com","timestamp":"12-07-2021 21:39:34"},
{"event":"select difference from studyDate_ref where SysPatientID = ? : 20130311121803202000000","user":"sk@c.com","timestamp":"12-07-2021 21:39:34"},
{"event":"select difference from studyDate_ref where SysPatientID = ? : 20130311121803202000000","user":"sk@c.com","timestamp":"12-07-2021 21:39:34"},
{"event":"select difference from studyDate_ref where SysPatientID = ? : 20130311121803202000000","user":"sk@c.com","timestamp":"12-07-2021 21:39:34"},
{"event":"select difference from studyDate_ref where SysPatientID = ? : 20130311121803202000000","user":"sk@c.com","timestamp":"12-07-2021 21:39:34"},
{"event":"select difference from studyDate_ref where SysPatientID = ? : 20130311121803202000001","user":"sk@c.com","timestamp":"12-07-2021 21:39:34"},
{"event":"select difference from studyDate_ref where SysPatientID = ? : 2013030701202100002","user":"sk@c.com","timestamp":"12-07-2021 21:39:34"},
{"event":"select difference from studyDate_ref where SysPatientID = ? : 2013030701202100002","user":"sk@c.com","timestamp":"12-07-2021 21:39:35"},
{"event":"select difference from studyDate_ref where SysPatientID = ? : 2013030701202100002","user":"sk@c.com","timestamp":"12-07-2021 21:39:35"},
{"event":"select difference from studyDate_ref where SysPatientID = ? : 2013030701202100002","user":"sk@c.com","timestamp":"12-07-2021 21:39:35"},
{"event":"select difference from studyDate_ref where SysPatientID = ? : 2013030701202100002","user":"sk@c.com","timestamp":"12-07-2021 21:39:35"},
{"event":"select difference from studyDate_ref where SysPatientID = ? : 2013030701202100002","user":"sk@c.com","timestamp":"12-07-2021 21:39:35"},
{"event":"select difference from studyDate_ref where SysPatientID = ? : 2013030701202100002","user":"sk@c.com","timestamp":"12-07-2021 21:39:35"},
{"event":"select difference from studyDate_ref where SysPatientID = ? : 2013030701202100003","user":"sk@c.com","timestamp":"12-07-2021 21:39:35"},
{"event":"select difference from studyDate_ref where SysPatientID = ? : 2013030701202100003","user":"sk@c.com","timestamp":"12-07-2021 21:39:35"},
{"event":"select difference from studyDate_ref where SysPatientID = ? : 2013030701202100003","user":"sk@c.com","timestamp":"12-07-2021 21:39:35"},
{"event":"select difference from studyDate_ref where SysPatientID = ? : 2013030701202100003","user":"sk@c.com","timestamp":"12-07-2021 21:39:35"},
{"event":"select difference from studyDate_ref where SysPatientID = ? : 2013030701202100003","user":"sk@c.com","timestamp":"12-07-2021 21:39:35"},
{"event":"select difference from studyDate_ref where SysPatientID = ? : 2013030701202100003","user":"sk@c.com","timestamp":"12-07-2021 21:39:35"},
{"event":"select difference from studyDate_ref where SysPatientID = ? : 2013030701202100003","user":"sk@c.com","timestamp":"12-07-2021 21:39:35"},
{"event":"select difference from studyDate_ref where SysPatientID = ? : 2013030701202100004","user":"sk@c.com","timestamp":"12-07-2021 21:39:35"},
{"event":"select difference from studyDate_ref where SysPatientID = ? : 2013030701202100004","user":"sk@c.com","timestamp":"12-07-2021 21:39:35"},
{"event":"select difference from studyDate_ref where SysPatientID = ? : 2013030701202100004","user":"sk@c.com","timestamp":"12-07-2021 21:39:35"},
{"event":"select difference from studyDate_ref where SysPatientID = ? : 2013030701202100004","user":"sk@c.com","timestamp":"12-07-2021 21:39:35"},
{"event":"select difference from studyDate_ref where SysPatientID = ? : 2013030701202100004","user":"sk@c.com","timestamp":"12-07-2021 21:39:35"},
{"event":"select difference from studyDate_ref where SysPatientID = ? : 2013030701202100004","user":"sk@c.com","timestamp":"12-07-2021 21:39:35"},
{"event":"select difference from studyDate_ref where SysPatientID = ? : 2013030701202100005","user":"sk@c.com","timestamp":"12-07-2021 21:39:35"},
{"event":"select difference from studyDate_ref where SysPatientID = ? : 2013030701202100005","user":"sk@c.com","timestamp":"12-07-2021 21:39:35"},
{"event":"select difference from studyDate_ref where SysPatientID = ? : 2013030701202100005","user":"sk@c.com","timestamp":"12-07-2021 21:39:35"},
{"event":"select difference from studyDate_ref where SysPatientID = ? : 2013030701202100005","user":"sk@c.com","timestamp":"12-07-2021 21:39:35"},
{"event":"select difference from studyDate_ref where SysPatientID = ? : 2013030701202100005","user":"sk@c.com","timestamp":"12-07-2021 21:39:35"},
{"event":"select difference from studyDate_ref where SysPatientID = ? : 2013030701202100006","user":"sk@c.com","timestamp":"12-07-2021 21:39:35"},
{"event":"select difference from studyDate_ref where SysPatientID = ? : 2013030701202100006","user":"sk@c.com","timestamp":"12-07-2021 21:39:35"},
{"event":"select difference from studyDate_ref where SysPatientID = ? : 2013030701202100006","user":"sk@c.com","timestamp":"12-07-2021 21:39:35"},
{"event":"select difference from studyDate_ref where SysPatientID = ? : 2013030701202100006","user":"sk@c.com","timestamp":"12-07-2021 21:39:35"},
{"event":"select difference from studyDate_ref where SysPatientID = ? : 2013030701202100006","user":"sk@c.com","timestamp":"12-07-2021 21:39:35"},
{"event":"select difference from studyDate_ref where SysPatientID = ? : 2013030701202100006","user":"sk@c.com","timestamp":"12-07-2021 21:39:35"},
{"event":"select difference from studyDate_ref where SysPatientID = ? : 2013030701202100006","user":"sk@c.com","timestamp":"12-07-2021 21:39:35"},
{"event":"select difference from studyDate_ref where SysPatientID = ? : 2013030507202100000","user":"sk@c.com","timestamp":"12-07-2021 21:39:35"},
{"event":"select difference from studyDate_ref where SysPatientID = ? : 2013030507202100000","user":"sk@c.com","timestamp":"12-07-2021 21:39:35"},
{"event":"select difference from studyDate_ref where SysPatientID = ? : 2013030507202100000","user":"sk@c.com","timestamp":"12-07-2021 21:39:35"},
{"event":"select difference from studyDate_ref where SysPatientID = ? : 2013030507202100000","user":"sk@c.com","timestamp":"12-07-2021 21:39:36"},
{"event":"select difference from studyDate_ref where SysPatientID = ? : 2013030507202100000","user":"sk@c.com","timestamp":"12-07-2021 21:39:36"},
{"event":"select difference from studyDate_ref where SysPatientID = ? : 2013030507202100000","user":"sk@c.com","timestamp":"12-07-2021 21:39:36"},
{"event":"select difference from studyDate_ref where SysPatientID = ? : 2013030507202100001","user":"sk@c.com","timestamp":"12-07-2021 21:39:36"},
{"event":"select difference from studyDate_ref where SysPatientID = ? : 2013030507202100001","user":"sk@c.com","timestamp":"12-07-2021 21:39:36"},
{"event":"select difference from studyDate_ref where SysPatientID = ? : 2013030507202100001","user":"sk@c.com","timestamp":"12-07-2021 21:39:36"},
{"event":"select difference from studyDate_ref where SysPatientID = ? : 2013030507202100001","user":"sk@c.com","timestamp":"12-07-2021 21:39:36"},
{"event":"select difference from studyDate_ref where SysPatientID = ? : 2013030507202100001","user":"sk@c.com","timestamp":"12-07-2021 21:39:36"},
{"event":"select difference from studyDate_ref where SysPatientID = ? : 2013030507202100001","user":"sk@c.com","timestamp":"12-07-2021 21:39:36"},
{"event":"select difference from studyDate_ref where SysPatientID = ? : 2013030507202100001","user":"sk@c.com","timestamp":"12-07-2021 21:39:36"},
{"event":"select difference from studyDate_ref where SysPatientID = ? : 2013030701202100007","user":"sk@c.com","timestamp":"12-07-2021 21:39:36"},
{"event":"select difference from studyDate_ref where SysPatientID = ? : 2013030701202100007","user":"sk@c.com","timestamp":"12-07-2021 21:39:36"},
{"event":"select difference from studyDate_ref where SysPatientID = ? : 2013030701202100007","user":"sk@c.com","timestamp":"12-07-2021 21:39:36"},
{"event":"select difference from studyDate_ref where SysPatientID = ? : 2013030701202100007","user":"sk@c.com","timestamp":"12-07-2021 21:39:36"},
{"event":"select difference from studyDate_ref where SysPatientID = ? : 2013030701202100007","user":"sk@c.com","timestamp":"12-07-2021 21:39:36"},
{"event":"select difference from studyDate_ref where SysPatientID = ? : 2013030701202100007","user":"sk@c.com","timestamp":"12-07-2021 21:39:36"},
{"event":"select difference from studyDate_ref where SysPatientID = ? : 2013030701202100001","user":"sk@c.com","timestamp":"12-07-2021 21:39:36"},
{"event":"select difference from studyDate_ref where SysPatientID = ? : 2013030701202100001","user":"sk@c.com","timestamp":"12-07-2021 21:39:36"},
{"event":"select difference from studyDate_ref where SysPatientID = ? : 2013030701202100001","user":"sk@c.com","timestamp":"12-07-2021 21:39:36"},
{"event":"select difference from studyDate_ref where SysPatientID = ? : 2013030701202100001","user":"sk@c.com","timestamp":"12-07-2021 21:39:36"},
{"event":"select difference from studyDate_ref where SysPatientID = ? : 2013030701202100001","user":"sk@c.com","timestamp":"12-07-2021 21:39:36"},
{"event":"select difference from studyDate_ref where SysPatientID = ? : 2013030701202100001","user":"sk@c.com","timestamp":"12-07-2021 21:39:36"},
{"event":"select difference from studyDate_ref where SysPatientID = ? : 2013030701202100001","user":"sk@c.com","timestamp":"12-07-2021 21:39:36"},
{"event":"select difference from studyDate_ref where SysPatientID = ? : 2013030701202100008","user":"sk@c.com","timestamp":"12-07-2021 21:39:36"},
{"event":"select difference from studyDate_ref where SysPatientID = ? : 2013030701202100008","user":"sk@c.com","timestamp":"12-07-2021 21:39:36"},
{"event":"select difference from studyDate_ref where SysPatientID = ? : 2013030701202100008","user":"sk@c.com","timestamp":"12-07-2021 21:39:36"},
{"event":"select difference from studyDate_ref where SysPatientID = ? : 2013030701202100008","user":"sk@c.com","timestamp":"12-07-2021 21:39:36"},
{"event":"select difference from studyDate_ref where SysPatientID = ? : 2013030701202100008","user":"sk@c.com","timestamp":"12-07-2021 21:39:36"},
{"event":"select difference from studyDate_ref where SysPatientID = ? : 2013030701202100008","user":"sk@c.com","timestamp":"12-07-2021 21:39:36"},
{"event":"select difference from studyDate_ref where SysPatientID = ? : 2013030701202100009","user":"sk@c.com","timestamp":"12-07-2021 21:39:36"},
{"event":"select difference from studyDate_ref where SysPatientID = ? : 2013030701202100009","user":"sk@c.com","timestamp":"12-07-2021 21:39:36"},
{"event":"select difference from studyDate_ref where SysPatientID = ? : 2013030701202100009","user":"sk@c.com","timestamp":"12-07-2021 21:39:36"},
{"event":"select difference from studyDate_ref where SysPatientID = ? : 2013030701202100009","user":"sk@c.com","timestamp":"12-07-2021 21:39:36"},
{"event":"select difference from studyDate_ref where SysPatientID = ? : 2013030701202100009","user":"sk@c.com","timestamp":"12-07-2021 21:39:36"},
{"event":"select difference from studyDate_ref where SysPatientID = ? : 2013030701202100009","user":"sk@c.com","timestamp":"12-07-2021 21:39:36"},
{"event":"select difference from studyDate_ref where SysPatientID = ? : 2013030701202100010","user":"sk@c.com","timestamp":"12-07-2021 21:39:36"},
{"event":"select difference from studyDate_ref where SysPatientID = ? : 2013030701202100010","user":"sk@c.com","timestamp":"12-07-2021 21:39:36"},
{"event":"select difference from studyDate_ref where SysPatientID = ? : 2013030701202100010","user":"sk@c.com","timestamp":"12-07-2021 21:39:36"},
{"event":"select difference from studyDate_ref where SysPatientID = ? : 2013030701202100010","user":"sk@c.com","timestamp":"12-07-2021 21:39:36"},
{"event":"select difference from studyDate_ref where SysPatientID = ? : 2013030701202100010","user":"sk@c.com","timestamp":"12-07-2021 21:39:36"},
{"event":"select difference from studyDate_ref where SysPatientID = ? : 2013030701202100010","user":"sk@c.com","timestamp":"12-07-2021 21:39:36"},
{"event":"select difference from studyDate_ref where SysPatientID = ? : 2013030507202100002","user":"sk@c.com","timestamp":"12-07-2021 21:39:36"},
{"event":"select difference from studyDate_ref where SysPatientID = ? : 2013030507202100002","user":"sk@c.com","timestamp":"12-07-2021 21:39:36"},
{"event":"select difference from studyDate_ref where SysPatientID = ? : 2013030507202100002","user":"sk@c.com","timestamp":"12-07-2021 21:39:36"},
{"event":"select difference from studyDate_ref where SysPatientID = ? : 2013030507202100002","user":"sk@c.com","timestamp":"12-07-2021 21:39:36"},
{"event":"select difference from studyDate_ref where SysPatientID = ? : 2013030507202100002","user":"sk@c.com","timestamp":"12-07-2021 21:39:36"},
{"event":"select difference from studyDate_ref where SysPatientID = ? : 2013030507202100002","user":"sk@c.com","timestamp":"12-07-2021 21:39:36"},
{"event":"select difference from studyDate_ref where SysPatientID = ? : 2013030801202100000","user":"sk@c.com","timestamp":"12-07-2021 21:39:36"},
{"event":"select difference from studyDate_ref where SysPatientID = ? : 2013030801202100000","user":"sk@c.com","timestamp":"12-07-2021 21:39:36"},
{"event":"select difference from studyDate_ref where SysPatientID = ? : 2013030801202100000","user":"sk@c.com","timestamp":"12-07-2021 21:39:36"},
{"event":"select difference from studyDate_ref where SysPatientID = ? : 2013030801202100000","user":"sk@c.com","timestamp":"12-07-2021 21:39:36"},
{"event":"select difference from studyDate_ref where SysPatientID = ? : 2013030801202100000","user":"sk@c.com","timestamp":"12-07-2021 21:39:37"},
{"event":"select difference from studyDate_ref where SysPatientID = ? : 2013030801202100000","user":"sk@c.com","timestamp":"12-07-2021 21:39:37"},
{"event":"select difference from studyDate_ref where SysPatientID = ? : 2013030801202100000","user":"sk@c.com","timestamp":"12-07-2021 21:39:37"},
{"event":"select difference from studyDate_ref where SysPatientID = ? : 2013030507202100003","user":"sk@c.com","timestamp":"12-07-2021 21:39:37"},
{"event":"select difference from studyDate_ref where SysPatientID = ? : 2013030507202100003","user":"sk@c.com","timestamp":"12-07-2021 21:39:37"},
{"event":"select difference from studyDate_ref where SysPatientID = ? : 2013030507202100003","user":"sk@c.com","timestamp":"12-07-2021 21:39:37"},
{"event":"select difference from studyDate_ref where SysPatientID = ? : 2013030507202100003","user":"sk@c.com","timestamp":"12-07-2021 21:39:37"},
{"event":"select difference from studyDate_ref where SysPatientID = ? : 2013030507202100003","user":"sk@c.com","timestamp":"12-07-2021 21:39:37"},
{"event":"select difference from studyDate_ref where SysPatientID = ? : 2013030507202100003","user":"sk@c.com","timestamp":"12-07-2021 21:39:37"},
{"event":"select difference from studyDate_ref where SysPatientID = ? : 2013030801202100001","user":"sk@c.com","timestamp":"12-07-2021 21:39:37"},
{"event":"select difference from studyDate_ref where SysPatientID = ? : 2013030801202100001","user":"sk@c.com","timestamp":"12-07-2021 21:39:37"},
{"event":"select difference from studyDate_ref where SysPatientID = ? : 2013030801202100001","user":"sk@c.com","timestamp":"12-07-2021 21:39:37"},
{"event":"select difference from studyDate_ref where SysPatientID = ? : 2013030801202100001","user":"sk@c.com","timestamp":"12-07-2021 21:39:37"},
{"event":"select difference from studyDate_ref where SysPatientID = ? : 2013030801202100001","user":"sk@c.com","timestamp":"12-07-2021 21:39:37"},
{"event":"select difference from studyDate_ref where SysPatientID = ? : 2013030801202100001","user":"sk@c.com","timestamp":"12-07-2021 21:39:37"},
{"event":"select difference from studyDate_ref where SysPatientID = ? : 2013030801202100001","user":"sk@c.com","timestamp":"12-07-2021 21:39:37"},
{"event":"select difference from studyDate_ref where SysPatientID = ? : 2013030801202100002","user":"sk@c.com","timestamp":"12-07-2021 21:39:37"},
{"event":"select difference from studyDate_ref where SysPatientID = ? : 2013030801202100002","user":"sk@c.com","timestamp":"12-07-2021 21:39:37"},
{"event":"select difference from studyDate_ref where SysPatientID = ? : 2013030801202100002","user":"sk@c.com","timestamp":"12-07-2021 21:39:37"},
{"event":"select difference from studyDate_ref where SysPatientID = ? : 2013030801202100002","user":"sk@c.com","timestamp":"12-07-2021 21:39:37"},
{"event":"select difference from studyDate_ref where SysPatientID = ? : 2013030801202100002","user":"sk@c.com","timestamp":"12-07-2021 21:39:37"},
{"event":"select difference from studyDate_ref where SysPatientID = ? : 2013030801202100002","user":"sk@c.com","timestamp":"12-07-2021 21:39:37"},
{"event":"select difference from studyDate_ref where SysPatientID = ? : 2013030801202100003","user":"sk@c.com","timestamp":"12-07-2021 21:39:37"},
{"event":"select difference from studyDate_ref where SysPatientID = ? : 2013030801202100003","user":"sk@c.com","timestamp":"12-07-2021 21:39:37"},
{"event":"select difference from studyDate_ref where SysPatientID = ? : 2013030801202100003","user":"sk@c.com","timestamp":"12-07-2021 21:39:37"},
{"event":"select difference from studyDate_ref where SysPatientID = ? : 2013030801202100003","user":"sk@c.com","timestamp":"12-07-2021 21:39:37"},
{"event":"select difference from studyDate_ref where SysPatientID = ? : 2013030801202100003","user":"sk@c.com","timestamp":"12-07-2021 21:39:37"},
{"event":"select difference from studyDate_ref where SysPatientID = ? : 2013030801202100003","user":"sk@c.com","timestamp":"12-07-2021 21:39:37"},
{"event":"select difference from studyDate_ref where SysPatientID = ? : 2013030801202100003","user":"sk@c.com","timestamp":"12-07-2021 21:39:37"},
{"event":"select difference from studyDate_ref where SysPatientID = ? : 2013030801202100004","user":"sk@c.com","timestamp":"12-07-2021 21:39:37"},
{"event":"select difference from studyDate_ref where SysPatientID = ? : 2013030801202100004","user":"sk@c.com","timestamp":"12-07-2021 21:39:37"},
{"event":"select difference from studyDate_ref where SysPatientID = ? : 2013030801202100004","user":"sk@c.com","timestamp":"12-07-2021 21:39:37"},
{"event":"select difference from studyDate_ref where SysPatientID = ? : 2013030801202100004","user":"sk@c.com","timestamp":"12-07-2021 21:39:37"},
{"event":"select difference from studyDate_ref where SysPatientID = ? : 2013030801202100004","user":"sk@c.com","timestamp":"12-07-2021 21:39:37"},
{"event":"select difference from studyDate_ref where SysPatientID = ? : 2013030707202100003","user":"sk@c.com","timestamp":"12-07-2021 21:39:37"},
{"event":"select difference from studyDate_ref where SysPatientID = ? : 2013030707202100003","user":"sk@c.com","timestamp":"12-07-2021 21:39:37"},
{"event":"select difference from studyDate_ref where SysPatientID = ? : 2013030707202100003","user":"sk@c.com","timestamp":"12-07-2021 21:39:37"},
{"event":"select difference from studyDate_ref where SysPatientID = ? : 2013030707202100003","user":"sk@c.com","timestamp":"12-07-2021 21:39:37"},
{"event":"select difference from studyDate_ref where SysPatientID = ? : 2013030707202100003","user":"sk@c.com","timestamp":"12-07-2021 21:39:37"},
{"event":"select difference from studyDate_ref where SysPatientID = ? : 2013030801202100005","user":"sk@c.com","timestamp":"12-07-2021 21:39:37"},
{"event":"select difference from studyDate_ref where SysPatientID = ? : 2013030801202100005","user":"sk@c.com","timestamp":"12-07-2021 21:39:37"},
{"event":"select difference from studyDate_ref where SysPatientID = ? : 2013030801202100005","user":"sk@c.com","timestamp":"12-07-2021 21:39:37"},
{"event":"select difference from studyDate_ref where SysPatientID = ? : 2013030801202100005","user":"sk@c.com","timestamp":"12-07-2021 21:39:37"},
{"event":"select difference from studyDate_ref where SysPatientID = ? : 2013030801202100005","user":"sk@c.com","timestamp":"12-07-2021 21:39:37"},
{"event":"select difference from studyDate_ref where SysPatientID = ? : 2013030801202100006","user":"sk@c.com","timestamp":"12-07-2021 21:39:37"},
{"event":"select difference from studyDate_ref where SysPatientID = ? : 2013030801202100006","user":"sk@c.com","timestamp":"12-07-2021 21:39:37"},
{"event":"select difference from studyDate_ref where SysPatientID = ? : 2013030801202100006","user":"sk@c.com","timestamp":"12-07-2021 21:39:37"},
{"event":"select difference from studyDate_ref where SysPatientID = ? : 2013030801202100006","user":"sk@c.com","timestamp":"12-07-2021 21:39:37"},
{"event":"select difference from studyDate_ref where SysPatientID = ? : 2013030801202100006","user":"sk@c.com","timestamp":"12-07-2021 21:39:37"},
{"event":"select difference from studyDate_ref where SysPatientID = ? : 2013030801202100007","user":"sk@c.com","timestamp":"12-07-2021 21:39:37"},
{"event":"select difference from studyDate_ref where SysPatientID = ? : 2013030801202100007","user":"sk@c.com","timestamp":"12-07-2021 21:39:37"},
{"event":"select difference from studyDate_ref where SysPatientID = ? : 2013030801202100007","user":"sk@c.com","timestamp":"12-07-2021 21:39:37"},
{"event":"select difference from studyDate_ref where SysPatientID = ? : 2013030801202100007","user":"sk@c.com","timestamp":"12-07-2021 21:39:37"},
{"event":"select difference from studyDate_ref where SysPatientID = ? : 2013030707202100000","user":"sk@c.com","timestamp":"12-07-2021 21:39:37"},
{"event":"select difference from studyDate_ref where SysPatientID = ? : 2013030707202100000","user":"sk@c.com","timestamp":"12-07-2021 21:39:37"},
{"event":"select difference from studyDate_ref where SysPatientID = ? : 2013030707202100000","user":"sk@c.com","timestamp":"12-07-2021 21:39:37"},
{"event":"select difference from studyDate_ref where SysPatientID = ? : 2013030707202100000","user":"sk@c.com","timestamp":"12-07-2021 21:39:37"},
{"event":"select difference from studyDate_ref where SysPatientID = ? : 2013030707202100000","user":"sk@c.com","timestamp":"12-07-2021 21:39:37"},
{"event":"select * from login where uid=? and pass=?","user":"sk@c.com","timestamp":"12-07-2021 22:32:05"},
{"event":"select * from project","user":"sk@c.com","timestamp":"12-07-2021 22:32:06"},
