{"event":"select * from login where uid=? and pass=?","user":"admin","timestamp":"04-03-2020 17:29:10"},
{"event":"select * from project where projectid=? or approvalno=?","user":"admin","timestamp":"04-03-2020 17:29:10"},
{"event":"insert into project (projectname,projectid,approvalno,approvaldate,centerlist,piname,countrieslist,scientifictitle, projectabstract, iscontainanimalimage) values(?,?,?,?,?,?,?,?,?,?)","user":"admin","timestamp":"04-03-2020 17:29:10"},
{"event":"select * from login where uid=? and pass=?","user":"sk@c.com","timestamp":"04-03-2020 17:32:13"},
{"event":"select * from project","user":"sk@c.com","timestamp":"04-03-2020 17:32:13"},
{"event":"select DCMPatientID, SysPatientID from patientid_map","user":"sk@c.com","timestamp":"04-03-2020 17:34:20"},
{"event":"SELECT tablename,chaviattribute,csvattribute from csvjsonattributemap where projectid=?","user":"sk@c.com","timestamp":"04-03-2020 17:34:20"},
{"event":"select symbol,moleculetype,moleculename from moleculescatalog limit 0,3000","user":"sk@c.com","timestamp":"04-03-2020 17:34:20"},
{"event":"select * from login where uid=? and pass=?","user":"sk@c.com","timestamp":"04-03-2020 17:39:18"},
{"event":"select * from project","user":"sk@c.com","timestamp":"04-03-2020 17:39:18"},
{"event":"select DCMPatientID, SysPatientID from patientid_map","user":"sk@c.com","timestamp":"04-03-2020 17:39:31"},
{"event":"SELECT tablename,chaviattribute,csvattribute from csvjsonattributemap where projectid=?","user":"sk@c.com","timestamp":"04-03-2020 17:39:31"},
{"event":"select symbol,moleculetype,moleculename from moleculescatalog limit 0,3000","user":"sk@c.com","timestamp":"04-03-2020 17:39:31"},
{"event":"select difference from studyDate_ref where SysPatientID = ? : 20130311122002202000002","user":"sk@c.com","timestamp":"04-03-2020 17:39:31"},
{"event":"select difference from studyDate_ref where SysPatientID = ? : 20130311122002202000002","user":"sk@c.com","timestamp":"04-03-2020 17:39:31"},
{"event":"select difference from studyDate_ref where SysPatientID = ? : 20130311122002202000002","user":"sk@c.com","timestamp":"04-03-2020 17:39:31"},
{"event":"select difference from studyDate_ref where SysPatientID = ? : 20130311122002202000002","user":"sk@c.com","timestamp":"04-03-2020 17:39:31"},
{"event":"select difference from studyDate_ref where SysPatientID = ? : 20130311122002202000003","user":"sk@c.com","timestamp":"04-03-2020 17:39:31"},
{"event":"select difference from studyDate_ref where SysPatientID = ? : 20130311122002202000003","user":"sk@c.com","timestamp":"04-03-2020 17:39:31"},
{"event":"select difference from studyDate_ref where SysPatientID = ? : 20130311122002202000003","user":"sk@c.com","timestamp":"04-03-2020 17:39:31"},
{"event":"select difference from studyDate_ref where SysPatientID = ? : 20130311122002202000003","user":"sk@c.com","timestamp":"04-03-2020 17:39:31"},
{"event":"select difference from studyDate_ref where SysPatientID = ? : 20130311122002202000003","user":"sk@c.com","timestamp":"04-03-2020 17:39:31"},
{"event":"select difference from studyDate_ref where SysPatientID = ? : 20130311122002202000003","user":"sk@c.com","timestamp":"04-03-2020 17:39:31"},
{"event":"select difference from studyDate_ref where SysPatientID = ? : 20130311122002202000003","user":"sk@c.com","timestamp":"04-03-2020 17:39:31"},
{"event":"select difference from studyDate_ref where SysPatientID = ? : 20130311122002202000003","user":"sk@c.com","timestamp":"04-03-2020 17:39:31"},
{"event":"select difference from studyDate_ref where SysPatientID = ? : 20130311122002202000003","user":"sk@c.com","timestamp":"04-03-2020 17:39:31"},
{"event":"select difference from studyDate_ref where SysPatientID = ? : 20130311122002202000000","user":"sk@c.com","timestamp":"04-03-2020 17:39:31"},
{"event":"select difference from studyDate_ref where SysPatientID = ? : 20130311122002202000000","user":"sk@c.com","timestamp":"04-03-2020 17:39:31"},
{"event":"select difference from studyDate_ref where SysPatientID = ? : 20130311122002202000000","user":"sk@c.com","timestamp":"04-03-2020 17:39:31"},
{"event":"select difference from studyDate_ref where SysPatientID = ? : 20130311122002202000000","user":"sk@c.com","timestamp":"04-03-2020 17:39:31"},
{"event":"select difference from studyDate_ref where SysPatientID = ? : 20130311122002202000000","user":"sk@c.com","timestamp":"04-03-2020 17:39:31"},
{"event":"select difference from studyDate_ref where SysPatientID = ? : 20130311122002202000000","user":"sk@c.com","timestamp":"04-03-2020 17:39:31"},
