{"event":"select * from login where uid=? and pass=?","user":"admin","timestamp":"17-05-2021 03:32:01"},
{"event":"select * from login where uid=? and pass=?","user":"sk@c.com","timestamp":"17-05-2021 04:03:43"},
{"event":"select * from project","user":"sk@c.com","timestamp":"17-05-2021 04:03:43"},
{"event":"select DCMPatientID, SysPatientID from patientid_map","user":"sk@c.com","timestamp":"17-05-2021 04:04:09"},
{"event":"SELECT tablename,chaviattribute,csvattribute from csvjsonattributemap where projectid=? and chaviattribute != ?","user":"sk@c.com","timestamp":"17-05-2021 04:04:09"},
{"event":"select symbol,moleculetype,moleculename from moleculescatalog limit 0,3000","user":"sk@c.com","timestamp":"17-05-2021 04:04:09"},
{"event":"select csvattribute from csvjsonattributemap where projectid=? and chaviattribute=?","user":"sk@c.com","timestamp":"17-05-2021 04:04:09"},
{"event":"select difference from studyDate_ref where SysPatientID = ? : 20130311121605202100000","user":"sk@c.com","timestamp":"17-05-2021 04:04:09"},
{"event":"select difference from studyDate_ref where SysPatientID = ? : 20130311121605202100000","user":"sk@c.com","timestamp":"17-05-2021 04:04:09"},
{"event":"select difference from studyDate_ref where SysPatientID = ? : 20130311121605202100000","user":"sk@c.com","timestamp":"17-05-2021 04:04:09"},
{"event":"select difference from studyDate_ref where SysPatientID = ? : 20130311121605202100001","user":"sk@c.com","timestamp":"17-05-2021 04:04:09"},
{"event":"select difference from studyDate_ref where SysPatientID = ? : 20130311121605202100001","user":"sk@c.com","timestamp":"17-05-2021 04:04:09"},
{"event":"select difference from studyDate_ref where SysPatientID = ? : 20130311121605202100002","user":"sk@c.com","timestamp":"17-05-2021 04:04:09"},
{"event":"select difference from studyDate_ref where SysPatientID = ? : 20130311121605202100002","user":"sk@c.com","timestamp":"17-05-2021 04:04:09"},
{"event":"select difference from studyDate_ref where SysPatientID = ? : 20130311121605202100003","user":"sk@c.com","timestamp":"17-05-2021 04:04:09"},
{"event":"select difference from studyDate_ref where SysPatientID = ? : 20130311121605202100003","user":"sk@c.com","timestamp":"17-05-2021 04:04:09"},
{"event":"select difference from studyDate_ref where SysPatientID = ? : 20130311121605202100004","user":"sk@c.com","timestamp":"17-05-2021 04:04:09"},
{"event":"select difference from studyDate_ref where SysPatientID = ? : 20130311121605202100004","user":"sk@c.com","timestamp":"17-05-2021 04:04:09"},
{"event":"select difference from studyDate_ref where SysPatientID = ? : 20130311121605202100004","user":"sk@c.com","timestamp":"17-05-2021 04:04:09"},
{"event":"select difference from studyDate_ref where SysPatientID = ? : 20130311121605202100004","user":"sk@c.com","timestamp":"17-05-2021 04:04:09"},
