{"event":"select * from login where uid=? and pass=?","user":"sk@c.com","timestamp":"29-01-2020 22:45:02"},
{"event":"select * from project","user":"sk@c.com","timestamp":"29-01-2020 22:45:03"},
{"event":"select DCMPatientID, SysPatientID from patientid_map","user":"sk@c.com","timestamp":"29-01-2020 22:45:20"},
{"event":"SELECT tablename,chaviattribute,csvattribute from csvjsonattributemap where projectid=?","user":"sk@c.com","timestamp":"29-01-2020 22:45:20"},
{"event":"select symbol,moleculetype,moleculename from moleculescatalog limit 0,3000","user":"sk@c.com","timestamp":"29-01-2020 22:45:20"},
{"event":"select difference from studyDate_ref where SysPatientID = ? : 20130311122701202000004","user":"sk@c.com","timestamp":"29-01-2020 22:45:20"},
{"event":"select difference from studyDate_ref where SysPatientID = ? : 20130311122701202000004","user":"sk@c.com","timestamp":"29-01-2020 22:45:20"},
{"event":"select difference from studyDate_ref where SysPatientID = ? : 20130311122701202000004","user":"sk@c.com","timestamp":"29-01-2020 22:45:20"},
{"event":"select difference from studyDate_ref where SysPatientID = ? : 20130311122701202000004","user":"sk@c.com","timestamp":"29-01-2020 22:45:20"},
{"event":"select difference from studyDate_ref where SysPatientID = ? : 20130311122701202000004","user":"sk@c.com","timestamp":"29-01-2020 22:45:20"},
{"event":"select difference from studyDate_ref where SysPatientID = ? : 20130311122701202000004","user":"sk@c.com","timestamp":"29-01-2020 22:45:20"},
{"event":"select difference from studyDate_ref where SysPatientID = ? : 20130311122701202000004","user":"sk@c.com","timestamp":"29-01-2020 22:45:20"},
{"event":"select difference from studyDate_ref where SysPatientID = ? : 20130311122701202000003","user":"sk@c.com","timestamp":"29-01-2020 22:45:20"},
{"event":"select difference from studyDate_ref where SysPatientID = ? : 20130311122701202000003","user":"sk@c.com","timestamp":"29-01-2020 22:45:21"},
{"event":"select difference from studyDate_ref where SysPatientID = ? : 20130311122701202000003","user":"sk@c.com","timestamp":"29-01-2020 22:45:21"},
{"event":"select difference from studyDate_ref where SysPatientID = ? : 20130311122701202000003","user":"sk@c.com","timestamp":"29-01-2020 22:45:21"},
{"event":"select difference from studyDate_ref where SysPatientID = ? : 20130311122701202000003","user":"sk@c.com","timestamp":"29-01-2020 22:45:21"},
{"event":"select difference from studyDate_ref where SysPatientID = ? : 20130311122701202000003","user":"sk@c.com","timestamp":"29-01-2020 22:45:21"},
{"event":"select difference from studyDate_ref where SysPatientID = ? : 20130311122701202000003","user":"sk@c.com","timestamp":"29-01-2020 22:45:21"},
{"event":"select difference from studyDate_ref where SysPatientID = ? : 20130311122701202000002","user":"sk@c.com","timestamp":"29-01-2020 22:45:21"},
{"event":"select difference from studyDate_ref where SysPatientID = ? : 20130311122701202000002","user":"sk@c.com","timestamp":"29-01-2020 22:45:21"},
{"event":"select difference from studyDate_ref where SysPatientID = ? : 20130311122701202000002","user":"sk@c.com","timestamp":"29-01-2020 22:45:21"},
{"event":"select difference from studyDate_ref where SysPatientID = ? : 20130311122701202000002","user":"sk@c.com","timestamp":"29-01-2020 22:45:21"},
{"event":"select difference from studyDate_ref where SysPatientID = ? : 20130311122701202000002","user":"sk@c.com","timestamp":"29-01-2020 22:45:21"},
{"event":"select difference from studyDate_ref where SysPatientID = ? : 20130311122701202000002","user":"sk@c.com","timestamp":"29-01-2020 22:45:21"},
{"event":"select difference from studyDate_ref where SysPatientID = ? : 20130311122701202000002","user":"sk@c.com","timestamp":"29-01-2020 22:45:21"},
{"event":"select difference from studyDate_ref where SysPatientID = ? : 20130311122701202000002","user":"sk@c.com","timestamp":"29-01-2020 22:45:21"},
{"event":"select difference from studyDate_ref where SysPatientID = ? : 20130311122701202000001","user":"sk@c.com","timestamp":"29-01-2020 22:45:21"},
{"event":"select difference from studyDate_ref where SysPatientID = ? : 20130311122701202000001","user":"sk@c.com","timestamp":"29-01-2020 22:45:21"},
{"event":"select difference from studyDate_ref where SysPatientID = ? : 20130311122701202000001","user":"sk@c.com","timestamp":"29-01-2020 22:45:21"},
{"event":"select difference from studyDate_ref where SysPatientID = ? : 20130311122701202000001","user":"sk@c.com","timestamp":"29-01-2020 22:45:21"},
{"event":"select difference from studyDate_ref where SysPatientID = ? : 20130311122701202000001","user":"sk@c.com","timestamp":"29-01-2020 22:45:21"},
{"event":"select difference from studyDate_ref where SysPatientID = ? : 20130311122701202000001","user":"sk@c.com","timestamp":"29-01-2020 22:45:21"},
{"event":"select difference from studyDate_ref where SysPatientID = ? : 20130311122701202000001","user":"sk@c.com","timestamp":"29-01-2020 22:45:21"},
{"event":"select difference from studyDate_ref where SysPatientID = ? : 20130311122701202000001","user":"sk@c.com","timestamp":"29-01-2020 22:45:21"},
{"event":"select difference from studyDate_ref where SysPatientID = ? : 20130311122701202000000","user":"sk@c.com","timestamp":"29-01-2020 22:45:22"},
{"event":"select difference from studyDate_ref where SysPatientID = ? : 20130311122701202000000","user":"sk@c.com","timestamp":"29-01-2020 22:45:22"},
{"event":"select difference from studyDate_ref where SysPatientID = ? : 20130311122701202000000","user":"sk@c.com","timestamp":"29-01-2020 22:45:22"},
{"event":"select difference from studyDate_ref where SysPatientID = ? : 20130311122701202000000","user":"sk@c.com","timestamp":"29-01-2020 22:45:22"},
{"event":"select difference from studyDate_ref where SysPatientID = ? : 20130311122701202000000","user":"sk@c.com","timestamp":"29-01-2020 22:45:22"},
{"event":"select difference from studyDate_ref where SysPatientID = ? : 20130311122701202000000","user":"sk@c.com","timestamp":"29-01-2020 22:45:22"},
{"event":"select difference from studyDate_ref where SysPatientID = ? : 20130311122701202000000","user":"sk@c.com","timestamp":"29-01-2020 22:45:22"},
{"event":"select difference from studyDate_ref where SysPatientID = ? : 20130311122001202000000","user":"sk@c.com","timestamp":"29-01-2020 22:45:22"},
{"event":"select difference from studyDate_ref where SysPatientID = ? : 20130311122001202000000","user":"sk@c.com","timestamp":"29-01-2020 22:45:22"},
{"event":"select difference from studyDate_ref where SysPatientID = ? : 20130311122001202000000","user":"sk@c.com","timestamp":"29-01-2020 22:45:22"},
{"event":"select difference from studyDate_ref where SysPatientID = ? : 20130311122001202000000","user":"sk@c.com","timestamp":"29-01-2020 22:45:22"},
{"event":"select difference from studyDate_ref where SysPatientID = ? : 20130311122001202000000","user":"sk@c.com","timestamp":"29-01-2020 22:45:22"},
{"event":"select difference from studyDate_ref where SysPatientID = ? : 20130311122001202000000","user":"sk@c.com","timestamp":"29-01-2020 22:45:22"},
{"event":"select difference from studyDate_ref where SysPatientID = ? : 20130311122001202000000","user":"sk@c.com","timestamp":"29-01-2020 22:45:22"},
{"event":"select difference from studyDate_ref where SysPatientID = ? : 20130311122001202000000","user":"sk@c.com","timestamp":"29-01-2020 22:45:22"},
{"event":"select difference from studyDate_ref where SysPatientID = ? : 20130311122412201900000","user":"sk@c.com","timestamp":"29-01-2020 22:45:22"},
{"event":"select difference from studyDate_ref where SysPatientID = ? : 20130311122412201900000","user":"sk@c.com","timestamp":"29-01-2020 22:45:22"},
{"event":"select difference from studyDate_ref where SysPatientID = ? : 20130311122412201900000","user":"sk@c.com","timestamp":"29-01-2020 22:45:22"},
{"event":"select difference from studyDate_ref where SysPatientID = ? : 20130311122412201900000","user":"sk@c.com","timestamp":"29-01-2020 22:45:22"},
{"event":"select difference from studyDate_ref where SysPatientID = ? : 20130311122412201900000","user":"sk@c.com","timestamp":"29-01-2020 22:45:22"},
{"event":"select difference from studyDate_ref where SysPatientID = ? : 20130311122412201900000","user":"sk@c.com","timestamp":"29-01-2020 22:45:22"},
{"event":"select difference from studyDate_ref where SysPatientID = ? : 20130311122412201900000","user":"sk@c.com","timestamp":"29-01-2020 22:45:22"},
{"event":"select * from login where uid=? and pass=?","user":"sk@c.com","timestamp":"29-01-2020 22:59:46"},
{"event":"select * from project","user":"sk@c.com","timestamp":"29-01-2020 22:59:47"},
{"event":"select DCMPatientID, SysPatientID from patientid_map","user":"sk@c.com","timestamp":"29-01-2020 23:00:03"},
{"event":"SELECT tablename,chaviattribute,csvattribute from csvjsonattributemap where projectid=?","user":"sk@c.com","timestamp":"29-01-2020 23:00:03"},
{"event":"select symbol,moleculetype,moleculename from moleculescatalog limit 0,3000","user":"sk@c.com","timestamp":"29-01-2020 23:00:03"},
{"event":"select difference from studyDate_ref where SysPatientID = ? : 20130311122701202000004","user":"sk@c.com","timestamp":"29-01-2020 23:00:03"},
{"event":"select * from login where uid=? and pass=?","user":"sk@c.com","timestamp":"29-01-2020 23:02:51"},
{"event":"select * from project","user":"sk@c.com","timestamp":"29-01-2020 23:02:52"},
{"event":"select DCMPatientID, SysPatientID from patientid_map","user":"sk@c.com","timestamp":"29-01-2020 23:03:05"},
{"event":"SELECT tablename,chaviattribute,csvattribute from csvjsonattributemap where projectid=?","user":"sk@c.com","timestamp":"29-01-2020 23:03:05"},
{"event":"select symbol,moleculetype,moleculename from moleculescatalog limit 0,3000","user":"sk@c.com","timestamp":"29-01-2020 23:03:05"},
{"event":"select difference from studyDate_ref where SysPatientID = ? : 20130311122701202000004","user":"sk@c.com","timestamp":"29-01-2020 23:03:05"},
{"event":"select * from login where uid=? and pass=?","user":"sk@c.com","timestamp":"29-01-2020 23:04:56"},
{"event":"select * from project","user":"sk@c.com","timestamp":"29-01-2020 23:04:56"},
{"event":"select DCMPatientID, SysPatientID from patientid_map","user":"sk@c.com","timestamp":"29-01-2020 23:05:08"},
{"event":"SELECT tablename,chaviattribute,csvattribute from csvjsonattributemap where projectid=?","user":"sk@c.com","timestamp":"29-01-2020 23:05:08"},
{"event":"select symbol,moleculetype,moleculename from moleculescatalog limit 0,3000","user":"sk@c.com","timestamp":"29-01-2020 23:05:08"},
{"event":"select difference from studyDate_ref where SysPatientID = ? : 20130311122701202000004","user":"sk@c.com","timestamp":"29-01-2020 23:05:08"},
{"event":"select * from login where uid=? and pass=?","user":"sk@c.com","timestamp":"29-01-2020 23:05:41"},
{"event":"select * from project","user":"sk@c.com","timestamp":"29-01-2020 23:05:41"},
{"event":"select DCMPatientID, SysPatientID from patientid_map","user":"sk@c.com","timestamp":"29-01-2020 23:05:59"},
{"event":"SELECT tablename,chaviattribute,csvattribute from csvjsonattributemap where projectid=?","user":"sk@c.com","timestamp":"29-01-2020 23:05:59"},
{"event":"select symbol,moleculetype,moleculename from moleculescatalog limit 0,3000","user":"sk@c.com","timestamp":"29-01-2020 23:05:59"},
{"event":"select difference from studyDate_ref where SysPatientID = ? : 20130311122701202000004","user":"sk@c.com","timestamp":"29-01-2020 23:05:59"},
{"event":"select * from login where uid=? and pass=?","user":"sk@c.com","timestamp":"29-01-2020 23:07:01"},
{"event":"select * from project","user":"sk@c.com","timestamp":"29-01-2020 23:07:02"},
{"event":"select DCMPatientID, SysPatientID from patientid_map","user":"sk@c.com","timestamp":"29-01-2020 23:07:14"},
{"event":"SELECT tablename,chaviattribute,csvattribute from csvjsonattributemap where projectid=?","user":"sk@c.com","timestamp":"29-01-2020 23:07:14"},
{"event":"select symbol,moleculetype,moleculename from moleculescatalog limit 0,3000","user":"sk@c.com","timestamp":"29-01-2020 23:07:14"},
{"event":"select difference from studyDate_ref where SysPatientID = ? : 20130311122701202000004","user":"sk@c.com","timestamp":"29-01-2020 23:07:14"},
{"event":"select DCMPatientID, SysPatientID from patientid_map","user":"sk@c.com","timestamp":"29-01-2020 23:07:36"},
{"event":"SELECT tablename,chaviattribute,csvattribute from csvjsonattributemap where projectid=?","user":"sk@c.com","timestamp":"29-01-2020 23:07:36"},
{"event":"select symbol,moleculetype,moleculename from moleculescatalog limit 0,3000","user":"sk@c.com","timestamp":"29-01-2020 23:07:36"},
{"event":"select difference from studyDate_ref where SysPatientID = ? : 20130311122701202000004","user":"sk@c.com","timestamp":"29-01-2020 23:07:36"},
{"event":"select * from login where uid=? and pass=?","user":"sk@c.com","timestamp":"29-01-2020 23:08:00"},
{"event":"select * from project","user":"sk@c.com","timestamp":"29-01-2020 23:08:00"},
{"event":"select DCMPatientID, SysPatientID from patientid_map","user":"sk@c.com","timestamp":"29-01-2020 23:08:13"},
{"event":"SELECT tablename,chaviattribute,csvattribute from csvjsonattributemap where projectid=?","user":"sk@c.com","timestamp":"29-01-2020 23:08:13"},
{"event":"select symbol,moleculetype,moleculename from moleculescatalog limit 0,3000","user":"sk@c.com","timestamp":"29-01-2020 23:08:13"},
{"event":"select difference from studyDate_ref where SysPatientID = ? : 20130311122701202000004","user":"sk@c.com","timestamp":"29-01-2020 23:08:13"},
{"event":"select difference from studyDate_ref where SysPatientID = ? : 20130311122701202000004","user":"sk@c.com","timestamp":"29-01-2020 23:08:13"},
{"event":"select difference from studyDate_ref where SysPatientID = ? : 20130311122701202000004","user":"sk@c.com","timestamp":"29-01-2020 23:08:13"},
{"event":"select difference from studyDate_ref where SysPatientID = ? : 20130311122701202000004","user":"sk@c.com","timestamp":"29-01-2020 23:08:13"},
{"event":"select difference from studyDate_ref where SysPatientID = ? : 20130311122701202000004","user":"sk@c.com","timestamp":"29-01-2020 23:08:13"},
{"event":"select difference from studyDate_ref where SysPatientID = ? : 20130311122701202000004","user":"sk@c.com","timestamp":"29-01-2020 23:08:13"},
{"event":"select difference from studyDate_ref where SysPatientID = ? : 20130311122701202000004","user":"sk@c.com","timestamp":"29-01-2020 23:08:13"},
{"event":"select difference from studyDate_ref where SysPatientID = ? : 20130311122701202000003","user":"sk@c.com","timestamp":"29-01-2020 23:08:13"},
{"event":"select difference from studyDate_ref where SysPatientID = ? : 20130311122701202000003","user":"sk@c.com","timestamp":"29-01-2020 23:08:13"},
{"event":"select difference from studyDate_ref where SysPatientID = ? : 20130311122701202000003","user":"sk@c.com","timestamp":"29-01-2020 23:08:13"},
{"event":"select difference from studyDate_ref where SysPatientID = ? : 20130311122701202000003","user":"sk@c.com","timestamp":"29-01-2020 23:08:13"},
{"event":"select difference from studyDate_ref where SysPatientID = ? : 20130311122701202000003","user":"sk@c.com","timestamp":"29-01-2020 23:08:13"},
{"event":"select difference from studyDate_ref where SysPatientID = ? : 20130311122701202000003","user":"sk@c.com","timestamp":"29-01-2020 23:08:13"},
{"event":"select difference from studyDate_ref where SysPatientID = ? : 20130311122701202000003","user":"sk@c.com","timestamp":"29-01-2020 23:08:13"},
{"event":"select difference from studyDate_ref where SysPatientID = ? : 20130311122701202000002","user":"sk@c.com","timestamp":"29-01-2020 23:08:13"},
{"event":"select difference from studyDate_ref where SysPatientID = ? : 20130311122701202000002","user":"sk@c.com","timestamp":"29-01-2020 23:08:13"},
{"event":"select difference from studyDate_ref where SysPatientID = ? : 20130311122701202000002","user":"sk@c.com","timestamp":"29-01-2020 23:08:13"},
{"event":"select difference from studyDate_ref where SysPatientID = ? : 20130311122701202000002","user":"sk@c.com","timestamp":"29-01-2020 23:08:13"},
{"event":"select difference from studyDate_ref where SysPatientID = ? : 20130311122701202000002","user":"sk@c.com","timestamp":"29-01-2020 23:08:13"},
{"event":"select difference from studyDate_ref where SysPatientID = ? : 20130311122701202000002","user":"sk@c.com","timestamp":"29-01-2020 23:08:13"},
{"event":"select difference from studyDate_ref where SysPatientID = ? : 20130311122701202000002","user":"sk@c.com","timestamp":"29-01-2020 23:08:13"},
{"event":"select difference from studyDate_ref where SysPatientID = ? : 20130311122701202000002","user":"sk@c.com","timestamp":"29-01-2020 23:08:13"},
{"event":"select difference from studyDate_ref where SysPatientID = ? : 20130311122701202000001","user":"sk@c.com","timestamp":"29-01-2020 23:08:13"},
{"event":"select difference from studyDate_ref where SysPatientID = ? : 20130311122701202000001","user":"sk@c.com","timestamp":"29-01-2020 23:08:13"},
{"event":"select difference from studyDate_ref where SysPatientID = ? : 20130311122701202000001","user":"sk@c.com","timestamp":"29-01-2020 23:08:13"},
{"event":"select difference from studyDate_ref where SysPatientID = ? : 20130311122701202000001","user":"sk@c.com","timestamp":"29-01-2020 23:08:14"},
{"event":"select difference from studyDate_ref where SysPatientID = ? : 20130311122701202000001","user":"sk@c.com","timestamp":"29-01-2020 23:08:14"},
{"event":"select difference from studyDate_ref where SysPatientID = ? : 20130311122701202000001","user":"sk@c.com","timestamp":"29-01-2020 23:08:14"},
{"event":"select difference from studyDate_ref where SysPatientID = ? : 20130311122701202000001","user":"sk@c.com","timestamp":"29-01-2020 23:08:14"},
{"event":"select difference from studyDate_ref where SysPatientID = ? : 20130311122701202000001","user":"sk@c.com","timestamp":"29-01-2020 23:08:14"},
{"event":"select difference from studyDate_ref where SysPatientID = ? : 20130311122701202000000","user":"sk@c.com","timestamp":"29-01-2020 23:08:14"},
{"event":"select difference from studyDate_ref where SysPatientID = ? : 20130311122701202000000","user":"sk@c.com","timestamp":"29-01-2020 23:08:14"},
{"event":"select difference from studyDate_ref where SysPatientID = ? : 20130311122701202000000","user":"sk@c.com","timestamp":"29-01-2020 23:08:14"},
{"event":"select difference from studyDate_ref where SysPatientID = ? : 20130311122701202000000","user":"sk@c.com","timestamp":"29-01-2020 23:08:14"},
{"event":"select difference from studyDate_ref where SysPatientID = ? : 20130311122701202000000","user":"sk@c.com","timestamp":"29-01-2020 23:08:14"},
{"event":"select difference from studyDate_ref where SysPatientID = ? : 20130311122701202000000","user":"sk@c.com","timestamp":"29-01-2020 23:08:14"},
{"event":"select difference from studyDate_ref where SysPatientID = ? : 20130311122701202000000","user":"sk@c.com","timestamp":"29-01-2020 23:08:14"},
{"event":"select difference from studyDate_ref where SysPatientID = ? : 20130311122001202000000","user":"sk@c.com","timestamp":"29-01-2020 23:08:15"},
{"event":"select difference from studyDate_ref where SysPatientID = ? : 20130311122001202000000","user":"sk@c.com","timestamp":"29-01-2020 23:08:15"},
{"event":"select difference from studyDate_ref where SysPatientID = ? : 20130311122001202000000","user":"sk@c.com","timestamp":"29-01-2020 23:08:15"},
{"event":"select difference from studyDate_ref where SysPatientID = ? : 20130311122001202000000","user":"sk@c.com","timestamp":"29-01-2020 23:08:15"},
{"event":"select difference from studyDate_ref where SysPatientID = ? : 20130311122001202000000","user":"sk@c.com","timestamp":"29-01-2020 23:08:15"},
{"event":"select difference from studyDate_ref where SysPatientID = ? : 20130311122001202000000","user":"sk@c.com","timestamp":"29-01-2020 23:08:15"},
{"event":"select difference from studyDate_ref where SysPatientID = ? : 20130311122001202000000","user":"sk@c.com","timestamp":"29-01-2020 23:08:15"},
{"event":"select difference from studyDate_ref where SysPatientID = ? : 20130311122001202000000","user":"sk@c.com","timestamp":"29-01-2020 23:08:15"},
{"event":"select difference from studyDate_ref where SysPatientID = ? : 20130311122412201900000","user":"sk@c.com","timestamp":"29-01-2020 23:08:15"},
{"event":"select difference from studyDate_ref where SysPatientID = ? : 20130311122412201900000","user":"sk@c.com","timestamp":"29-01-2020 23:08:15"},
{"event":"select difference from studyDate_ref where SysPatientID = ? : 20130311122412201900000","user":"sk@c.com","timestamp":"29-01-2020 23:08:15"},
{"event":"select difference from studyDate_ref where SysPatientID = ? : 20130311122412201900000","user":"sk@c.com","timestamp":"29-01-2020 23:08:15"},
{"event":"select difference from studyDate_ref where SysPatientID = ? : 20130311122412201900000","user":"sk@c.com","timestamp":"29-01-2020 23:08:16"},
{"event":"select difference from studyDate_ref where SysPatientID = ? : 20130311122412201900000","user":"sk@c.com","timestamp":"29-01-2020 23:08:16"},
{"event":"select difference from studyDate_ref where SysPatientID = ? : 20130311122412201900000","user":"sk@c.com","timestamp":"29-01-2020 23:08:16"},
{"event":"select * from login where uid=? and pass=?","user":"sk@c.com","timestamp":"29-01-2020 23:19:24"},
{"event":"select * from project","user":"sk@c.com","timestamp":"29-01-2020 23:19:25"},
{"event":"select DCMPatientID, SysPatientID from patientid_map","user":"sk@c.com","timestamp":"29-01-2020 23:19:38"},
{"event":"SELECT tablename,chaviattribute,csvattribute from csvjsonattributemap where projectid=?","user":"sk@c.com","timestamp":"29-01-2020 23:19:38"},
{"event":"select symbol,moleculetype,moleculename from moleculescatalog limit 0,3000","user":"sk@c.com","timestamp":"29-01-2020 23:19:38"},
{"event":"select difference from studyDate_ref where SysPatientID = ? : 20130311122701202000004","user":"sk@c.com","timestamp":"29-01-2020 23:19:38"},
{"event":"select difference from studyDate_ref where SysPatientID = ? : 20130311122701202000004","user":"sk@c.com","timestamp":"29-01-2020 23:19:38"},
{"event":"select difference from studyDate_ref where SysPatientID = ? : 20130311122701202000004","user":"sk@c.com","timestamp":"29-01-2020 23:19:38"},
{"event":"select difference from studyDate_ref where SysPatientID = ? : 20130311122701202000004","user":"sk@c.com","timestamp":"29-01-2020 23:19:38"},
{"event":"select difference from studyDate_ref where SysPatientID = ? : 20130311122701202000004","user":"sk@c.com","timestamp":"29-01-2020 23:19:38"},
{"event":"select difference from studyDate_ref where SysPatientID = ? : 20130311122701202000004","user":"sk@c.com","timestamp":"29-01-2020 23:19:38"},
{"event":"select difference from studyDate_ref where SysPatientID = ? : 20130311122701202000004","user":"sk@c.com","timestamp":"29-01-2020 23:19:38"},
{"event":"select difference from studyDate_ref where SysPatientID = ? : 20130311122701202000003","user":"sk@c.com","timestamp":"29-01-2020 23:19:38"},
{"event":"select difference from studyDate_ref where SysPatientID = ? : 20130311122701202000003","user":"sk@c.com","timestamp":"29-01-2020 23:19:38"},
{"event":"select difference from studyDate_ref where SysPatientID = ? : 20130311122701202000003","user":"sk@c.com","timestamp":"29-01-2020 23:19:38"},
{"event":"select difference from studyDate_ref where SysPatientID = ? : 20130311122701202000003","user":"sk@c.com","timestamp":"29-01-2020 23:19:38"},
{"event":"select difference from studyDate_ref where SysPatientID = ? : 20130311122701202000003","user":"sk@c.com","timestamp":"29-01-2020 23:19:38"},
{"event":"select difference from studyDate_ref where SysPatientID = ? : 20130311122701202000003","user":"sk@c.com","timestamp":"29-01-2020 23:19:38"},
{"event":"select difference from studyDate_ref where SysPatientID = ? : 20130311122701202000003","user":"sk@c.com","timestamp":"29-01-2020 23:19:38"},
{"event":"select difference from studyDate_ref where SysPatientID = ? : 20130311122701202000002","user":"sk@c.com","timestamp":"29-01-2020 23:19:38"},
{"event":"select difference from studyDate_ref where SysPatientID = ? : 20130311122701202000002","user":"sk@c.com","timestamp":"29-01-2020 23:19:38"},
{"event":"select difference from studyDate_ref where SysPatientID = ? : 20130311122701202000002","user":"sk@c.com","timestamp":"29-01-2020 23:19:38"},
{"event":"select difference from studyDate_ref where SysPatientID = ? : 20130311122701202000002","user":"sk@c.com","timestamp":"29-01-2020 23:19:38"},
{"event":"select difference from studyDate_ref where SysPatientID = ? : 20130311122701202000002","user":"sk@c.com","timestamp":"29-01-2020 23:19:38"},
{"event":"select difference from studyDate_ref where SysPatientID = ? : 20130311122701202000002","user":"sk@c.com","timestamp":"29-01-2020 23:19:38"},
{"event":"select difference from studyDate_ref where SysPatientID = ? : 20130311122701202000002","user":"sk@c.com","timestamp":"29-01-2020 23:19:39"},
{"event":"select difference from studyDate_ref where SysPatientID = ? : 20130311122701202000002","user":"sk@c.com","timestamp":"29-01-2020 23:19:39"},
{"event":"select difference from studyDate_ref where SysPatientID = ? : 20130311122701202000001","user":"sk@c.com","timestamp":"29-01-2020 23:19:39"},
{"event":"select difference from studyDate_ref where SysPatientID = ? : 20130311122701202000001","user":"sk@c.com","timestamp":"29-01-2020 23:19:39"},
{"event":"select difference from studyDate_ref where SysPatientID = ? : 20130311122701202000001","user":"sk@c.com","timestamp":"29-01-2020 23:19:39"},
{"event":"select difference from studyDate_ref where SysPatientID = ? : 20130311122701202000001","user":"sk@c.com","timestamp":"29-01-2020 23:19:39"},
{"event":"select difference from studyDate_ref where SysPatientID = ? : 20130311122701202000001","user":"sk@c.com","timestamp":"29-01-2020 23:19:39"},
{"event":"select difference from studyDate_ref where SysPatientID = ? : 20130311122701202000001","user":"sk@c.com","timestamp":"29-01-2020 23:19:39"},
{"event":"select difference from studyDate_ref where SysPatientID = ? : 20130311122701202000001","user":"sk@c.com","timestamp":"29-01-2020 23:19:39"},
{"event":"select difference from studyDate_ref where SysPatientID = ? : 20130311122701202000001","user":"sk@c.com","timestamp":"29-01-2020 23:19:39"},
{"event":"select difference from studyDate_ref where SysPatientID = ? : 20130311122701202000000","user":"sk@c.com","timestamp":"29-01-2020 23:19:39"},
{"event":"select difference from studyDate_ref where SysPatientID = ? : 20130311122701202000000","user":"sk@c.com","timestamp":"29-01-2020 23:19:39"},
{"event":"select difference from studyDate_ref where SysPatientID = ? : 20130311122701202000000","user":"sk@c.com","timestamp":"29-01-2020 23:19:39"},
{"event":"select difference from studyDate_ref where SysPatientID = ? : 20130311122701202000000","user":"sk@c.com","timestamp":"29-01-2020 23:19:39"},
{"event":"select difference from studyDate_ref where SysPatientID = ? : 20130311122701202000000","user":"sk@c.com","timestamp":"29-01-2020 23:19:39"},
{"event":"select difference from studyDate_ref where SysPatientID = ? : 20130311122701202000000","user":"sk@c.com","timestamp":"29-01-2020 23:19:39"},
{"event":"select difference from studyDate_ref where SysPatientID = ? : 20130311122701202000000","user":"sk@c.com","timestamp":"29-01-2020 23:19:40"},
{"event":"select difference from studyDate_ref where SysPatientID = ? : 20130311122001202000000","user":"sk@c.com","timestamp":"29-01-2020 23:19:40"},
{"event":"select difference from studyDate_ref where SysPatientID = ? : 20130311122001202000000","user":"sk@c.com","timestamp":"29-01-2020 23:19:40"},
{"event":"select difference from studyDate_ref where SysPatientID = ? : 20130311122001202000000","user":"sk@c.com","timestamp":"29-01-2020 23:19:40"},
{"event":"select difference from studyDate_ref where SysPatientID = ? : 20130311122001202000000","user":"sk@c.com","timestamp":"29-01-2020 23:19:40"},
{"event":"select difference from studyDate_ref where SysPatientID = ? : 20130311122001202000000","user":"sk@c.com","timestamp":"29-01-2020 23:19:40"},
{"event":"select difference from studyDate_ref where SysPatientID = ? : 20130311122001202000000","user":"sk@c.com","timestamp":"29-01-2020 23:19:40"},
{"event":"select difference from studyDate_ref where SysPatientID = ? : 20130311122001202000000","user":"sk@c.com","timestamp":"29-01-2020 23:19:40"},
{"event":"select difference from studyDate_ref where SysPatientID = ? : 20130311122001202000000","user":"sk@c.com","timestamp":"29-01-2020 23:19:40"},
{"event":"select difference from studyDate_ref where SysPatientID = ? : 20130311122412201900000","user":"sk@c.com","timestamp":"29-01-2020 23:19:40"},
{"event":"select difference from studyDate_ref where SysPatientID = ? : 20130311122412201900000","user":"sk@c.com","timestamp":"29-01-2020 23:19:40"},
{"event":"select difference from studyDate_ref where SysPatientID = ? : 20130311122412201900000","user":"sk@c.com","timestamp":"29-01-2020 23:19:40"},
{"event":"select difference from studyDate_ref where SysPatientID = ? : 20130311122412201900000","user":"sk@c.com","timestamp":"29-01-2020 23:19:40"},
{"event":"select difference from studyDate_ref where SysPatientID = ? : 20130311122412201900000","user":"sk@c.com","timestamp":"29-01-2020 23:19:40"},
{"event":"select difference from studyDate_ref where SysPatientID = ? : 20130311122412201900000","user":"sk@c.com","timestamp":"29-01-2020 23:19:40"},
{"event":"select difference from studyDate_ref where SysPatientID = ? : 20130311122412201900000","user":"sk@c.com","timestamp":"29-01-2020 23:19:40"},
{"event":"select * from login where uid=? and pass=?","user":"sk@c.com","timestamp":"29-01-2020 23:27:00"},
{"event":"select * from project","user":"sk@c.com","timestamp":"29-01-2020 23:27:01"},
{"event":"select DCMPatientID, SysPatientID from patientid_map","user":"sk@c.com","timestamp":"29-01-2020 23:27:13"},
{"event":"SELECT tablename,chaviattribute,csvattribute from csvjsonattributemap where projectid=?","user":"sk@c.com","timestamp":"29-01-2020 23:27:13"},
{"event":"select symbol,moleculetype,moleculename from moleculescatalog limit 0,3000","user":"sk@c.com","timestamp":"29-01-2020 23:27:13"},
{"event":"select difference from studyDate_ref where SysPatientID = ? : 20130311122701202000004","user":"sk@c.com","timestamp":"29-01-2020 23:27:13"},
{"event":"select difference from studyDate_ref where SysPatientID = ? : 20130311122701202000004","user":"sk@c.com","timestamp":"29-01-2020 23:27:13"},
{"event":"select difference from studyDate_ref where SysPatientID = ? : 20130311122701202000004","user":"sk@c.com","timestamp":"29-01-2020 23:27:13"},
{"event":"select difference from studyDate_ref where SysPatientID = ? : 20130311122701202000004","user":"sk@c.com","timestamp":"29-01-2020 23:27:13"},
{"event":"select difference from studyDate_ref where SysPatientID = ? : 20130311122701202000004","user":"sk@c.com","timestamp":"29-01-2020 23:27:13"},
{"event":"select difference from studyDate_ref where SysPatientID = ? : 20130311122701202000004","user":"sk@c.com","timestamp":"29-01-2020 23:27:13"},
{"event":"select difference from studyDate_ref where SysPatientID = ? : 20130311122701202000004","user":"sk@c.com","timestamp":"29-01-2020 23:27:13"},
{"event":"select difference from studyDate_ref where SysPatientID = ? : 20130311122701202000003","user":"sk@c.com","timestamp":"29-01-2020 23:27:13"},
{"event":"select difference from studyDate_ref where SysPatientID = ? : 20130311122701202000003","user":"sk@c.com","timestamp":"29-01-2020 23:27:13"},
{"event":"select difference from studyDate_ref where SysPatientID = ? : 20130311122701202000003","user":"sk@c.com","timestamp":"29-01-2020 23:27:13"},
{"event":"select difference from studyDate_ref where SysPatientID = ? : 20130311122701202000003","user":"sk@c.com","timestamp":"29-01-2020 23:27:13"},
{"event":"select difference from studyDate_ref where SysPatientID = ? : 20130311122701202000003","user":"sk@c.com","timestamp":"29-01-2020 23:27:13"},
{"event":"select difference from studyDate_ref where SysPatientID = ? : 20130311122701202000003","user":"sk@c.com","timestamp":"29-01-2020 23:27:13"},
{"event":"select difference from studyDate_ref where SysPatientID = ? : 20130311122701202000003","user":"sk@c.com","timestamp":"29-01-2020 23:27:13"},
{"event":"select difference from studyDate_ref where SysPatientID = ? : 20130311122701202000002","user":"sk@c.com","timestamp":"29-01-2020 23:27:13"},
{"event":"select difference from studyDate_ref where SysPatientID = ? : 20130311122701202000002","user":"sk@c.com","timestamp":"29-01-2020 23:27:13"},
{"event":"select difference from studyDate_ref where SysPatientID = ? : 20130311122701202000002","user":"sk@c.com","timestamp":"29-01-2020 23:27:13"},
{"event":"select difference from studyDate_ref where SysPatientID = ? : 20130311122701202000002","user":"sk@c.com","timestamp":"29-01-2020 23:27:13"},
{"event":"select difference from studyDate_ref where SysPatientID = ? : 20130311122701202000002","user":"sk@c.com","timestamp":"29-01-2020 23:27:13"},
{"event":"select difference from studyDate_ref where SysPatientID = ? : 20130311122701202000002","user":"sk@c.com","timestamp":"29-01-2020 23:27:13"},
{"event":"select difference from studyDate_ref where SysPatientID = ? : 20130311122701202000002","user":"sk@c.com","timestamp":"29-01-2020 23:27:13"},
{"event":"select difference from studyDate_ref where SysPatientID = ? : 20130311122701202000002","user":"sk@c.com","timestamp":"29-01-2020 23:27:13"},
{"event":"select difference from studyDate_ref where SysPatientID = ? : 20130311122701202000001","user":"sk@c.com","timestamp":"29-01-2020 23:27:13"},
{"event":"select difference from studyDate_ref where SysPatientID = ? : 20130311122701202000001","user":"sk@c.com","timestamp":"29-01-2020 23:27:13"},
{"event":"select difference from studyDate_ref where SysPatientID = ? : 20130311122701202000001","user":"sk@c.com","timestamp":"29-01-2020 23:27:13"},
{"event":"select difference from studyDate_ref where SysPatientID = ? : 20130311122701202000001","user":"sk@c.com","timestamp":"29-01-2020 23:27:13"},
{"event":"select difference from studyDate_ref where SysPatientID = ? : 20130311122701202000001","user":"sk@c.com","timestamp":"29-01-2020 23:27:13"},
{"event":"select difference from studyDate_ref where SysPatientID = ? : 20130311122701202000001","user":"sk@c.com","timestamp":"29-01-2020 23:27:13"},
{"event":"select difference from studyDate_ref where SysPatientID = ? : 20130311122701202000001","user":"sk@c.com","timestamp":"29-01-2020 23:27:13"},
{"event":"select difference from studyDate_ref where SysPatientID = ? : 20130311122701202000001","user":"sk@c.com","timestamp":"29-01-2020 23:27:13"},
{"event":"select difference from studyDate_ref where SysPatientID = ? : 20130311122701202000000","user":"sk@c.com","timestamp":"29-01-2020 23:27:13"},
{"event":"select difference from studyDate_ref where SysPatientID = ? : 20130311122701202000000","user":"sk@c.com","timestamp":"29-01-2020 23:27:13"},
{"event":"select difference from studyDate_ref where SysPatientID = ? : 20130311122701202000000","user":"sk@c.com","timestamp":"29-01-2020 23:27:13"},
{"event":"select difference from studyDate_ref where SysPatientID = ? : 20130311122701202000000","user":"sk@c.com","timestamp":"29-01-2020 23:27:13"},
{"event":"select difference from studyDate_ref where SysPatientID = ? : 20130311122701202000000","user":"sk@c.com","timestamp":"29-01-2020 23:27:13"},
{"event":"select difference from studyDate_ref where SysPatientID = ? : 20130311122701202000000","user":"sk@c.com","timestamp":"29-01-2020 23:27:13"},
{"event":"select difference from studyDate_ref where SysPatientID = ? : 20130311122701202000000","user":"sk@c.com","timestamp":"29-01-2020 23:27:13"},
{"event":"select difference from studyDate_ref where SysPatientID = ? : 20130311122001202000000","user":"sk@c.com","timestamp":"29-01-2020 23:27:13"},
{"event":"select difference from studyDate_ref where SysPatientID = ? : 20130311122001202000000","user":"sk@c.com","timestamp":"29-01-2020 23:27:13"},
{"event":"select difference from studyDate_ref where SysPatientID = ? : 20130311122001202000000","user":"sk@c.com","timestamp":"29-01-2020 23:27:13"},
{"event":"select difference from studyDate_ref where SysPatientID = ? : 20130311122001202000000","user":"sk@c.com","timestamp":"29-01-2020 23:27:13"},
{"event":"select difference from studyDate_ref where SysPatientID = ? : 20130311122001202000000","user":"sk@c.com","timestamp":"29-01-2020 23:27:14"},
{"event":"select difference from studyDate_ref where SysPatientID = ? : 20130311122001202000000","user":"sk@c.com","timestamp":"29-01-2020 23:27:14"},
{"event":"select difference from studyDate_ref where SysPatientID = ? : 20130311122001202000000","user":"sk@c.com","timestamp":"29-01-2020 23:27:14"},
{"event":"select difference from studyDate_ref where SysPatientID = ? : 20130311122001202000000","user":"sk@c.com","timestamp":"29-01-2020 23:27:14"},
{"event":"select difference from studyDate_ref where SysPatientID = ? : 20130311122412201900000","user":"sk@c.com","timestamp":"29-01-2020 23:27:14"},
{"event":"select difference from studyDate_ref where SysPatientID = ? : 20130311122412201900000","user":"sk@c.com","timestamp":"29-01-2020 23:27:14"},
{"event":"select difference from studyDate_ref where SysPatientID = ? : 20130311122412201900000","user":"sk@c.com","timestamp":"29-01-2020 23:27:14"},
{"event":"select difference from studyDate_ref where SysPatientID = ? : 20130311122412201900000","user":"sk@c.com","timestamp":"29-01-2020 23:27:14"},
{"event":"select difference from studyDate_ref where SysPatientID = ? : 20130311122412201900000","user":"sk@c.com","timestamp":"29-01-2020 23:27:14"},
{"event":"select difference from studyDate_ref where SysPatientID = ? : 20130311122412201900000","user":"sk@c.com","timestamp":"29-01-2020 23:27:14"},
{"event":"select difference from studyDate_ref where SysPatientID = ? : 20130311122412201900000","user":"sk@c.com","timestamp":"29-01-2020 23:27:14"},
{"event":"select * from login where uid=? and pass=?","user":"sk@c.com","timestamp":"29-01-2020 23:28:31"},
{"event":"select * from project","user":"sk@c.com","timestamp":"29-01-2020 23:28:31"},
{"event":"select DCMPatientID, SysPatientID from patientid_map","user":"sk@c.com","timestamp":"29-01-2020 23:28:45"},
{"event":"SELECT tablename,chaviattribute,csvattribute from csvjsonattributemap where projectid=?","user":"sk@c.com","timestamp":"29-01-2020 23:28:45"},
{"event":"select symbol,moleculetype,moleculename from moleculescatalog limit 0,3000","user":"sk@c.com","timestamp":"29-01-2020 23:28:45"},
{"event":"select difference from studyDate_ref where SysPatientID = ? : 20130311122701202000004","user":"sk@c.com","timestamp":"29-01-2020 23:28:45"},
{"event":"select difference from studyDate_ref where SysPatientID = ? : 20130311122701202000004","user":"sk@c.com","timestamp":"29-01-2020 23:28:45"},
{"event":"select difference from studyDate_ref where SysPatientID = ? : 20130311122701202000004","user":"sk@c.com","timestamp":"29-01-2020 23:28:45"},
{"event":"select difference from studyDate_ref where SysPatientID = ? : 20130311122701202000004","user":"sk@c.com","timestamp":"29-01-2020 23:28:45"},
{"event":"select difference from studyDate_ref where SysPatientID = ? : 20130311122701202000004","user":"sk@c.com","timestamp":"29-01-2020 23:28:45"},
{"event":"select difference from studyDate_ref where SysPatientID = ? : 20130311122701202000004","user":"sk@c.com","timestamp":"29-01-2020 23:28:45"},
{"event":"select difference from studyDate_ref where SysPatientID = ? : 20130311122701202000004","user":"sk@c.com","timestamp":"29-01-2020 23:28:45"},
{"event":"select difference from studyDate_ref where SysPatientID = ? : 20130311122701202000003","user":"sk@c.com","timestamp":"29-01-2020 23:28:45"},
{"event":"select difference from studyDate_ref where SysPatientID = ? : 20130311122701202000003","user":"sk@c.com","timestamp":"29-01-2020 23:28:45"},
{"event":"select difference from studyDate_ref where SysPatientID = ? : 20130311122701202000003","user":"sk@c.com","timestamp":"29-01-2020 23:28:45"},
{"event":"select difference from studyDate_ref where SysPatientID = ? : 20130311122701202000003","user":"sk@c.com","timestamp":"29-01-2020 23:28:45"},
{"event":"select difference from studyDate_ref where SysPatientID = ? : 20130311122701202000003","user":"sk@c.com","timestamp":"29-01-2020 23:28:45"},
{"event":"select difference from studyDate_ref where SysPatientID = ? : 20130311122701202000003","user":"sk@c.com","timestamp":"29-01-2020 23:28:45"},
{"event":"select difference from studyDate_ref where SysPatientID = ? : 20130311122701202000003","user":"sk@c.com","timestamp":"29-01-2020 23:28:45"},
{"event":"select difference from studyDate_ref where SysPatientID = ? : 20130311122701202000002","user":"sk@c.com","timestamp":"29-01-2020 23:28:45"},
{"event":"select difference from studyDate_ref where SysPatientID = ? : 20130311122701202000002","user":"sk@c.com","timestamp":"29-01-2020 23:28:45"},
{"event":"select difference from studyDate_ref where SysPatientID = ? : 20130311122701202000002","user":"sk@c.com","timestamp":"29-01-2020 23:28:45"},
{"event":"select difference from studyDate_ref where SysPatientID = ? : 20130311122701202000002","user":"sk@c.com","timestamp":"29-01-2020 23:28:45"},
{"event":"select difference from studyDate_ref where SysPatientID = ? : 20130311122701202000002","user":"sk@c.com","timestamp":"29-01-2020 23:28:45"},
{"event":"select difference from studyDate_ref where SysPatientID = ? : 20130311122701202000002","user":"sk@c.com","timestamp":"29-01-2020 23:28:45"},
{"event":"select difference from studyDate_ref where SysPatientID = ? : 20130311122701202000002","user":"sk@c.com","timestamp":"29-01-2020 23:28:45"},
{"event":"select difference from studyDate_ref where SysPatientID = ? : 20130311122701202000002","user":"sk@c.com","timestamp":"29-01-2020 23:28:45"},
{"event":"select difference from studyDate_ref where SysPatientID = ? : 20130311122701202000001","user":"sk@c.com","timestamp":"29-01-2020 23:28:45"},
{"event":"select difference from studyDate_ref where SysPatientID = ? : 20130311122701202000001","user":"sk@c.com","timestamp":"29-01-2020 23:28:46"},
{"event":"select difference from studyDate_ref where SysPatientID = ? : 20130311122701202000001","user":"sk@c.com","timestamp":"29-01-2020 23:28:46"},
{"event":"select difference from studyDate_ref where SysPatientID = ? : 20130311122701202000001","user":"sk@c.com","timestamp":"29-01-2020 23:28:46"},
{"event":"select difference from studyDate_ref where SysPatientID = ? : 20130311122701202000001","user":"sk@c.com","timestamp":"29-01-2020 23:28:46"},
{"event":"select difference from studyDate_ref where SysPatientID = ? : 20130311122701202000001","user":"sk@c.com","timestamp":"29-01-2020 23:28:46"},
{"event":"select difference from studyDate_ref where SysPatientID = ? : 20130311122701202000001","user":"sk@c.com","timestamp":"29-01-2020 23:28:46"},
{"event":"select difference from studyDate_ref where SysPatientID = ? : 20130311122701202000001","user":"sk@c.com","timestamp":"29-01-2020 23:28:46"},
{"event":"select difference from studyDate_ref where SysPatientID = ? : 20130311122701202000000","user":"sk@c.com","timestamp":"29-01-2020 23:28:46"},
{"event":"select difference from studyDate_ref where SysPatientID = ? : 20130311122701202000000","user":"sk@c.com","timestamp":"29-01-2020 23:28:46"},
{"event":"select difference from studyDate_ref where SysPatientID = ? : 20130311122701202000000","user":"sk@c.com","timestamp":"29-01-2020 23:28:46"},
{"event":"select difference from studyDate_ref where SysPatientID = ? : 20130311122701202000000","user":"sk@c.com","timestamp":"29-01-2020 23:28:46"},
{"event":"select difference from studyDate_ref where SysPatientID = ? : 20130311122701202000000","user":"sk@c.com","timestamp":"29-01-2020 23:28:46"},
{"event":"select difference from studyDate_ref where SysPatientID = ? : 20130311122701202000000","user":"sk@c.com","timestamp":"29-01-2020 23:28:46"},
{"event":"select difference from studyDate_ref where SysPatientID = ? : 20130311122701202000000","user":"sk@c.com","timestamp":"29-01-2020 23:28:46"},
{"event":"select difference from studyDate_ref where SysPatientID = ? : 20130311122001202000000","user":"sk@c.com","timestamp":"29-01-2020 23:28:46"},
{"event":"select difference from studyDate_ref where SysPatientID = ? : 20130311122001202000000","user":"sk@c.com","timestamp":"29-01-2020 23:28:46"},
{"event":"select difference from studyDate_ref where SysPatientID = ? : 20130311122001202000000","user":"sk@c.com","timestamp":"29-01-2020 23:28:46"},
{"event":"select difference from studyDate_ref where SysPatientID = ? : 20130311122001202000000","user":"sk@c.com","timestamp":"29-01-2020 23:28:46"},
{"event":"select difference from studyDate_ref where SysPatientID = ? : 20130311122001202000000","user":"sk@c.com","timestamp":"29-01-2020 23:28:46"},
{"event":"select difference from studyDate_ref where SysPatientID = ? : 20130311122001202000000","user":"sk@c.com","timestamp":"29-01-2020 23:28:46"},
{"event":"select difference from studyDate_ref where SysPatientID = ? : 20130311122001202000000","user":"sk@c.com","timestamp":"29-01-2020 23:28:46"},
{"event":"select difference from studyDate_ref where SysPatientID = ? : 20130311122001202000000","user":"sk@c.com","timestamp":"29-01-2020 23:28:46"},
{"event":"select difference from studyDate_ref where SysPatientID = ? : 20130311122412201900000","user":"sk@c.com","timestamp":"29-01-2020 23:28:46"},
{"event":"select difference from studyDate_ref where SysPatientID = ? : 20130311122412201900000","user":"sk@c.com","timestamp":"29-01-2020 23:28:46"},
{"event":"select difference from studyDate_ref where SysPatientID = ? : 20130311122412201900000","user":"sk@c.com","timestamp":"29-01-2020 23:28:46"},
{"event":"select difference from studyDate_ref where SysPatientID = ? : 20130311122412201900000","user":"sk@c.com","timestamp":"29-01-2020 23:28:46"},
{"event":"select difference from studyDate_ref where SysPatientID = ? : 20130311122412201900000","user":"sk@c.com","timestamp":"29-01-2020 23:28:46"},
{"event":"select difference from studyDate_ref where SysPatientID = ? : 20130311122412201900000","user":"sk@c.com","timestamp":"29-01-2020 23:28:46"},
{"event":"select difference from studyDate_ref where SysPatientID = ? : 20130311122412201900000","user":"sk@c.com","timestamp":"29-01-2020 23:28:46"},
{"event":"select * from login where uid=? and pass=?","user":"sk@c.com","timestamp":"29-01-2020 23:30:04"},
{"event":"select * from project","user":"sk@c.com","timestamp":"29-01-2020 23:30:04"},
{"event":"select DCMPatientID, SysPatientID from patientid_map","user":"sk@c.com","timestamp":"29-01-2020 23:30:17"},
{"event":"SELECT tablename,chaviattribute,csvattribute from csvjsonattributemap where projectid=?","user":"sk@c.com","timestamp":"29-01-2020 23:30:17"},
{"event":"select symbol,moleculetype,moleculename from moleculescatalog limit 0,3000","user":"sk@c.com","timestamp":"29-01-2020 23:30:17"},
{"event":"select difference from studyDate_ref where SysPatientID = ? : 20130311122701202000004","user":"sk@c.com","timestamp":"29-01-2020 23:30:17"},
{"event":"select difference from studyDate_ref where SysPatientID = ? : 20130311122701202000004","user":"sk@c.com","timestamp":"29-01-2020 23:30:17"},
{"event":"select difference from studyDate_ref where SysPatientID = ? : 20130311122701202000004","user":"sk@c.com","timestamp":"29-01-2020 23:30:17"},
{"event":"select difference from studyDate_ref where SysPatientID = ? : 20130311122701202000004","user":"sk@c.com","timestamp":"29-01-2020 23:30:17"},
{"event":"select difference from studyDate_ref where SysPatientID = ? : 20130311122701202000004","user":"sk@c.com","timestamp":"29-01-2020 23:30:17"},
{"event":"select difference from studyDate_ref where SysPatientID = ? : 20130311122701202000004","user":"sk@c.com","timestamp":"29-01-2020 23:30:17"},
{"event":"select difference from studyDate_ref where SysPatientID = ? : 20130311122701202000004","user":"sk@c.com","timestamp":"29-01-2020 23:30:17"},
{"event":"select difference from studyDate_ref where SysPatientID = ? : 20130311122701202000003","user":"sk@c.com","timestamp":"29-01-2020 23:30:18"},
{"event":"select difference from studyDate_ref where SysPatientID = ? : 20130311122701202000003","user":"sk@c.com","timestamp":"29-01-2020 23:30:18"},
{"event":"select difference from studyDate_ref where SysPatientID = ? : 20130311122701202000003","user":"sk@c.com","timestamp":"29-01-2020 23:30:18"},
{"event":"select difference from studyDate_ref where SysPatientID = ? : 20130311122701202000003","user":"sk@c.com","timestamp":"29-01-2020 23:30:18"},
{"event":"select difference from studyDate_ref where SysPatientID = ? : 20130311122701202000003","user":"sk@c.com","timestamp":"29-01-2020 23:30:18"},
{"event":"select difference from studyDate_ref where SysPatientID = ? : 20130311122701202000003","user":"sk@c.com","timestamp":"29-01-2020 23:30:18"},
{"event":"select difference from studyDate_ref where SysPatientID = ? : 20130311122701202000003","user":"sk@c.com","timestamp":"29-01-2020 23:30:18"},
{"event":"select difference from studyDate_ref where SysPatientID = ? : 20130311122701202000002","user":"sk@c.com","timestamp":"29-01-2020 23:30:18"},
{"event":"select difference from studyDate_ref where SysPatientID = ? : 20130311122701202000002","user":"sk@c.com","timestamp":"29-01-2020 23:30:18"},
{"event":"select difference from studyDate_ref where SysPatientID = ? : 20130311122701202000002","user":"sk@c.com","timestamp":"29-01-2020 23:30:18"},
{"event":"select difference from studyDate_ref where SysPatientID = ? : 20130311122701202000002","user":"sk@c.com","timestamp":"29-01-2020 23:30:18"},
{"event":"select difference from studyDate_ref where SysPatientID = ? : 20130311122701202000002","user":"sk@c.com","timestamp":"29-01-2020 23:30:18"},
{"event":"select difference from studyDate_ref where SysPatientID = ? : 20130311122701202000002","user":"sk@c.com","timestamp":"29-01-2020 23:30:18"},
{"event":"select difference from studyDate_ref where SysPatientID = ? : 20130311122701202000002","user":"sk@c.com","timestamp":"29-01-2020 23:30:18"},
{"event":"select difference from studyDate_ref where SysPatientID = ? : 20130311122701202000002","user":"sk@c.com","timestamp":"29-01-2020 23:30:18"},
{"event":"select difference from studyDate_ref where SysPatientID = ? : 20130311122701202000001","user":"sk@c.com","timestamp":"29-01-2020 23:30:18"},
{"event":"select difference from studyDate_ref where SysPatientID = ? : 20130311122701202000001","user":"sk@c.com","timestamp":"29-01-2020 23:30:18"},
{"event":"select difference from studyDate_ref where SysPatientID = ? : 20130311122701202000001","user":"sk@c.com","timestamp":"29-01-2020 23:30:18"},
{"event":"select difference from studyDate_ref where SysPatientID = ? : 20130311122701202000001","user":"sk@c.com","timestamp":"29-01-2020 23:30:18"},
{"event":"select difference from studyDate_ref where SysPatientID = ? : 20130311122701202000001","user":"sk@c.com","timestamp":"29-01-2020 23:30:18"},
{"event":"select difference from studyDate_ref where SysPatientID = ? : 20130311122701202000001","user":"sk@c.com","timestamp":"29-01-2020 23:30:18"},
{"event":"select difference from studyDate_ref where SysPatientID = ? : 20130311122701202000001","user":"sk@c.com","timestamp":"29-01-2020 23:30:18"},
{"event":"select difference from studyDate_ref where SysPatientID = ? : 20130311122701202000001","user":"sk@c.com","timestamp":"29-01-2020 23:30:18"},
{"event":"select difference from studyDate_ref where SysPatientID = ? : 20130311122701202000000","user":"sk@c.com","timestamp":"29-01-2020 23:30:18"},
{"event":"select difference from studyDate_ref where SysPatientID = ? : 20130311122701202000000","user":"sk@c.com","timestamp":"29-01-2020 23:30:18"},
{"event":"select difference from studyDate_ref where SysPatientID = ? : 20130311122701202000000","user":"sk@c.com","timestamp":"29-01-2020 23:30:18"},
{"event":"select difference from studyDate_ref where SysPatientID = ? : 20130311122701202000000","user":"sk@c.com","timestamp":"29-01-2020 23:30:18"},
{"event":"select difference from studyDate_ref where SysPatientID = ? : 20130311122701202000000","user":"sk@c.com","timestamp":"29-01-2020 23:30:18"},
{"event":"select difference from studyDate_ref where SysPatientID = ? : 20130311122701202000000","user":"sk@c.com","timestamp":"29-01-2020 23:30:18"},
{"event":"select difference from studyDate_ref where SysPatientID = ? : 20130311122701202000000","user":"sk@c.com","timestamp":"29-01-2020 23:30:18"},
{"event":"select difference from studyDate_ref where SysPatientID = ? : 20130311122001202000000","user":"sk@c.com","timestamp":"29-01-2020 23:30:18"},
{"event":"select difference from studyDate_ref where SysPatientID = ? : 20130311122001202000000","user":"sk@c.com","timestamp":"29-01-2020 23:30:18"},
{"event":"select difference from studyDate_ref where SysPatientID = ? : 20130311122001202000000","user":"sk@c.com","timestamp":"29-01-2020 23:30:18"},
{"event":"select difference from studyDate_ref where SysPatientID = ? : 20130311122001202000000","user":"sk@c.com","timestamp":"29-01-2020 23:30:18"},
{"event":"select difference from studyDate_ref where SysPatientID = ? : 20130311122001202000000","user":"sk@c.com","timestamp":"29-01-2020 23:30:18"},
{"event":"select difference from studyDate_ref where SysPatientID = ? : 20130311122001202000000","user":"sk@c.com","timestamp":"29-01-2020 23:30:18"},
{"event":"select difference from studyDate_ref where SysPatientID = ? : 20130311122001202000000","user":"sk@c.com","timestamp":"29-01-2020 23:30:18"},
{"event":"select difference from studyDate_ref where SysPatientID = ? : 20130311122001202000000","user":"sk@c.com","timestamp":"29-01-2020 23:30:18"},
{"event":"select difference from studyDate_ref where SysPatientID = ? : 20130311122412201900000","user":"sk@c.com","timestamp":"29-01-2020 23:30:18"},
{"event":"select difference from studyDate_ref where SysPatientID = ? : 20130311122412201900000","user":"sk@c.com","timestamp":"29-01-2020 23:30:18"},
{"event":"select difference from studyDate_ref where SysPatientID = ? : 20130311122412201900000","user":"sk@c.com","timestamp":"29-01-2020 23:30:18"},
{"event":"select difference from studyDate_ref where SysPatientID = ? : 20130311122412201900000","user":"sk@c.com","timestamp":"29-01-2020 23:30:18"},
{"event":"select difference from studyDate_ref where SysPatientID = ? : 20130311122412201900000","user":"sk@c.com","timestamp":"29-01-2020 23:30:18"},
{"event":"select difference from studyDate_ref where SysPatientID = ? : 20130311122412201900000","user":"sk@c.com","timestamp":"29-01-2020 23:30:18"},
{"event":"select difference from studyDate_ref where SysPatientID = ? : 20130311122412201900000","user":"sk@c.com","timestamp":"29-01-2020 23:30:18"},
{"event":"select * from login where uid=? and pass=?","user":"sk@c.com","timestamp":"29-01-2020 23:34:15"},
{"event":"select * from project","user":"sk@c.com","timestamp":"29-01-2020 23:34:15"},
{"event":"select DCMPatientID, SysPatientID from patientid_map","user":"sk@c.com","timestamp":"29-01-2020 23:34:26"},
{"event":"SELECT tablename,chaviattribute,csvattribute from csvjsonattributemap where projectid=?","user":"sk@c.com","timestamp":"29-01-2020 23:34:26"},
{"event":"select symbol,moleculetype,moleculename from moleculescatalog limit 0,3000","user":"sk@c.com","timestamp":"29-01-2020 23:34:26"},
{"event":"select difference from studyDate_ref where SysPatientID = ? : 20130311122701202000004","user":"sk@c.com","timestamp":"29-01-2020 23:34:26"},
{"event":"select difference from studyDate_ref where SysPatientID = ? : 20130311122701202000004","user":"sk@c.com","timestamp":"29-01-2020 23:34:26"},
{"event":"select difference from studyDate_ref where SysPatientID = ? : 20130311122701202000004","user":"sk@c.com","timestamp":"29-01-2020 23:34:27"},
{"event":"select difference from studyDate_ref where SysPatientID = ? : 20130311122701202000004","user":"sk@c.com","timestamp":"29-01-2020 23:34:27"},
{"event":"select difference from studyDate_ref where SysPatientID = ? : 20130311122701202000004","user":"sk@c.com","timestamp":"29-01-2020 23:34:27"},
{"event":"select difference from studyDate_ref where SysPatientID = ? : 20130311122701202000004","user":"sk@c.com","timestamp":"29-01-2020 23:34:27"},
{"event":"select difference from studyDate_ref where SysPatientID = ? : 20130311122701202000004","user":"sk@c.com","timestamp":"29-01-2020 23:34:27"},
{"event":"select difference from studyDate_ref where SysPatientID = ? : 20130311122701202000003","user":"sk@c.com","timestamp":"29-01-2020 23:34:27"},
{"event":"select difference from studyDate_ref where SysPatientID = ? : 20130311122701202000003","user":"sk@c.com","timestamp":"29-01-2020 23:34:27"},
{"event":"select difference from studyDate_ref where SysPatientID = ? : 20130311122701202000003","user":"sk@c.com","timestamp":"29-01-2020 23:34:27"},
{"event":"select difference from studyDate_ref where SysPatientID = ? : 20130311122701202000003","user":"sk@c.com","timestamp":"29-01-2020 23:34:27"},
{"event":"select difference from studyDate_ref where SysPatientID = ? : 20130311122701202000003","user":"sk@c.com","timestamp":"29-01-2020 23:34:27"},
{"event":"select difference from studyDate_ref where SysPatientID = ? : 20130311122701202000003","user":"sk@c.com","timestamp":"29-01-2020 23:34:27"},
{"event":"select difference from studyDate_ref where SysPatientID = ? : 20130311122701202000003","user":"sk@c.com","timestamp":"29-01-2020 23:34:27"},
{"event":"select difference from studyDate_ref where SysPatientID = ? : 20130311122701202000002","user":"sk@c.com","timestamp":"29-01-2020 23:34:27"},
{"event":"select difference from studyDate_ref where SysPatientID = ? : 20130311122701202000002","user":"sk@c.com","timestamp":"29-01-2020 23:34:27"},
{"event":"select difference from studyDate_ref where SysPatientID = ? : 20130311122701202000002","user":"sk@c.com","timestamp":"29-01-2020 23:34:27"},
{"event":"select difference from studyDate_ref where SysPatientID = ? : 20130311122701202000002","user":"sk@c.com","timestamp":"29-01-2020 23:34:27"},
{"event":"select difference from studyDate_ref where SysPatientID = ? : 20130311122701202000002","user":"sk@c.com","timestamp":"29-01-2020 23:34:27"},
{"event":"select difference from studyDate_ref where SysPatientID = ? : 20130311122701202000002","user":"sk@c.com","timestamp":"29-01-2020 23:34:27"},
{"event":"select difference from studyDate_ref where SysPatientID = ? : 20130311122701202000002","user":"sk@c.com","timestamp":"29-01-2020 23:34:27"},
{"event":"select difference from studyDate_ref where SysPatientID = ? : 20130311122701202000002","user":"sk@c.com","timestamp":"29-01-2020 23:34:27"},
{"event":"select difference from studyDate_ref where SysPatientID = ? : 20130311122701202000001","user":"sk@c.com","timestamp":"29-01-2020 23:34:27"},
{"event":"select difference from studyDate_ref where SysPatientID = ? : 20130311122701202000001","user":"sk@c.com","timestamp":"29-01-2020 23:34:27"},
{"event":"select difference from studyDate_ref where SysPatientID = ? : 20130311122701202000001","user":"sk@c.com","timestamp":"29-01-2020 23:34:27"},
{"event":"select difference from studyDate_ref where SysPatientID = ? : 20130311122701202000001","user":"sk@c.com","timestamp":"29-01-2020 23:34:27"},
{"event":"select difference from studyDate_ref where SysPatientID = ? : 20130311122701202000001","user":"sk@c.com","timestamp":"29-01-2020 23:34:27"},
{"event":"select difference from studyDate_ref where SysPatientID = ? : 20130311122701202000001","user":"sk@c.com","timestamp":"29-01-2020 23:34:27"},
{"event":"select difference from studyDate_ref where SysPatientID = ? : 20130311122701202000001","user":"sk@c.com","timestamp":"29-01-2020 23:34:27"},
{"event":"select difference from studyDate_ref where SysPatientID = ? : 20130311122701202000001","user":"sk@c.com","timestamp":"29-01-2020 23:34:27"},
{"event":"select difference from studyDate_ref where SysPatientID = ? : 20130311122701202000000","user":"sk@c.com","timestamp":"29-01-2020 23:34:27"},
{"event":"select difference from studyDate_ref where SysPatientID = ? : 20130311122701202000000","user":"sk@c.com","timestamp":"29-01-2020 23:34:27"},
{"event":"select difference from studyDate_ref where SysPatientID = ? : 20130311122701202000000","user":"sk@c.com","timestamp":"29-01-2020 23:34:27"},
{"event":"select difference from studyDate_ref where SysPatientID = ? : 20130311122701202000000","user":"sk@c.com","timestamp":"29-01-2020 23:34:27"},
{"event":"select difference from studyDate_ref where SysPatientID = ? : 20130311122701202000000","user":"sk@c.com","timestamp":"29-01-2020 23:34:27"},
{"event":"select difference from studyDate_ref where SysPatientID = ? : 20130311122701202000000","user":"sk@c.com","timestamp":"29-01-2020 23:34:27"},
{"event":"select difference from studyDate_ref where SysPatientID = ? : 20130311122701202000000","user":"sk@c.com","timestamp":"29-01-2020 23:34:27"},
{"event":"select difference from studyDate_ref where SysPatientID = ? : 20130311122001202000000","user":"sk@c.com","timestamp":"29-01-2020 23:34:27"},
{"event":"select difference from studyDate_ref where SysPatientID = ? : 20130311122001202000000","user":"sk@c.com","timestamp":"29-01-2020 23:34:27"},
{"event":"select difference from studyDate_ref where SysPatientID = ? : 20130311122001202000000","user":"sk@c.com","timestamp":"29-01-2020 23:34:27"},
{"event":"select difference from studyDate_ref where SysPatientID = ? : 20130311122001202000000","user":"sk@c.com","timestamp":"29-01-2020 23:34:27"},
{"event":"select difference from studyDate_ref where SysPatientID = ? : 20130311122001202000000","user":"sk@c.com","timestamp":"29-01-2020 23:34:27"},
{"event":"select difference from studyDate_ref where SysPatientID = ? : 20130311122001202000000","user":"sk@c.com","timestamp":"29-01-2020 23:34:27"},
{"event":"select difference from studyDate_ref where SysPatientID = ? : 20130311122001202000000","user":"sk@c.com","timestamp":"29-01-2020 23:34:27"},
{"event":"select difference from studyDate_ref where SysPatientID = ? : 20130311122001202000000","user":"sk@c.com","timestamp":"29-01-2020 23:34:27"},
{"event":"select difference from studyDate_ref where SysPatientID = ? : 20130311122412201900000","user":"sk@c.com","timestamp":"29-01-2020 23:34:27"},
{"event":"select difference from studyDate_ref where SysPatientID = ? : 20130311122412201900000","user":"sk@c.com","timestamp":"29-01-2020 23:34:27"},
{"event":"select difference from studyDate_ref where SysPatientID = ? : 20130311122412201900000","user":"sk@c.com","timestamp":"29-01-2020 23:34:27"},
{"event":"select difference from studyDate_ref where SysPatientID = ? : 20130311122412201900000","user":"sk@c.com","timestamp":"29-01-2020 23:34:27"},
{"event":"select difference from studyDate_ref where SysPatientID = ? : 20130311122412201900000","user":"sk@c.com","timestamp":"29-01-2020 23:34:27"},
{"event":"select difference from studyDate_ref where SysPatientID = ? : 20130311122412201900000","user":"sk@c.com","timestamp":"29-01-2020 23:34:27"},
{"event":"select difference from studyDate_ref where SysPatientID = ? : 20130311122412201900000","user":"sk@c.com","timestamp":"29-01-2020 23:34:27"},
{"event":"select * from login where uid=? and pass=?","user":"sk@c.com","timestamp":"29-01-2020 23:37:25"},
{"event":"select * from project","user":"sk@c.com","timestamp":"29-01-2020 23:37:26"},
{"event":"select DCMPatientID, SysPatientID from patientid_map","user":"sk@c.com","timestamp":"29-01-2020 23:37:43"},
{"event":"SELECT tablename,chaviattribute,csvattribute from csvjsonattributemap where projectid=?","user":"sk@c.com","timestamp":"29-01-2020 23:37:43"},
{"event":"select symbol,moleculetype,moleculename from moleculescatalog limit 0,3000","user":"sk@c.com","timestamp":"29-01-2020 23:37:43"},
{"event":"select difference from studyDate_ref where SysPatientID = ? : 20130311122701202000004","user":"sk@c.com","timestamp":"29-01-2020 23:37:43"},
{"event":"select difference from studyDate_ref where SysPatientID = ? : 20130311122701202000004","user":"sk@c.com","timestamp":"29-01-2020 23:37:43"},
{"event":"select difference from studyDate_ref where SysPatientID = ? : 20130311122701202000004","user":"sk@c.com","timestamp":"29-01-2020 23:37:43"},
{"event":"select difference from studyDate_ref where SysPatientID = ? : 20130311122701202000004","user":"sk@c.com","timestamp":"29-01-2020 23:37:43"},
{"event":"select difference from studyDate_ref where SysPatientID = ? : 20130311122701202000004","user":"sk@c.com","timestamp":"29-01-2020 23:37:43"},
{"event":"select difference from studyDate_ref where SysPatientID = ? : 20130311122701202000004","user":"sk@c.com","timestamp":"29-01-2020 23:37:43"},
{"event":"select difference from studyDate_ref where SysPatientID = ? : 20130311122701202000004","user":"sk@c.com","timestamp":"29-01-2020 23:37:43"},
{"event":"select difference from studyDate_ref where SysPatientID = ? : 20130311122701202000003","user":"sk@c.com","timestamp":"29-01-2020 23:37:43"},
{"event":"select difference from studyDate_ref where SysPatientID = ? : 20130311122701202000003","user":"sk@c.com","timestamp":"29-01-2020 23:37:43"},
{"event":"select difference from studyDate_ref where SysPatientID = ? : 20130311122701202000003","user":"sk@c.com","timestamp":"29-01-2020 23:37:43"},
{"event":"select difference from studyDate_ref where SysPatientID = ? : 20130311122701202000003","user":"sk@c.com","timestamp":"29-01-2020 23:37:43"},
{"event":"select difference from studyDate_ref where SysPatientID = ? : 20130311122701202000003","user":"sk@c.com","timestamp":"29-01-2020 23:37:43"},
{"event":"select difference from studyDate_ref where SysPatientID = ? : 20130311122701202000003","user":"sk@c.com","timestamp":"29-01-2020 23:37:43"},
{"event":"select difference from studyDate_ref where SysPatientID = ? : 20130311122701202000003","user":"sk@c.com","timestamp":"29-01-2020 23:37:43"},
{"event":"select difference from studyDate_ref where SysPatientID = ? : 20130311122701202000002","user":"sk@c.com","timestamp":"29-01-2020 23:37:43"},
{"event":"select difference from studyDate_ref where SysPatientID = ? : 20130311122701202000002","user":"sk@c.com","timestamp":"29-01-2020 23:37:43"},
{"event":"select difference from studyDate_ref where SysPatientID = ? : 20130311122701202000002","user":"sk@c.com","timestamp":"29-01-2020 23:37:43"},
{"event":"select difference from studyDate_ref where SysPatientID = ? : 20130311122701202000002","user":"sk@c.com","timestamp":"29-01-2020 23:37:43"},
{"event":"select difference from studyDate_ref where SysPatientID = ? : 20130311122701202000002","user":"sk@c.com","timestamp":"29-01-2020 23:37:43"},
{"event":"select difference from studyDate_ref where SysPatientID = ? : 20130311122701202000002","user":"sk@c.com","timestamp":"29-01-2020 23:37:43"},
{"event":"select difference from studyDate_ref where SysPatientID = ? : 20130311122701202000002","user":"sk@c.com","timestamp":"29-01-2020 23:37:43"},
{"event":"select difference from studyDate_ref where SysPatientID = ? : 20130311122701202000002","user":"sk@c.com","timestamp":"29-01-2020 23:37:43"},
{"event":"select difference from studyDate_ref where SysPatientID = ? : 20130311122701202000001","user":"sk@c.com","timestamp":"29-01-2020 23:37:43"},
{"event":"select difference from studyDate_ref where SysPatientID = ? : 20130311122701202000001","user":"sk@c.com","timestamp":"29-01-2020 23:37:43"},
{"event":"select difference from studyDate_ref where SysPatientID = ? : 20130311122701202000001","user":"sk@c.com","timestamp":"29-01-2020 23:37:43"},
{"event":"select difference from studyDate_ref where SysPatientID = ? : 20130311122701202000001","user":"sk@c.com","timestamp":"29-01-2020 23:37:43"},
{"event":"select difference from studyDate_ref where SysPatientID = ? : 20130311122701202000001","user":"sk@c.com","timestamp":"29-01-2020 23:37:43"},
{"event":"select difference from studyDate_ref where SysPatientID = ? : 20130311122701202000001","user":"sk@c.com","timestamp":"29-01-2020 23:37:43"},
{"event":"select difference from studyDate_ref where SysPatientID = ? : 20130311122701202000001","user":"sk@c.com","timestamp":"29-01-2020 23:37:43"},
{"event":"select difference from studyDate_ref where SysPatientID = ? : 20130311122701202000001","user":"sk@c.com","timestamp":"29-01-2020 23:37:43"},
{"event":"select difference from studyDate_ref where SysPatientID = ? : 20130311122701202000000","user":"sk@c.com","timestamp":"29-01-2020 23:37:43"},
{"event":"select difference from studyDate_ref where SysPatientID = ? : 20130311122701202000000","user":"sk@c.com","timestamp":"29-01-2020 23:37:43"},
{"event":"select difference from studyDate_ref where SysPatientID = ? : 20130311122701202000000","user":"sk@c.com","timestamp":"29-01-2020 23:37:43"},
{"event":"select difference from studyDate_ref where SysPatientID = ? : 20130311122701202000000","user":"sk@c.com","timestamp":"29-01-2020 23:37:43"},
{"event":"select difference from studyDate_ref where SysPatientID = ? : 20130311122701202000000","user":"sk@c.com","timestamp":"29-01-2020 23:37:44"},
{"event":"select difference from studyDate_ref where SysPatientID = ? : 20130311122701202000000","user":"sk@c.com","timestamp":"29-01-2020 23:37:44"},
{"event":"select difference from studyDate_ref where SysPatientID = ? : 20130311122701202000000","user":"sk@c.com","timestamp":"29-01-2020 23:37:44"},
{"event":"select difference from studyDate_ref where SysPatientID = ? : 20130311122001202000000","user":"sk@c.com","timestamp":"29-01-2020 23:37:44"},
{"event":"select difference from studyDate_ref where SysPatientID = ? : 20130311122001202000000","user":"sk@c.com","timestamp":"29-01-2020 23:37:44"},
{"event":"select difference from studyDate_ref where SysPatientID = ? : 20130311122001202000000","user":"sk@c.com","timestamp":"29-01-2020 23:37:44"},
{"event":"select difference from studyDate_ref where SysPatientID = ? : 20130311122001202000000","user":"sk@c.com","timestamp":"29-01-2020 23:37:44"},
{"event":"select difference from studyDate_ref where SysPatientID = ? : 20130311122001202000000","user":"sk@c.com","timestamp":"29-01-2020 23:37:44"},
{"event":"select difference from studyDate_ref where SysPatientID = ? : 20130311122001202000000","user":"sk@c.com","timestamp":"29-01-2020 23:37:44"},
{"event":"select difference from studyDate_ref where SysPatientID = ? : 20130311122001202000000","user":"sk@c.com","timestamp":"29-01-2020 23:37:44"},
{"event":"select difference from studyDate_ref where SysPatientID = ? : 20130311122001202000000","user":"sk@c.com","timestamp":"29-01-2020 23:37:44"},
{"event":"select difference from studyDate_ref where SysPatientID = ? : 20130311122412201900000","user":"sk@c.com","timestamp":"29-01-2020 23:37:44"},
{"event":"select difference from studyDate_ref where SysPatientID = ? : 20130311122412201900000","user":"sk@c.com","timestamp":"29-01-2020 23:37:44"},
{"event":"select difference from studyDate_ref where SysPatientID = ? : 20130311122412201900000","user":"sk@c.com","timestamp":"29-01-2020 23:37:44"},
{"event":"select difference from studyDate_ref where SysPatientID = ? : 20130311122412201900000","user":"sk@c.com","timestamp":"29-01-2020 23:37:44"},
{"event":"select difference from studyDate_ref where SysPatientID = ? : 20130311122412201900000","user":"sk@c.com","timestamp":"29-01-2020 23:37:44"},
{"event":"select difference from studyDate_ref where SysPatientID = ? : 20130311122412201900000","user":"sk@c.com","timestamp":"29-01-2020 23:37:44"},
{"event":"select difference from studyDate_ref where SysPatientID = ? : 20130311122412201900000","user":"sk@c.com","timestamp":"29-01-2020 23:37:44"},
{"event":"select * from login where uid=? and pass=?","user":"sk@c.com","timestamp":"29-01-2020 23:59:52"},
{"event":"select * from project","user":"sk@c.com","timestamp":"29-01-2020 23:59:53"},
