{"event":"select * from login where uid=? and pass=?","user":"sk@c.com","timestamp":"23-01-2020 10:58:40"},
{"event":"select * from project","user":"sk@c.com","timestamp":"23-01-2020 10:58:40"},
{"event":"select DCMPatientID, SysPatientID from patientid_map","user":"sk@c.com","timestamp":"23-01-2020 10:58:57"},
{"event":"SELECT tablename,chaviattribute,csvattribute from csvjsonattributemap where projectid=?","user":"sk@c.com","timestamp":"23-01-2020 10:58:57"},
{"event":"select symbol,moleculetype,moleculename from moleculescatalog limit 0,3000","user":"sk@c.com","timestamp":"23-01-2020 10:58:57"},
{"event":"select difference from studyDate_ref where SysPatientID = ? : 20130311122001202000000","user":"sk@c.com","timestamp":"23-01-2020 10:58:57"},
{"event":"select difference from studyDate_ref where SysPatientID = ? : 20130311122001202000000","user":"sk@c.com","timestamp":"23-01-2020 10:58:57"},
{"event":"select difference from studyDate_ref where SysPatientID = ? : 20130311122001202000000","user":"sk@c.com","timestamp":"23-01-2020 10:58:57"},
{"event":"select difference from studyDate_ref where SysPatientID = ? : 20130311122001202000000","user":"sk@c.com","timestamp":"23-01-2020 10:58:57"},
{"event":"select difference from studyDate_ref where SysPatientID = ? : 20130311122001202000000","user":"sk@c.com","timestamp":"23-01-2020 10:58:57"},
{"event":"select difference from studyDate_ref where SysPatientID = ? : 20130311122001202000000","user":"sk@c.com","timestamp":"23-01-2020 10:58:57"},
{"event":"select difference from studyDate_ref where SysPatientID = ? : 20130311122001202000000","user":"sk@c.com","timestamp":"23-01-2020 10:58:57"},
{"event":"select difference from studyDate_ref where SysPatientID = ? : 20130311122001202000000","user":"sk@c.com","timestamp":"23-01-2020 10:58:57"},
{"event":"select difference from studyDate_ref where SysPatientID = ? : 20130311122412201900000","user":"sk@c.com","timestamp":"23-01-2020 10:58:57"},
{"event":"select difference from studyDate_ref where SysPatientID = ? : 20130311122412201900000","user":"sk@c.com","timestamp":"23-01-2020 10:58:57"},
{"event":"select difference from studyDate_ref where SysPatientID = ? : 20130311122412201900000","user":"sk@c.com","timestamp":"23-01-2020 10:58:57"},
{"event":"select difference from studyDate_ref where SysPatientID = ? : 20130311122412201900000","user":"sk@c.com","timestamp":"23-01-2020 10:58:57"},
{"event":"select difference from studyDate_ref where SysPatientID = ? : 20130311122412201900000","user":"sk@c.com","timestamp":"23-01-2020 10:58:57"},
{"event":"select difference from studyDate_ref where SysPatientID = ? : 20130311122412201900000","user":"sk@c.com","timestamp":"23-01-2020 10:58:57"},
{"event":"select difference from studyDate_ref where SysPatientID = ? : 20130311122412201900000","user":"sk@c.com","timestamp":"23-01-2020 10:58:57"},
{"event":"select * from login where uid=? and pass=?","user":"sk@c.com","timestamp":"23-01-2020 11:07:15"},
{"event":"select * from project","user":"sk@c.com","timestamp":"23-01-2020 11:07:15"},
{"event":"select * from login where uid=? and pass=?","user":"sk@c.com","timestamp":"23-01-2020 11:18:36"},
{"event":"select * from project","user":"sk@c.com","timestamp":"23-01-2020 11:18:36"},
{"event":"select * from login where uid=? and pass=?","user":"sk@c.com","timestamp":"23-01-2020 11:24:30"},
{"event":"select * from project","user":"sk@c.com","timestamp":"23-01-2020 11:24:31"},
{"event":"select DCMPatientID, SysPatientID from patientid_map","user":"sk@c.com","timestamp":"23-01-2020 11:24:49"},
{"event":"SELECT tablename,chaviattribute,csvattribute from csvjsonattributemap where projectid=?","user":"sk@c.com","timestamp":"23-01-2020 11:24:49"},
{"event":"select symbol,moleculetype,moleculename from moleculescatalog limit 0,3000","user":"sk@c.com","timestamp":"23-01-2020 11:24:49"},
{"event":"select difference from studyDate_ref where SysPatientID = ? : 20130311122001202000000","user":"sk@c.com","timestamp":"23-01-2020 11:24:49"},
{"event":"select difference from studyDate_ref where SysPatientID = ? : 20130311122001202000000","user":"sk@c.com","timestamp":"23-01-2020 11:24:49"},
{"event":"select difference from studyDate_ref where SysPatientID = ? : 20130311122001202000000","user":"sk@c.com","timestamp":"23-01-2020 11:24:49"},
{"event":"select difference from studyDate_ref where SysPatientID = ? : 20130311122001202000000","user":"sk@c.com","timestamp":"23-01-2020 11:24:49"},
{"event":"select difference from studyDate_ref where SysPatientID = ? : 20130311122001202000000","user":"sk@c.com","timestamp":"23-01-2020 11:24:49"},
{"event":"select difference from studyDate_ref where SysPatientID = ? : 20130311122001202000000","user":"sk@c.com","timestamp":"23-01-2020 11:24:49"},
{"event":"select difference from studyDate_ref where SysPatientID = ? : 20130311122001202000000","user":"sk@c.com","timestamp":"23-01-2020 11:24:49"},
{"event":"select difference from studyDate_ref where SysPatientID = ? : 20130311122001202000000","user":"sk@c.com","timestamp":"23-01-2020 11:24:49"},
{"event":"select difference from studyDate_ref where SysPatientID = ? : 20130311122412201900000","user":"sk@c.com","timestamp":"23-01-2020 11:24:49"},
{"event":"select difference from studyDate_ref where SysPatientID = ? : 20130311122412201900000","user":"sk@c.com","timestamp":"23-01-2020 11:24:49"},
{"event":"select difference from studyDate_ref where SysPatientID = ? : 20130311122412201900000","user":"sk@c.com","timestamp":"23-01-2020 11:24:49"},
{"event":"select difference from studyDate_ref where SysPatientID = ? : 20130311122412201900000","user":"sk@c.com","timestamp":"23-01-2020 11:24:49"},
{"event":"select difference from studyDate_ref where SysPatientID = ? : 20130311122412201900000","user":"sk@c.com","timestamp":"23-01-2020 11:24:49"},
{"event":"select difference from studyDate_ref where SysPatientID = ? : 20130311122412201900000","user":"sk@c.com","timestamp":"23-01-2020 11:24:49"},
{"event":"select difference from studyDate_ref where SysPatientID = ? : 20130311122412201900000","user":"sk@c.com","timestamp":"23-01-2020 11:24:49"},
{"event":"select * from login where uid=? and pass=?","user":"sk@c.com","timestamp":"23-01-2020 11:29:41"},
{"event":"select * from project","user":"sk@c.com","timestamp":"23-01-2020 11:29:41"},
{"event":"select DCMPatientID, SysPatientID from patientid_map","user":"sk@c.com","timestamp":"23-01-2020 11:29:54"},
{"event":"SELECT tablename,chaviattribute,csvattribute from csvjsonattributemap where projectid=?","user":"sk@c.com","timestamp":"23-01-2020 11:29:54"},
{"event":"select symbol,moleculetype,moleculename from moleculescatalog limit 0,3000","user":"sk@c.com","timestamp":"23-01-2020 11:29:54"},
{"event":"select difference from studyDate_ref where SysPatientID = ? : 20130311122001202000000","user":"sk@c.com","timestamp":"23-01-2020 11:29:54"},
{"event":"select difference from studyDate_ref where SysPatientID = ? : 20130311122001202000000","user":"sk@c.com","timestamp":"23-01-2020 11:29:54"},
{"event":"select difference from studyDate_ref where SysPatientID = ? : 20130311122001202000000","user":"sk@c.com","timestamp":"23-01-2020 11:29:54"},
{"event":"select difference from studyDate_ref where SysPatientID = ? : 20130311122001202000000","user":"sk@c.com","timestamp":"23-01-2020 11:29:55"},
{"event":"select difference from studyDate_ref where SysPatientID = ? : 20130311122001202000000","user":"sk@c.com","timestamp":"23-01-2020 11:29:55"},
{"event":"select difference from studyDate_ref where SysPatientID = ? : 20130311122001202000000","user":"sk@c.com","timestamp":"23-01-2020 11:29:55"},
{"event":"select difference from studyDate_ref where SysPatientID = ? : 20130311122001202000000","user":"sk@c.com","timestamp":"23-01-2020 11:29:55"},
{"event":"select difference from studyDate_ref where SysPatientID = ? : 20130311122001202000000","user":"sk@c.com","timestamp":"23-01-2020 11:29:55"},
{"event":"select difference from studyDate_ref where SysPatientID = ? : 20130311122412201900000","user":"sk@c.com","timestamp":"23-01-2020 11:29:55"},
{"event":"select difference from studyDate_ref where SysPatientID = ? : 20130311122412201900000","user":"sk@c.com","timestamp":"23-01-2020 11:29:55"},
{"event":"select difference from studyDate_ref where SysPatientID = ? : 20130311122412201900000","user":"sk@c.com","timestamp":"23-01-2020 11:29:55"},
{"event":"select difference from studyDate_ref where SysPatientID = ? : 20130311122412201900000","user":"sk@c.com","timestamp":"23-01-2020 11:29:55"},
{"event":"select difference from studyDate_ref where SysPatientID = ? : 20130311122412201900000","user":"sk@c.com","timestamp":"23-01-2020 11:29:55"},
{"event":"select difference from studyDate_ref where SysPatientID = ? : 20130311122412201900000","user":"sk@c.com","timestamp":"23-01-2020 11:29:55"},
{"event":"select difference from studyDate_ref where SysPatientID = ? : 20130311122412201900000","user":"sk@c.com","timestamp":"23-01-2020 11:29:55"},
{"event":"select * from login where uid=? and pass=?","user":"sk@c.com","timestamp":"23-01-2020 14:37:42"},
{"event":"select * from project","user":"sk@c.com","timestamp":"23-01-2020 14:37:42"},
{"event":"select DCMPatientID, SysPatientID from patientid_map","user":"sk@c.com","timestamp":"23-01-2020 14:38:01"},
{"event":"SELECT tablename,chaviattribute,csvattribute from csvjsonattributemap where projectid=?","user":"sk@c.com","timestamp":"23-01-2020 14:38:01"},
{"event":"select symbol,moleculetype,moleculename from moleculescatalog limit 0,3000","user":"sk@c.com","timestamp":"23-01-2020 14:38:01"},
{"event":"select difference from studyDate_ref where SysPatientID = ? : 20130311122001202000000","user":"sk@c.com","timestamp":"23-01-2020 14:38:01"},
{"event":"select difference from studyDate_ref where SysPatientID = ? : 20130311122001202000000","user":"sk@c.com","timestamp":"23-01-2020 14:38:01"},
{"event":"select difference from studyDate_ref where SysPatientID = ? : 20130311122001202000000","user":"sk@c.com","timestamp":"23-01-2020 14:38:01"},
{"event":"select difference from studyDate_ref where SysPatientID = ? : 20130311122001202000000","user":"sk@c.com","timestamp":"23-01-2020 14:38:01"},
{"event":"select difference from studyDate_ref where SysPatientID = ? : 20130311122001202000000","user":"sk@c.com","timestamp":"23-01-2020 14:38:01"},
{"event":"select difference from studyDate_ref where SysPatientID = ? : 20130311122001202000000","user":"sk@c.com","timestamp":"23-01-2020 14:38:01"},
{"event":"select difference from studyDate_ref where SysPatientID = ? : 20130311122001202000000","user":"sk@c.com","timestamp":"23-01-2020 14:38:01"},
{"event":"select difference from studyDate_ref where SysPatientID = ? : 20130311122001202000000","user":"sk@c.com","timestamp":"23-01-2020 14:38:01"},
{"event":"select difference from studyDate_ref where SysPatientID = ? : 20130311122412201900000","user":"sk@c.com","timestamp":"23-01-2020 14:38:01"},
{"event":"select difference from studyDate_ref where SysPatientID = ? : 20130311122412201900000","user":"sk@c.com","timestamp":"23-01-2020 14:38:01"},
{"event":"select difference from studyDate_ref where SysPatientID = ? : 20130311122412201900000","user":"sk@c.com","timestamp":"23-01-2020 14:38:01"},
{"event":"select difference from studyDate_ref where SysPatientID = ? : 20130311122412201900000","user":"sk@c.com","timestamp":"23-01-2020 14:38:01"},
{"event":"select difference from studyDate_ref where SysPatientID = ? : 20130311122412201900000","user":"sk@c.com","timestamp":"23-01-2020 14:38:01"},
{"event":"select difference from studyDate_ref where SysPatientID = ? : 20130311122412201900000","user":"sk@c.com","timestamp":"23-01-2020 14:38:01"},
{"event":"select difference from studyDate_ref where SysPatientID = ? : 20130311122412201900000","user":"sk@c.com","timestamp":"23-01-2020 14:38:01"},
{"event":"select * from login where uid=? and pass=?","user":"sk@c.com","timestamp":"23-01-2020 14:40:45"},
{"event":"select * from project","user":"sk@c.com","timestamp":"23-01-2020 14:40:45"},
{"event":"select DCMPatientID, SysPatientID from patientid_map","user":"sk@c.com","timestamp":"23-01-2020 14:40:57"},
{"event":"SELECT tablename,chaviattribute,csvattribute from csvjsonattributemap where projectid=?","user":"sk@c.com","timestamp":"23-01-2020 14:40:57"},
{"event":"select symbol,moleculetype,moleculename from moleculescatalog limit 0,3000","user":"sk@c.com","timestamp":"23-01-2020 14:40:57"},
{"event":"select difference from studyDate_ref where SysPatientID = ? : 20130311122001202000000","user":"sk@c.com","timestamp":"23-01-2020 14:40:58"},
{"event":"select difference from studyDate_ref where SysPatientID = ? : 20130311122001202000000","user":"sk@c.com","timestamp":"23-01-2020 14:40:58"},
{"event":"select difference from studyDate_ref where SysPatientID = ? : 20130311122001202000000","user":"sk@c.com","timestamp":"23-01-2020 14:40:58"},
{"event":"select difference from studyDate_ref where SysPatientID = ? : 20130311122001202000000","user":"sk@c.com","timestamp":"23-01-2020 14:40:58"},
{"event":"select difference from studyDate_ref where SysPatientID = ? : 20130311122001202000000","user":"sk@c.com","timestamp":"23-01-2020 14:40:58"},
{"event":"select difference from studyDate_ref where SysPatientID = ? : 20130311122001202000000","user":"sk@c.com","timestamp":"23-01-2020 14:40:58"},
{"event":"select difference from studyDate_ref where SysPatientID = ? : 20130311122001202000000","user":"sk@c.com","timestamp":"23-01-2020 14:40:58"},
{"event":"select difference from studyDate_ref where SysPatientID = ? : 20130311122001202000000","user":"sk@c.com","timestamp":"23-01-2020 14:40:58"},
{"event":"select difference from studyDate_ref where SysPatientID = ? : 20130311122412201900000","user":"sk@c.com","timestamp":"23-01-2020 14:40:58"},
{"event":"select difference from studyDate_ref where SysPatientID = ? : 20130311122412201900000","user":"sk@c.com","timestamp":"23-01-2020 14:40:58"},
{"event":"select difference from studyDate_ref where SysPatientID = ? : 20130311122412201900000","user":"sk@c.com","timestamp":"23-01-2020 14:40:58"},
{"event":"select difference from studyDate_ref where SysPatientID = ? : 20130311122412201900000","user":"sk@c.com","timestamp":"23-01-2020 14:40:58"},
{"event":"select difference from studyDate_ref where SysPatientID = ? : 20130311122412201900000","user":"sk@c.com","timestamp":"23-01-2020 14:40:58"},
{"event":"select difference from studyDate_ref where SysPatientID = ? : 20130311122412201900000","user":"sk@c.com","timestamp":"23-01-2020 14:40:58"},
{"event":"select difference from studyDate_ref where SysPatientID = ? : 20130311122412201900000","user":"sk@c.com","timestamp":"23-01-2020 14:40:58"},
{"event":"select * from login where uid=? and pass=?","user":"sk@c.com","timestamp":"23-01-2020 14:41:47"},
{"event":"select * from project","user":"sk@c.com","timestamp":"23-01-2020 14:41:47"},
{"event":"select DCMPatientID, SysPatientID from patientid_map","user":"sk@c.com","timestamp":"23-01-2020 14:42:02"},
{"event":"SELECT tablename,chaviattribute,csvattribute from csvjsonattributemap where projectid=?","user":"sk@c.com","timestamp":"23-01-2020 14:42:02"},
{"event":"select symbol,moleculetype,moleculename from moleculescatalog limit 0,3000","user":"sk@c.com","timestamp":"23-01-2020 14:42:02"},
{"event":"select difference from studyDate_ref where SysPatientID = ? : 20130311122001202000000","user":"sk@c.com","timestamp":"23-01-2020 14:42:02"},
{"event":"select difference from studyDate_ref where SysPatientID = ? : 20130311122001202000000","user":"sk@c.com","timestamp":"23-01-2020 14:42:02"},
{"event":"select difference from studyDate_ref where SysPatientID = ? : 20130311122001202000000","user":"sk@c.com","timestamp":"23-01-2020 14:42:02"},
{"event":"select difference from studyDate_ref where SysPatientID = ? : 20130311122001202000000","user":"sk@c.com","timestamp":"23-01-2020 14:42:02"},
{"event":"select difference from studyDate_ref where SysPatientID = ? : 20130311122001202000000","user":"sk@c.com","timestamp":"23-01-2020 14:42:02"},
{"event":"select difference from studyDate_ref where SysPatientID = ? : 20130311122001202000000","user":"sk@c.com","timestamp":"23-01-2020 14:42:03"},
{"event":"select difference from studyDate_ref where SysPatientID = ? : 20130311122001202000000","user":"sk@c.com","timestamp":"23-01-2020 14:42:03"},
{"event":"select difference from studyDate_ref where SysPatientID = ? : 20130311122001202000000","user":"sk@c.com","timestamp":"23-01-2020 14:42:03"},
{"event":"select difference from studyDate_ref where SysPatientID = ? : 20130311122412201900000","user":"sk@c.com","timestamp":"23-01-2020 14:42:03"},
{"event":"select difference from studyDate_ref where SysPatientID = ? : 20130311122412201900000","user":"sk@c.com","timestamp":"23-01-2020 14:42:03"},
{"event":"select difference from studyDate_ref where SysPatientID = ? : 20130311122412201900000","user":"sk@c.com","timestamp":"23-01-2020 14:42:03"},
{"event":"select difference from studyDate_ref where SysPatientID = ? : 20130311122412201900000","user":"sk@c.com","timestamp":"23-01-2020 14:42:03"},
{"event":"select difference from studyDate_ref where SysPatientID = ? : 20130311122412201900000","user":"sk@c.com","timestamp":"23-01-2020 14:42:03"},
{"event":"select difference from studyDate_ref where SysPatientID = ? : 20130311122412201900000","user":"sk@c.com","timestamp":"23-01-2020 14:42:03"},
{"event":"select difference from studyDate_ref where SysPatientID = ? : 20130311122412201900000","user":"sk@c.com","timestamp":"23-01-2020 14:42:03"},
{"event":"select * from login where uid=? and pass=?","user":"sk@c.com","timestamp":"23-01-2020 14:46:53"},
{"event":"select * from project","user":"sk@c.com","timestamp":"23-01-2020 14:46:53"},
{"event":"select DCMPatientID, SysPatientID from patientid_map","user":"sk@c.com","timestamp":"23-01-2020 14:47:12"},
{"event":"SELECT tablename,chaviattribute,csvattribute from csvjsonattributemap where projectid=?","user":"sk@c.com","timestamp":"23-01-2020 14:47:12"},
{"event":"select symbol,moleculetype,moleculename from moleculescatalog limit 0,3000","user":"sk@c.com","timestamp":"23-01-2020 14:47:12"},
{"event":"select difference from studyDate_ref where SysPatientID = ? : 20130311122001202000000","user":"sk@c.com","timestamp":"23-01-2020 14:47:12"},
{"event":"select difference from studyDate_ref where SysPatientID = ? : 20130311122001202000000","user":"sk@c.com","timestamp":"23-01-2020 14:47:12"},
{"event":"select difference from studyDate_ref where SysPatientID = ? : 20130311122001202000000","user":"sk@c.com","timestamp":"23-01-2020 14:47:12"},
{"event":"select difference from studyDate_ref where SysPatientID = ? : 20130311122001202000000","user":"sk@c.com","timestamp":"23-01-2020 14:47:12"},
{"event":"select difference from studyDate_ref where SysPatientID = ? : 20130311122001202000000","user":"sk@c.com","timestamp":"23-01-2020 14:47:12"},
{"event":"select difference from studyDate_ref where SysPatientID = ? : 20130311122001202000000","user":"sk@c.com","timestamp":"23-01-2020 14:47:12"},
{"event":"select difference from studyDate_ref where SysPatientID = ? : 20130311122001202000000","user":"sk@c.com","timestamp":"23-01-2020 14:47:12"},
{"event":"select difference from studyDate_ref where SysPatientID = ? : 20130311122001202000000","user":"sk@c.com","timestamp":"23-01-2020 14:47:12"},
{"event":"select difference from studyDate_ref where SysPatientID = ? : 20130311122412201900000","user":"sk@c.com","timestamp":"23-01-2020 14:47:12"},
{"event":"select difference from studyDate_ref where SysPatientID = ? : 20130311122412201900000","user":"sk@c.com","timestamp":"23-01-2020 14:47:12"},
{"event":"select difference from studyDate_ref where SysPatientID = ? : 20130311122412201900000","user":"sk@c.com","timestamp":"23-01-2020 14:47:12"},
{"event":"select difference from studyDate_ref where SysPatientID = ? : 20130311122412201900000","user":"sk@c.com","timestamp":"23-01-2020 14:47:12"},
{"event":"select difference from studyDate_ref where SysPatientID = ? : 20130311122412201900000","user":"sk@c.com","timestamp":"23-01-2020 14:47:13"},
{"event":"select difference from studyDate_ref where SysPatientID = ? : 20130311122412201900000","user":"sk@c.com","timestamp":"23-01-2020 14:47:13"},
{"event":"select difference from studyDate_ref where SysPatientID = ? : 20130311122412201900000","user":"sk@c.com","timestamp":"23-01-2020 14:47:13"},
{"event":"select * from login where uid=? and pass=?","user":"sk@c.com","timestamp":"23-01-2020 14:48:17"},
{"event":"select * from project","user":"sk@c.com","timestamp":"23-01-2020 14:48:18"},
{"event":"select DCMPatientID, SysPatientID from patientid_map","user":"sk@c.com","timestamp":"23-01-2020 14:48:34"},
{"event":"SELECT tablename,chaviattribute,csvattribute from csvjsonattributemap where projectid=?","user":"sk@c.com","timestamp":"23-01-2020 14:48:34"},
{"event":"select symbol,moleculetype,moleculename from moleculescatalog limit 0,3000","user":"sk@c.com","timestamp":"23-01-2020 14:48:34"},
{"event":"select difference from studyDate_ref where SysPatientID = ? : 20130311122001202000000","user":"sk@c.com","timestamp":"23-01-2020 14:48:34"},
{"event":"select difference from studyDate_ref where SysPatientID = ? : 20130311122001202000000","user":"sk@c.com","timestamp":"23-01-2020 14:48:34"},
{"event":"select difference from studyDate_ref where SysPatientID = ? : 20130311122001202000000","user":"sk@c.com","timestamp":"23-01-2020 14:48:34"},
{"event":"select difference from studyDate_ref where SysPatientID = ? : 20130311122001202000000","user":"sk@c.com","timestamp":"23-01-2020 14:48:34"},
{"event":"select difference from studyDate_ref where SysPatientID = ? : 20130311122001202000000","user":"sk@c.com","timestamp":"23-01-2020 14:48:34"},
{"event":"select difference from studyDate_ref where SysPatientID = ? : 20130311122001202000000","user":"sk@c.com","timestamp":"23-01-2020 14:48:34"},
{"event":"select difference from studyDate_ref where SysPatientID = ? : 20130311122001202000000","user":"sk@c.com","timestamp":"23-01-2020 14:48:34"},
{"event":"select difference from studyDate_ref where SysPatientID = ? : 20130311122001202000000","user":"sk@c.com","timestamp":"23-01-2020 14:48:34"},
{"event":"select difference from studyDate_ref where SysPatientID = ? : 20130311122412201900000","user":"sk@c.com","timestamp":"23-01-2020 14:48:34"},
{"event":"select difference from studyDate_ref where SysPatientID = ? : 20130311122412201900000","user":"sk@c.com","timestamp":"23-01-2020 14:48:34"},
{"event":"select difference from studyDate_ref where SysPatientID = ? : 20130311122412201900000","user":"sk@c.com","timestamp":"23-01-2020 14:48:34"},
{"event":"select difference from studyDate_ref where SysPatientID = ? : 20130311122412201900000","user":"sk@c.com","timestamp":"23-01-2020 14:48:34"},
{"event":"select difference from studyDate_ref where SysPatientID = ? : 20130311122412201900000","user":"sk@c.com","timestamp":"23-01-2020 14:48:34"},
{"event":"select difference from studyDate_ref where SysPatientID = ? : 20130311122412201900000","user":"sk@c.com","timestamp":"23-01-2020 14:48:34"},
{"event":"select difference from studyDate_ref where SysPatientID = ? : 20130311122412201900000","user":"sk@c.com","timestamp":"23-01-2020 14:48:34"},
{"event":"select * from login where uid=? and pass=?","user":"admin","timestamp":"23-01-2020 14:48:53"},
{"event":"select * from login where uid=? and pass=?","user":"sk@c.com","timestamp":"23-01-2020 14:57:48"},
{"event":"select * from project","user":"sk@c.com","timestamp":"23-01-2020 14:57:49"},
{"event":"select DCMPatientID, SysPatientID from patientid_map","user":"sk@c.com","timestamp":"23-01-2020 14:58:10"},
{"event":"SELECT tablename,chaviattribute,csvattribute from csvjsonattributemap where projectid=?","user":"sk@c.com","timestamp":"23-01-2020 14:58:10"},
{"event":"select symbol,moleculetype,moleculename from moleculescatalog limit 0,3000","user":"sk@c.com","timestamp":"23-01-2020 14:58:10"},
{"event":"select difference from studyDate_ref where SysPatientID = ? : 20130311122001202000000","user":"sk@c.com","timestamp":"23-01-2020 14:58:10"},
{"event":"select difference from studyDate_ref where SysPatientID = ? : 20130311122001202000000","user":"sk@c.com","timestamp":"23-01-2020 14:58:10"},
{"event":"select difference from studyDate_ref where SysPatientID = ? : 20130311122001202000000","user":"sk@c.com","timestamp":"23-01-2020 14:58:10"},
{"event":"select difference from studyDate_ref where SysPatientID = ? : 20130311122001202000000","user":"sk@c.com","timestamp":"23-01-2020 14:58:10"},
{"event":"select difference from studyDate_ref where SysPatientID = ? : 20130311122001202000000","user":"sk@c.com","timestamp":"23-01-2020 14:58:10"},
{"event":"select difference from studyDate_ref where SysPatientID = ? : 20130311122001202000000","user":"sk@c.com","timestamp":"23-01-2020 14:58:10"},
{"event":"select difference from studyDate_ref where SysPatientID = ? : 20130311122001202000000","user":"sk@c.com","timestamp":"23-01-2020 14:58:10"},
{"event":"select difference from studyDate_ref where SysPatientID = ? : 20130311122001202000000","user":"sk@c.com","timestamp":"23-01-2020 14:58:10"},
{"event":"select difference from studyDate_ref where SysPatientID = ? : 20130311122412201900000","user":"sk@c.com","timestamp":"23-01-2020 14:58:10"},
{"event":"select difference from studyDate_ref where SysPatientID = ? : 20130311122412201900000","user":"sk@c.com","timestamp":"23-01-2020 14:58:10"},
{"event":"select difference from studyDate_ref where SysPatientID = ? : 20130311122412201900000","user":"sk@c.com","timestamp":"23-01-2020 14:58:10"},
{"event":"select difference from studyDate_ref where SysPatientID = ? : 20130311122412201900000","user":"sk@c.com","timestamp":"23-01-2020 14:58:10"},
{"event":"select difference from studyDate_ref where SysPatientID = ? : 20130311122412201900000","user":"sk@c.com","timestamp":"23-01-2020 14:58:10"},
{"event":"select difference from studyDate_ref where SysPatientID = ? : 20130311122412201900000","user":"sk@c.com","timestamp":"23-01-2020 14:58:10"},
{"event":"select difference from studyDate_ref where SysPatientID = ? : 20130311122412201900000","user":"sk@c.com","timestamp":"23-01-2020 14:58:10"},
{"event":"select * from login where uid=? and pass=?","user":"sk@c.com","timestamp":"23-01-2020 15:09:12"},
{"event":"select * from project","user":"sk@c.com","timestamp":"23-01-2020 15:09:13"},
{"event":"select * from diseasesite order by name","user":"sk@c.com","timestamp":"23-01-2020 15:09:26"},
{"event":"select * from diseasesite order by name","user":"sk@c.com","timestamp":"23-01-2020 15:21:44"},
{"event":"select * from login where uid=? and pass=?","user":"admin","timestamp":"23-01-2020 15:30:59"},
{"event":"select * from login where uid=? and pass=?","user":"admin","timestamp":"23-01-2020 15:39:05"},
{"event":"select * from project where projectid=? or approvalno=?","user":"admin","timestamp":"23-01-2020 15:39:06"},
{"event":"insert into project (projectname,projectid,approvalno,approvaldate,centerlist,piname,countrieslist,scientifictitle, projectabstract, iscontainanimalimage) values(?,?,?,?,?,?,?,?,?,?)","user":"admin","timestamp":"23-01-2020 15:39:06"},
{"event":"select * from login where uid=? and pass=?","user":"sk@c.com","timestamp":"23-01-2020 15:43:07"},
{"event":"select * from project","user":"sk@c.com","timestamp":"23-01-2020 15:43:08"},
{"event":"select DCMPatientID, SysPatientID from patientid_map","user":"sk@c.com","timestamp":"23-01-2020 15:43:25"},
{"event":"SELECT tablename,chaviattribute,csvattribute from csvjsonattributemap where projectid=?","user":"sk@c.com","timestamp":"23-01-2020 15:43:25"},
{"event":"select symbol,moleculetype,moleculename from moleculescatalog limit 0,3000","user":"sk@c.com","timestamp":"23-01-2020 15:43:25"},
{"event":"select difference from studyDate_ref where SysPatientID = ? : 20130311122001202000000","user":"sk@c.com","timestamp":"23-01-2020 15:43:25"},
{"event":"select * from login where uid=? and pass=?","user":"sk@c.com","timestamp":"23-01-2020 15:44:49"},
{"event":"select * from project","user":"sk@c.com","timestamp":"23-01-2020 15:44:49"},
{"event":"select DCMPatientID, SysPatientID from patientid_map","user":"sk@c.com","timestamp":"23-01-2020 15:45:04"},
{"event":"SELECT tablename,chaviattribute,csvattribute from csvjsonattributemap where projectid=?","user":"sk@c.com","timestamp":"23-01-2020 15:45:04"},
{"event":"select symbol,moleculetype,moleculename from moleculescatalog limit 0,3000","user":"sk@c.com","timestamp":"23-01-2020 15:45:04"},
{"event":"select difference from studyDate_ref where SysPatientID = ? : 20130311122001202000000","user":"sk@c.com","timestamp":"23-01-2020 15:45:04"},
{"event":"select difference from studyDate_ref where SysPatientID = ? : 20130311122001202000000","user":"sk@c.com","timestamp":"23-01-2020 15:45:04"},
{"event":"select difference from studyDate_ref where SysPatientID = ? : 20130311122001202000000","user":"sk@c.com","timestamp":"23-01-2020 15:45:04"},
{"event":"select difference from studyDate_ref where SysPatientID = ? : 20130311122001202000000","user":"sk@c.com","timestamp":"23-01-2020 15:45:04"},
{"event":"select difference from studyDate_ref where SysPatientID = ? : 20130311122001202000000","user":"sk@c.com","timestamp":"23-01-2020 15:45:04"},
{"event":"select difference from studyDate_ref where SysPatientID = ? : 20130311122001202000000","user":"sk@c.com","timestamp":"23-01-2020 15:45:04"},
{"event":"select difference from studyDate_ref where SysPatientID = ? : 20130311122001202000000","user":"sk@c.com","timestamp":"23-01-2020 15:45:04"},
{"event":"select difference from studyDate_ref where SysPatientID = ? : 20130311122001202000000","user":"sk@c.com","timestamp":"23-01-2020 15:45:04"},
{"event":"select difference from studyDate_ref where SysPatientID = ? : 20130311122412201900000","user":"sk@c.com","timestamp":"23-01-2020 15:45:04"},
{"event":"select difference from studyDate_ref where SysPatientID = ? : 20130311122412201900000","user":"sk@c.com","timestamp":"23-01-2020 15:45:04"},
{"event":"select difference from studyDate_ref where SysPatientID = ? : 20130311122412201900000","user":"sk@c.com","timestamp":"23-01-2020 15:45:04"},
{"event":"select difference from studyDate_ref where SysPatientID = ? : 20130311122412201900000","user":"sk@c.com","timestamp":"23-01-2020 15:45:04"},
{"event":"select difference from studyDate_ref where SysPatientID = ? : 20130311122412201900000","user":"sk@c.com","timestamp":"23-01-2020 15:45:04"},
{"event":"select difference from studyDate_ref where SysPatientID = ? : 20130311122412201900000","user":"sk@c.com","timestamp":"23-01-2020 15:45:04"},
{"event":"select difference from studyDate_ref where SysPatientID = ? : 20130311122412201900000","user":"sk@c.com","timestamp":"23-01-2020 15:45:04"},
{"event":"select * from login where uid=? and pass=?","user":"sk@c.com","timestamp":"23-01-2020 15:59:07"},
{"event":"select * from project","user":"sk@c.com","timestamp":"23-01-2020 15:59:07"},
{"event":"select * from diseasesite order by name","user":"sk@c.com","timestamp":"23-01-2020 15:59:10"},
{"event":"select * from login where uid=? and pass=?","user":"sk@c.com","timestamp":"23-01-2020 16:00:51"},
{"event":"select * from project","user":"sk@c.com","timestamp":"23-01-2020 16:00:52"},
{"event":"select * from diseasesite order by name","user":"sk@c.com","timestamp":"23-01-2020 16:00:57"},
{"event":"select * from login where uid=? and pass=?","user":"sk@c.com","timestamp":"23-01-2020 16:01:31"},
{"event":"select * from project","user":"sk@c.com","timestamp":"23-01-2020 16:01:32"},
{"event":"select * from diseasesite order by name","user":"sk@c.com","timestamp":"23-01-2020 16:02:22"},
{"event":"select * from login where uid=? and pass=?","user":"sk@c.com","timestamp":"23-01-2020 16:36:07"},
{"event":"select * from project","user":"sk@c.com","timestamp":"23-01-2020 16:36:08"},
{"event":"select * from diseasesite order by name","user":"sk@c.com","timestamp":"23-01-2020 16:36:12"},
{"event":"select * from login where uid=? and pass=?","user":"sk@c.com","timestamp":"23-01-2020 16:42:43"},
{"event":"select * from project","user":"sk@c.com","timestamp":"23-01-2020 16:42:43"},
{"event":"select * from login where uid=? and pass=?","user":"sk@c.com","timestamp":"23-01-2020 16:44:26"},
{"event":"select * from project","user":"sk@c.com","timestamp":"23-01-2020 16:44:26"},
{"event":"select DCMPatientID, SysPatientID from patientid_map","user":"sk@c.com","timestamp":"23-01-2020 16:44:44"},
{"event":"SELECT tablename,chaviattribute,csvattribute from csvjsonattributemap where projectid=?","user":"sk@c.com","timestamp":"23-01-2020 16:44:44"},
{"event":"select symbol,moleculetype,moleculename from moleculescatalog limit 0,3000","user":"sk@c.com","timestamp":"23-01-2020 16:44:44"},
{"event":"select difference from studyDate_ref where SysPatientID = ? : 20130311122001202000000","user":"sk@c.com","timestamp":"23-01-2020 16:44:44"},
{"event":"select difference from studyDate_ref where SysPatientID = ? : 20130311122001202000000","user":"sk@c.com","timestamp":"23-01-2020 16:44:44"},
{"event":"select difference from studyDate_ref where SysPatientID = ? : 20130311122001202000000","user":"sk@c.com","timestamp":"23-01-2020 16:44:44"},
{"event":"select difference from studyDate_ref where SysPatientID = ? : 20130311122001202000000","user":"sk@c.com","timestamp":"23-01-2020 16:44:44"},
{"event":"select difference from studyDate_ref where SysPatientID = ? : 20130311122001202000000","user":"sk@c.com","timestamp":"23-01-2020 16:44:44"},
{"event":"select difference from studyDate_ref where SysPatientID = ? : 20130311122001202000000","user":"sk@c.com","timestamp":"23-01-2020 16:44:44"},
{"event":"select difference from studyDate_ref where SysPatientID = ? : 20130311122001202000000","user":"sk@c.com","timestamp":"23-01-2020 16:44:44"},
{"event":"select difference from studyDate_ref where SysPatientID = ? : 20130311122001202000000","user":"sk@c.com","timestamp":"23-01-2020 16:44:44"},
{"event":"select difference from studyDate_ref where SysPatientID = ? : 20130311122412201900000","user":"sk@c.com","timestamp":"23-01-2020 16:44:45"},
{"event":"select difference from studyDate_ref where SysPatientID = ? : 20130311122412201900000","user":"sk@c.com","timestamp":"23-01-2020 16:44:45"},
{"event":"select difference from studyDate_ref where SysPatientID = ? : 20130311122412201900000","user":"sk@c.com","timestamp":"23-01-2020 16:44:45"},
{"event":"select difference from studyDate_ref where SysPatientID = ? : 20130311122412201900000","user":"sk@c.com","timestamp":"23-01-2020 16:44:45"},
{"event":"select difference from studyDate_ref where SysPatientID = ? : 20130311122412201900000","user":"sk@c.com","timestamp":"23-01-2020 16:44:45"},
{"event":"select difference from studyDate_ref where SysPatientID = ? : 20130311122412201900000","user":"sk@c.com","timestamp":"23-01-2020 16:44:45"},
{"event":"select difference from studyDate_ref where SysPatientID = ? : 20130311122412201900000","user":"sk@c.com","timestamp":"23-01-2020 16:44:45"},
