{"event":"select * from login where uid=? and pass=?","user":"admin","timestamp":"01-01-2020 09:40:44"},
{"event":"select * from project limit 0,400","user":"admin","timestamp":"01-01-2020 09:40:45"},
{"event":"select * from project limit 0,400","user":"admin","timestamp":"01-01-2020 09:40:45"},
{"event":"select * from project limit 0,400","user":"admin","timestamp":"01-01-2020 09:40:45"},
{"event":"select * from project where projectid=? or approvalno=?","user":"admin","timestamp":"01-01-2020 09:40:45"},
{"event":"insert into project (projectname,projectid,approvalno,approvaldate,centerlist,piname,countrieslist,scientifictitle, projectabstract, iscontainanimalimage) values(?,?,?,?,?,?,?,?,?,?)","user":"admin","timestamp":"01-01-2020 09:40:45"},
{"event":"select * from project","user":"admin","timestamp":"01-01-2020 09:42:56"},
{"event":"select attributename from projectTemplateOtherAttribute","user":"admin","timestamp":"01-01-2020 09:42:56"},
{"event":"select * from login where uid=? and pass=?","user":"sk@c.com","timestamp":"01-01-2020 09:57:02"},
{"event":"select * from project","user":"sk@c.com","timestamp":"01-01-2020 09:57:03"},
{"event":"insert into csvjsonattributemap(anatomicsite,tablename,chaviattribute,csvattribute) values(?,?,?,?)","user":"","timestamp":"01-01-2020 11:15:49"},
{"event":"insert into csvjsonattributemap(anatomicsite,tablename,chaviattribute,csvattribute) values(?,?,?,?)","user":"","timestamp":"01-01-2020 11:15:50"},
{"event":"insert into csvjsonattributemap(anatomicsite,tablename,chaviattribute,csvattribute) values(?,?,?,?)","user":"","timestamp":"01-01-2020 11:15:50"},
{"event":"insert into csvjsonattributemap(anatomicsite,tablename,chaviattribute,csvattribute) values(?,?,?,?)","user":"","timestamp":"01-01-2020 11:15:50"},
{"event":"insert into csvjsonattributemap(anatomicsite,tablename,chaviattribute,csvattribute) values(?,?,?,?)","user":"","timestamp":"01-01-2020 11:15:50"},
{"event":"insert into csvjsonattributemap(anatomicsite,tablename,chaviattribute,csvattribute) values(?,?,?,?)","user":"","timestamp":"01-01-2020 11:15:50"},
{"event":"insert into csvjsonattributemap(anatomicsite,tablename,chaviattribute,csvattribute) values(?,?,?,?)","user":"","timestamp":"01-01-2020 11:15:50"},
{"event":"insert into csvjsonattributemap(anatomicsite,tablename,chaviattribute,csvattribute) values(?,?,?,?)","user":"","timestamp":"01-01-2020 11:15:50"},
{"event":"insert into csvjsonattributemap(anatomicsite,tablename,chaviattribute,csvattribute) values(?,?,?,?)","user":"","timestamp":"01-01-2020 11:15:50"},
{"event":"insert into csvjsonattributemap(anatomicsite,tablename,chaviattribute,csvattribute) values(?,?,?,?)","user":"","timestamp":"01-01-2020 11:15:50"},
{"event":"insert into csvjsonattributemap(anatomicsite,tablename,chaviattribute,csvattribute) values(?,?,?,?)","user":"","timestamp":"01-01-2020 11:15:50"},
{"event":"insert into csvjsonattributemap(anatomicsite,tablename,chaviattribute,csvattribute) values(?,?,?,?)","user":"","timestamp":"01-01-2020 11:15:51"},
{"event":"insert into csvjsonattributemap(anatomicsite,tablename,chaviattribute,csvattribute) values(?,?,?,?)","user":"","timestamp":"01-01-2020 11:15:51"},
{"event":"insert into csvjsonattributemap(anatomicsite,tablename,chaviattribute,csvattribute) values(?,?,?,?)","user":"","timestamp":"01-01-2020 11:15:51"},
{"event":"insert into csvjsonattributemap(anatomicsite,tablename,chaviattribute,csvattribute) values(?,?,?,?)","user":"","timestamp":"01-01-2020 11:15:51"},
{"event":"insert into csvjsonattributemap(anatomicsite,tablename,chaviattribute,csvattribute) values(?,?,?,?)","user":"","timestamp":"01-01-2020 11:15:51"},
{"event":"insert into csvjsonattributemap(anatomicsite,tablename,chaviattribute,csvattribute) values(?,?,?,?)","user":"","timestamp":"01-01-2020 11:15:51"},
{"event":"insert into csvjsonattributemap(anatomicsite,tablename,chaviattribute,csvattribute) values(?,?,?,?)","user":"","timestamp":"01-01-2020 11:15:51"},
{"event":"insert into csvjsonattributemap(anatomicsite,tablename,chaviattribute,csvattribute) values(?,?,?,?)","user":"","timestamp":"01-01-2020 11:15:51"},
{"event":"insert into csvjsonattributemap(anatomicsite,tablename,chaviattribute,csvattribute) values(?,?,?,?)","user":"","timestamp":"01-01-2020 11:15:51"},
{"event":"insert into csvjsonattributemap(projectid,tablename,chaviattribute,csvattribute) values(?,?,?,?)","user":"","timestamp":"01-01-2020 11:20:53"},
{"event":"insert into csvjsonattributemap(projectid,tablename,chaviattribute,csvattribute) values(?,?,?,?)","user":"","timestamp":"01-01-2020 11:20:54"},
{"event":"insert into csvjsonattributemap(projectid,tablename,chaviattribute,csvattribute) values(?,?,?,?)","user":"","timestamp":"01-01-2020 11:20:54"},
{"event":"insert into csvjsonattributemap(projectid,tablename,chaviattribute,csvattribute) values(?,?,?,?)","user":"","timestamp":"01-01-2020 11:20:54"},
{"event":"insert into csvjsonattributemap(projectid,tablename,chaviattribute,csvattribute) values(?,?,?,?)","user":"","timestamp":"01-01-2020 11:20:54"},
{"event":"insert into csvjsonattributemap(projectid,tablename,chaviattribute,csvattribute) values(?,?,?,?)","user":"","timestamp":"01-01-2020 11:20:54"},
{"event":"insert into csvjsonattributemap(projectid,tablename,chaviattribute,csvattribute) values(?,?,?,?)","user":"","timestamp":"01-01-2020 11:20:54"},
{"event":"insert into csvjsonattributemap(projectid,tablename,chaviattribute,csvattribute) values(?,?,?,?)","user":"","timestamp":"01-01-2020 11:20:54"},
{"event":"insert into csvjsonattributemap(projectid,tablename,chaviattribute,csvattribute) values(?,?,?,?)","user":"","timestamp":"01-01-2020 11:20:54"},
{"event":"insert into csvjsonattributemap(projectid,tablename,chaviattribute,csvattribute) values(?,?,?,?)","user":"","timestamp":"01-01-2020 11:20:54"},
{"event":"insert into csvjsonattributemap(projectid,tablename,chaviattribute,csvattribute) values(?,?,?,?)","user":"","timestamp":"01-01-2020 11:20:54"},
{"event":"insert into csvjsonattributemap(projectid,tablename,chaviattribute,csvattribute) values(?,?,?,?)","user":"","timestamp":"01-01-2020 11:20:54"},
{"event":"insert into csvjsonattributemap(projectid,tablename,chaviattribute,csvattribute) values(?,?,?,?)","user":"","timestamp":"01-01-2020 11:20:54"},
{"event":"insert into csvjsonattributemap(projectid,tablename,chaviattribute,csvattribute) values(?,?,?,?)","user":"","timestamp":"01-01-2020 11:20:54"},
{"event":"insert into csvjsonattributemap(projectid,tablename,chaviattribute,csvattribute) values(?,?,?,?)","user":"","timestamp":"01-01-2020 11:20:54"},
{"event":"insert into csvjsonattributemap(projectid,tablename,chaviattribute,csvattribute) values(?,?,?,?)","user":"","timestamp":"01-01-2020 11:20:54"},
{"event":"insert into csvjsonattributemap(projectid,tablename,chaviattribute,csvattribute) values(?,?,?,?)","user":"","timestamp":"01-01-2020 11:20:54"},
{"event":"insert into csvjsonattributemap(projectid,tablename,chaviattribute,csvattribute) values(?,?,?,?)","user":"","timestamp":"01-01-2020 11:20:54"},
{"event":"insert into csvjsonattributemap(projectid,tablename,chaviattribute,csvattribute) values(?,?,?,?)","user":"","timestamp":"01-01-2020 11:20:54"},
{"event":"insert into csvjsonattributemap(projectid,tablename,chaviattribute,csvattribute) values(?,?,?,?)","user":"","timestamp":"01-01-2020 11:20:54"},
{"event":"insert into csvjsonattributemap(projectid,tablename,chaviattribute,csvattribute) values(?,?,?,?)","user":"","timestamp":"01-01-2020 13:22:31"},
{"event":"insert into csvjsonattributemap(projectid,tablename,chaviattribute,csvattribute) values(?,?,?,?)","user":"","timestamp":"01-01-2020 13:22:32"},
{"event":"insert into csvjsonattributemap(projectid,tablename,chaviattribute,csvattribute) values(?,?,?,?)","user":"","timestamp":"01-01-2020 13:22:32"},
{"event":"insert into csvjsonattributemap(projectid,tablename,chaviattribute,csvattribute) values(?,?,?,?)","user":"","timestamp":"01-01-2020 13:22:32"},
{"event":"insert into csvjsonattributemap(projectid,tablename,chaviattribute,csvattribute) values(?,?,?,?)","user":"","timestamp":"01-01-2020 13:22:32"},
{"event":"insert into csvjsonattributemap(projectid,tablename,chaviattribute,csvattribute) values(?,?,?,?)","user":"","timestamp":"01-01-2020 13:22:32"},
{"event":"insert into csvjsonattributemap(projectid,tablename,chaviattribute,csvattribute) values(?,?,?,?)","user":"","timestamp":"01-01-2020 13:22:32"},
{"event":"insert into csvjsonattributemap(projectid,tablename,chaviattribute,csvattribute) values(?,?,?,?)","user":"","timestamp":"01-01-2020 13:22:32"},
{"event":"insert into csvjsonattributemap(projectid,tablename,chaviattribute,csvattribute) values(?,?,?,?)","user":"","timestamp":"01-01-2020 13:22:32"},
{"event":"insert into csvjsonattributemap(projectid,tablename,chaviattribute,csvattribute) values(?,?,?,?)","user":"","timestamp":"01-01-2020 13:22:32"},
{"event":"insert into csvjsonattributemap(projectid,tablename,chaviattribute,csvattribute) values(?,?,?,?)","user":"","timestamp":"01-01-2020 13:22:32"},
{"event":"insert into csvjsonattributemap(projectid,tablename,chaviattribute,csvattribute) values(?,?,?,?)","user":"","timestamp":"01-01-2020 13:22:32"},
{"event":"insert into csvjsonattributemap(projectid,tablename,chaviattribute,csvattribute) values(?,?,?,?)","user":"","timestamp":"01-01-2020 13:22:32"},
{"event":"insert into csvjsonattributemap(projectid,tablename,chaviattribute,csvattribute) values(?,?,?,?)","user":"","timestamp":"01-01-2020 13:22:32"},
{"event":"insert into csvjsonattributemap(projectid,tablename,chaviattribute,csvattribute) values(?,?,?,?)","user":"","timestamp":"01-01-2020 13:22:32"},
{"event":"insert into csvjsonattributemap(projectid,tablename,chaviattribute,csvattribute) values(?,?,?,?)","user":"","timestamp":"01-01-2020 13:22:32"},
{"event":"insert into csvjsonattributemap(projectid,tablename,chaviattribute,csvattribute) values(?,?,?,?)","user":"","timestamp":"01-01-2020 13:22:32"},
{"event":"insert into csvjsonattributemap(projectid,tablename,chaviattribute,csvattribute) values(?,?,?,?)","user":"","timestamp":"01-01-2020 13:22:32"},
{"event":"insert into csvjsonattributemap(projectid,tablename,chaviattribute,csvattribute) values(?,?,?,?)","user":"","timestamp":"01-01-2020 13:22:32"},
{"event":"insert into csvjsonattributemap(projectid,tablename,chaviattribute,csvattribute) values(?,?,?,?)","user":"","timestamp":"01-01-2020 13:22:32"},
{"event":"select * from login where uid=? and pass=?","user":"sk@c.com","timestamp":"01-01-2020 13:31:44"},
{"event":"select * from project","user":"sk@c.com","timestamp":"01-01-2020 13:31:44"},
{"event":"select * from login where uid=? and pass=?","user":"admin","timestamp":"01-01-2020 13:32:19"},
{"event":"select * from project where projectid=? or approvalno=?","user":"admin","timestamp":"01-01-2020 13:32:19"},
{"event":"insert into project (projectname,projectid,approvalno,approvaldate,centerlist,piname,countrieslist,scientifictitle, projectabstract, iscontainanimalimage) values(?,?,?,?,?,?,?,?,?,?)","user":"admin","timestamp":"01-01-2020 13:32:19"},
{"event":"select * from project","user":"admin","timestamp":"01-01-2020 13:33:44"},
{"event":"select attributename from projectTemplateOtherAttribute","user":"admin","timestamp":"01-01-2020 13:33:44"},
{"event":"select * from login where uid=? and pass=?","user":"sk@c.com","timestamp":"01-01-2020 13:34:36"},
{"event":"select * from project","user":"sk@c.com","timestamp":"01-01-2020 13:34:36"},
{"event":"insert into csvjsonattributemap(projectid,tablename,chaviattribute,csvattribute) values(?,?,?,?)","user":"","timestamp":"01-01-2020 13:35:58"},
{"event":"insert into csvjsonattributemap(projectid,tablename,chaviattribute,csvattribute) values(?,?,?,?)","user":"","timestamp":"01-01-2020 13:35:59"},
{"event":"insert into csvjsonattributemap(projectid,tablename,chaviattribute,csvattribute) values(?,?,?,?)","user":"","timestamp":"01-01-2020 13:35:59"},
{"event":"insert into csvjsonattributemap(projectid,tablename,chaviattribute,csvattribute) values(?,?,?,?)","user":"","timestamp":"01-01-2020 13:35:59"},
{"event":"insert into csvjsonattributemap(projectid,tablename,chaviattribute,csvattribute) values(?,?,?,?)","user":"","timestamp":"01-01-2020 13:35:59"},
{"event":"insert into csvjsonattributemap(projectid,tablename,chaviattribute,csvattribute) values(?,?,?,?)","user":"","timestamp":"01-01-2020 13:35:59"},
{"event":"insert into csvjsonattributemap(projectid,tablename,chaviattribute,csvattribute) values(?,?,?,?)","user":"","timestamp":"01-01-2020 13:35:59"},
{"event":"insert into csvjsonattributemap(projectid,tablename,chaviattribute,csvattribute) values(?,?,?,?)","user":"","timestamp":"01-01-2020 13:35:59"},
{"event":"insert into csvjsonattributemap(projectid,tablename,chaviattribute,csvattribute) values(?,?,?,?)","user":"","timestamp":"01-01-2020 13:35:59"},
{"event":"insert into csvjsonattributemap(projectid,tablename,chaviattribute,csvattribute) values(?,?,?,?)","user":"","timestamp":"01-01-2020 13:35:59"},
{"event":"insert into csvjsonattributemap(projectid,tablename,chaviattribute,csvattribute) values(?,?,?,?)","user":"","timestamp":"01-01-2020 13:35:59"},
{"event":"insert into csvjsonattributemap(projectid,tablename,chaviattribute,csvattribute) values(?,?,?,?)","user":"","timestamp":"01-01-2020 13:35:59"},
{"event":"insert into csvjsonattributemap(projectid,tablename,chaviattribute,csvattribute) values(?,?,?,?)","user":"","timestamp":"01-01-2020 13:35:59"},
{"event":"insert into csvjsonattributemap(projectid,tablename,chaviattribute,csvattribute) values(?,?,?,?)","user":"","timestamp":"01-01-2020 13:35:59"},
{"event":"insert into csvjsonattributemap(projectid,tablename,chaviattribute,csvattribute) values(?,?,?,?)","user":"","timestamp":"01-01-2020 13:35:59"},
{"event":"insert into csvjsonattributemap(projectid,tablename,chaviattribute,csvattribute) values(?,?,?,?)","user":"","timestamp":"01-01-2020 13:35:59"},
{"event":"insert into csvjsonattributemap(projectid,tablename,chaviattribute,csvattribute) values(?,?,?,?)","user":"","timestamp":"01-01-2020 13:35:59"},
{"event":"insert into csvjsonattributemap(projectid,tablename,chaviattribute,csvattribute) values(?,?,?,?)","user":"","timestamp":"01-01-2020 13:35:59"},
{"event":"insert into csvjsonattributemap(projectid,tablename,chaviattribute,csvattribute) values(?,?,?,?)","user":"","timestamp":"01-01-2020 13:35:59"},
{"event":"insert into csvjsonattributemap(projectid,tablename,chaviattribute,csvattribute) values(?,?,?,?)","user":"","timestamp":"01-01-2020 13:35:59"},
{"event":"insert into csvjsonattributemap(projectid,tablename,chaviattribute,csvattribute) values(?,?,?,?)","user":"","timestamp":"01-01-2020 13:35:59"},
{"event":"insert into csvjsonattributemap(projectid,tablename,chaviattribute,csvattribute) values(?,?,?,?)","user":"","timestamp":"01-01-2020 13:35:59"},
{"event":"insert into csvjsonattributemap(projectid,tablename,chaviattribute,csvattribute) values(?,?,?,?)","user":"","timestamp":"01-01-2020 13:35:59"},
{"event":"insert into csvjsonattributemap(projectid,tablename,chaviattribute,csvattribute) values(?,?,?,?)","user":"","timestamp":"01-01-2020 13:35:59"},
{"event":"insert into csvjsonattributemap(projectid,tablename,chaviattribute,csvattribute) values(?,?,?,?)","user":"","timestamp":"01-01-2020 13:35:59"},
{"event":"insert into csvjsonattributemap(projectid,tablename,chaviattribute,csvattribute) values(?,?,?,?)","user":"","timestamp":"01-01-2020 13:35:59"},
{"event":"insert into csvjsonattributemap(projectid,tablename,chaviattribute,csvattribute) values(?,?,?,?)","user":"","timestamp":"01-01-2020 13:35:59"},
{"event":"insert into csvjsonattributemap(projectid,tablename,chaviattribute,csvattribute) values(?,?,?,?)","user":"","timestamp":"01-01-2020 13:35:59"},
{"event":"select * from login where uid=? and pass=?","user":"sk@c.com","timestamp":"01-01-2020 16:52:49"},
{"event":"select * from project","user":"sk@c.com","timestamp":"01-01-2020 16:52:49"},
{"event":"select DCMPatientID, SysPatientID from patientid_map","user":"sk@c.com","timestamp":"01-01-2020 16:53:11"},
{"event":"SELECT tablename,chaviattribute,csvattribute from csvjsonattributemap where projectid=?","user":"sk@c.com","timestamp":"01-01-2020 16:53:11"},
{"event":"select symbol,moleculetype,moleculename from moleculescatalog limit 0,3000","user":"sk@c.com","timestamp":"01-01-2020 16:53:11"},
{"event":"select difference from studyDate_ref where SysPatientID = ? : 20130311122412201900000","user":"sk@c.com","timestamp":"01-01-2020 16:53:11"},
{"event":"select difference from studyDate_ref where SysPatientID = ? : 20130311122412201900000","user":"sk@c.com","timestamp":"01-01-2020 16:53:11"},
{"event":"select difference from studyDate_ref where SysPatientID = ? : 20130311122412201900000","user":"sk@c.com","timestamp":"01-01-2020 16:53:11"},
{"event":"select difference from studyDate_ref where SysPatientID = ? : 20130311122412201900000","user":"sk@c.com","timestamp":"01-01-2020 16:53:11"},
{"event":"select difference from studyDate_ref where SysPatientID = ? : 20130311122412201900000","user":"sk@c.com","timestamp":"01-01-2020 16:53:11"},
{"event":"select difference from studyDate_ref where SysPatientID = ? : 20130311122412201900000","user":"sk@c.com","timestamp":"01-01-2020 16:53:11"},
{"event":"select difference from studyDate_ref where SysPatientID = ? : 20130311122412201900000","user":"sk@c.com","timestamp":"01-01-2020 16:53:11"},
{"event":"select * from login where uid=? and pass=?","user":"sk@c.com","timestamp":"01-01-2020 17:19:55"},
{"event":"select * from project","user":"sk@c.com","timestamp":"01-01-2020 17:19:56"},
{"event":"select DCMPatientID, SysPatientID from patientid_map","user":"sk@c.com","timestamp":"01-01-2020 17:20:13"},
{"event":"SELECT tablename,chaviattribute,csvattribute from csvjsonattributemap where projectid=?","user":"sk@c.com","timestamp":"01-01-2020 17:20:13"},
{"event":"select symbol,moleculetype,moleculename from moleculescatalog limit 0,3000","user":"sk@c.com","timestamp":"01-01-2020 17:20:13"},
{"event":"select difference from studyDate_ref where SysPatientID = ? : 20130311122412201900000","user":"sk@c.com","timestamp":"01-01-2020 17:20:13"},
{"event":"select difference from studyDate_ref where SysPatientID = ? : 20130311122412201900000","user":"sk@c.com","timestamp":"01-01-2020 17:20:13"},
{"event":"select difference from studyDate_ref where SysPatientID = ? : 20130311122412201900000","user":"sk@c.com","timestamp":"01-01-2020 17:20:13"},
{"event":"select difference from studyDate_ref where SysPatientID = ? : 20130311122412201900000","user":"sk@c.com","timestamp":"01-01-2020 17:20:13"},
{"event":"select difference from studyDate_ref where SysPatientID = ? : 20130311122412201900000","user":"sk@c.com","timestamp":"01-01-2020 17:20:13"},
{"event":"select difference from studyDate_ref where SysPatientID = ? : 20130311122412201900000","user":"sk@c.com","timestamp":"01-01-2020 17:20:13"},
{"event":"select difference from studyDate_ref where SysPatientID = ? : 20130311122412201900000","user":"sk@c.com","timestamp":"01-01-2020 17:20:13"},
