{"event":"insert into csvjsonattributemap(projectid,tablename,chaviattribute,csvattribute) values(?,?,?,?)","user":"","timestamp":"25-02-2020 11:20:48"},
{"event":"insert into csvjsonattributemap(projectid,tablename,chaviattribute,csvattribute) values(?,?,?,?)","user":"","timestamp":"25-02-2020 11:20:49"},
{"event":"insert into csvjsonattributemap(projectid,tablename,chaviattribute,csvattribute) values(?,?,?,?)","user":"","timestamp":"25-02-2020 11:20:50"},
{"event":"insert into csvjsonattributemap(projectid,tablename,chaviattribute,csvattribute) values(?,?,?,?)","user":"","timestamp":"25-02-2020 11:20:50"},
{"event":"insert into csvjsonattributemap(projectid,tablename,chaviattribute,csvattribute) values(?,?,?,?)","user":"","timestamp":"25-02-2020 11:20:50"},
{"event":"insert into csvjsonattributemap(projectid,tablename,chaviattribute,csvattribute) values(?,?,?,?)","user":"","timestamp":"25-02-2020 11:20:50"},
{"event":"insert into csvjsonattributemap(projectid,tablename,chaviattribute,csvattribute) values(?,?,?,?)","user":"","timestamp":"25-02-2020 11:20:50"},
{"event":"insert into csvjsonattributemap(projectid,tablename,chaviattribute,csvattribute) values(?,?,?,?)","user":"","timestamp":"25-02-2020 11:20:50"},
{"event":"insert into csvjsonattributemap(projectid,tablename,chaviattribute,csvattribute) values(?,?,?,?)","user":"","timestamp":"25-02-2020 11:20:50"},
{"event":"insert into csvjsonattributemap(projectid,tablename,chaviattribute,csvattribute) values(?,?,?,?)","user":"","timestamp":"25-02-2020 11:20:51"},
{"event":"insert into csvjsonattributemap(projectid,tablename,chaviattribute,csvattribute) values(?,?,?,?)","user":"","timestamp":"25-02-2020 11:20:51"},
{"event":"insert into csvjsonattributemap(projectid,tablename,chaviattribute,csvattribute) values(?,?,?,?)","user":"","timestamp":"25-02-2020 11:20:51"},
{"event":"insert into csvjsonattributemap(projectid,tablename,chaviattribute,csvattribute) values(?,?,?,?)","user":"","timestamp":"25-02-2020 11:20:51"},
{"event":"insert into csvjsonattributemap(projectid,tablename,chaviattribute,csvattribute) values(?,?,?,?)","user":"","timestamp":"25-02-2020 11:20:51"},
{"event":"insert into csvjsonattributemap(projectid,tablename,chaviattribute,csvattribute) values(?,?,?,?)","user":"","timestamp":"25-02-2020 11:20:51"},
{"event":"insert into csvjsonattributemap(projectid,tablename,chaviattribute,csvattribute) values(?,?,?,?)","user":"","timestamp":"25-02-2020 11:20:52"},
{"event":"insert into csvjsonattributemap(projectid,tablename,chaviattribute,csvattribute) values(?,?,?,?)","user":"","timestamp":"25-02-2020 11:20:52"},
{"event":"insert into csvjsonattributemap(projectid,tablename,chaviattribute,csvattribute) values(?,?,?,?)","user":"","timestamp":"25-02-2020 11:20:52"},
{"event":"insert into csvjsonattributemap(projectid,tablename,chaviattribute,csvattribute) values(?,?,?,?)","user":"","timestamp":"25-02-2020 11:20:52"},
{"event":"insert into csvjsonattributemap(projectid,tablename,chaviattribute,csvattribute) values(?,?,?,?)","user":"","timestamp":"25-02-2020 11:20:52"},
{"event":"insert into csvjsonattributemap(projectid,tablename,chaviattribute,csvattribute) values(?,?,?,?)","user":"","timestamp":"25-02-2020 11:20:52"},
{"event":"insert into csvjsonattributemap(projectid,tablename,chaviattribute,csvattribute) values(?,?,?,?)","user":"","timestamp":"25-02-2020 11:20:52"},
{"event":"insert into csvjsonattributemap(projectid,tablename,chaviattribute,csvattribute) values(?,?,?,?)","user":"","timestamp":"25-02-2020 11:20:52"},
{"event":"insert into csvjsonattributemap(projectid,tablename,chaviattribute,csvattribute) values(?,?,?,?)","user":"","timestamp":"25-02-2020 11:20:52"},
{"event":"insert into csvjsonattributemap(projectid,tablename,chaviattribute,csvattribute) values(?,?,?,?)","user":"","timestamp":"25-02-2020 11:20:52"},
{"event":"insert into csvjsonattributemap(projectid,tablename,chaviattribute,csvattribute) values(?,?,?,?)","user":"","timestamp":"25-02-2020 11:20:53"},
{"event":"insert into csvjsonattributemap(projectid,tablename,chaviattribute,csvattribute) values(?,?,?,?)","user":"","timestamp":"25-02-2020 11:20:53"},
{"event":"insert into csvjsonattributemap(projectid,tablename,chaviattribute,csvattribute) values(?,?,?,?)","user":"","timestamp":"25-02-2020 11:20:53"},
{"event":"insert into csvjsonattributemap(projectid,tablename,chaviattribute,csvattribute) values(?,?,?,?)","user":"","timestamp":"25-02-2020 11:20:53"},
{"event":"insert into csvjsonattributemap(projectid,tablename,chaviattribute,csvattribute) values(?,?,?,?)","user":"","timestamp":"25-02-2020 11:20:53"},
{"event":"insert into csvjsonattributemap(projectid,tablename,chaviattribute,csvattribute) values(?,?,?,?)","user":"","timestamp":"25-02-2020 11:20:53"},
{"event":"insert into csvjsonattributemap(projectid,tablename,chaviattribute,csvattribute) values(?,?,?,?)","user":"","timestamp":"25-02-2020 11:20:53"},
{"event":"insert into csvjsonattributemap(projectid,tablename,chaviattribute,csvattribute) values(?,?,?,?)","user":"","timestamp":"25-02-2020 11:20:53"},
{"event":"insert into csvjsonattributemap(projectid,tablename,chaviattribute,csvattribute) values(?,?,?,?)","user":"","timestamp":"25-02-2020 11:20:53"},
{"event":"insert into csvjsonattributemap(projectid,tablename,chaviattribute,csvattribute) values(?,?,?,?)","user":"","timestamp":"25-02-2020 11:20:53"},
{"event":"insert into csvjsonattributemap(projectid,tablename,chaviattribute,csvattribute) values(?,?,?,?)","user":"","timestamp":"25-02-2020 11:20:53"},
{"event":"insert into csvjsonattributemap(projectid,tablename,chaviattribute,csvattribute) values(?,?,?,?)","user":"","timestamp":"25-02-2020 11:20:53"},
{"event":"insert into csvjsonattributemap(projectid,tablename,chaviattribute,csvattribute) values(?,?,?,?)","user":"","timestamp":"25-02-2020 11:20:53"},
{"event":"insert into csvjsonattributemap(projectid,tablename,chaviattribute,csvattribute) values(?,?,?,?)","user":"","timestamp":"25-02-2020 11:20:53"},
{"event":"insert into csvjsonattributemap(projectid,tablename,chaviattribute,csvattribute) values(?,?,?,?)","user":"","timestamp":"25-02-2020 11:20:54"},
{"event":"insert into csvjsonattributemap(projectid,tablename,chaviattribute,csvattribute) values(?,?,?,?)","user":"","timestamp":"25-02-2020 11:20:54"},
{"event":"insert into csvjsonattributemap(projectid,tablename,chaviattribute,csvattribute) values(?,?,?,?)","user":"","timestamp":"25-02-2020 11:20:54"},
{"event":"insert into csvjsonattributemap(projectid,tablename,chaviattribute,csvattribute) values(?,?,?,?)","user":"","timestamp":"25-02-2020 11:20:54"},
{"event":"select * from login where uid=? and pass=?","user":"sk@c.com","timestamp":"25-02-2020 11:21:38"},
{"event":"select * from project","user":"sk@c.com","timestamp":"25-02-2020 11:21:38"},
{"event":"select DCMPatientID, SysPatientID from patientid_map","user":"sk@c.com","timestamp":"25-02-2020 11:22:02"},
{"event":"SELECT tablename,chaviattribute,csvattribute from csvjsonattributemap where projectid=?","user":"sk@c.com","timestamp":"25-02-2020 11:22:02"},
{"event":"select symbol,moleculetype,moleculename from moleculescatalog limit 0,3000","user":"sk@c.com","timestamp":"25-02-2020 11:22:02"},
{"event":"select difference from studyDate_ref where SysPatientID = ? : 20130311122002202000003","user":"sk@c.com","timestamp":"25-02-2020 11:22:02"},
{"event":"select DCMPatientID, SysPatientID from patientid_map","user":"sk@c.com","timestamp":"25-02-2020 11:22:29"},
{"event":"SELECT tablename,chaviattribute,csvattribute from csvjsonattributemap where projectid=?","user":"sk@c.com","timestamp":"25-02-2020 11:22:29"},
{"event":"select symbol,moleculetype,moleculename from moleculescatalog limit 0,3000","user":"sk@c.com","timestamp":"25-02-2020 11:22:29"},
{"event":"select difference from studyDate_ref where SysPatientID = ? : 20130311122002202000003","user":"sk@c.com","timestamp":"25-02-2020 11:22:30"},
