{"event":"select * from login where uid=? and pass=?","user":"sk@c.com","timestamp":"07-01-2020 20:42:58"},
{"event":"select * from project","user":"sk@c.com","timestamp":"07-01-2020 20:42:59"},
{"event":"select DCMPatientID, SysPatientID from patientid_map","user":"sk@c.com","timestamp":"07-01-2020 20:43:19"},
{"event":"SELECT tablename,chaviattribute,csvattribute from csvjsonattributemap where projectid=?","user":"sk@c.com","timestamp":"07-01-2020 20:43:19"},
{"event":"select symbol,moleculetype,moleculename from moleculescatalog limit 0,3000","user":"sk@c.com","timestamp":"07-01-2020 20:43:19"},
{"event":"select difference from studyDate_ref where SysPatientID = ? : 20130311122412201900000","user":"sk@c.com","timestamp":"07-01-2020 20:43:19"},
{"event":"select difference from studyDate_ref where SysPatientID = ? : 20130311122412201900000","user":"sk@c.com","timestamp":"07-01-2020 20:43:19"},
{"event":"select difference from studyDate_ref where SysPatientID = ? : 20130311122412201900000","user":"sk@c.com","timestamp":"07-01-2020 20:43:19"},
{"event":"select difference from studyDate_ref where SysPatientID = ? : 20130311122412201900000","user":"sk@c.com","timestamp":"07-01-2020 20:43:19"},
{"event":"select difference from studyDate_ref where SysPatientID = ? : 20130311122412201900000","user":"sk@c.com","timestamp":"07-01-2020 20:43:19"},
{"event":"select difference from studyDate_ref where SysPatientID = ? : 20130311122412201900000","user":"sk@c.com","timestamp":"07-01-2020 20:43:19"},
{"event":"select difference from studyDate_ref where SysPatientID = ? : 20130311122412201900000","user":"sk@c.com","timestamp":"07-01-2020 20:43:19"},
{"event":"select * from login where uid=? and pass=?","user":"sk@c.com","timestamp":"07-01-2020 21:03:28"},
{"event":"select * from project","user":"sk@c.com","timestamp":"07-01-2020 21:03:28"},
{"event":"select DCMPatientID, SysPatientID from patientid_map","user":"sk@c.com","timestamp":"07-01-2020 21:04:13"},
{"event":"SELECT tablename,chaviattribute,csvattribute from csvjsonattributemap where projectid=?","user":"sk@c.com","timestamp":"07-01-2020 21:04:13"},
{"event":"select symbol,moleculetype,moleculename from moleculescatalog limit 0,3000","user":"sk@c.com","timestamp":"07-01-2020 21:04:13"},
{"event":"select difference from studyDate_ref where SysPatientID = ? : 20130311122412201900000","user":"sk@c.com","timestamp":"07-01-2020 21:04:13"},
{"event":"select difference from studyDate_ref where SysPatientID = ? : 20130311122412201900000","user":"sk@c.com","timestamp":"07-01-2020 21:04:13"},
{"event":"select difference from studyDate_ref where SysPatientID = ? : 20130311122412201900000","user":"sk@c.com","timestamp":"07-01-2020 21:04:13"},
{"event":"select difference from studyDate_ref where SysPatientID = ? : 20130311122412201900000","user":"sk@c.com","timestamp":"07-01-2020 21:04:13"},
{"event":"select difference from studyDate_ref where SysPatientID = ? : 20130311122412201900000","user":"sk@c.com","timestamp":"07-01-2020 21:04:13"},
{"event":"select difference from studyDate_ref where SysPatientID = ? : 20130311122412201900000","user":"sk@c.com","timestamp":"07-01-2020 21:04:13"},
{"event":"select difference from studyDate_ref where SysPatientID = ? : 20130311122412201900000","user":"sk@c.com","timestamp":"07-01-2020 21:04:13"},
