{"event":"select * from login where uid=? and pass=?","user":"sk@c.com","timestamp":"08-03-2020 13:38:47"},
{"event":"select * from project","user":"sk@c.com","timestamp":"08-03-2020 13:38:48"},
{"event":"select * from login where uid=? and pass=?","user":"sk@c.com","timestamp":"08-03-2020 23:28:29"},
{"event":"select * from project","user":"sk@c.com","timestamp":"08-03-2020 23:28:30"},
{"event":"select * from login where uid=? and pass=?","user":"sk@c.com","timestamp":"08-03-2020 23:46:18"},
{"event":"select * from project","user":"sk@c.com","timestamp":"08-03-2020 23:46:19"},
{"event":"select DCMPatientID, SysPatientID from patientid_map","user":"sk@c.com","timestamp":"08-03-2020 23:46:46"},
{"event":"SELECT tablename,chaviattribute,csvattribute from csvjsonattributemap where projectid=? and chaviattribute != ?","user":"sk@c.com","timestamp":"08-03-2020 23:46:46"},
{"event":"select symbol,moleculetype,moleculename from moleculescatalog limit 0,3000","user":"sk@c.com","timestamp":"08-03-2020 23:46:46"},
{"event":"select difference from studyDate_ref where SysPatientID = ? : 20130311122002202000003","user":"sk@c.com","timestamp":"08-03-2020 23:46:47"},
{"event":"select DCMPatientID, SysPatientID from patientid_map","user":"sk@c.com","timestamp":"08-03-2020 23:50:38"},
{"event":"SELECT tablename,chaviattribute,csvattribute from csvjsonattributemap where projectid=? and chaviattribute != ?","user":"sk@c.com","timestamp":"08-03-2020 23:50:38"},
{"event":"select symbol,moleculetype,moleculename from moleculescatalog limit 0,3000","user":"sk@c.com","timestamp":"08-03-2020 23:50:38"},
{"event":"select difference from studyDate_ref where SysPatientID = ? : 20130311122002202000003","user":"sk@c.com","timestamp":"08-03-2020 23:50:38"},
{"event":"select DCMPatientID, SysPatientID from patientid_map","user":"sk@c.com","timestamp":"08-03-2020 23:52:32"},
{"event":"SELECT tablename,chaviattribute,csvattribute from csvjsonattributemap where projectid=? and chaviattribute != ?","user":"sk@c.com","timestamp":"08-03-2020 23:52:32"},
{"event":"select symbol,moleculetype,moleculename from moleculescatalog limit 0,3000","user":"sk@c.com","timestamp":"08-03-2020 23:52:32"},
{"event":"select difference from studyDate_ref where SysPatientID = ? : 20130311122002202000003","user":"sk@c.com","timestamp":"08-03-2020 23:52:32"},
{"event":"select * from login where uid=? and pass=?","user":"sk@c.com","timestamp":"08-03-2020 23:55:31"},
{"event":"select * from project","user":"sk@c.com","timestamp":"08-03-2020 23:55:32"},
{"event":"select DCMPatientID, SysPatientID from patientid_map","user":"sk@c.com","timestamp":"08-03-2020 23:55:45"},
{"event":"SELECT tablename,chaviattribute,csvattribute from csvjsonattributemap where projectid=? and chaviattribute != ?","user":"sk@c.com","timestamp":"08-03-2020 23:55:45"},
{"event":"select symbol,moleculetype,moleculename from moleculescatalog limit 0,3000","user":"sk@c.com","timestamp":"08-03-2020 23:55:45"},
{"event":"select difference from studyDate_ref where SysPatientID = ? : 20130311122002202000003","user":"sk@c.com","timestamp":"08-03-2020 23:55:45"},
