{"event":"java.sql.SQLIntegrityConstraintViolationException: Duplicate entry 'TMC20190001-date_first_registration' for key 'PRIMARY'","user":"","timestamp":"15-01-2020 14:48:41"},
{"event":"java.sql.SQLIntegrityConstraintViolationException: Duplicate entry 'TMC20190001-age' for key 'PRIMARY'","user":"","timestamp":"15-01-2020 14:48:41"},
{"event":"java.sql.SQLIntegrityConstraintViolationException: Duplicate entry 'TMC20190001-gender' for key 'PRIMARY'","user":"","timestamp":"15-01-2020 14:48:41"},
{"event":"java.sql.SQLIntegrityConstraintViolationException: Duplicate entry 'TMC20190001-performance_status' for key 'PRIMARY'","user":"","timestamp":"15-01-2020 14:48:41"},
{"event":"java.sql.SQLIntegrityConstraintViolationException: Duplicate entry 'TMC20190001-mri_date' for key 'PRIMARY'","user":"","timestamp":"15-01-2020 14:48:41"},
{"event":"java.sql.SQLIntegrityConstraintViolationException: Duplicate entry 'TMC20190001-location' for key 'PRIMARY'","user":"","timestamp":"15-01-2020 14:48:41"},
{"event":"java.sql.SQLIntegrityConstraintViolationException: Duplicate entry 'TMC20190001-mri_timing' for key 'PRIMARY'","user":"","timestamp":"15-01-2020 14:48:41"},
{"event":"java.sql.SQLIntegrityConstraintViolationException: Duplicate entry 'TMC20190001-enhancement' for key 'PRIMARY'","user":"","timestamp":"15-01-2020 14:48:41"},
{"event":"java.sql.SQLIntegrityConstraintViolationException: Duplicate entry 'TMC20190001-edema' for key 'PRIMARY'","user":"","timestamp":"15-01-2020 14:48:41"},
{"event":"java.sql.SQLIntegrityConstraintViolationException: Duplicate entry 'TMC20190001-enhancement_t2' for key 'PRIMARY'","user":"","timestamp":"15-01-2020 14:48:41"},
{"event":"java.sql.SQLIntegrityConstraintViolationException: Duplicate entry 'TMC20190001-svz' for key 'PRIMARY'","user":"","timestamp":"15-01-2020 14:48:41"},
{"event":"java.sql.SQLIntegrityConstraintViolationException: Duplicate entry 'TMC20190001-midline' for key 'PRIMARY'","user":"","timestamp":"15-01-2020 14:48:42"},
{"event":"java.sql.SQLIntegrityConstraintViolationException: Duplicate entry 'TMC20190001-callosum' for key 'PRIMARY'","user":"","timestamp":"15-01-2020 14:48:42"},
{"event":"java.sql.SQLIntegrityConstraintViolationException: Duplicate entry 'TMC20190001-necrotic_core' for key 'PRIMARY'","user":"","timestamp":"15-01-2020 14:48:42"},
{"event":"java.sql.SQLIntegrityConstraintViolationException: Duplicate entry 'TMC20190001-side_svz' for key 'PRIMARY'","user":"","timestamp":"15-01-2020 14:48:42"},
{"event":"java.sql.SQLIntegrityConstraintViolationException: Duplicate entry 'TMC20190001-t1c_volume' for key 'PRIMARY'","user":"","timestamp":"15-01-2020 14:48:42"},
{"event":"java.sql.SQLIntegrityConstraintViolationException: Duplicate entry 'TMC20190001-edema_vol' for key 'PRIMARY'","user":"","timestamp":"15-01-2020 14:48:42"},
{"event":"java.sql.SQLIntegrityConstraintViolationException: Duplicate entry 'TMC20190001-t2contrast_vol' for key 'PRIMARY'","user":"","timestamp":"15-01-2020 14:48:42"},
{"event":"java.sql.SQLIntegrityConstraintViolationException: Duplicate entry 'TMC20190001-mri_disease_status' for key 'PRIMARY'","user":"","timestamp":"15-01-2020 14:48:42"},
{"event":"java.sql.SQLIntegrityConstraintViolationException: Duplicate entry 'TMC20190001-mri_disease_progression_details' for key 'PRIMARY'","user":"","timestamp":"15-01-2020 14:48:42"},
{"event":"java.sql.SQLIntegrityConstraintViolationException: Duplicate entry 'TMC20190001-date_of_surgery' for key 'PRIMARY'","user":"","timestamp":"15-01-2020 14:48:42"},
{"event":"java.sql.SQLIntegrityConstraintViolationException: Duplicate entry 'TMC20190001-extent_of_resection' for key 'PRIMARY'","user":"","timestamp":"15-01-2020 14:48:42"},
{"event":"java.sql.SQLIntegrityConstraintViolationException: Duplicate entry 'TMC20190001-pathology_date' for key 'PRIMARY'","user":"","timestamp":"15-01-2020 14:48:42"},
{"event":"java.sql.SQLIntegrityConstraintViolationException: Duplicate entry 'TMC20190001-diffuse_astrocytic_and_oligodendroglial_tumours' for key 'PRIMARY'","user":"","timestamp":"15-01-2020 14:48:42"},
{"event":"java.sql.SQLIntegrityConstraintViolationException: Duplicate entry 'TMC20190001-rt_used_or_not' for key 'PRIMARY'","user":"","timestamp":"15-01-2020 14:48:42"},
{"event":"java.sql.SQLIntegrityConstraintViolationException: Duplicate entry 'TMC20190001-rt_dose' for key 'PRIMARY'","user":"","timestamp":"15-01-2020 14:48:42"},
{"event":"java.sql.SQLIntegrityConstraintViolationException: Duplicate entry 'TMC20190001-rt_start_date' for key 'PRIMARY'","user":"","timestamp":"15-01-2020 14:48:42"},
{"event":"java.sql.SQLIntegrityConstraintViolationException: Duplicate entry 'TMC20190001-rt_end_date' for key 'PRIMARY'","user":"","timestamp":"15-01-2020 14:48:42"},
{"event":"java.sql.SQLIntegrityConstraintViolationException: Duplicate entry 'TMC20190001-rt_completed_or_not' for key 'PRIMARY'","user":"","timestamp":"15-01-2020 14:48:42"},
{"event":"java.sql.SQLIntegrityConstraintViolationException: Duplicate entry 'TMC20190001-steroids_during_rt' for key 'PRIMARY'","user":"","timestamp":"15-01-2020 14:48:42"},
{"event":"java.sql.SQLIntegrityConstraintViolationException: Duplicate entry 'TMC20190001-conc_tmz' for key 'PRIMARY'","user":"","timestamp":"15-01-2020 14:48:42"},
{"event":"java.sql.SQLIntegrityConstraintViolationException: Duplicate entry 'TMC20190001-re_rt_used_or_not' for key 'PRIMARY'","user":"","timestamp":"15-01-2020 14:48:42"},
{"event":"java.sql.SQLIntegrityConstraintViolationException: Duplicate entry 'TMC20190001-primary_chemo_protocol_used' for key 'PRIMARY'","user":"","timestamp":"15-01-2020 14:48:42"},
{"event":"java.sql.SQLIntegrityConstraintViolationException: Duplicate entry 'TMC20190001-cycles' for key 'PRIMARY'","user":"","timestamp":"15-01-2020 14:48:42"},
{"event":"java.sql.SQLIntegrityConstraintViolationException: Duplicate entry 'TMC20190001-status_lastfu' for key 'PRIMARY'","user":"","timestamp":"15-01-2020 14:48:42"},
{"event":"java.sql.SQLIntegrityConstraintViolationException: Duplicate entry 'TMC20190001-date_of_death' for key 'PRIMARY'","user":"","timestamp":"15-01-2020 14:48:42"},
{"event":"java.sql.SQLIntegrityConstraintViolationException: Duplicate entry 'TMC20190001-disease_last_followup' for key 'PRIMARY'","user":"","timestamp":"15-01-2020 14:48:43"},
{"event":"java.sql.SQLIntegrityConstraintViolationException: Duplicate entry 'TMC20190001-progression_date' for key 'PRIMARY'","user":"","timestamp":"15-01-2020 14:48:43"},
{"event":"java.sql.SQLIntegrityConstraintViolationException: Duplicate entry 'TMC20190001-pfs_initial_treatment' for key 'PRIMARY'","user":"","timestamp":"15-01-2020 14:48:43"},
