{"event":"java.sql.SQLIntegrityConstraintViolationException: Duplicate entry 'TMC20190004-mrn' for key 'PRIMARY'","user":"","timestamp":"25-02-2020 11:20:48"},
{"event":"java.sql.SQLIntegrityConstraintViolationException: Duplicate entry 'TMC20190004-date_of_registration' for key 'PRIMARY'","user":"","timestamp":"25-02-2020 11:20:49"},
{"event":"java.sql.SQLIntegrityConstraintViolationException: Duplicate entry 'TMC20190004-age' for key 'PRIMARY'","user":"","timestamp":"25-02-2020 11:20:50"},
{"event":"java.sql.SQLIntegrityConstraintViolationException: Duplicate entry 'TMC20190004-co_morbidities___1' for key 'PRIMARY'","user":"","timestamp":"25-02-2020 11:20:50"},
{"event":"java.sql.SQLIntegrityConstraintViolationException: Duplicate entry 'TMC20190004-co_morbidities___2' for key 'PRIMARY'","user":"","timestamp":"25-02-2020 11:20:50"},
{"event":"java.sql.SQLIntegrityConstraintViolationException: Duplicate entry 'TMC20190004-co_morbidities___3' for key 'PRIMARY'","user":"","timestamp":"25-02-2020 11:20:50"},
{"event":"java.sql.SQLIntegrityConstraintViolationException: Duplicate entry 'TMC20190004-co_morbidities___4' for key 'PRIMARY'","user":"","timestamp":"25-02-2020 11:20:50"},
{"event":"java.sql.SQLIntegrityConstraintViolationException: Duplicate entry 'TMC20190004-co_morbidities___5' for key 'PRIMARY'","user":"","timestamp":"25-02-2020 11:20:50"},
{"event":"java.sql.SQLIntegrityConstraintViolationException: Duplicate entry 'TMC20190004-co_morbidities___6' for key 'PRIMARY'","user":"","timestamp":"25-02-2020 11:20:50"},
{"event":"java.sql.SQLIntegrityConstraintViolationException: Duplicate entry 'TMC20190004-performance_status' for key 'PRIMARY'","user":"","timestamp":"25-02-2020 11:20:51"},
{"event":"java.sql.SQLIntegrityConstraintViolationException: Duplicate entry 'TMC20190004-alcohol' for key 'PRIMARY'","user":"","timestamp":"25-02-2020 11:20:51"},
{"event":"java.sql.SQLIntegrityConstraintViolationException: Duplicate entry 'TMC20190004-smoking' for key 'PRIMARY'","user":"","timestamp":"25-02-2020 11:20:51"},
{"event":"java.sql.SQLIntegrityConstraintViolationException: Duplicate entry 'TMC20190004-' for key 'PRIMARY'","user":"","timestamp":"25-02-2020 11:20:51"},
{"event":"java.sql.SQLIntegrityConstraintViolationException: Duplicate entry 'TMC20190004-hpe_subtype' for key 'PRIMARY'","user":"","timestamp":"25-02-2020 11:20:51"},
{"event":"java.sql.SQLIntegrityConstraintViolationException: Duplicate entry 'TMC20190004-hpe_date' for key 'PRIMARY'","user":"","timestamp":"25-02-2020 11:20:51"},
{"event":"java.sql.SQLIntegrityConstraintViolationException: Duplicate entry 'TMC20190004-tumour_location' for key 'PRIMARY'","user":"","timestamp":"25-02-2020 11:20:52"},
{"event":"java.sql.SQLIntegrityConstraintViolationException: Duplicate entry 'TMC20190004-rand_grp' for key 'PRIMARY'","user":"","timestamp":"25-02-2020 11:20:52"},
{"event":"java.sql.SQLIntegrityConstraintViolationException: Duplicate entry 'TMC20190004-' for key 'PRIMARY'","user":"","timestamp":"25-02-2020 11:20:52"},
{"event":"java.sql.SQLIntegrityConstraintViolationException: Duplicate entry 'TMC20190004-t_stage' for key 'PRIMARY'","user":"","timestamp":"25-02-2020 11:20:52"},
{"event":"java.sql.SQLIntegrityConstraintViolationException: Duplicate entry 'TMC20190004-n_stage' for key 'PRIMARY'","user":"","timestamp":"25-02-2020 11:20:52"},
{"event":"java.sql.SQLIntegrityConstraintViolationException: Duplicate entry 'TMC20190004-petscan_date' for key 'PRIMARY'","user":"","timestamp":"25-02-2020 11:20:52"},
{"event":"java.sql.SQLIntegrityConstraintViolationException: Duplicate entry 'TMC20190004-planning_ct_date' for key 'PRIMARY'","user":"","timestamp":"25-02-2020 11:20:52"},
{"event":"java.sql.SQLIntegrityConstraintViolationException: Duplicate entry 'TMC20190004-' for key 'PRIMARY'","user":"","timestamp":"25-02-2020 11:20:52"},
{"event":"java.sql.SQLIntegrityConstraintViolationException: Duplicate entry 'TMC20190004-' for key 'PRIMARY'","user":"","timestamp":"25-02-2020 11:20:52"},
{"event":"java.sql.SQLIntegrityConstraintViolationException: Duplicate entry 'TMC20190004-total_dose' for key 'PRIMARY'","user":"","timestamp":"25-02-2020 11:20:52"},
{"event":"java.sql.SQLIntegrityConstraintViolationException: Duplicate entry 'TMC20190004-total_fractions' for key 'PRIMARY'","user":"","timestamp":"25-02-2020 11:20:53"},
{"event":"java.sql.SQLIntegrityConstraintViolationException: Duplicate entry 'TMC20190004-rt_start_date' for key 'PRIMARY'","user":"","timestamp":"25-02-2020 11:20:53"},
{"event":"java.sql.SQLIntegrityConstraintViolationException: Duplicate entry 'TMC20190004-rt_end_date' for key 'PRIMARY'","user":"","timestamp":"25-02-2020 11:20:53"},
{"event":"java.sql.SQLIntegrityConstraintViolationException: Duplicate entry 'TMC20190004-conc_chemo' for key 'PRIMARY'","user":"","timestamp":"25-02-2020 11:20:53"},
{"event":"java.sql.SQLIntegrityConstraintViolationException: Duplicate entry 'TMC20190004-chemo_cycles' for key 'PRIMARY'","user":"","timestamp":"25-02-2020 11:20:53"},
{"event":"java.sql.SQLIntegrityConstraintViolationException: Duplicate entry 'TMC20190004-chemo_agent' for key 'PRIMARY'","user":"","timestamp":"25-02-2020 11:20:53"},
{"event":"java.sql.SQLIntegrityConstraintViolationException: Duplicate entry 'TMC20190004-btv' for key 'PRIMARY'","user":"","timestamp":"25-02-2020 11:20:53"},
{"event":"java.sql.SQLIntegrityConstraintViolationException: Duplicate entry 'TMC20190004-ptv1' for key 'PRIMARY'","user":"","timestamp":"25-02-2020 11:20:53"},
{"event":"java.sql.SQLIntegrityConstraintViolationException: Duplicate entry 'TMC20190004-ptv2' for key 'PRIMARY'","user":"","timestamp":"25-02-2020 11:20:53"},
{"event":"java.sql.SQLIntegrityConstraintViolationException: Duplicate entry 'TMC20190004-mon3_date' for key 'PRIMARY'","user":"","timestamp":"25-02-2020 11:20:53"},
{"event":"java.sql.SQLIntegrityConstraintViolationException: Duplicate entry 'TMC20190004-mon3_lr' for key 'PRIMARY'","user":"","timestamp":"25-02-2020 11:20:53"},
{"event":"java.sql.SQLIntegrityConstraintViolationException: Duplicate entry 'TMC20190004-mon3_date_lr' for key 'PRIMARY'","user":"","timestamp":"25-02-2020 11:20:53"},
{"event":"java.sql.SQLIntegrityConstraintViolationException: Duplicate entry 'TMC20190004-mon3_rr' for key 'PRIMARY'","user":"","timestamp":"25-02-2020 11:20:53"},
{"event":"java.sql.SQLIntegrityConstraintViolationException: Duplicate entry 'TMC20190004-mon3_date_rr' for key 'PRIMARY'","user":"","timestamp":"25-02-2020 11:20:53"},
{"event":"java.sql.SQLIntegrityConstraintViolationException: Duplicate entry 'TMC20190004-mon3_dm' for key 'PRIMARY'","user":"","timestamp":"25-02-2020 11:20:54"},
{"event":"java.sql.SQLIntegrityConstraintViolationException: Duplicate entry 'TMC20190004-mon3_date_dm' for key 'PRIMARY'","user":"","timestamp":"25-02-2020 11:20:54"},
{"event":"java.sql.SQLIntegrityConstraintViolationException: Duplicate entry 'TMC20190004-mon3_death' for key 'PRIMARY'","user":"","timestamp":"25-02-2020 11:20:54"},
{"event":"java.sql.SQLIntegrityConstraintViolationException: Duplicate entry 'TMC20190004-mon3_date_death' for key 'PRIMARY'","user":"","timestamp":"25-02-2020 11:20:54"},
